Warning,20-04-2026 19:05:53,Microsoft-Windows-DistributedCOM,10016,None,"The application-specific permission settings do not grant Local Activation permission for the COM Server application with CLSID 
{2593F8B9-4EAF-457C-B68A-50F6B8EA6B54}
 and APPID 
{15C20B67-12E7-4BB6-92BB-7AFF07997402}
 to the user LAPTOP-IIC1GP5C\MADHUMITA SID (S-1-5-21-1776895936-2929945024-2387409390-1001) from address LocalHost (Using LRPC) running in the application container 5319275A.WhatsAppDesktop_2.2613.101.0_x64__cv1g1gvanyjgm SID (Unavailable). This security permission can be modified using the Component Services administrative tool."
Warning,20-04-2026 19:05:19,Microsoft-Windows-DistributedCOM,10016,None,"The application-specific permission settings do not grant Local Activation permission for the COM Server application with CLSID 
{2593F8B9-4EAF-457C-B68A-50F6B8EA6B54}
 and APPID 
{15C20B67-12E7-4BB6-92BB-7AFF07997402}
 to the user LAPTOP-IIC1GP5C\MADHUMITA SID (S-1-5-21-1776895936-2929945024-2387409390-1001) from address LocalHost (Using LRPC) running in the application container SpotifyAB.SpotifyMusic_1.287.415.0_x64__zpdnekdrzrea0 SID (Unavailable). This security permission can be modified using the Component Services administrative tool."
Warning,20-04-2026 18:37:54,Win32k,701,None,Power Manager has not requested suppression of all input (INPUT_SUPPRESS_REQUEST=0)
Warning,20-04-2026 18:37:54,Win32k,701,None,Power Manager has not requested suppression of all input (INPUT_SUPPRESS_REQUEST=0)
Warning,20-04-2026 13:02:38,Microsoft-Windows-DistributedCOM,10016,None,"The application-specific permission settings do not grant Local Activation permission for the COM Server application with CLSID 
{2593F8B9-4EAF-457C-B68A-50F6B8EA6B54}
 and APPID 
{15C20B67-12E7-4BB6-92BB-7AFF07997402}
 to the user LAPTOP-IIC1GP5C\MADHUMITA SID (S-1-5-21-1776895936-2929945024-2387409390-1001) from address LocalHost (Using LRPC) running in the application container Unavailable SID (Unavailable). This security permission can be modified using the Component Services administrative tool."
Error,20-04-2026 13:01:55,Microsoft-Windows-Kernel-EventTracing,2,Session,"Session ""Cloud Files Diagnostic Event Listener"" failed to start with the following error: 0xC0000022"
Error,20-04-2026 13:00:37,Application Hang,1002,Hanging Events,"The program SystemSettings.exe version 10.0.26100.7920 stopped interacting with Windows and was closed. To see if more information about the problem is available, check the problem history in the Security and Maintenance control panel.
"
Warning,20-04-2026 13:00:22,Microsoft-Windows-DistributedCOM,10016,None,"The machine-default permission settings do not grant Local Activation permission for the COM Server application with CLSID 
{C2F03A33-21F5-47FA-B4BB-156362A2F239}
 and APPID 
{316CDED5-E4AE-4B15-9113-7055D84DCC97}
 to the user NT AUTHORITY\LOCAL SERVICE SID (S-1-5-19) from address LocalHost (Using LRPC) running in the application container Unavailable SID (Unavailable). This security permission can be modified using the Component Services administrative tool."
Warning,20-04-2026 13:00:22,Microsoft-Windows-DistributedCOM,10016,None,"The application-specific permission settings do not grant Local Activation permission for the COM Server application with CLSID 
{6B3B8D23-FA8D-40B9-8DBD-B950333E2C52}
 and APPID 
{4839DDB7-58C2-48F5-8283-E1D1807D0D7D}
 to the user NT AUTHORITY\LOCAL SERVICE SID (S-1-5-19) from address LocalHost (Using LRPC) running in the application container Unavailable SID (Unavailable). This security permission can be modified using the Component Services administrative tool."
Warning,20-04-2026 13:00:22,Microsoft-Windows-DistributedCOM,10016,None,"The machine-default permission settings do not grant Local Activation permission for the COM Server application with CLSID 
{C2F03A33-21F5-47FA-B4BB-156362A2F239}
 and APPID 
{316CDED5-E4AE-4B15-9113-7055D84DCC97}
 to the user NT AUTHORITY\LOCAL SERVICE SID (S-1-5-19) from address LocalHost (Using LRPC) running in the application container Unavailable SID (Unavailable). This security permission can be modified using the Component Services administrative tool."
Warning,20-04-2026 13:00:22,Microsoft-Windows-DistributedCOM,10016,None,"The application-specific permission settings do not grant Local Activation permission for the COM Server application with CLSID 
{6B3B8D23-FA8D-40B9-8DBD-B950333E2C52}
 and APPID 
{4839DDB7-58C2-48F5-8283-E1D1807D0D7D}
 to the user NT AUTHORITY\LOCAL SERVICE SID (S-1-5-19) from address LocalHost (Using LRPC) running in the application container Unavailable SID (Unavailable). This security permission can be modified using the Component Services administrative tool."
Warning,20-04-2026 12:59:45,Win32k,700,None,Power Manager has requested suppression of all input (INPUT_SUPPRESS_REQUEST=1)
Warning,20-04-2026 12:59:45,Win32k,700,None,Power Manager has requested suppression of all input (INPUT_SUPPRESS_REQUEST=1)
Warning,20-04-2026 12:59:45,Win32k,701,None,Power Manager has not requested suppression of all input (INPUT_SUPPRESS_REQUEST=0)
Warning,20-04-2026 12:59:45,Win32k,701,None,Power Manager has not requested suppression of all input (INPUT_SUPPRESS_REQUEST=0)
Error,20-04-2026 12:58:20,Microsoft-Windows-TPM-WMI,1796,None,"The Secure Boot update failed to update SBAT with error Unknown HResult Error code: 0x800700c1. For more information, please see https://go.microsoft.com/fwlink/?linkid=2169931"
Error,20-04-2026 12:58:20,Microsoft-Windows-TPM-WMI,1801,None,"Updated Secure Boot certificates are available on this device but have not yet been applied to the firmware. Review the published guidance to complete the update and maintain full protection. This device signature information is included here.
DeviceAttributes: FirmwareManufacturer:AMI;FirmwareVersion:F.07;OEMModelBaseBoard:8A0F;OEMManufacturerName:HP;OSArchitecture:amd64;
BucketId: ce8e89a423ae25d807c410849ab543e38ddc3e36ed21acd4447473ae899f6f41
BucketConfidenceLevel: Under Observation - More Data Needed
UpdateType: 
For more information, please see https://go.microsoft.com/fwlink/?linkid=2301018."
Warning,20-04-2026 12:58:14,Microsoft-Windows-Time-Service,134,None,"NtpClient was unable to set a manual peer to use as a time source because of DNS resolution error on 'time.windows.com,0x9'. NtpClient will try again in 15 minutes and double the reattempt interval thereafter. The error was: No such host is known. (0x80072AF9)"
Error,20-04-2026 12:58:13,Microsoft-Windows-DistributedCOM,10010,None,The server {A463FCB9-6B1C-4E0D-A80B-A2CA7999E25D} did not register with DCOM within the required timeout.
Warning,20-04-2026 12:40:46,Microsoft-Windows-Time-Service,134,None,"NtpClient was unable to set a manual peer to use as a time source because of DNS resolution error on 'time.windows.com,0x9'. NtpClient will try again in 15 minutes and double the reattempt interval thereafter. The error was: No such host is known. (0x80072AF9)"
Warning,20-04-2026 12:40:44,Microsoft-Windows-Time-Service,134,None,"NtpClient was unable to set a manual peer to use as a time source because of DNS resolution error on 'time.windows.com,0x9'. NtpClient will try again in 15 minutes and double the reattempt interval thereafter. The error was: No such host is known. (0x80072AF9)"
Error,20-04-2026 12:40:25,.NET Runtime,1022,None,.NET Runtime version 4.0.30319.0 - There was a failure initializing profiling API attach infrastructure.  This process will not allow a profiler to attach.  HRESULT: 0x80004005.  Process ID (decimal): 5092.  Message ID: [0x2509].
Error,20-04-2026 12:40:18,Microsoft-Windows-DistributedCOM,10010,None,The server {D4872B74-3AFC-47CD-B8A2-9E4F998539BC} did not register with DCOM within the required timeout.
Warning,20-04-2026 12:40:16,Microsoft-Windows-DistributedCOM,10016,None,"The application-specific permission settings do not grant Local Launch permission for the COM Server application with CLSID 
Windows.SecurityCenter.WscDataProtection
 and APPID 
Unavailable
 to the user NT AUTHORITY\SYSTEM SID (S-1-5-18) from address LocalHost (Using LRPC) running in the application container Unavailable SID (Unavailable). This security permission can be modified using the Component Services administrative tool."
Error,20-04-2026 12:40:09,.NET Runtime,1022,None,.NET Runtime version 4.0.30319.0 - There was a failure initializing profiling API attach infrastructure.  This process will not allow a profiler to attach.  HRESULT: 0x80004005.  Process ID (decimal): 1564.  Message ID: [0x2509].
Error,20-04-2026 12:38:46,Microsoft-Windows-Kernel-EventTracing,3,Session,"Session ""ReadyBoot"" stopped due to the following error: 0xC0000188"
Warning,20-04-2026 12:38:46,Microsoft-Windows-Kernel-EventTracing,4,Logging,"The maximum file size for session ""ReadyBoot"" has been reached. As a result, events might be lost (not logged) to file ""C:\WINDOWS\Prefetch\ReadyBoot\ReadyBoot.etl"". The maximum files size is currently set to 20971520 bytes."
Warning,20-04-2026 12:38:41,Win32k,700,None,Power Manager has requested suppression of all input (INPUT_SUPPRESS_REQUEST=1)
Warning,20-04-2026 12:38:41,Win32k,700,None,Power Manager has requested suppression of all input (INPUT_SUPPRESS_REQUEST=1)
Warning,20-04-2026 12:38:39,Microsoft-Windows-User Device Registration,360,None,"Windows Hello for Business provisioning will not be launched. 
Device is Microsoft Entra joined (or hybrid joined): Not Tested 
User has logged on with Microsoft Entra credentials: No 
Windows Hello for Business policy is enabled: Not Tested 
Windows Hello for Business post-logon provisioning is enabled: Not Tested 
Local computer meets Windows hello for business hardware requirements: Not Tested 
User is not connected to the machine via Remote Desktop: Yes 
User certificate for on premise auth policy is enabled: Not Tested 
Machine is governed by none policy. 
Cloud trust for on premise auth policy is enabled: Not Tested 
User account has Cloud to OnPrem TGT: Not Tested 
See https://go.microsoft.com/fwlink/?linkid=832647 for more details."
Error,20-04-2026 12:38:37,Windows App Runtime,22,None,Package dependency criteria could not be resolved. 
Warning,20-04-2026 12:38:37,Microsoft-Windows-DistributedCOM,10016,None,"The application-specific permission settings do not grant Local Activation permission for the COM Server application with CLSID 
{6B3B8D23-FA8D-40B9-8DBD-B950333E2C52}
 and APPID 
{4839DDB7-58C2-48F5-8283-E1D1807D0D7D}
 to the user NT AUTHORITY\LOCAL SERVICE SID (S-1-5-19) from address LocalHost (Using LRPC) running in the application container Unavailable SID (Unavailable). This security permission can be modified using the Component Services administrative tool."
Warning,20-04-2026 12:38:37,Microsoft-Windows-DistributedCOM,10016,None,"The application-specific permission settings do not grant Local Activation permission for the COM Server application with CLSID 
{6B3B8D23-FA8D-40B9-8DBD-B950333E2C52}
 and APPID 
{4839DDB7-58C2-48F5-8283-E1D1807D0D7D}
 to the user NT AUTHORITY\LOCAL SERVICE SID (S-1-5-19) from address LocalHost (Using LRPC) running in the application container Unavailable SID (Unavailable). This security permission can be modified using the Component Services administrative tool."
Critical,20-04-2026 12:38:22,Microsoft-Windows-Kernel-Power,41,(63),"The system has rebooted without cleanly shutting down first. This error could be caused if the system stopped responding, crashed, or lost power unexpectedly."
Error,20-04-2026 12:38:29,EventLog,6008,None,The previous system shutdown at 8:14:57 PM on ‎4/‎19/‎2026 was unexpected.
Error,20-04-2026 12:38:15,Microsoft-Windows-Kernel-Boot,29,None,Windows failed fast startup with error status 0xC00000D4.
Error,19-04-2026 20:00:35,Windows App Runtime,22,None,Package dependency criteria could not be resolved. 
Error,19-04-2026 19:55:01,Microsoft-Windows-TPM-WMI,1796,None,"The Secure Boot update failed to update SBAT with error Unknown HResult Error code: 0x800700c1. For more information, please see https://go.microsoft.com/fwlink/?linkid=2169931"
Error,19-04-2026 19:55:00,Microsoft-Windows-TPM-WMI,1801,None,"Updated Secure Boot certificates are available on this device but have not yet been applied to the firmware. Review the published guidance to complete the update and maintain full protection. This device signature information is included here.
DeviceAttributes: FirmwareManufacturer:AMI;FirmwareVersion:F.07;OEMModelBaseBoard:8A0F;OEMManufacturerName:HP;OSArchitecture:amd64;
BucketId: ce8e89a423ae25d807c410849ab543e38ddc3e36ed21acd4447473ae899f6f41
BucketConfidenceLevel: Under Observation - More Data Needed
UpdateType: 
For more information, please see https://go.microsoft.com/fwlink/?linkid=2301018."
Error,19-04-2026 19:54:26,Ntfs,55,None,"A corruption was discovered in the file system structure on volume F:.

A corruption was found in a file system index structure.  The file reference number is 0x9000000000009.  The name of the file is ""<unable to determine file name>"".  The corrupted index attribute is "":$SDH:$INDEX_ALLOCATION"".
"
Error,19-04-2026 19:54:25,Microsoft-Windows-Ntfs,98,None,"Volume F: (\Device\HarddiskVolume8) needs to be taken offline to perform a Full Chkdsk.  Please run ""CHKDSK /F"" locally via the command line, or run ""REPAIR-VOLUME <drive:>"" locally or remotely via PowerShell."
Warning,19-04-2026 19:54:24,disk,153,None,The IO operation at logical block address 0x0 for Disk 1 (PDO name: \Device\00000095) was retried.
Error,19-04-2026 19:53:11,.NET Runtime,1022,None,.NET Runtime version 4.0.30319.0 - There was a failure initializing profiling API attach infrastructure.  This process will not allow a profiler to attach.  HRESULT: 0x80004005.  Process ID (decimal): 5708.  Message ID: [0x2509].
Error,19-04-2026 19:53:10,Microsoft-Windows-Kernel-EventTracing,2,Session,"Session ""Cloud Files Diagnostic Event Listener"" failed to start with the following error: 0xC0000022"
Error,19-04-2026 19:53:03,.NET Runtime,1022,None,.NET Runtime version 4.0.30319.0 - There was a failure initializing profiling API attach infrastructure.  This process will not allow a profiler to attach.  HRESULT: 0x80004005.  Process ID (decimal): 14444.  Message ID: [0x2509].
Warning,19-04-2026 19:51:52,Microsoft-Windows-DistributedCOM,10016,None,"The machine-default permission settings do not grant Local Activation permission for the COM Server application with CLSID 
{C2F03A33-21F5-47FA-B4BB-156362A2F239}
 and APPID 
{316CDED5-E4AE-4B15-9113-7055D84DCC97}
 to the user NT AUTHORITY\LOCAL SERVICE SID (S-1-5-19) from address LocalHost (Using LRPC) running in the application container Unavailable SID (Unavailable). This security permission can be modified using the Component Services administrative tool."
Warning,19-04-2026 19:51:52,Microsoft-Windows-DistributedCOM,10016,None,"The application-specific permission settings do not grant Local Activation permission for the COM Server application with CLSID 
{6B3B8D23-FA8D-40B9-8DBD-B950333E2C52}
 and APPID 
{4839DDB7-58C2-48F5-8283-E1D1807D0D7D}
 to the user NT AUTHORITY\LOCAL SERVICE SID (S-1-5-19) from address LocalHost (Using LRPC) running in the application container Unavailable SID (Unavailable). This security permission can be modified using the Component Services administrative tool."
Warning,19-04-2026 19:51:52,Microsoft-Windows-DistributedCOM,10016,None,"The machine-default permission settings do not grant Local Activation permission for the COM Server application with CLSID 
{C2F03A33-21F5-47FA-B4BB-156362A2F239}
 and APPID 
{316CDED5-E4AE-4B15-9113-7055D84DCC97}
 to the user NT AUTHORITY\LOCAL SERVICE SID (S-1-5-19) from address LocalHost (Using LRPC) running in the application container Unavailable SID (Unavailable). This security permission can be modified using the Component Services administrative tool."
Warning,19-04-2026 19:51:52,Microsoft-Windows-DistributedCOM,10016,None,"The application-specific permission settings do not grant Local Activation permission for the COM Server application with CLSID 
{6B3B8D23-FA8D-40B9-8DBD-B950333E2C52}
 and APPID 
{4839DDB7-58C2-48F5-8283-E1D1807D0D7D}
 to the user NT AUTHORITY\LOCAL SERVICE SID (S-1-5-19) from address LocalHost (Using LRPC) running in the application container Unavailable SID (Unavailable). This security permission can be modified using the Component Services administrative tool."
Warning,19-04-2026 19:51:48,Microsoft-Windows-DistributedCOM,10016,None,"The application-specific permission settings do not grant Local Launch permission for the COM Server application with CLSID 
Windows.SecurityCenter.WscDataProtection
 and APPID 
Unavailable
 to the user NT AUTHORITY\SYSTEM SID (S-1-5-18) from address LocalHost (Using LRPC) running in the application container Unavailable SID (Unavailable). This security permission can be modified using the Component Services administrative tool."
Warning,19-04-2026 19:51:39,Microsoft-Windows-User Device Registration,360,None,"Windows Hello for Business provisioning will not be launched. 
Device is Microsoft Entra joined (or hybrid joined): Not Tested 
User has logged on with Microsoft Entra credentials: No 
Windows Hello for Business policy is enabled: Not Tested 
Windows Hello for Business post-logon provisioning is enabled: Not Tested 
Local computer meets Windows hello for business hardware requirements: Not Tested 
User is not connected to the machine via Remote Desktop: Yes 
User certificate for on premise auth policy is enabled: Not Tested 
Machine is governed by none policy. 
Cloud trust for on premise auth policy is enabled: Not Tested 
User account has Cloud to OnPrem TGT: Not Tested 
See https://go.microsoft.com/fwlink/?linkid=832647 for more details."
Error,19-04-2026 19:51:38,Windows App Runtime,22,None,Package dependency criteria could not be resolved. 
Warning,19-04-2026 19:51:36,Microsoft-Windows-DistributedCOM,10016,None,"The application-specific permission settings do not grant Local Activation permission for the COM Server application with CLSID 
{6B3B8D23-FA8D-40B9-8DBD-B950333E2C52}
 and APPID 
{4839DDB7-58C2-48F5-8283-E1D1807D0D7D}
 to the user NT AUTHORITY\LOCAL SERVICE SID (S-1-5-19) from address LocalHost (Using LRPC) running in the application container Unavailable SID (Unavailable). This security permission can be modified using the Component Services administrative tool."
Warning,19-04-2026 19:51:36,Microsoft-Windows-DistributedCOM,10016,None,"The application-specific permission settings do not grant Local Activation permission for the COM Server application with CLSID 
{6B3B8D23-FA8D-40B9-8DBD-B950333E2C52}
 and APPID 
{4839DDB7-58C2-48F5-8283-E1D1807D0D7D}
 to the user NT AUTHORITY\LOCAL SERVICE SID (S-1-5-19) from address LocalHost (Using LRPC) running in the application container Unavailable SID (Unavailable). This security permission can be modified using the Component Services administrative tool."
Error,19-04-2026 19:49:35,Microsoft-Windows-Kernel-EventTracing,3,Session,"Session ""ReadyBoot"" stopped due to the following error: 0xC0000188"
Warning,19-04-2026 19:49:35,Microsoft-Windows-Kernel-EventTracing,4,Logging,"The maximum file size for session ""ReadyBoot"" has been reached. As a result, events might be lost (not logged) to file ""C:\WINDOWS\Prefetch\ReadyBoot\ReadyBoot.etl"". The maximum files size is currently set to 20971520 bytes."
Error,19-04-2026 19:49:34,Service Control Manager,7023,None,"The Update Orchestrator Service service terminated with the following error: 
%%2149884192"
Error,19-04-2026 19:49:34,Microsoft-Windows-DistributedCOM,10005,None,"DCOM got error ""1115"" attempting to start the service wuauserv with arguments ""Unavailable"" in order to run the server:
{E60687F7-01A1-40AA-86AC-DB1CBF673334}"
Error,19-04-2026 19:49:32,Microsoft-Windows-Kernel-EventTracing,2,Session,"Session ""PerfDiag Logger"" failed to start with the following error: 0xC0000035"
Warning,19-04-2026 19:49:31,Microsoft-Windows-RestartManager,10010,None,Application 'C:\ProgramData\McAfee\wps\content\neo-core\26.3.0.79\mc-neo-host.exe' (pid 8168) cannot be restarted - Application SID does not match Conductor SID..
Warning,19-04-2026 19:49:32,Microsoft-Windows-Winlogon,6004,None,The winlogon notification subscriber <TrustedInstaller> failed a critical notification event.
Critical,19-04-2026 19:49:04,Microsoft-Windows-Kernel-Power,41,(63),"The system has rebooted without cleanly shutting down first. This error could be caused if the system stopped responding, crashed, or lost power unexpectedly."
Error,19-04-2026 19:49:13,EventLog,6008,None,The previous system shutdown at 7:19:13 PM on ‎4/‎19/‎2026 was unexpected.
Error,19-04-2026 19:48:58,Microsoft-Windows-Kernel-Boot,29,None,Windows failed fast startup with error status 0xC00000D4.
Error,19-04-2026 19:23:20,Volsnap,36,None,The shadow copies of volume C: were aborted because the shadow copy storage could not grow due to a user imposed limit.
Warning,19-04-2026 19:23:07,Win32k,701,None,Power Manager has not requested suppression of all input (INPUT_SUPPRESS_REQUEST=0)
Warning,19-04-2026 19:23:07,Win32k,701,None,Power Manager has not requested suppression of all input (INPUT_SUPPRESS_REQUEST=0)
Warning,19-04-2026 19:16:23,Microsoft-Windows-RestartManager,10010,None,Application 'C:\Program Files (x86)\ExpressVPN\expressvpn-ui\ExpressVPNNotificationService.exe' (pid 25568) cannot be restarted - Application SID does not match Conductor SID..
Error,19-04-2026 19:13:07,Microsoft-Windows-Kernel-EventTracing,2,Session,"Session ""Cloud Files Diagnostic Event Listener"" failed to start with the following error: 0xC0000022"
Warning,19-04-2026 19:11:58,Microsoft-Windows-DistributedCOM,10016,None,"The application-specific permission settings do not grant Local Activation permission for the COM Server application with CLSID 
{2593F8B9-4EAF-457C-B68A-50F6B8EA6B54}
 and APPID 
{15C20B67-12E7-4BB6-92BB-7AFF07997402}
 to the user LAPTOP-IIC1GP5C\MADHUMITA SID (S-1-5-21-1776895936-2929945024-2387409390-1001) from address LocalHost (Using LRPC) running in the application container Unavailable SID (Unavailable). This security permission can be modified using the Component Services administrative tool."
Error,19-04-2026 19:11:20,Microsoft-Windows-TPM-WMI,1796,None,"The Secure Boot update failed to update SBAT with error Unknown HResult Error code: 0x800700c1. For more information, please see https://go.microsoft.com/fwlink/?linkid=2169931"
Warning,19-04-2026 19:11:17,Microsoft-Windows-DistributedCOM,10016,None,"The application-specific permission settings do not grant Local Activation permission for the COM Server application with CLSID 
{2593F8B9-4EAF-457C-B68A-50F6B8EA6B54}
 and APPID 
{15C20B67-12E7-4BB6-92BB-7AFF07997402}
 to the user LAPTOP-IIC1GP5C\MADHUMITA SID (S-1-5-21-1776895936-2929945024-2387409390-1001) from address LocalHost (Using LRPC) running in the application container 5319275A.WhatsAppDesktop_2.2613.101.0_x64__cv1g1gvanyjgm SID (Unavailable). This security permission can be modified using the Component Services administrative tool."
Warning,19-04-2026 19:11:11,Win32k,700,None,Power Manager has requested suppression of all input (INPUT_SUPPRESS_REQUEST=1)
Warning,19-04-2026 19:11:11,Win32k,700,None,Power Manager has requested suppression of all input (INPUT_SUPPRESS_REQUEST=1)
Warning,19-04-2026 12:51:11,Microsoft-Windows-DistributedCOM,10016,None,"The application-specific permission settings do not grant Local Activation permission for the COM Server application with CLSID 
{2593F8B9-4EAF-457C-B68A-50F6B8EA6B54}
 and APPID 
{15C20B67-12E7-4BB6-92BB-7AFF07997402}
 to the user LAPTOP-IIC1GP5C\MADHUMITA SID (S-1-5-21-1776895936-2929945024-2387409390-1001) from address LocalHost (Using LRPC) running in the application container SpotifyAB.SpotifyMusic_1.287.414.0_x64__zpdnekdrzrea0 SID (Unavailable). This security permission can be modified using the Component Services administrative tool."
Warning,19-04-2026 12:48:40,Microsoft-Windows-System-Restore,8303,None,Scoping unsuccessful for shadowcopy \\?\GLOBALROOT\Device\HarddiskVolumeShadowCopy4 with error 0x80070057.
Error,19-04-2026 12:44:18,Windows App Runtime,22,None,Package dependency criteria could not be resolved. 
Error,19-04-2026 12:43:33,Microsoft-Windows-Kernel-EventTracing,3,Session,"Session ""PerfDiag Logger"" stopped due to the following error: 0xC0000188"
Warning,19-04-2026 12:43:33,Microsoft-Windows-Kernel-EventTracing,4,Logging,"The maximum file size for session ""PerfDiag Logger"" has been reached. As a result, events might be lost (not logged) to file ""C:\WINDOWS\system32\WDI\LogFiles\ShutdownPerfDiagLogger.etl"". The maximum files size is currently set to 20971520 bytes."
Warning,19-04-2026 12:39:46,Microsoft-Windows-DistributedCOM,10016,None,"The application-specific permission settings do not grant Local Activation permission for the COM Server application with CLSID 
{2593F8B9-4EAF-457C-B68A-50F6B8EA6B54}
 and APPID 
{15C20B67-12E7-4BB6-92BB-7AFF07997402}
 to the user LAPTOP-IIC1GP5C\MADHUMITA SID (S-1-5-21-1776895936-2929945024-2387409390-1001) from address LocalHost (Using LRPC) running in the application container Unavailable SID (Unavailable). This security permission can be modified using the Component Services administrative tool."
Error,19-04-2026 12:39:07,Volsnap,36,None,The shadow copies of volume C: were aborted because the shadow copy storage could not grow due to a user imposed limit.
Error,19-04-2026 12:38:50,Microsoft-Windows-Kernel-EventTracing,2,Session,"Session ""Cloud Files Diagnostic Event Listener"" failed to start with the following error: 0xC0000022"
Error,19-04-2026 12:38:33,Windows App Runtime,22,None,Package dependency criteria could not be resolved. 
Error,19-04-2026 12:38:31,Microsoft-Windows-TPM-WMI,1796,None,"The Secure Boot update failed to update SBAT with error Unknown HResult Error code: 0x800700c1. For more information, please see https://go.microsoft.com/fwlink/?linkid=2169931"
Warning,19-04-2026 12:38:23,Microsoft-Windows-User Device Registration,360,None,"Windows Hello for Business provisioning will not be launched. 
Device is Microsoft Entra joined (or hybrid joined): Not Tested 
User has logged on with Microsoft Entra credentials: No 
Windows Hello for Business policy is enabled: Not Tested 
Windows Hello for Business post-logon provisioning is enabled: Not Tested 
Local computer meets Windows hello for business hardware requirements: Not Tested 
User is not connected to the machine via Remote Desktop: Yes 
User certificate for on premise auth policy is enabled: Not Tested 
Machine is governed by none policy. 
Cloud trust for on premise auth policy is enabled: Not Tested 
User account has Cloud to OnPrem TGT: Not Tested 
See https://go.microsoft.com/fwlink/?linkid=832647 for more details."
Warning,19-04-2026 12:38:20,Microsoft-Windows-DistributedCOM,10016,None,"The application-specific permission settings do not grant Local Activation permission for the COM Server application with CLSID 
{6B3B8D23-FA8D-40B9-8DBD-B950333E2C52}
 and APPID 
{4839DDB7-58C2-48F5-8283-E1D1807D0D7D}
 to the user NT AUTHORITY\LOCAL SERVICE SID (S-1-5-19) from address LocalHost (Using LRPC) running in the application container Unavailable SID (Unavailable). This security permission can be modified using the Component Services administrative tool."
Warning,19-04-2026 12:38:20,Microsoft-Windows-DistributedCOM,10016,None,"The application-specific permission settings do not grant Local Activation permission for the COM Server application with CLSID 
{6B3B8D23-FA8D-40B9-8DBD-B950333E2C52}
 and APPID 
{4839DDB7-58C2-48F5-8283-E1D1807D0D7D}
 to the user NT AUTHORITY\LOCAL SERVICE SID (S-1-5-19) from address LocalHost (Using LRPC) running in the application container Unavailable SID (Unavailable). This security permission can be modified using the Component Services administrative tool."
Warning,19-04-2026 12:38:20,Microsoft-Windows-DistributedCOM,10016,None,"The application-specific permission settings do not grant Local Activation permission for the COM Server application with CLSID 
{6B3B8D23-FA8D-40B9-8DBD-B950333E2C52}
 and APPID 
{4839DDB7-58C2-48F5-8283-E1D1807D0D7D}
 to the user NT AUTHORITY\LOCAL SERVICE SID (S-1-5-19) from address LocalHost (Using LRPC) running in the application container Unavailable SID (Unavailable). This security permission can be modified using the Component Services administrative tool."
Warning,19-04-2026 12:38:20,Microsoft-Windows-DistributedCOM,10016,None,"The application-specific permission settings do not grant Local Activation permission for the COM Server application with CLSID 
{6B3B8D23-FA8D-40B9-8DBD-B950333E2C52}
 and APPID 
{4839DDB7-58C2-48F5-8283-E1D1807D0D7D}
 to the user NT AUTHORITY\LOCAL SERVICE SID (S-1-5-19) from address LocalHost (Using LRPC) running in the application container Unavailable SID (Unavailable). This security permission can be modified using the Component Services administrative tool."
Warning,19-04-2026 12:38:18,Microsoft-Windows-Time-Service,134,None,"NtpClient was unable to set a manual peer to use as a time source because of DNS resolution error on 'time.windows.com,0x9'. NtpClient will try again in 15 minutes and double the reattempt interval thereafter. The error was: No such host is known. (0x80072AF9)"
Warning,19-04-2026 12:38:17,Microsoft-Windows-Dhcp-Client,1003,Address Configuration State Event,Your computer was not able to renew its address from the network (from the DHCP Server) for the Network Card with network address 0xCC474054A496.  The following error occurred: 0x79. Your computer will continue to try and obtain an address on its own from the network address (DHCP) server.
Warning,19-04-2026 12:38:17,Win32k,701,None,Power Manager has not requested suppression of all input (INPUT_SUPPRESS_REQUEST=0)
Warning,19-04-2026 12:38:17,Win32k,701,None,Power Manager has not requested suppression of all input (INPUT_SUPPRESS_REQUEST=0)
Warning,17-04-2026 15:18:56,Win32k,700,None,Power Manager has requested suppression of all input (INPUT_SUPPRESS_REQUEST=1)
Warning,17-04-2026 15:18:56,Win32k,700,None,Power Manager has requested suppression of all input (INPUT_SUPPRESS_REQUEST=1)
Warning,17-04-2026 15:18:56,Win32k,700,None,Power Manager has requested suppression of all input (INPUT_SUPPRESS_REQUEST=1)
Warning,17-04-2026 15:18:32,Win32k,701,None,Power Manager has not requested suppression of all input (INPUT_SUPPRESS_REQUEST=0)
Warning,17-04-2026 15:18:32,Win32k,701,None,Power Manager has not requested suppression of all input (INPUT_SUPPRESS_REQUEST=0)
Warning,17-04-2026 15:12:15,Win32k,700,None,Power Manager has requested suppression of all input (INPUT_SUPPRESS_REQUEST=1)
Warning,17-04-2026 15:12:15,Win32k,700,None,Power Manager has requested suppression of all input (INPUT_SUPPRESS_REQUEST=1)
Error,17-04-2026 14:55:32,Microsoft-Windows-Kernel-EventTracing,3,Session,"Session ""PerfDiag Logger"" stopped due to the following error: 0xC0000188"
Warning,17-04-2026 14:55:32,Microsoft-Windows-Kernel-EventTracing,4,Logging,"The maximum file size for session ""PerfDiag Logger"" has been reached. As a result, events might be lost (not logged) to file ""C:\WINDOWS\system32\WDI\LogFiles\ShutdownPerfDiagLogger.etl"". The maximum files size is currently set to 20971520 bytes."
Error,17-04-2026 14:52:26,Universal Print,1,None,Failed to get auth header with 0xcaa7000a
Error,17-04-2026 14:52:26,Universal Print,1,None,"Error requesting OAuth token. hr: 0xcaa7000a, WebTokenRequestStatus: 5, Error: The Internet connection has timed out."
Error,17-04-2026 14:52:24,Universal Print,1,None,Failed to get auth header with 0xcaa7000a
Error,17-04-2026 14:52:24,Universal Print,1,None,"Error requesting OAuth token. hr: 0xcaa7000a, WebTokenRequestStatus: 5, Error: The Internet connection has timed out."
Error,17-04-2026 14:46:34,Universal Print,1,None,Failed to get auth header with 0xcaa7000a
Error,17-04-2026 14:46:34,Universal Print,1,None,"Error requesting OAuth token. hr: 0xcaa7000a, WebTokenRequestStatus: 5, Error: The Internet connection has timed out."
Error,17-04-2026 14:37:36,.NET Runtime,1022,None,.NET Runtime version 4.0.30319.0 - There was a failure initializing profiling API attach infrastructure.  This process will not allow a profiler to attach.  HRESULT: 0x80004005.  Process ID (decimal): 14144.  Message ID: [0x2509].
Error,17-04-2026 14:37:33,Universal Print,1,None,Failed to get auth header with 0xcaa7000a
Error,17-04-2026 14:37:33,Universal Print,1,None,"Error requesting OAuth token. hr: 0xcaa7000a, WebTokenRequestStatus: 5, Error: The Internet connection has timed out."
Error,17-04-2026 14:37:15,.NET Runtime,1022,None,.NET Runtime version 4.0.30319.0 - There was a failure initializing profiling API attach infrastructure.  This process will not allow a profiler to attach.  HRESULT: 0x80004005.  Process ID (decimal): 25264.  Message ID: [0x2509].
Error,17-04-2026 14:36:29,Windows App Runtime,22,None,Package dependency criteria could not be resolved. 
Warning,17-04-2026 14:36:28,Microsoft-Windows-User Device Registration,360,None,"Windows Hello for Business provisioning will not be launched. 
Device is Microsoft Entra joined (or hybrid joined): Not Tested 
User has logged on with Microsoft Entra credentials: No 
Windows Hello for Business policy is enabled: Not Tested 
Windows Hello for Business post-logon provisioning is enabled: Not Tested 
Local computer meets Windows hello for business hardware requirements: Not Tested 
User is not connected to the machine via Remote Desktop: Yes 
User certificate for on premise auth policy is enabled: Not Tested 
Machine is governed by none policy. 
Cloud trust for on premise auth policy is enabled: Not Tested 
User account has Cloud to OnPrem TGT: Not Tested 
See https://go.microsoft.com/fwlink/?linkid=832647 for more details."
Warning,17-04-2026 14:36:20,Microsoft-Windows-DistributedCOM,10016,None,"The application-specific permission settings do not grant Local Activation permission for the COM Server application with CLSID 
{6B3B8D23-FA8D-40B9-8DBD-B950333E2C52}
 and APPID 
{4839DDB7-58C2-48F5-8283-E1D1807D0D7D}
 to the user NT AUTHORITY\LOCAL SERVICE SID (S-1-5-19) from address LocalHost (Using LRPC) running in the application container Unavailable SID (Unavailable). This security permission can be modified using the Component Services administrative tool."
Warning,17-04-2026 14:36:20,Microsoft-Windows-DistributedCOM,10016,None,"The application-specific permission settings do not grant Local Activation permission for the COM Server application with CLSID 
{6B3B8D23-FA8D-40B9-8DBD-B950333E2C52}
 and APPID 
{4839DDB7-58C2-48F5-8283-E1D1807D0D7D}
 to the user NT AUTHORITY\LOCAL SERVICE SID (S-1-5-19) from address LocalHost (Using LRPC) running in the application container Unavailable SID (Unavailable). This security permission can be modified using the Component Services administrative tool."
Warning,17-04-2026 14:36:20,Microsoft-Windows-DistributedCOM,10016,None,"The application-specific permission settings do not grant Local Activation permission for the COM Server application with CLSID 
{6B3B8D23-FA8D-40B9-8DBD-B950333E2C52}
 and APPID 
{4839DDB7-58C2-48F5-8283-E1D1807D0D7D}
 to the user NT AUTHORITY\LOCAL SERVICE SID (S-1-5-19) from address LocalHost (Using LRPC) running in the application container Unavailable SID (Unavailable). This security permission can be modified using the Component Services administrative tool."
Warning,17-04-2026 14:36:20,Microsoft-Windows-DistributedCOM,10016,None,"The application-specific permission settings do not grant Local Activation permission for the COM Server application with CLSID 
{6B3B8D23-FA8D-40B9-8DBD-B950333E2C52}
 and APPID 
{4839DDB7-58C2-48F5-8283-E1D1807D0D7D}
 to the user NT AUTHORITY\LOCAL SERVICE SID (S-1-5-19) from address LocalHost (Using LRPC) running in the application container Unavailable SID (Unavailable). This security permission can be modified using the Component Services administrative tool."
Error,17-04-2026 14:36:18,Microsoft-Windows-NDIS,10317,PnP,"Miniport Microsoft Wi-Fi Direct Virtual Adapter #2, {3c5497bf-cbed-4053-939e-936ea329ee06}, had event Fatal error: The miniport has failed a power transition to operational power"
Error,17-04-2026 12:30:34,Microsoft-Windows-DistributedCOM,10010,None,The server {2593F8B9-4EAF-457C-B68A-50F6B8EA6B54} did not register with DCOM within the required timeout.
Error,17-04-2026 12:27:24,Universal Print,1,None,"Failure response trying to get MPS Discovery Endpoint from MS Graph. HttpStatus=12029, TraceId: "
Error,17-04-2026 12:23:32,.NET Runtime,1022,None,.NET Runtime version 4.0.30319.0 - There was a failure initializing profiling API attach infrastructure.  This process will not allow a profiler to attach.  HRESULT: 0x80004005.  Process ID (decimal): 27756.  Message ID: [0x2509].
Error,17-04-2026 12:19:28,.NET Runtime,1022,None,.NET Runtime version 4.0.30319.0 - There was a failure initializing profiling API attach infrastructure.  This process will not allow a profiler to attach.  HRESULT: 0x80004005.  Process ID (decimal): 1780.  Message ID: [0x2509].
Error,17-04-2026 12:19:05,Microsoft-Windows-Kernel-EventTracing,3,Session,"Session ""PerfDiag Logger"" stopped due to the following error: 0xC0000188"
Warning,17-04-2026 12:19:05,Microsoft-Windows-Kernel-EventTracing,4,Logging,"The maximum file size for session ""PerfDiag Logger"" has been reached. As a result, events might be lost (not logged) to file ""C:\WINDOWS\system32\WDI\LogFiles\ShutdownPerfDiagLogger.etl"". The maximum files size is currently set to 20971520 bytes."
Warning,17-04-2026 12:14:24,Microsoft-Windows-DNS-Client,1014,(1014),Name resolution for the name enterprise.activity.windows.com timed out after none of the configured DNS servers responded. Client PID 18920.
Error,17-04-2026 12:13:54,Microsoft-Windows-Kernel-EventTracing,2,Session,"Session ""Cloud Files Diagnostic Event Listener"" failed to start with the following error: 0xC0000022"
Error,17-04-2026 12:13:33,Microsoft-Windows-TPM-WMI,1796,None,"The Secure Boot update failed to update SBAT with error Unknown HResult Error code: 0x800700c1. For more information, please see https://go.microsoft.com/fwlink/?linkid=2169931"
Error,17-04-2026 12:13:30,Windows App Runtime,22,None,Package dependency criteria could not be resolved. 
Warning,17-04-2026 12:13:26,Microsoft-Windows-User Device Registration,360,None,"Windows Hello for Business provisioning will not be launched. 
Device is Microsoft Entra joined (or hybrid joined): Not Tested 
User has logged on with Microsoft Entra credentials: No 
Windows Hello for Business policy is enabled: Not Tested 
Windows Hello for Business post-logon provisioning is enabled: Not Tested 
Local computer meets Windows hello for business hardware requirements: Not Tested 
User is not connected to the machine via Remote Desktop: Yes 
User certificate for on premise auth policy is enabled: Not Tested 
Machine is governed by none policy. 
Cloud trust for on premise auth policy is enabled: Not Tested 
User account has Cloud to OnPrem TGT: Not Tested 
See https://go.microsoft.com/fwlink/?linkid=832647 for more details."
Warning,17-04-2026 12:13:23,Microsoft-Windows-DistributedCOM,10016,None,"The application-specific permission settings do not grant Local Activation permission for the COM Server application with CLSID 
{6B3B8D23-FA8D-40B9-8DBD-B950333E2C52}
 and APPID 
{4839DDB7-58C2-48F5-8283-E1D1807D0D7D}
 to the user NT AUTHORITY\LOCAL SERVICE SID (S-1-5-19) from address LocalHost (Using LRPC) running in the application container Unavailable SID (Unavailable). This security permission can be modified using the Component Services administrative tool."
Warning,17-04-2026 12:13:23,Microsoft-Windows-DistributedCOM,10016,None,"The application-specific permission settings do not grant Local Activation permission for the COM Server application with CLSID 
{6B3B8D23-FA8D-40B9-8DBD-B950333E2C52}
 and APPID 
{4839DDB7-58C2-48F5-8283-E1D1807D0D7D}
 to the user NT AUTHORITY\LOCAL SERVICE SID (S-1-5-19) from address LocalHost (Using LRPC) running in the application container Unavailable SID (Unavailable). This security permission can be modified using the Component Services administrative tool."
Warning,17-04-2026 12:13:23,Microsoft-Windows-DistributedCOM,10016,None,"The application-specific permission settings do not grant Local Activation permission for the COM Server application with CLSID 
{6B3B8D23-FA8D-40B9-8DBD-B950333E2C52}
 and APPID 
{4839DDB7-58C2-48F5-8283-E1D1807D0D7D}
 to the user NT AUTHORITY\LOCAL SERVICE SID (S-1-5-19) from address LocalHost (Using LRPC) running in the application container Unavailable SID (Unavailable). This security permission can be modified using the Component Services administrative tool."
Warning,17-04-2026 12:13:23,Microsoft-Windows-DistributedCOM,10016,None,"The application-specific permission settings do not grant Local Activation permission for the COM Server application with CLSID 
{6B3B8D23-FA8D-40B9-8DBD-B950333E2C52}
 and APPID 
{4839DDB7-58C2-48F5-8283-E1D1807D0D7D}
 to the user NT AUTHORITY\LOCAL SERVICE SID (S-1-5-19) from address LocalHost (Using LRPC) running in the application container Unavailable SID (Unavailable). This security permission can be modified using the Component Services administrative tool."
Warning,17-04-2026 12:13:21,Microsoft-Windows-Time-Service,134,None,"NtpClient was unable to set a manual peer to use as a time source because of DNS resolution error on 'time.windows.com,0x9'. NtpClient will try again in 15 minutes and double the reattempt interval thereafter. The error was: No such host is known. (0x80072AF9)"
Error,17-04-2026 12:13:21,Microsoft-Windows-NDIS,10317,PnP,"Miniport Microsoft Wi-Fi Direct Virtual Adapter #2, {3c5497bf-cbed-4053-939e-936ea329ee06}, had event Fatal error: The miniport has failed a power transition to operational power"
Warning,17-04-2026 12:13:20,Microsoft-Windows-Dhcp-Client,1003,Address Configuration State Event,Your computer was not able to renew its address from the network (from the DHCP Server) for the Network Card with network address 0xCC474054A496.  The following error occurred: 0x79. Your computer will continue to try and obtain an address on its own from the network address (DHCP) server.
Error,16-04-2026 22:48:50,Microsoft-Windows-DistributedCOM,10010,None,The server {2593F8B9-4EAF-457C-B68A-50F6B8EA6B54} did not register with DCOM within the required timeout.
Warning,16-04-2026 22:13:58,Microsoft-Windows-Search,10024,Gatherer,The filter host process 26260 did not respond and is being forcibly terminated. 

Warning,16-04-2026 22:13:58,Microsoft-Windows-Search,10024,Gatherer,The filter host process 4028 did not respond and is being forcibly terminated. 

Warning,16-04-2026 22:12:58,Microsoft-Windows-DistributedCOM,10016,None,"The application-specific permission settings do not grant Local Activation permission for the COM Server application with CLSID 
{2593F8B9-4EAF-457C-B68A-50F6B8EA6B54}
 and APPID 
{15C20B67-12E7-4BB6-92BB-7AFF07997402}
 to the user LAPTOP-IIC1GP5C\MADHUMITA SID (S-1-5-21-1776895936-2929945024-2387409390-1001) from address LocalHost (Using LRPC) running in the application container Unavailable SID (Unavailable). This security permission can be modified using the Component Services administrative tool."
Warning,16-04-2026 22:11:52,Microsoft-Windows-DistributedCOM,10016,None,"The application-specific permission settings do not grant Local Activation permission for the COM Server application with CLSID 
{8BC3F05E-D86B-11D0-A075-00C04FB68820}
 and APPID 
{8BC3F05E-D86B-11D0-A075-00C04FB68820}
 to the user LAPTOP-IIC1GP5C\MADHUMITA SID (S-1-5-21-1776895936-2929945024-2387409390-1001) from address LocalHost (Using LRPC) running in the application container Unavailable SID (S-1-15-2-2034283098-2252572593-1072577386-2659511007-3245387615-27016815-3920691934). This security permission can be modified using the Component Services administrative tool."
Warning,16-04-2026 22:11:52,Microsoft-Windows-DistributedCOM,10016,None,"The application-specific permission settings do not grant Local Activation permission for the COM Server application with CLSID 
{8BC3F05E-D86B-11D0-A075-00C04FB68820}
 and APPID 
{8BC3F05E-D86B-11D0-A075-00C04FB68820}
 to the user LAPTOP-IIC1GP5C\MADHUMITA SID (S-1-5-21-1776895936-2929945024-2387409390-1001) from address LocalHost (Using LRPC) running in the application container Unavailable SID (S-1-15-2-2034283098-2252572593-1072577386-2659511007-3245387615-27016815-3920691934). This security permission can be modified using the Component Services administrative tool."
Warning,16-04-2026 22:11:52,Microsoft-Windows-DistributedCOM,10016,None,"The application-specific permission settings do not grant Local Activation permission for the COM Server application with CLSID 
{8BC3F05E-D86B-11D0-A075-00C04FB68820}
 and APPID 
{8BC3F05E-D86B-11D0-A075-00C04FB68820}
 to the user LAPTOP-IIC1GP5C\MADHUMITA SID (S-1-5-21-1776895936-2929945024-2387409390-1001) from address LocalHost (Using LRPC) running in the application container Unavailable SID (S-1-15-2-2034283098-2252572593-1072577386-2659511007-3245387615-27016815-3920691934). This security permission can be modified using the Component Services administrative tool."
Warning,16-04-2026 22:11:51,Microsoft-Windows-DistributedCOM,10016,None,"The application-specific permission settings do not grant Local Activation permission for the COM Server application with CLSID 
{2593F8B9-4EAF-457C-B68A-50F6B8EA6B54}
 and APPID 
{15C20B67-12E7-4BB6-92BB-7AFF07997402}
 to the user LAPTOP-IIC1GP5C\MADHUMITA SID (S-1-5-21-1776895936-2929945024-2387409390-1001) from address LocalHost (Using LRPC) running in the application container Unavailable SID (Unavailable). This security permission can be modified using the Component Services administrative tool."
Warning,16-04-2026 22:11:38,Microsoft-Windows-DistributedCOM,10016,None,"The application-specific permission settings do not grant Local Activation permission for the COM Server application with CLSID 
{2593F8B9-4EAF-457C-B68A-50F6B8EA6B54}
 and APPID 
{15C20B67-12E7-4BB6-92BB-7AFF07997402}
 to the user LAPTOP-IIC1GP5C\MADHUMITA SID (S-1-5-21-1776895936-2929945024-2387409390-1001) from address LocalHost (Using LRPC) running in the application container Unavailable SID (Unavailable). This security permission can be modified using the Component Services administrative tool."
Warning,16-04-2026 22:10:25,Microsoft-Windows-DistributedCOM,10016,None,"The application-specific permission settings do not grant Local Activation permission for the COM Server application with CLSID 
{2593F8B9-4EAF-457C-B68A-50F6B8EA6B54}
 and APPID 
{15C20B67-12E7-4BB6-92BB-7AFF07997402}
 to the user LAPTOP-IIC1GP5C\MADHUMITA SID (S-1-5-21-1776895936-2929945024-2387409390-1001) from address LocalHost (Using LRPC) running in the application container 5319275A.WhatsAppDesktop_2.2613.101.0_x64__cv1g1gvanyjgm SID (Unavailable). This security permission can be modified using the Component Services administrative tool."
Error,16-04-2026 22:08:52,Microsoft-Windows-Kernel-EventTracing,3,Session,"Session ""PerfDiag Logger"" stopped due to the following error: 0xC0000188"
Warning,16-04-2026 22:08:52,Microsoft-Windows-Kernel-EventTracing,4,Logging,"The maximum file size for session ""PerfDiag Logger"" has been reached. As a result, events might be lost (not logged) to file ""C:\WINDOWS\system32\WDI\LogFiles\ShutdownPerfDiagLogger.etl"". The maximum files size is currently set to 20971520 bytes."
Error,16-04-2026 22:07:34,Microsoft-Windows-Kernel-EventTracing,2,Session,"Session ""Cloud Files Diagnostic Event Listener"" failed to start with the following error: 0xC0000022"
Error,16-04-2026 22:06:05,Microsoft-Windows-TPM-WMI,1796,None,"The Secure Boot update failed to update SBAT with error Unknown HResult Error code: 0x800700c1. For more information, please see https://go.microsoft.com/fwlink/?linkid=2169931"
Error,16-04-2026 22:06:04,Windows App Runtime,22,None,Package dependency criteria could not be resolved. 
Warning,16-04-2026 22:06:03,Microsoft-Windows-User Device Registration,360,None,"Windows Hello for Business provisioning will not be launched. 
Device is Microsoft Entra joined (or hybrid joined): Not Tested 
User has logged on with Microsoft Entra credentials: No 
Windows Hello for Business policy is enabled: Not Tested 
Windows Hello for Business post-logon provisioning is enabled: Not Tested 
Local computer meets Windows hello for business hardware requirements: Not Tested 
User is not connected to the machine via Remote Desktop: Yes 
User certificate for on premise auth policy is enabled: Not Tested 
Machine is governed by none policy. 
Cloud trust for on premise auth policy is enabled: Not Tested 
User account has Cloud to OnPrem TGT: Not Tested 
See https://go.microsoft.com/fwlink/?linkid=832647 for more details."
Warning,16-04-2026 22:06:00,Microsoft-Windows-DistributedCOM,10016,None,"The application-specific permission settings do not grant Local Activation permission for the COM Server application with CLSID 
{6B3B8D23-FA8D-40B9-8DBD-B950333E2C52}
 and APPID 
{4839DDB7-58C2-48F5-8283-E1D1807D0D7D}
 to the user NT AUTHORITY\LOCAL SERVICE SID (S-1-5-19) from address LocalHost (Using LRPC) running in the application container Unavailable SID (Unavailable). This security permission can be modified using the Component Services administrative tool."
