Warning,25-05-2026 19:05:16,Win32k,701,None,Power Manager has not requested suppression of all input (INPUT_SUPPRESS_REQUEST=0)
Warning,25-05-2026 19:05:16,Win32k,701,None,Power Manager has not requested suppression of all input (INPUT_SUPPRESS_REQUEST=0)
Warning,24-05-2026 11:04:23,Win32k,700,None,Power Manager has requested suppression of all input (INPUT_SUPPRESS_REQUEST=1)
Warning,24-05-2026 11:04:23,Win32k,700,None,Power Manager has requested suppression of all input (INPUT_SUPPRESS_REQUEST=1)
Error,24-05-2026 11:04:21,Microsoft-Windows-TPM-WMI,1796,None,"The Secure Boot update failed to update SBAT with error Unknown HResult Error code: 0x800700c1. For more information, please see https://go.microsoft.com/fwlink/?linkid=2169931"
Error,24-05-2026 11:04:15,Windows App Runtime,22,None,Package dependency criteria could not be resolved. 
Warning,24-05-2026 11:04:13,Microsoft-Windows-Time-Service,134,None,"NtpClient was unable to set a manual peer to use as a time source because of DNS resolution error on 'time.windows.com,0x9'. NtpClient will try again in 15 minutes and double the reattempt interval thereafter. The error was: No such host is known. (0x80072AF9)"
Warning,23-05-2026 19:04:59,Microsoft-Windows-System-Restore,8303,None,Scoping unsuccessful for shadowcopy \\?\GLOBALROOT\Device\HarddiskVolumeShadowCopy6 with error 0x80070057.
Error,23-05-2026 18:26:18,Microsoft-Windows-Kernel-EventTracing,3,Session,"Session ""PerfDiag Logger"" stopped due to the following error: 0xC0000188"
Warning,23-05-2026 18:26:18,Microsoft-Windows-Kernel-EventTracing,4,Logging,"The maximum file size for session ""PerfDiag Logger"" has been reached. As a result, events might be lost (not logged) to file ""C:\WINDOWS\system32\WDI\LogFiles\ShutdownPerfDiagLogger.etl"". The maximum files size is currently set to 20971520 bytes."
Error,23-05-2026 18:25:49,Windows App Runtime,22,None,Package dependency criteria could not be resolved. 
Warning,23-05-2026 18:25:15,Microsoft-Windows-DistributedCOM,10016,None,"The application-specific permission settings do not grant Local Activation permission for the COM Server application with CLSID 
{2593F8B9-4EAF-457C-B68A-50F6B8EA6B54}
 and APPID 
{15C20B67-12E7-4BB6-92BB-7AFF07997402}
 to the user LAPTOP-IIC1GP5C\MADHUMITA SID (S-1-5-21-1776895936-2929945024-2387409390-1001) from address LocalHost (Using LRPC) running in the application container Unavailable SID (Unavailable). This security permission can be modified using the Component Services administrative tool."
Warning,23-05-2026 18:22:02,Microsoft-Windows-DistributedCOM,10016,None,"The application-specific permission settings do not grant Local Activation permission for the COM Server application with CLSID 
{2593F8B9-4EAF-457C-B68A-50F6B8EA6B54}
 and APPID 
{15C20B67-12E7-4BB6-92BB-7AFF07997402}
 to the user LAPTOP-IIC1GP5C\MADHUMITA SID (S-1-5-21-1776895936-2929945024-2387409390-1001) from address LocalHost (Using LRPC) running in the application container 5319275A.WhatsAppDesktop_2.2616.100.0_x64__cv1g1gvanyjgm SID (Unavailable). This security permission can be modified using the Component Services administrative tool."
Error,23-05-2026 18:21:37,Volsnap,36,None,The shadow copies of volume C: were aborted because the shadow copy storage could not grow due to a user imposed limit.
Error,23-05-2026 18:21:02,Microsoft-Windows-Kernel-EventTracing,2,Session,"Session ""Cloud Files Diagnostic Event Listener"" failed to start with the following error: 0xC0000022"
Error,23-05-2026 18:20:04,Windows App Runtime,22,None,Package dependency criteria could not be resolved. 
Error,23-05-2026 18:20:01,Microsoft-Windows-TPM-WMI,1796,None,"The Secure Boot update failed to update SBAT with error Unknown HResult Error code: 0x800700c1. For more information, please see https://go.microsoft.com/fwlink/?linkid=2169931"
Warning,23-05-2026 18:19:57,Microsoft-Windows-User Device Registration,360,None,"Windows Hello for Business provisioning will not be launched. 
Device is Microsoft Entra joined (or hybrid joined): Not Tested 
User has logged on with Microsoft Entra credentials: No 
Windows Hello for Business policy is enabled: Not Tested 
Windows Hello for Business post-logon provisioning is enabled: Not Tested 
Local computer meets Windows hello for business hardware requirements: Not Tested 
User is not connected to the machine via Remote Desktop: Yes 
User certificate for on premise auth policy is enabled: Not Tested 
Machine is governed by none policy. 
Cloud trust for on premise auth policy is enabled: Not Tested 
User account has Cloud to OnPrem TGT: Not Tested 
See https://go.microsoft.com/fwlink/?linkid=832647 for more details."
Warning,23-05-2026 18:19:51,Microsoft-Windows-DistributedCOM,10016,None,"The application-specific permission settings do not grant Local Activation permission for the COM Server application with CLSID 
{6B3B8D23-FA8D-40B9-8DBD-B950333E2C52}
 and APPID 
{4839DDB7-58C2-48F5-8283-E1D1807D0D7D}
 to the user NT AUTHORITY\LOCAL SERVICE SID (S-1-5-19) from address LocalHost (Using LRPC) running in the application container Unavailable SID (Unavailable). This security permission can be modified using the Component Services administrative tool."
Warning,23-05-2026 18:19:51,Microsoft-Windows-DistributedCOM,10016,None,"The application-specific permission settings do not grant Local Activation permission for the COM Server application with CLSID 
{6B3B8D23-FA8D-40B9-8DBD-B950333E2C52}
 and APPID 
{4839DDB7-58C2-48F5-8283-E1D1807D0D7D}
 to the user NT AUTHORITY\LOCAL SERVICE SID (S-1-5-19) from address LocalHost (Using LRPC) running in the application container Unavailable SID (Unavailable). This security permission can be modified using the Component Services administrative tool."
Warning,23-05-2026 18:19:51,Microsoft-Windows-DistributedCOM,10016,None,"The application-specific permission settings do not grant Local Activation permission for the COM Server application with CLSID 
{6B3B8D23-FA8D-40B9-8DBD-B950333E2C52}
 and APPID 
{4839DDB7-58C2-48F5-8283-E1D1807D0D7D}
 to the user NT AUTHORITY\LOCAL SERVICE SID (S-1-5-19) from address LocalHost (Using LRPC) running in the application container Unavailable SID (Unavailable). This security permission can be modified using the Component Services administrative tool."
Warning,23-05-2026 18:19:51,Microsoft-Windows-DistributedCOM,10016,None,"The application-specific permission settings do not grant Local Activation permission for the COM Server application with CLSID 
{6B3B8D23-FA8D-40B9-8DBD-B950333E2C52}
 and APPID 
{4839DDB7-58C2-48F5-8283-E1D1807D0D7D}
 to the user NT AUTHORITY\LOCAL SERVICE SID (S-1-5-19) from address LocalHost (Using LRPC) running in the application container Unavailable SID (Unavailable). This security permission can be modified using the Component Services administrative tool."
Warning,23-05-2026 18:19:49,Microsoft-Windows-Time-Service,134,None,"NtpClient was unable to set a manual peer to use as a time source because of DNS resolution error on 'time.windows.com,0x9'. NtpClient will try again in 15 minutes and double the reattempt interval thereafter. The error was: No such host is known. (0x80072AF9)"
Error,23-05-2026 18:19:49,Microsoft-Windows-NDIS,10317,PnP,"Miniport Microsoft Wi-Fi Direct Virtual Adapter #2, {3c5497bf-cbed-4053-939e-936ea329ee06}, had event Fatal error: The miniport has failed a power transition to operational power"
Error,22-05-2026 12:34:44,Universal Print,1,None,"Failure response trying to get MPS Discovery Endpoint from MS Graph. HttpStatus=12007, TraceId: "
Warning,22-05-2026 12:21:52,Microsoft-Windows-System-Restore,8303,None,Scoping unsuccessful for shadowcopy \\?\GLOBALROOT\Device\HarddiskVolumeShadowCopy4 with error 0x80070057.
Warning,22-05-2026 12:19:44,Microsoft-Windows-DistributedCOM,10016,None,"The application-specific permission settings do not grant Local Activation permission for the COM Server application with CLSID 
{9EA82395-E31B-41CA-8DF7-EC1CEE7194DF}
 and APPID 
{2ED83BAA-B2FD-43B1-99BF-E6149C622692}
 to the user NT AUTHORITY\NETWORK SERVICE SID (S-1-5-20) from address LocalHost (Using LRPC) running in the application container Unavailable SID (Unavailable). This security permission can be modified using the Component Services administrative tool."
Warning,22-05-2026 12:07:13,Microsoft-Windows-DistributedCOM,10016,None,"The application-specific permission settings do not grant Local Activation permission for the COM Server application with CLSID 
{2593F8B9-4EAF-457C-B68A-50F6B8EA6B54}
 and APPID 
{15C20B67-12E7-4BB6-92BB-7AFF07997402}
 to the user LAPTOP-IIC1GP5C\MADHUMITA SID (S-1-5-21-1776895936-2929945024-2387409390-1001) from address LocalHost (Using LRPC) running in the application container Unavailable SID (Unavailable). This security permission can be modified using the Component Services administrative tool."
Error,22-05-2026 12:04:46,Microsoft-Windows-TPM-WMI,1796,None,"The Secure Boot update failed to update SBAT with error Unknown HResult Error code: 0x800700c1. For more information, please see https://go.microsoft.com/fwlink/?linkid=2169931"
Warning,22-05-2026 12:04:34,Microsoft-Windows-Time-Service,134,None,"NtpClient was unable to set a manual peer to use as a time source because of DNS resolution error on 'time.windows.com,0x9'. NtpClient will try again in 15 minutes and double the reattempt interval thereafter. The error was: No such host is known. (0x80072AF9)"
Warning,22-05-2026 12:04:32,Win32k,701,None,Power Manager has not requested suppression of all input (INPUT_SUPPRESS_REQUEST=0)
Warning,22-05-2026 12:04:32,Win32k,701,None,Power Manager has not requested suppression of all input (INPUT_SUPPRESS_REQUEST=0)
Warning,20-05-2026 00:27:22,Win32k,700,None,Power Manager has requested suppression of all input (INPUT_SUPPRESS_REQUEST=1)
Warning,20-05-2026 00:27:22,Win32k,700,None,Power Manager has requested suppression of all input (INPUT_SUPPRESS_REQUEST=1)
Error,20-05-2026 00:27:22,Microsoft-Windows-TPM-WMI,1796,None,"The Secure Boot update failed to update SBAT with error Unknown HResult Error code: 0x800700c1. For more information, please see https://go.microsoft.com/fwlink/?linkid=2169931"
Warning,20-05-2026 00:27:13,Microsoft-Windows-Time-Service,134,None,"NtpClient was unable to set a manual peer to use as a time source because of DNS resolution error on 'time.windows.com,0x9'. NtpClient will try again in 15 minutes and double the reattempt interval thereafter. The error was: No such host is known. (0x80072AF9)"
Warning,19-05-2026 12:31:33,Microsoft-Windows-DistributedCOM,10016,None,"The application-specific permission settings do not grant Local Activation permission for the COM Server application with CLSID 
{2593F8B9-4EAF-457C-B68A-50F6B8EA6B54}
 and APPID 
{15C20B67-12E7-4BB6-92BB-7AFF07997402}
 to the user LAPTOP-IIC1GP5C\MADHUMITA SID (S-1-5-21-1776895936-2929945024-2387409390-1001) from address LocalHost (Using LRPC) running in the application container 5319275A.WhatsAppDesktop_2.2616.100.0_x64__cv1g1gvanyjgm SID (Unavailable). This security permission can be modified using the Component Services administrative tool."
Warning,19-05-2026 11:55:04,Microsoft-Windows-DistributedCOM,10016,None,"The application-specific permission settings do not grant Local Activation permission for the COM Server application with CLSID 
{2593F8B9-4EAF-457C-B68A-50F6B8EA6B54}
 and APPID 
{15C20B67-12E7-4BB6-92BB-7AFF07997402}
 to the user LAPTOP-IIC1GP5C\MADHUMITA SID (S-1-5-21-1776895936-2929945024-2387409390-1001) from address LocalHost (Using LRPC) running in the application container SpotifyAB.SpotifyMusic_1.289.539.0_x64__zpdnekdrzrea0 SID (Unavailable). This security permission can be modified using the Component Services administrative tool."
Error,19-05-2026 11:41:42,Microsoft-Windows-Kernel-EventTracing,3,Session,"Session ""PerfDiag Logger"" stopped due to the following error: 0xC0000188"
Warning,19-05-2026 11:41:42,Microsoft-Windows-Kernel-EventTracing,4,Logging,"The maximum file size for session ""PerfDiag Logger"" has been reached. As a result, events might be lost (not logged) to file ""C:\WINDOWS\system32\WDI\LogFiles\ShutdownPerfDiagLogger.etl"". The maximum files size is currently set to 20971520 bytes."
Warning,19-05-2026 11:35:02,Microsoft-Windows-DistributedCOM,10016,None,"The application-specific permission settings do not grant Local Activation permission for the COM Server application with CLSID 
{2593F8B9-4EAF-457C-B68A-50F6B8EA6B54}
 and APPID 
{15C20B67-12E7-4BB6-92BB-7AFF07997402}
 to the user LAPTOP-IIC1GP5C\MADHUMITA SID (S-1-5-21-1776895936-2929945024-2387409390-1001) from address LocalHost (Using LRPC) running in the application container Unavailable SID (Unavailable). This security permission can be modified using the Component Services administrative tool."
Error,19-05-2026 11:34:39,Microsoft-Windows-Kernel-EventTracing,2,Session,"Session ""Cloud Files Diagnostic Event Listener"" failed to start with the following error: 0xC0000022"
Error,19-05-2026 11:34:29,Microsoft-Windows-Kernel-EventTracing,2,Session,"Session ""Microsoft.Windows.Remediation"" failed to start with the following error: 0xC0000035"
Error,19-05-2026 11:34:25,Volsnap,36,None,The shadow copies of volume C: were aborted because the shadow copy storage could not grow due to a user imposed limit.
Error,19-05-2026 11:34:23,Microsoft-Windows-TPM-WMI,1796,None,"The Secure Boot update failed to update SBAT with error Unknown HResult Error code: 0x800700c1. For more information, please see https://go.microsoft.com/fwlink/?linkid=2169931"
Warning,19-05-2026 11:34:17,Microsoft-Windows-User Device Registration,360,None,"Windows Hello for Business provisioning will not be launched. 
Device is Microsoft Entra joined (or hybrid joined): Not Tested 
User has logged on with Microsoft Entra credentials: No 
Windows Hello for Business policy is enabled: Not Tested 
Windows Hello for Business post-logon provisioning is enabled: Not Tested 
Local computer meets Windows hello for business hardware requirements: Not Tested 
User is not connected to the machine via Remote Desktop: Yes 
User certificate for on premise auth policy is enabled: Not Tested 
Machine is governed by none policy. 
Cloud trust for on premise auth policy is enabled: Not Tested 
User account has Cloud to OnPrem TGT: Not Tested 
See https://go.microsoft.com/fwlink/?linkid=832647 for more details."
Warning,19-05-2026 11:34:13,Microsoft-Windows-DistributedCOM,10016,None,"The application-specific permission settings do not grant Local Activation permission for the COM Server application with CLSID 
{6B3B8D23-FA8D-40B9-8DBD-B950333E2C52}
 and APPID 
{4839DDB7-58C2-48F5-8283-E1D1807D0D7D}
 to the user NT AUTHORITY\LOCAL SERVICE SID (S-1-5-19) from address LocalHost (Using LRPC) running in the application container Unavailable SID (Unavailable). This security permission can be modified using the Component Services administrative tool."
Warning,19-05-2026 11:34:13,Microsoft-Windows-DistributedCOM,10016,None,"The application-specific permission settings do not grant Local Activation permission for the COM Server application with CLSID 
{6B3B8D23-FA8D-40B9-8DBD-B950333E2C52}
 and APPID 
{4839DDB7-58C2-48F5-8283-E1D1807D0D7D}
 to the user NT AUTHORITY\LOCAL SERVICE SID (S-1-5-19) from address LocalHost (Using LRPC) running in the application container Unavailable SID (Unavailable). This security permission can be modified using the Component Services administrative tool."
Warning,19-05-2026 11:34:13,Microsoft-Windows-DistributedCOM,10016,None,"The application-specific permission settings do not grant Local Activation permission for the COM Server application with CLSID 
{6B3B8D23-FA8D-40B9-8DBD-B950333E2C52}
 and APPID 
{4839DDB7-58C2-48F5-8283-E1D1807D0D7D}
 to the user NT AUTHORITY\LOCAL SERVICE SID (S-1-5-19) from address LocalHost (Using LRPC) running in the application container Unavailable SID (Unavailable). This security permission can be modified using the Component Services administrative tool."
Warning,19-05-2026 11:34:13,Microsoft-Windows-DistributedCOM,10016,None,"The application-specific permission settings do not grant Local Activation permission for the COM Server application with CLSID 
{6B3B8D23-FA8D-40B9-8DBD-B950333E2C52}
 and APPID 
{4839DDB7-58C2-48F5-8283-E1D1807D0D7D}
 to the user NT AUTHORITY\LOCAL SERVICE SID (S-1-5-19) from address LocalHost (Using LRPC) running in the application container Unavailable SID (Unavailable). This security permission can be modified using the Component Services administrative tool."
Error,19-05-2026 11:34:12,Microsoft-Windows-Dhcp-Client,1002,Address Configuration State Event,The IP address lease 192.168.1.4 for the Network Card with network address 0xCC474054A496 has been denied by the DHCP server 192.168.1.1 (The DHCP Server sent a DHCPNACK message).
Warning,19-05-2026 11:34:12,Microsoft-Windows-Time-Service,134,None,"NtpClient was unable to set a manual peer to use as a time source because of DNS resolution error on 'time.windows.com,0x9'. NtpClient will try again in 15 minutes and double the reattempt interval thereafter. The error was: No such host is known. (0x80072AF9)"
Error,19-05-2026 11:34:12,Microsoft-Windows-NDIS,10317,PnP,"Miniport Microsoft Wi-Fi Direct Virtual Adapter #2, {3c5497bf-cbed-4053-939e-936ea329ee06}, had event Fatal error: The miniport has failed a power transition to operational power"
Warning,19-05-2026 11:34:11,Microsoft-Windows-Dhcp-Client,1003,Address Configuration State Event,Your computer was not able to renew its address from the network (from the DHCP Server) for the Network Card with network address 0xCC474054A496.  The following error occurred: 0x79. Your computer will continue to try and obtain an address on its own from the network address (DHCP) server.
Warning,18-05-2026 22:21:23,winsrvext,100,None,Process C:\Windows\explorer.exe is delaying system shutdown after 5000 milliseconds.
Error,18-05-2026 22:21:21,Microsoft-Windows-DistributedCOM,10010,None,The server Microsoft.Windows.ContentDeliveryManager_10.0.26100.1_neutral_neutral_cw5n1h2txyewy!App.AppX2dz2dz7bvszf1srfbwq1tqyrpq3nvxf6.mca did not register with DCOM within the required timeout.
Error,18-05-2026 22:21:21,Microsoft-Windows-DistributedCOM,10010,None,The server {8CFC164F-4BE5-4FDD-94E9-E2AF73ED4A19} did not register with DCOM within the required timeout.
Warning,18-05-2026 22:03:29,Microsoft-Windows-DistributedCOM,10016,None,"The application-specific permission settings do not grant Local Activation permission for the COM Server application with CLSID 
{2593F8B9-4EAF-457C-B68A-50F6B8EA6B54}
 and APPID 
{15C20B67-12E7-4BB6-92BB-7AFF07997402}
 to the user LAPTOP-IIC1GP5C\MADHUMITA SID (S-1-5-21-1776895936-2929945024-2387409390-1001) from address LocalHost (Using LRPC) running in the application container Unavailable SID (Unavailable). This security permission can be modified using the Component Services administrative tool."
Error,18-05-2026 20:35:56,Microsoft-Windows-Kernel-EventTracing,3,Session,"Session ""PerfDiag Logger"" stopped due to the following error: 0xC0000188"
Warning,18-05-2026 20:35:56,Microsoft-Windows-Kernel-EventTracing,4,Logging,"The maximum file size for session ""PerfDiag Logger"" has been reached. As a result, events might be lost (not logged) to file ""C:\WINDOWS\system32\WDI\LogFiles\ShutdownPerfDiagLogger.etl"". The maximum files size is currently set to 20971520 bytes."
Warning,18-05-2026 20:33:37,Microsoft-Windows-DistributedCOM,10016,None,"The application-specific permission settings do not grant Local Activation permission for the COM Server application with CLSID 
{2593F8B9-4EAF-457C-B68A-50F6B8EA6B54}
 and APPID 
{15C20B67-12E7-4BB6-92BB-7AFF07997402}
 to the user LAPTOP-IIC1GP5C\MADHUMITA SID (S-1-5-21-1776895936-2929945024-2387409390-1001) from address LocalHost (Using LRPC) running in the application container Unavailable SID (Unavailable). This security permission can be modified using the Component Services administrative tool."
Error,18-05-2026 20:31:43,Microsoft-Windows-Kernel-EventTracing,2,Session,"Session ""Cloud Files Diagnostic Event Listener"" failed to start with the following error: 0xC0000022"
Error,18-05-2026 20:31:23,Windows App Runtime,22,None,Package dependency criteria could not be resolved. 
Error,18-05-2026 20:31:23,Microsoft-Windows-TPM-WMI,1796,None,"The Secure Boot update failed to update SBAT with error Unknown HResult Error code: 0x800700c1. For more information, please see https://go.microsoft.com/fwlink/?linkid=2169931"
Warning,18-05-2026 20:31:15,Microsoft-Windows-User Device Registration,360,None,"Windows Hello for Business provisioning will not be launched. 
Device is Microsoft Entra joined (or hybrid joined): Not Tested 
User has logged on with Microsoft Entra credentials: No 
Windows Hello for Business policy is enabled: Not Tested 
Windows Hello for Business post-logon provisioning is enabled: Not Tested 
Local computer meets Windows hello for business hardware requirements: Not Tested 
User is not connected to the machine via Remote Desktop: Yes 
User certificate for on premise auth policy is enabled: Not Tested 
Machine is governed by none policy. 
Cloud trust for on premise auth policy is enabled: Not Tested 
User account has Cloud to OnPrem TGT: Not Tested 
See https://go.microsoft.com/fwlink/?linkid=832647 for more details."
Warning,18-05-2026 20:31:12,Microsoft-Windows-DistributedCOM,10016,None,"The application-specific permission settings do not grant Local Activation permission for the COM Server application with CLSID 
{6B3B8D23-FA8D-40B9-8DBD-B950333E2C52}
 and APPID 
{4839DDB7-58C2-48F5-8283-E1D1807D0D7D}
 to the user NT AUTHORITY\LOCAL SERVICE SID (S-1-5-19) from address LocalHost (Using LRPC) running in the application container Unavailable SID (Unavailable). This security permission can be modified using the Component Services administrative tool."
Warning,18-05-2026 20:31:12,Microsoft-Windows-DistributedCOM,10016,None,"The application-specific permission settings do not grant Local Activation permission for the COM Server application with CLSID 
{6B3B8D23-FA8D-40B9-8DBD-B950333E2C52}
 and APPID 
{4839DDB7-58C2-48F5-8283-E1D1807D0D7D}
 to the user NT AUTHORITY\LOCAL SERVICE SID (S-1-5-19) from address LocalHost (Using LRPC) running in the application container Unavailable SID (Unavailable). This security permission can be modified using the Component Services administrative tool."
Warning,18-05-2026 20:31:12,Microsoft-Windows-DistributedCOM,10016,None,"The application-specific permission settings do not grant Local Activation permission for the COM Server application with CLSID 
{6B3B8D23-FA8D-40B9-8DBD-B950333E2C52}
 and APPID 
{4839DDB7-58C2-48F5-8283-E1D1807D0D7D}
 to the user NT AUTHORITY\LOCAL SERVICE SID (S-1-5-19) from address LocalHost (Using LRPC) running in the application container Unavailable SID (Unavailable). This security permission can be modified using the Component Services administrative tool."
Warning,18-05-2026 20:31:12,Microsoft-Windows-DistributedCOM,10016,None,"The application-specific permission settings do not grant Local Activation permission for the COM Server application with CLSID 
{6B3B8D23-FA8D-40B9-8DBD-B950333E2C52}
 and APPID 
{4839DDB7-58C2-48F5-8283-E1D1807D0D7D}
 to the user NT AUTHORITY\LOCAL SERVICE SID (S-1-5-19) from address LocalHost (Using LRPC) running in the application container Unavailable SID (Unavailable). This security permission can be modified using the Component Services administrative tool."
Warning,18-05-2026 20:31:10,Microsoft-Windows-Time-Service,134,None,"NtpClient was unable to set a manual peer to use as a time source because of DNS resolution error on 'time.windows.com,0x9'. NtpClient will try again in 15 minutes and double the reattempt interval thereafter. The error was: No such host is known. (0x80072AF9)"
Error,18-05-2026 20:31:10,Microsoft-Windows-NDIS,10317,PnP,"Miniport Microsoft Wi-Fi Direct Virtual Adapter #2, {3c5497bf-cbed-4053-939e-936ea329ee06}, had event Fatal error: The miniport has failed a power transition to operational power"
Warning,18-05-2026 11:20:11,winsrvext,100,None,Process C:\Windows\explorer.exe is delaying system shutdown after 5015 milliseconds.
Warning,18-05-2026 11:18:19,Microsoft-Windows-DistributedCOM,10016,None,"The application-specific permission settings do not grant Local Activation permission for the COM Server application with CLSID 
{2593F8B9-4EAF-457C-B68A-50F6B8EA6B54}
 and APPID 
{15C20B67-12E7-4BB6-92BB-7AFF07997402}
 to the user LAPTOP-IIC1GP5C\MADHUMITA SID (S-1-5-21-1776895936-2929945024-2387409390-1001) from address LocalHost (Using LRPC) running in the application container Unavailable SID (Unavailable). This security permission can be modified using the Component Services administrative tool."
Warning,18-05-2026 11:07:15,Microsoft-Windows-DistributedCOM,10016,None,"The application-specific permission settings do not grant Local Activation permission for the COM Server application with CLSID 
{2593F8B9-4EAF-457C-B68A-50F6B8EA6B54}
 and APPID 
{15C20B67-12E7-4BB6-92BB-7AFF07997402}
 to the user LAPTOP-IIC1GP5C\MADHUMITA SID (S-1-5-21-1776895936-2929945024-2387409390-1001) from address LocalHost (Using LRPC) running in the application container 5319275A.WhatsAppDesktop_2.2616.100.0_x64__cv1g1gvanyjgm SID (Unavailable). This security permission can be modified using the Component Services administrative tool."
Error,18-05-2026 10:33:36,Microsoft-Windows-Kernel-EventTracing,3,Session,"Session ""PerfDiag Logger"" stopped due to the following error: 0xC0000188"
Warning,18-05-2026 10:33:36,Microsoft-Windows-Kernel-EventTracing,4,Logging,"The maximum file size for session ""PerfDiag Logger"" has been reached. As a result, events might be lost (not logged) to file ""C:\WINDOWS\system32\WDI\LogFiles\ShutdownPerfDiagLogger.etl"". The maximum files size is currently set to 20971520 bytes."
Warning,18-05-2026 10:32:48,Microsoft-Windows-DistributedCOM,10016,None,"The application-specific permission settings do not grant Local Activation permission for the COM Server application with CLSID 
{2593F8B9-4EAF-457C-B68A-50F6B8EA6B54}
 and APPID 
{15C20B67-12E7-4BB6-92BB-7AFF07997402}
 to the user LAPTOP-IIC1GP5C\MADHUMITA SID (S-1-5-21-1776895936-2929945024-2387409390-1001) from address LocalHost (Using LRPC) running in the application container Unavailable SID (Unavailable). This security permission can be modified using the Component Services administrative tool."
Error,18-05-2026 10:32:17,Microsoft-Windows-Kernel-EventTracing,2,Session,"Session ""Cloud Files Diagnostic Event Listener"" failed to start with the following error: 0xC0000022"
Error,18-05-2026 10:31:59,Windows App Runtime,22,None,Package dependency criteria could not be resolved. 
Error,18-05-2026 10:24:58,Universal Print,1,None,Failed to get auth header with 0xcaa7000a
Error,18-05-2026 10:24:58,Universal Print,1,None,"Error requesting OAuth token. hr: 0xcaa7000a, WebTokenRequestStatus: 5, Error: The Internet connection has timed out."
Error,18-05-2026 10:24:02,Microsoft-Windows-TPM-WMI,1796,None,"The Secure Boot update failed to update SBAT with error Unknown HResult Error code: 0x800700c1. For more information, please see https://go.microsoft.com/fwlink/?linkid=2169931"
Error,18-05-2026 10:23:57,Windows App Runtime,22,None,Package dependency criteria could not be resolved. 
Warning,18-05-2026 10:23:54,Microsoft-Windows-User Device Registration,360,None,"Windows Hello for Business provisioning will not be launched. 
Device is Microsoft Entra joined (or hybrid joined): Not Tested 
User has logged on with Microsoft Entra credentials: No 
Windows Hello for Business policy is enabled: Not Tested 
Windows Hello for Business post-logon provisioning is enabled: Not Tested 
Local computer meets Windows hello for business hardware requirements: Not Tested 
User is not connected to the machine via Remote Desktop: Yes 
User certificate for on premise auth policy is enabled: Not Tested 
Machine is governed by none policy. 
Cloud trust for on premise auth policy is enabled: Not Tested 
User account has Cloud to OnPrem TGT: Not Tested 
See https://go.microsoft.com/fwlink/?linkid=832647 for more details."
Warning,18-05-2026 10:23:51,Microsoft-Windows-DistributedCOM,10016,None,"The application-specific permission settings do not grant Local Activation permission for the COM Server application with CLSID 
{6B3B8D23-FA8D-40B9-8DBD-B950333E2C52}
 and APPID 
{4839DDB7-58C2-48F5-8283-E1D1807D0D7D}
 to the user NT AUTHORITY\LOCAL SERVICE SID (S-1-5-19) from address LocalHost (Using LRPC) running in the application container Unavailable SID (Unavailable). This security permission can be modified using the Component Services administrative tool."
Warning,18-05-2026 10:23:51,Microsoft-Windows-DistributedCOM,10016,None,"The application-specific permission settings do not grant Local Activation permission for the COM Server application with CLSID 
{6B3B8D23-FA8D-40B9-8DBD-B950333E2C52}
 and APPID 
{4839DDB7-58C2-48F5-8283-E1D1807D0D7D}
 to the user NT AUTHORITY\LOCAL SERVICE SID (S-1-5-19) from address LocalHost (Using LRPC) running in the application container Unavailable SID (Unavailable). This security permission can be modified using the Component Services administrative tool."
Warning,18-05-2026 10:23:51,Microsoft-Windows-DistributedCOM,10016,None,"The application-specific permission settings do not grant Local Activation permission for the COM Server application with CLSID 
{6B3B8D23-FA8D-40B9-8DBD-B950333E2C52}
 and APPID 
{4839DDB7-58C2-48F5-8283-E1D1807D0D7D}
 to the user NT AUTHORITY\LOCAL SERVICE SID (S-1-5-19) from address LocalHost (Using LRPC) running in the application container Unavailable SID (Unavailable). This security permission can be modified using the Component Services administrative tool."
Warning,18-05-2026 10:23:51,Microsoft-Windows-DistributedCOM,10016,None,"The application-specific permission settings do not grant Local Activation permission for the COM Server application with CLSID 
{6B3B8D23-FA8D-40B9-8DBD-B950333E2C52}
 and APPID 
{4839DDB7-58C2-48F5-8283-E1D1807D0D7D}
 to the user NT AUTHORITY\LOCAL SERVICE SID (S-1-5-19) from address LocalHost (Using LRPC) running in the application container Unavailable SID (Unavailable). This security permission can be modified using the Component Services administrative tool."
Warning,18-05-2026 10:23:49,Microsoft-Windows-Time-Service,134,None,"NtpClient was unable to set a manual peer to use as a time source because of DNS resolution error on 'time.windows.com,0x9'. NtpClient will try again in 15 minutes and double the reattempt interval thereafter. The error was: No such host is known. (0x80072AF9)"
Error,18-05-2026 10:23:49,Microsoft-Windows-NDIS,10317,PnP,"Miniport Microsoft Wi-Fi Direct Virtual Adapter #2, {3c5497bf-cbed-4053-939e-936ea329ee06}, had event Fatal error: The miniport has failed a power transition to operational power"
Warning,18-05-2026 10:23:48,Win32k,701,None,Power Manager has not requested suppression of all input (INPUT_SUPPRESS_REQUEST=0)
Warning,18-05-2026 10:23:48,Win32k,701,None,Power Manager has not requested suppression of all input (INPUT_SUPPRESS_REQUEST=0)
Warning,18-05-2026 10:23:48,Microsoft-Windows-Dhcp-Client,1003,Address Configuration State Event,Your computer was not able to renew its address from the network (from the DHCP Server) for the Network Card with network address 0xCC474054A496.  The following error occurred: 0x79. Your computer will continue to try and obtain an address on its own from the network address (DHCP) server.
Warning,17-05-2026 15:05:32,Win32k,700,None,Power Manager has requested suppression of all input (INPUT_SUPPRESS_REQUEST=1)
Warning,17-05-2026 15:05:32,Win32k,700,None,Power Manager has requested suppression of all input (INPUT_SUPPRESS_REQUEST=1)
Warning,17-05-2026 15:05:28,winsrvext,100,None,Process C:\Windows\explorer.exe is delaying system shutdown after 5047 milliseconds.
Warning,17-05-2026 15:04:57,Microsoft-Windows-DistributedCOM,10016,None,"The application-specific permission settings do not grant Local Activation permission for the COM Server application with CLSID 
{8BC3F05E-D86B-11D0-A075-00C04FB68820}
 and APPID 
{8BC3F05E-D86B-11D0-A075-00C04FB68820}
 to the user LAPTOP-IIC1GP5C\MADHUMITA SID (S-1-5-21-1776895936-2929945024-2387409390-1001) from address LocalHost (Using LRPC) running in the application container Unavailable SID (S-1-15-2-2034283098-2252572593-1072577386-2659511007-3245387615-27016815-3920691934). This security permission can be modified using the Component Services administrative tool."
Warning,17-05-2026 15:04:57,Microsoft-Windows-DistributedCOM,10016,None,"The application-specific permission settings do not grant Local Activation permission for the COM Server application with CLSID 
{8BC3F05E-D86B-11D0-A075-00C04FB68820}
 and APPID 
{8BC3F05E-D86B-11D0-A075-00C04FB68820}
 to the user LAPTOP-IIC1GP5C\MADHUMITA SID (S-1-5-21-1776895936-2929945024-2387409390-1001) from address LocalHost (Using LRPC) running in the application container Unavailable SID (S-1-15-2-2034283098-2252572593-1072577386-2659511007-3245387615-27016815-3920691934). This security permission can be modified using the Component Services administrative tool."
Warning,17-05-2026 15:04:56,Microsoft-Windows-DistributedCOM,10016,None,"The application-specific permission settings do not grant Local Activation permission for the COM Server application with CLSID 
{8BC3F05E-D86B-11D0-A075-00C04FB68820}
 and APPID 
{8BC3F05E-D86B-11D0-A075-00C04FB68820}
 to the user LAPTOP-IIC1GP5C\MADHUMITA SID (S-1-5-21-1776895936-2929945024-2387409390-1001) from address LocalHost (Using LRPC) running in the application container Unavailable SID (S-1-15-2-2034283098-2252572593-1072577386-2659511007-3245387615-27016815-3920691934). This security permission can be modified using the Component Services administrative tool."
Warning,17-05-2026 15:04:53,Microsoft-Windows-DistributedCOM,10016,None,"The application-specific permission settings do not grant Local Activation permission for the COM Server application with CLSID 
{2593F8B9-4EAF-457C-B68A-50F6B8EA6B54}
 and APPID 
{15C20B67-12E7-4BB6-92BB-7AFF07997402}
 to the user LAPTOP-IIC1GP5C\MADHUMITA SID (S-1-5-21-1776895936-2929945024-2387409390-1001) from address LocalHost (Using LRPC) running in the application container Unavailable SID (Unavailable). This security permission can be modified using the Component Services administrative tool."
Warning,17-05-2026 15:03:39,Microsoft-Windows-DistributedCOM,10016,None,"The application-specific permission settings do not grant Local Activation permission for the COM Server application with CLSID 
{8BC3F05E-D86B-11D0-A075-00C04FB68820}
 and APPID 
{8BC3F05E-D86B-11D0-A075-00C04FB68820}
 to the user LAPTOP-IIC1GP5C\MADHUMITA SID (S-1-5-21-1776895936-2929945024-2387409390-1001) from address LocalHost (Using LRPC) running in the application container Unavailable SID (S-1-15-2-2034283098-2252572593-1072577386-2659511007-3245387615-27016815-3920691934). This security permission can be modified using the Component Services administrative tool."
Warning,17-05-2026 15:03:39,Microsoft-Windows-DistributedCOM,10016,None,"The application-specific permission settings do not grant Local Activation permission for the COM Server application with CLSID 
{8BC3F05E-D86B-11D0-A075-00C04FB68820}
 and APPID 
{8BC3F05E-D86B-11D0-A075-00C04FB68820}
 to the user LAPTOP-IIC1GP5C\MADHUMITA SID (S-1-5-21-1776895936-2929945024-2387409390-1001) from address LocalHost (Using LRPC) running in the application container Unavailable SID (S-1-15-2-2034283098-2252572593-1072577386-2659511007-3245387615-27016815-3920691934). This security permission can be modified using the Component Services administrative tool."
Warning,17-05-2026 15:03:39,Microsoft-Windows-DistributedCOM,10016,None,"The application-specific permission settings do not grant Local Activation permission for the COM Server application with CLSID 
{8BC3F05E-D86B-11D0-A075-00C04FB68820}
 and APPID 
{8BC3F05E-D86B-11D0-A075-00C04FB68820}
 to the user LAPTOP-IIC1GP5C\MADHUMITA SID (S-1-5-21-1776895936-2929945024-2387409390-1001) from address LocalHost (Using LRPC) running in the application container Unavailable SID (S-1-15-2-2034283098-2252572593-1072577386-2659511007-3245387615-27016815-3920691934). This security permission can be modified using the Component Services administrative tool."
Warning,17-05-2026 15:03:36,Microsoft-Windows-DistributedCOM,10016,None,"The application-specific permission settings do not grant Local Activation permission for the COM Server application with CLSID 
{2593F8B9-4EAF-457C-B68A-50F6B8EA6B54}
 and APPID 
{15C20B67-12E7-4BB6-92BB-7AFF07997402}
 to the user LAPTOP-IIC1GP5C\MADHUMITA SID (S-1-5-21-1776895936-2929945024-2387409390-1001) from address LocalHost (Using LRPC) running in the application container Unavailable SID (Unavailable). This security permission can be modified using the Component Services administrative tool."
Error,17-05-2026 15:00:27,.NET Runtime,1022,None,.NET Runtime version 4.0.30319.0 - There was a failure initializing profiling API attach infrastructure.  This process will not allow a profiler to attach.  HRESULT: 0x80004005.  Process ID (decimal): 10212.  Message ID: [0x2509].
Error,17-05-2026 15:00:26,.NET Runtime,1022,None,.NET Runtime version 4.0.30319.0 - There was a failure initializing profiling API attach infrastructure.  This process will not allow a profiler to attach.  HRESULT: 0x80004005.  Process ID (decimal): 26204.  Message ID: [0x2509].
Warning,17-05-2026 15:00:05,Microsoft-Windows-DistributedCOM,10016,None,"The application-specific permission settings do not grant Local Activation permission for the COM Server application with CLSID 
{8BC3F05E-D86B-11D0-A075-00C04FB68820}
 and APPID 
{8BC3F05E-D86B-11D0-A075-00C04FB68820}
 to the user LAPTOP-IIC1GP5C\MADHUMITA SID (S-1-5-21-1776895936-2929945024-2387409390-1001) from address LocalHost (Using LRPC) running in the application container Unavailable SID (S-1-15-2-2034283098-2252572593-1072577386-2659511007-3245387615-27016815-3920691934). This security permission can be modified using the Component Services administrative tool."
Warning,17-05-2026 15:00:05,Microsoft-Windows-DistributedCOM,10016,None,"The application-specific permission settings do not grant Local Activation permission for the COM Server application with CLSID 
{8BC3F05E-D86B-11D0-A075-00C04FB68820}
 and APPID 
{8BC3F05E-D86B-11D0-A075-00C04FB68820}
 to the user LAPTOP-IIC1GP5C\MADHUMITA SID (S-1-5-21-1776895936-2929945024-2387409390-1001) from address LocalHost (Using LRPC) running in the application container Unavailable SID (S-1-15-2-2034283098-2252572593-1072577386-2659511007-3245387615-27016815-3920691934). This security permission can be modified using the Component Services administrative tool."
Warning,17-05-2026 15:00:05,Microsoft-Windows-DistributedCOM,10016,None,"The application-specific permission settings do not grant Local Activation permission for the COM Server application with CLSID 
{8BC3F05E-D86B-11D0-A075-00C04FB68820}
 and APPID 
{8BC3F05E-D86B-11D0-A075-00C04FB68820}
 to the user LAPTOP-IIC1GP5C\MADHUMITA SID (S-1-5-21-1776895936-2929945024-2387409390-1001) from address LocalHost (Using LRPC) running in the application container Unavailable SID (S-1-15-2-2034283098-2252572593-1072577386-2659511007-3245387615-27016815-3920691934). This security permission can be modified using the Component Services administrative tool."
Warning,17-05-2026 15:00:02,Microsoft-Windows-DistributedCOM,10016,None,"The application-specific permission settings do not grant Local Activation permission for the COM Server application with CLSID 
{2593F8B9-4EAF-457C-B68A-50F6B8EA6B54}
 and APPID 
{15C20B67-12E7-4BB6-92BB-7AFF07997402}
 to the user LAPTOP-IIC1GP5C\MADHUMITA SID (S-1-5-21-1776895936-2929945024-2387409390-1001) from address LocalHost (Using LRPC) running in the application container Unavailable SID (Unavailable). This security permission can be modified using the Component Services administrative tool."
Error,17-05-2026 14:15:20,Application Hang,1002,Hanging Events,"The program HpSystemManagement.exe version 1.4.4.0 stopped interacting with Windows and was closed. To see if more information about the problem is available, check the problem history in the Security and Maintenance control panel.
"
Error,17-05-2026 14:15:15,Microsoft-Windows-Kernel-EventTracing,3,Session,"Session ""PerfDiag Logger"" stopped due to the following error: 0xC0000188"
Warning,17-05-2026 14:15:15,Microsoft-Windows-Kernel-EventTracing,4,Logging,"The maximum file size for session ""PerfDiag Logger"" has been reached. As a result, events might be lost (not logged) to file ""C:\WINDOWS\system32\WDI\LogFiles\ShutdownPerfDiagLogger.etl"". The maximum files size is currently set to 20971520 bytes."
Error,17-05-2026 14:10:49,Application Hang,1002,Hanging Events,"The program HpSystemManagement.exe version 1.4.4.0 stopped interacting with Windows and was closed. To see if more information about the problem is available, check the problem history in the Security and Maintenance control panel.
"
Warning,17-05-2026 14:10:42,Win32k,701,None,Power Manager has not requested suppression of all input (INPUT_SUPPRESS_REQUEST=0)
Warning,17-05-2026 14:10:42,Win32k,701,None,Power Manager has not requested suppression of all input (INPUT_SUPPRESS_REQUEST=0)
Error,17-05-2026 13:34:20,Microsoft-Windows-TPM-WMI,1796,None,"The Secure Boot update failed to update SBAT with error Unknown HResult Error code: 0x800700c1. For more information, please see https://go.microsoft.com/fwlink/?linkid=2169931"
Error,17-05-2026 13:34:16,Windows App Runtime,22,None,Package dependency criteria could not be resolved. 
Warning,17-05-2026 12:58:08,Win32k,700,None,Power Manager has requested suppression of all input (INPUT_SUPPRESS_REQUEST=1)
Warning,17-05-2026 12:58:08,Win32k,700,None,Power Manager has requested suppression of all input (INPUT_SUPPRESS_REQUEST=1)
Error,17-05-2026 12:55:58,Microsoft-Windows-Kernel-EventTracing,2,Session,"Session ""Cloud Files Diagnostic Event Listener"" failed to start with the following error: 0xC0000022"
Error,17-05-2026 12:55:54,Microsoft-Windows-DistributedCOM,10010,None,The server {C53A4F16-787E-42A4-B304-29EFFB4BF597} did not register with DCOM within the required timeout.
Error,17-05-2026 12:55:43,Microsoft-Windows-TPM-WMI,1796,None,"The Secure Boot update failed to update SBAT with error Unknown HResult Error code: 0x800700c1. For more information, please see https://go.microsoft.com/fwlink/?linkid=2169931"
Error,17-05-2026 12:55:42,Windows App Runtime,22,None,Package dependency criteria could not be resolved. 
Warning,17-05-2026 12:55:37,Microsoft-Windows-User Device Registration,360,None,"Windows Hello for Business provisioning will not be launched. 
Device is Microsoft Entra joined (or hybrid joined): Not Tested 
User has logged on with Microsoft Entra credentials: No 
Windows Hello for Business policy is enabled: Not Tested 
Windows Hello for Business post-logon provisioning is enabled: Not Tested 
Local computer meets Windows hello for business hardware requirements: Not Tested 
User is not connected to the machine via Remote Desktop: Yes 
User certificate for on premise auth policy is enabled: Not Tested 
Machine is governed by none policy. 
Cloud trust for on premise auth policy is enabled: Not Tested 
User account has Cloud to OnPrem TGT: Not Tested 
See https://go.microsoft.com/fwlink/?linkid=832647 for more details."
Warning,17-05-2026 12:55:33,Microsoft-Windows-DistributedCOM,10016,None,"The application-specific permission settings do not grant Local Activation permission for the COM Server application with CLSID 
{6B3B8D23-FA8D-40B9-8DBD-B950333E2C52}
 and APPID 
{4839DDB7-58C2-48F5-8283-E1D1807D0D7D}
 to the user NT AUTHORITY\LOCAL SERVICE SID (S-1-5-19) from address LocalHost (Using LRPC) running in the application container Unavailable SID (Unavailable). This security permission can be modified using the Component Services administrative tool."
Warning,17-05-2026 12:55:33,Microsoft-Windows-DistributedCOM,10016,None,"The application-specific permission settings do not grant Local Activation permission for the COM Server application with CLSID 
{6B3B8D23-FA8D-40B9-8DBD-B950333E2C52}
 and APPID 
{4839DDB7-58C2-48F5-8283-E1D1807D0D7D}
 to the user NT AUTHORITY\LOCAL SERVICE SID (S-1-5-19) from address LocalHost (Using LRPC) running in the application container Unavailable SID (Unavailable). This security permission can be modified using the Component Services administrative tool."
Warning,17-05-2026 12:55:33,Microsoft-Windows-DistributedCOM,10016,None,"The application-specific permission settings do not grant Local Activation permission for the COM Server application with CLSID 
{6B3B8D23-FA8D-40B9-8DBD-B950333E2C52}
 and APPID 
{4839DDB7-58C2-48F5-8283-E1D1807D0D7D}
 to the user NT AUTHORITY\LOCAL SERVICE SID (S-1-5-19) from address LocalHost (Using LRPC) running in the application container Unavailable SID (Unavailable). This security permission can be modified using the Component Services administrative tool."
Warning,17-05-2026 12:55:33,Microsoft-Windows-DistributedCOM,10016,None,"The application-specific permission settings do not grant Local Activation permission for the COM Server application with CLSID 
{6B3B8D23-FA8D-40B9-8DBD-B950333E2C52}
 and APPID 
{4839DDB7-58C2-48F5-8283-E1D1807D0D7D}
 to the user NT AUTHORITY\LOCAL SERVICE SID (S-1-5-19) from address LocalHost (Using LRPC) running in the application container Unavailable SID (Unavailable). This security permission can be modified using the Component Services administrative tool."
Warning,17-05-2026 12:55:31,Microsoft-Windows-Time-Service,134,None,"NtpClient was unable to set a manual peer to use as a time source because of DNS resolution error on 'time.windows.com,0x9'. NtpClient will try again in 15 minutes and double the reattempt interval thereafter. The error was: No such host is known. (0x80072AF9)"
Error,17-05-2026 12:55:31,Microsoft-Windows-NDIS,10317,PnP,"Miniport Microsoft Wi-Fi Direct Virtual Adapter #2, {3c5497bf-cbed-4053-939e-936ea329ee06}, had event Fatal error: The miniport has failed a power transition to operational power"
Warning,17-05-2026 12:55:30,Win32k,701,None,Power Manager has not requested suppression of all input (INPUT_SUPPRESS_REQUEST=0)
Warning,17-05-2026 12:55:30,Win32k,701,None,Power Manager has not requested suppression of all input (INPUT_SUPPRESS_REQUEST=0)
Warning,17-05-2026 12:55:30,Microsoft-Windows-Dhcp-Client,1003,Address Configuration State Event,Your computer was not able to renew its address from the network (from the DHCP Server) for the Network Card with network address 0xCC474054A496.  The following error occurred: 0x79. Your computer will continue to try and obtain an address on its own from the network address (DHCP) server.
Warning,16-05-2026 23:19:23,Win32k,700,None,Power Manager has requested suppression of all input (INPUT_SUPPRESS_REQUEST=1)
Warning,16-05-2026 23:19:23,Win32k,700,None,Power Manager has requested suppression of all input (INPUT_SUPPRESS_REQUEST=1)
Warning,16-05-2026 23:19:20,winsrvext,100,None,Process C:\Windows\explorer.exe is delaying system shutdown after 5016 milliseconds.
Error,16-05-2026 23:19:15,Microsoft-Windows-DistributedCOM,10010,None,The server {2593F8B9-4EAF-457C-B68A-50F6B8EA6B54} did not register with DCOM within the required timeout.
Warning,16-05-2026 23:18:42,Microsoft-Windows-DistributedCOM,10016,None,"The application-specific permission settings do not grant Local Activation permission for the COM Server application with CLSID 
{2593F8B9-4EAF-457C-B68A-50F6B8EA6B54}
 and APPID 
{15C20B67-12E7-4BB6-92BB-7AFF07997402}
 to the user LAPTOP-IIC1GP5C\MADHUMITA SID (S-1-5-21-1776895936-2929945024-2387409390-1001) from address LocalHost (Using LRPC) running in the application container 5319275A.WhatsAppDesktop_2.2616.100.0_x64__cv1g1gvanyjgm SID (Unavailable). This security permission can be modified using the Component Services administrative tool."
Warning,16-05-2026 23:18:31,Microsoft-Windows-Time-Service,134,None,"NtpClient was unable to set a manual peer to use as a time source because of DNS resolution error on 'time.windows.com,0x9'. NtpClient will try again in 15 minutes and double the reattempt interval thereafter. The error was: No such host is known. (0x80072AF9)"
Error,16-05-2026 15:17:23,Application Hang,1002,Hanging Events,"The program HP.HPX.exe version 55.52615.4833.0 stopped interacting with Windows and was closed. To see if more information about the problem is available, check the problem history in the Security and Maintenance control panel.
"
Error,16-05-2026 13:15:01,Microsoft-Windows-TPM-WMI,1796,None,"The Secure Boot update failed to update SBAT with error Unknown HResult Error code: 0x800700c1. For more information, please see https://go.microsoft.com/fwlink/?linkid=2169931"
Warning,16-05-2026 12:29:39,Microsoft-Windows-DNS-Client,1014,(1014),Name resolution for the name sync.kueez.com timed out after none of the configured DNS servers responded. Client PID 15316.
Warning,16-05-2026 12:23:34,Microsoft-Windows-System-Restore,8303,None,Scoping unsuccessful for shadowcopy \\?\GLOBALROOT\Device\HarddiskVolumeShadowCopy1 with error 0x80070057.
Error,16-05-2026 12:18:16,Microsoft-Windows-Kernel-EventTracing,3,Session,"Session ""PerfDiag Logger"" stopped due to the following error: 0xC0000188"
Warning,16-05-2026 12:18:16,Microsoft-Windows-Kernel-EventTracing,4,Logging,"The maximum file size for session ""PerfDiag Logger"" has been reached. As a result, events might be lost (not logged) to file ""C:\WINDOWS\system32\WDI\LogFiles\ShutdownPerfDiagLogger.etl"". The maximum files size is currently set to 20971520 bytes."
