Warning,04-05-2026 11:54:29,Microsoft-Windows-AppModel-State,24,None,Repair of state locations for operation InitializeDataChangedSignaler against package microsoft.windowscommunicationsapps_8wekyb3d8bbwe with error -2147024894 returned Error Code: 0
Warning,04-05-2026 11:54:29,Microsoft-Windows-AppModel-State,23,None,Triggered repair of state locations because operation InitializeDataChangedSignaler against package microsoft.windowscommunicationsapps_8wekyb3d8bbwe hit error -2147024894.
Warning,04-05-2026 11:52:00,Microsoft-Windows-WLAN-AutoConfig,4003,None,"WLAN AutoConfig detected limited connectivity, attempting automatic recovery.

Recovery Type: 4
Error Code: 0x0
Trigger Reason: 1
IP Family: 0
"
Warning,04-05-2026 11:51:50,Microsoft-Windows-DistributedCOM,10016,None,"The application-specific permission settings do not grant Local Activation permission for the COM Server application with CLSID 
{2593F8B9-4EAF-457C-B68A-50F6B8EA6B54}
 and APPID 
{15C20B67-12E7-4BB6-92BB-7AFF07997402}
 to the user LAPTOP-IIC1GP5C\MADHUMITA SID (S-1-5-21-1776895936-2929945024-2387409390-1001) from address LocalHost (Using LRPC) running in the application container Unavailable SID (Unavailable). This security permission can be modified using the Component Services administrative tool."
Error,04-05-2026 11:51:34,Microsoft-Windows-Kernel-EventTracing,2,Session,"Session ""Cloud Files Diagnostic Event Listener"" failed to start with the following error: 0xC0000022"
Warning,04-05-2026 11:51:33,Microsoft-Windows-AppModel-State,24,None,Repair of state locations for operation InitializeDataChangedSignaler against package AD2F1837.HPPrinterControl_v10z8vjag6ke6 with error -2147024894 returned Error Code: 0
Warning,04-05-2026 11:51:33,Microsoft-Windows-AppModel-State,23,None,Triggered repair of state locations because operation InitializeDataChangedSignaler against package AD2F1837.HPPrinterControl_v10z8vjag6ke6 hit error -2147024894.
Warning,04-05-2026 11:51:32,Microsoft-Windows-AppModel-State,24,None,Repair of state locations for operation InitializeDataChangedSignaler against package AD2F1837.myHP_v10z8vjag6ke6 with error -2147024894 returned Error Code: 0
Warning,04-05-2026 11:51:32,Microsoft-Windows-AppModel-State,23,None,Triggered repair of state locations because operation InitializeDataChangedSignaler against package AD2F1837.myHP_v10z8vjag6ke6 hit error -2147024894.
Warning,04-05-2026 11:51:32,Microsoft-Windows-AppModel-State,24,None,Repair of state locations for operation InitializeDataChangedSignaler against package Microsoft.WindowsStore_8wekyb3d8bbwe with error -2147024894 returned Error Code: 0
Warning,04-05-2026 11:51:32,Microsoft-Windows-AppModel-State,24,None,Repair of state locations for operation InitializeDataChangedSignaler against package Microsoft.WindowsStore_8wekyb3d8bbwe with error -2147024894 returned Error Code: 0
Warning,04-05-2026 11:51:32,Microsoft-Windows-AppModel-State,23,None,Triggered repair of state locations because operation InitializeDataChangedSignaler against package Microsoft.WindowsStore_8wekyb3d8bbwe hit error -2147024894.
Warning,04-05-2026 11:51:32,Microsoft-Windows-AppModel-State,23,None,Triggered repair of state locations because operation InitializeDataChangedSignaler against package Microsoft.WindowsStore_8wekyb3d8bbwe hit error -2147024894.
Error,04-05-2026 11:51:08,Application Error,1000,Application Crashing Events,"Faulting application name: backgroundTaskHost.exe, version: 10.0.26100.1, time stamp: 0x5bc61463
Faulting module name: twinapi.appcore.dll, version: 10.0.26100.8246, time stamp: 0x7773f5c0
Exception code: 0xc000027b
Fault offset: 0x0000000000070a33
Faulting process id: 0x4708
Faulting application start time: 0x1DCDB8E319A2140
Faulting application path: C:\WINDOWS\system32\backgroundTaskHost.exe
Faulting module path: C:\Windows\System32\twinapi.appcore.dll
Report Id: 3b284adf-d240-4b39-83f2-20ac105b936a
Faulting package full name: AD2F1837.HPSystemEventUtility_3.2.16.0_x64__v10z8vjag6ke6
Faulting package-relative application ID: AD2F1837.HPSystemEventUtility"
Warning,04-05-2026 11:50:58,Microsoft-Windows-Time-Service,134,None,"NtpClient was unable to set a manual peer to use as a time source because of DNS resolution error on 'time.windows.com,0x9'. NtpClient will try again in 15 minutes and double the reattempt interval thereafter. The error was: No such host is known. (0x80072AF9)"
Warning,04-05-2026 11:50:42,Microsoft-Windows-AppModel-State,24,None,Repair of state locations for operation InitializeDataChangedSignaler against package AD2F1837.HPThermalControl_v10z8vjag6ke6 with error -2147024894 returned Error Code: 0
Warning,04-05-2026 11:50:42,Microsoft-Windows-AppModel-State,23,None,Triggered repair of state locations because operation InitializeDataChangedSignaler against package AD2F1837.HPThermalControl_v10z8vjag6ke6 hit error -2147024894.
Error,04-05-2026 11:50:32,Microsoft-Windows-Kernel-EventTracing,2,Session,"Session ""Microsoft.Windows.Remediation"" failed to start with the following error: 0xC0000035"
Error,04-05-2026 11:50:32,Application Error,1000,Application Crashing Events,"Faulting application name: backgroundTaskHost.exe, version: 10.0.26100.1, time stamp: 0x5bc61463
Faulting module name: twinapi.appcore.dll, version: 10.0.26100.8246, time stamp: 0x7773f5c0
Exception code: 0xc000027b
Fault offset: 0x0000000000070a33
Faulting process id: 0x51D8
Faulting application start time: 0x1DCDB8E16AD9DD3
Faulting application path: C:\WINDOWS\system32\backgroundTaskHost.exe
Faulting module path: C:\Windows\System32\twinapi.appcore.dll
Report Id: 55b039f6-6b13-4ea7-b856-bf1a826c0cd4
Faulting package full name: Microsoft.YourPhone_1.26022.64.0_x64__8wekyb3d8bbwe
Faulting package-relative application ID: App"
Warning,04-05-2026 11:50:32,Microsoft-Windows-AppModel-State,24,None,Repair of state locations for operation InitializeDataChangedSignaler against package MicrosoftWindows.Client.CBS_cw5n1h2txyewy with error -2147024894 returned Error Code: 0
Warning,04-05-2026 11:50:31,Microsoft-Windows-AppModel-State,23,None,Triggered repair of state locations because operation InitializeDataChangedSignaler against package MicrosoftWindows.Client.CBS_cw5n1h2txyewy hit error -2147024894.
Warning,04-05-2026 11:50:30,Microsoft-Windows-AppModel-State,24,None,Repair of state locations for operation InitializeDataChangedSignaler against package Microsoft.YourPhone_8wekyb3d8bbwe with error -2147024894 returned Error Code: 0
Warning,04-05-2026 11:50:30,Microsoft-Windows-AppModel-State,23,None,Triggered repair of state locations because operation InitializeDataChangedSignaler against package Microsoft.YourPhone_8wekyb3d8bbwe hit error -2147024894.
Error,04-05-2026 11:50:29,Application Error,1000,Application Crashing Events,"Faulting application name: backgroundTaskHost.exe, version: 10.0.26100.1, time stamp: 0x5bc61463
Faulting module name: twinapi.appcore.dll, version: 10.0.26100.8246, time stamp: 0x7773f5c0
Exception code: 0xc000027b
Fault offset: 0x0000000000070a33
Faulting process id: 0x3144
Faulting application start time: 0x1DCDB8E16ADC301
Faulting application path: C:\WINDOWS\system32\backgroundTaskHost.exe
Faulting module path: C:\Windows\System32\twinapi.appcore.dll
Report Id: 0d08b929-9787-4f0e-9a23-88930e5267ac
Faulting package full name: AD2F1837.HPPrivacySettings_1.5.20.0_x64__v10z8vjag6ke6
Faulting package-relative application ID: App"
Warning,04-05-2026 11:50:28,Microsoft-Windows-AppModel-State,24,None,Repair of state locations for operation InitializeDataChangedSignaler against package AD2F1837.HPSupportAssistant_v10z8vjag6ke6 with error -2147024894 returned Error Code: 0
Warning,04-05-2026 11:50:28,Microsoft-Windows-AppModel-State,23,None,Triggered repair of state locations because operation InitializeDataChangedSignaler against package AD2F1837.HPSupportAssistant_v10z8vjag6ke6 hit error -2147024894.
Warning,04-05-2026 11:50:27,Microsoft-Windows-AppModel-State,24,None,Repair of state locations for operation InitializeDataChangedSignaler against package AD2F1837.OMENCommandCenter_v10z8vjag6ke6 with error -2147024894 returned Error Code: 0
Warning,04-05-2026 11:50:27,Microsoft-Windows-AppModel-State,24,None,Repair of state locations for operation InitializeDataChangedSignaler against package AD2F1837.OMENCommandCenter_v10z8vjag6ke6 with error -2147024894 returned Error Code: 0
Warning,04-05-2026 11:50:27,Microsoft-Windows-AppModel-State,24,None,Repair of state locations for operation InitializeDataChangedSignaler against package AD2F1837.OMENCommandCenter_v10z8vjag6ke6 with error -2147024894 returned Error Code: 0
Warning,04-05-2026 11:50:27,Microsoft-Windows-AppModel-State,24,None,Repair of state locations for operation InitializeDataChangedSignaler against package AD2F1837.OMENCommandCenter_v10z8vjag6ke6 with error -2147024894 returned Error Code: 0
Warning,04-05-2026 11:50:27,Microsoft-Windows-AppModel-State,24,None,Repair of state locations for operation InitializeDataChangedSignaler against package AD2F1837.OMENCommandCenter_v10z8vjag6ke6 with error -2147024894 returned Error Code: 0
Warning,04-05-2026 11:50:27,Microsoft-Windows-AppModel-State,24,None,Repair of state locations for operation InitializeDataChangedSignaler against package AD2F1837.OMENCommandCenter_v10z8vjag6ke6 with error -2147024894 returned Error Code: 0
Warning,04-05-2026 11:50:27,Microsoft-Windows-AppModel-State,24,None,Repair of state locations for operation InitializeDataChangedSignaler against package AD2F1837.OMENCommandCenter_v10z8vjag6ke6 with error -2147024894 returned Error Code: 0
Error,04-05-2026 11:50:27,Application Error,1000,Application Crashing Events,"Faulting application name: backgroundTaskHost.exe, version: 10.0.26100.1, time stamp: 0x5bc61463
Faulting module name: twinapi.appcore.dll, version: 10.0.26100.8246, time stamp: 0x7773f5c0
Exception code: 0xc000027b
Fault offset: 0x0000000000070a33
Faulting process id: 0x1484
Faulting application start time: 0x1DCDB8E16AA8611
Faulting application path: C:\WINDOWS\system32\backgroundTaskHost.exe
Faulting module path: C:\Windows\System32\twinapi.appcore.dll
Report Id: a981f238-8c29-43a6-b7b4-921025b94004
Faulting package full name: AD2F1837.HPSystemEventUtility_3.2.16.0_x64__v10z8vjag6ke6
Faulting package-relative application ID: AD2F1837.HPSystemEventUtility"
Warning,04-05-2026 11:50:27,Microsoft-Windows-AppModel-State,23,None,Triggered repair of state locations because operation InitializeDataChangedSignaler against package AD2F1837.OMENCommandCenter_v10z8vjag6ke6 hit error -2147024894.
Warning,04-05-2026 11:50:27,Microsoft-Windows-AppModel-State,23,None,Triggered repair of state locations because operation InitializeDataChangedSignaler against package AD2F1837.OMENCommandCenter_v10z8vjag6ke6 hit error -2147024894.
Warning,04-05-2026 11:50:27,Microsoft-Windows-AppModel-State,23,None,Triggered repair of state locations because operation InitializeDataChangedSignaler against package AD2F1837.OMENCommandCenter_v10z8vjag6ke6 hit error -2147024894.
Error,04-05-2026 11:50:27,Application Error,1000,Application Crashing Events,"Faulting application name: backgroundTaskHost.exe, version: 10.0.26100.1, time stamp: 0x5bc61463
Faulting module name: twinapi.appcore.dll, version: 10.0.26100.8246, time stamp: 0x7773f5c0
Exception code: 0xc000027b
Fault offset: 0x0000000000070a33
Faulting process id: 0x794
Faulting application start time: 0x1DCDB8E16AD7A46
Faulting application path: C:\windows\system32\backgroundTaskHost.exe
Faulting module path: C:\Windows\System32\twinapi.appcore.dll
Report Id: e987f52f-f730-45ce-b797-2724fd6483a8
Faulting package full name: AD2F1837.HPEnhance_1.4.4.0_x64__v10z8vjag6ke6
Faulting package-relative application ID: AD2F1837.HPEnhance"
Warning,04-05-2026 11:50:27,Microsoft-Windows-AppModel-State,23,None,Triggered repair of state locations because operation InitializeDataChangedSignaler against package AD2F1837.OMENCommandCenter_v10z8vjag6ke6 hit error -2147024894.
Warning,04-05-2026 11:50:27,Microsoft-Windows-AppModel-State,23,None,Triggered repair of state locations because operation InitializeDataChangedSignaler against package AD2F1837.OMENCommandCenter_v10z8vjag6ke6 hit error -2147024894.
Warning,04-05-2026 11:50:27,Microsoft-Windows-AppModel-State,23,None,Triggered repair of state locations because operation InitializeDataChangedSignaler against package AD2F1837.OMENCommandCenter_v10z8vjag6ke6 hit error -2147024894.
Warning,04-05-2026 11:50:27,Microsoft-Windows-AppModel-State,23,None,Triggered repair of state locations because operation InitializeDataChangedSignaler against package AD2F1837.OMENCommandCenter_v10z8vjag6ke6 hit error -2147024894.
Warning,04-05-2026 11:50:26,Microsoft-Windows-AppModel-State,24,None,Repair of state locations for operation InitializeDataChangedSignaler against package AD2F1837.HPPrivacySettings_v10z8vjag6ke6 with error -2147024894 returned Error Code: 0
Warning,04-05-2026 11:50:26,Microsoft-Windows-AppModel-State,23,None,Triggered repair of state locations because operation InitializeDataChangedSignaler against package AD2F1837.HPPrivacySettings_v10z8vjag6ke6 hit error -2147024894.
Error,04-05-2026 11:50:25,Microsoft-Windows-TPM-WMI,1796,None,"The Secure Boot update failed to update SBAT with error Unknown HResult Error code: 0x800700c1. For more information, please see https://go.microsoft.com/fwlink/?linkid=2169931"
Error,04-05-2026 11:50:24,Windows App Runtime,22,None,Package dependency criteria could not be resolved. 
Warning,04-05-2026 11:50:23,Microsoft-Windows-AppModel-State,24,None,Repair of state locations for operation InitializeDataChangedSignaler against package Microsoft.AAD.BrokerPlugin_cw5n1h2txyewy with error -2147024894 returned Error Code: 0
Warning,04-05-2026 11:50:23,Microsoft-Windows-AppModel-State,23,None,Triggered repair of state locations because operation InitializeDataChangedSignaler against package Microsoft.AAD.BrokerPlugin_cw5n1h2txyewy hit error -2147024894.
Warning,04-05-2026 11:50:22,Microsoft-Windows-AppModel-State,24,None,Repair of state locations for operation InitializeDataChangedSignaler against package Microsoft.Windows.ContentDeliveryManager_cw5n1h2txyewy with error -2147024894 returned Error Code: 0
Warning,04-05-2026 11:50:22,Microsoft-Windows-AppModel-State,23,None,Triggered repair of state locations because operation InitializeDataChangedSignaler against package Microsoft.Windows.ContentDeliveryManager_cw5n1h2txyewy hit error -2147024894.
Warning,04-05-2026 11:50:22,Microsoft-Windows-AppModel-State,24,None,Repair of state locations for operation InitializeDataChangedSignaler against package Microsoft.Windows.StartMenuExperienceHost_cw5n1h2txyewy with error -2147024894 returned Error Code: 0
Warning,04-05-2026 11:50:22,Microsoft-Windows-AppModel-State,23,None,Triggered repair of state locations because operation InitializeDataChangedSignaler against package Microsoft.Windows.StartMenuExperienceHost_cw5n1h2txyewy hit error -2147024894.
Warning,04-05-2026 11:50:21,Microsoft-Windows-User Device Registration,360,None,"Windows Hello for Business provisioning will not be launched. 
Device is Microsoft Entra joined (or hybrid joined): Not Tested 
User has logged on with Microsoft Entra credentials: No 
Windows Hello for Business policy is enabled: Not Tested 
Windows Hello for Business post-logon provisioning is enabled: Not Tested 
Local computer meets Windows hello for business hardware requirements: Not Tested 
User is not connected to the machine via Remote Desktop: Yes 
User certificate for on premise auth policy is enabled: Not Tested 
Machine is governed by none policy. 
Cloud trust for on premise auth policy is enabled: Not Tested 
User account has Cloud to OnPrem TGT: Not Tested 
See https://go.microsoft.com/fwlink/?linkid=832647 for more details."
Warning,04-05-2026 11:50:17,Microsoft-Windows-DistributedCOM,10016,None,"The application-specific permission settings do not grant Local Activation permission for the COM Server application with CLSID 
{6B3B8D23-FA8D-40B9-8DBD-B950333E2C52}
 and APPID 
{4839DDB7-58C2-48F5-8283-E1D1807D0D7D}
 to the user NT AUTHORITY\LOCAL SERVICE SID (S-1-5-19) from address LocalHost (Using LRPC) running in the application container Unavailable SID (Unavailable). This security permission can be modified using the Component Services administrative tool."
Warning,04-05-2026 11:50:17,Microsoft-Windows-DistributedCOM,10016,None,"The application-specific permission settings do not grant Local Activation permission for the COM Server application with CLSID 
{6B3B8D23-FA8D-40B9-8DBD-B950333E2C52}
 and APPID 
{4839DDB7-58C2-48F5-8283-E1D1807D0D7D}
 to the user NT AUTHORITY\LOCAL SERVICE SID (S-1-5-19) from address LocalHost (Using LRPC) running in the application container Unavailable SID (Unavailable). This security permission can be modified using the Component Services administrative tool."
Warning,04-05-2026 11:50:17,Microsoft-Windows-DistributedCOM,10016,None,"The application-specific permission settings do not grant Local Activation permission for the COM Server application with CLSID 
{6B3B8D23-FA8D-40B9-8DBD-B950333E2C52}
 and APPID 
{4839DDB7-58C2-48F5-8283-E1D1807D0D7D}
 to the user NT AUTHORITY\LOCAL SERVICE SID (S-1-5-19) from address LocalHost (Using LRPC) running in the application container Unavailable SID (Unavailable). This security permission can be modified using the Component Services administrative tool."
Warning,04-05-2026 11:50:17,Microsoft-Windows-DistributedCOM,10016,None,"The application-specific permission settings do not grant Local Activation permission for the COM Server application with CLSID 
{6B3B8D23-FA8D-40B9-8DBD-B950333E2C52}
 and APPID 
{4839DDB7-58C2-48F5-8283-E1D1807D0D7D}
 to the user NT AUTHORITY\LOCAL SERVICE SID (S-1-5-19) from address LocalHost (Using LRPC) running in the application container Unavailable SID (Unavailable). This security permission can be modified using the Component Services administrative tool."
Warning,04-05-2026 11:50:16,Microsoft-Windows-Time-Service,134,None,"NtpClient was unable to set a manual peer to use as a time source because of DNS resolution error on 'time.windows.com,0x9'. NtpClient will try again in 15 minutes and double the reattempt interval thereafter. The error was: No such host is known. (0x80072AF9)"
Error,04-05-2026 11:50:16,Microsoft-Windows-NDIS,10317,PnP,"Miniport Microsoft Wi-Fi Direct Virtual Adapter #2, {3c5497bf-cbed-4053-939e-936ea329ee06}, had event Fatal error: The miniport has failed a power transition to operational power"
Warning,04-05-2026 11:50:15,Microsoft-Windows-Dhcp-Client,1003,Address Configuration State Event,Your computer was not able to renew its address from the network (from the DHCP Server) for the Network Card with network address 0xCC474054A496.  The following error occurred: 0x79. Your computer will continue to try and obtain an address on its own from the network address (DHCP) server.
Error,03-05-2026 21:18:20,Microsoft-Windows-User Profiles Service,1512,None,"Windows cannot unload your registry file. The memory used by the registry has not been freed. This problem is often caused by services running as a user account. Try configuring services to run in either the LocalService or NetworkService account. 

 DETAIL - Access is denied.
"
Error,03-05-2026 21:18:20,Microsoft-Windows-DistributedCOM,10010,None,The server {2593F8B9-4EAF-457C-B68A-50F6B8EA6B54} did not register with DCOM within the required timeout.
Warning,03-05-2026 21:18:12,winsrvext,100,None,Process C:\Windows\explorer.exe is delaying system shutdown after 5015 milliseconds.
Error,03-05-2026 21:16:46,Application Hang,1002,Hanging Events,"The program HpSystemManagement.exe version 1.4.4.0 stopped interacting with Windows and was closed. To see if more information about the problem is available, check the problem history in the Security and Maintenance control panel.
"
Warning,03-05-2026 21:16:39,Microsoft-Windows-Time-Service,134,None,"NtpClient was unable to set a manual peer to use as a time source because of DNS resolution error on 'time.windows.com,0x9'. NtpClient will try again in 15 minutes and double the reattempt interval thereafter. The error was: No such host is known. (0x80072AF9)"
Error,03-05-2026 20:56:08,Application Hang,1002,Hanging Events,"The program HP.HPX.exe version 54.52610.3208.0 stopped interacting with Windows and was closed. To see if more information about the problem is available, check the problem history in the Security and Maintenance control panel.
"
Error,03-05-2026 14:26:03,Application Hang,1002,Hanging Events,"The program HP.HPX.exe version 54.52610.3208.0 stopped interacting with Windows and was closed. To see if more information about the problem is available, check the problem history in the Security and Maintenance control panel.
"
Warning,03-05-2026 13:26:31,Microsoft-Windows-DistributedCOM,10016,None,"The application-specific permission settings do not grant Local Activation permission for the COM Server application with CLSID 
{9EA82395-E31B-41CA-8DF7-EC1CEE7194DF}
 and APPID 
{2ED83BAA-B2FD-43B1-99BF-E6149C622692}
 to the user NT AUTHORITY\NETWORK SERVICE SID (S-1-5-20) from address LocalHost (Using LRPC) running in the application container Unavailable SID (Unavailable). This security permission can be modified using the Component Services administrative tool."
Error,03-05-2026 13:16:59,Microsoft-Windows-TPM-WMI,1796,None,"The Secure Boot update failed to update SBAT with error Unknown HResult Error code: 0x800700c1. For more information, please see https://go.microsoft.com/fwlink/?linkid=2169931"
Error,03-05-2026 12:21:50,Microsoft-Windows-Kernel-EventTracing,3,Session,"Session ""PerfDiag Logger"" stopped due to the following error: 0xC0000188"
Warning,03-05-2026 12:21:50,Microsoft-Windows-Kernel-EventTracing,4,Logging,"The maximum file size for session ""PerfDiag Logger"" has been reached. As a result, events might be lost (not logged) to file ""C:\WINDOWS\system32\WDI\LogFiles\ShutdownPerfDiagLogger.etl"". The maximum files size is currently set to 20971520 bytes."
Warning,03-05-2026 12:12:33,Microsoft-Windows-DistributedCOM,10016,None,"The application-specific permission settings do not grant Local Activation permission for the COM Server application with CLSID 
{2593F8B9-4EAF-457C-B68A-50F6B8EA6B54}
 and APPID 
{15C20B67-12E7-4BB6-92BB-7AFF07997402}
 to the user LAPTOP-IIC1GP5C\MADHUMITA SID (S-1-5-21-1776895936-2929945024-2387409390-1001) from address LocalHost (Using LRPC) running in the application container SpotifyAB.SpotifyMusic_1.288.483.0_x64__zpdnekdrzrea0 SID (Unavailable). This security permission can be modified using the Component Services administrative tool."
Warning,03-05-2026 12:12:26,Microsoft-Windows-DistributedCOM,10016,None,"The application-specific permission settings do not grant Local Activation permission for the COM Server application with CLSID 
{2593F8B9-4EAF-457C-B68A-50F6B8EA6B54}
 and APPID 
{15C20B67-12E7-4BB6-92BB-7AFF07997402}
 to the user LAPTOP-IIC1GP5C\MADHUMITA SID (S-1-5-21-1776895936-2929945024-2387409390-1001) from address LocalHost (Using LRPC) running in the application container 5319275A.WhatsAppDesktop_2.2615.101.0_x64__cv1g1gvanyjgm SID (Unavailable). This security permission can be modified using the Component Services administrative tool."
Warning,03-05-2026 11:56:08,Microsoft-Windows-DistributedCOM,10016,None,"The application-specific permission settings do not grant Local Activation permission for the COM Server application with CLSID 
{2593F8B9-4EAF-457C-B68A-50F6B8EA6B54}
 and APPID 
{15C20B67-12E7-4BB6-92BB-7AFF07997402}
 to the user LAPTOP-IIC1GP5C\MADHUMITA SID (S-1-5-21-1776895936-2929945024-2387409390-1001) from address LocalHost (Using LRPC) running in the application container AD2F1837.OMENCommandCenter_1101.2604.2.0_x64__v10z8vjag6ke6 SID (Unavailable). This security permission can be modified using the Component Services administrative tool."
Error,03-05-2026 11:55:04,Microsoft-Windows-Kernel-EventTracing,2,Session,"Session ""Cloud Files Diagnostic Event Listener"" failed to start with the following error: 0xC0000022"
Error,03-05-2026 11:54:51,Windows App Runtime,22,None,Package dependency criteria could not be resolved. 
Error,03-05-2026 11:54:48,Microsoft-Windows-TPM-WMI,1796,None,"The Secure Boot update failed to update SBAT with error Unknown HResult Error code: 0x800700c1. For more information, please see https://go.microsoft.com/fwlink/?linkid=2169931"
Warning,03-05-2026 11:54:42,Microsoft-Windows-User Device Registration,360,None,"Windows Hello for Business provisioning will not be launched. 
Device is Microsoft Entra joined (or hybrid joined): Not Tested 
User has logged on with Microsoft Entra credentials: No 
Windows Hello for Business policy is enabled: Not Tested 
Windows Hello for Business post-logon provisioning is enabled: Not Tested 
Local computer meets Windows hello for business hardware requirements: Not Tested 
User is not connected to the machine via Remote Desktop: Yes 
User certificate for on premise auth policy is enabled: Not Tested 
Machine is governed by none policy. 
Cloud trust for on premise auth policy is enabled: Not Tested 
User account has Cloud to OnPrem TGT: Not Tested 
See https://go.microsoft.com/fwlink/?linkid=832647 for more details."
Warning,03-05-2026 11:54:38,Microsoft-Windows-DistributedCOM,10016,None,"The application-specific permission settings do not grant Local Activation permission for the COM Server application with CLSID 
{6B3B8D23-FA8D-40B9-8DBD-B950333E2C52}
 and APPID 
{4839DDB7-58C2-48F5-8283-E1D1807D0D7D}
 to the user NT AUTHORITY\LOCAL SERVICE SID (S-1-5-19) from address LocalHost (Using LRPC) running in the application container Unavailable SID (Unavailable). This security permission can be modified using the Component Services administrative tool."
Warning,03-05-2026 11:54:38,Microsoft-Windows-DistributedCOM,10016,None,"The application-specific permission settings do not grant Local Activation permission for the COM Server application with CLSID 
{6B3B8D23-FA8D-40B9-8DBD-B950333E2C52}
 and APPID 
{4839DDB7-58C2-48F5-8283-E1D1807D0D7D}
 to the user NT AUTHORITY\LOCAL SERVICE SID (S-1-5-19) from address LocalHost (Using LRPC) running in the application container Unavailable SID (Unavailable). This security permission can be modified using the Component Services administrative tool."
Warning,03-05-2026 11:54:38,Microsoft-Windows-DistributedCOM,10016,None,"The application-specific permission settings do not grant Local Activation permission for the COM Server application with CLSID 
{6B3B8D23-FA8D-40B9-8DBD-B950333E2C52}
 and APPID 
{4839DDB7-58C2-48F5-8283-E1D1807D0D7D}
 to the user NT AUTHORITY\LOCAL SERVICE SID (S-1-5-19) from address LocalHost (Using LRPC) running in the application container Unavailable SID (Unavailable). This security permission can be modified using the Component Services administrative tool."
Warning,03-05-2026 11:54:38,Microsoft-Windows-DistributedCOM,10016,None,"The application-specific permission settings do not grant Local Activation permission for the COM Server application with CLSID 
{6B3B8D23-FA8D-40B9-8DBD-B950333E2C52}
 and APPID 
{4839DDB7-58C2-48F5-8283-E1D1807D0D7D}
 to the user NT AUTHORITY\LOCAL SERVICE SID (S-1-5-19) from address LocalHost (Using LRPC) running in the application container Unavailable SID (Unavailable). This security permission can be modified using the Component Services administrative tool."
Error,03-05-2026 11:54:38,Microsoft-Windows-Dhcp-Client,1002,Address Configuration State Event,The IP address lease 192.168.1.4 for the Network Card with network address 0xCC474054A496 has been denied by the DHCP server 192.168.1.1 (The DHCP Server sent a DHCPNACK message).
Warning,03-05-2026 11:54:36,Microsoft-Windows-Time-Service,134,None,"NtpClient was unable to set a manual peer to use as a time source because of DNS resolution error on 'time.windows.com,0x9'. NtpClient will try again in 15 minutes and double the reattempt interval thereafter. The error was: No such host is known. (0x80072AF9)"
Error,03-05-2026 11:54:36,Microsoft-Windows-NDIS,10317,PnP,"Miniport Microsoft Wi-Fi Direct Virtual Adapter #2, {3c5497bf-cbed-4053-939e-936ea329ee06}, had event Fatal error: The miniport has failed a power transition to operational power"
Warning,03-05-2026 11:54:35,Microsoft-Windows-Dhcp-Client,1003,Address Configuration State Event,Your computer was not able to renew its address from the network (from the DHCP Server) for the Network Card with network address 0xCC474054A496.  The following error occurred: 0x79. Your computer will continue to try and obtain an address on its own from the network address (DHCP) server.
Warning,02-05-2026 22:40:55,winsrvext,100,None,Process C:\Windows\explorer.exe is delaying system shutdown after 5000 milliseconds.
Error,02-05-2026 22:29:39,.NET Runtime,1022,None,.NET Runtime version 4.0.30319.0 - There was a failure initializing profiling API attach infrastructure.  This process will not allow a profiler to attach.  HRESULT: 0x80004005.  Process ID (decimal): 23248.  Message ID: [0x2509].
Error,02-05-2026 22:29:38,.NET Runtime,1022,None,.NET Runtime version 4.0.30319.0 - There was a failure initializing profiling API attach infrastructure.  This process will not allow a profiler to attach.  HRESULT: 0x80004005.  Process ID (decimal): 6008.  Message ID: [0x2509].
Warning,02-05-2026 21:59:57,Win32k,701,None,Power Manager has not requested suppression of all input (INPUT_SUPPRESS_REQUEST=0)
Warning,02-05-2026 21:59:57,Win32k,701,None,Power Manager has not requested suppression of all input (INPUT_SUPPRESS_REQUEST=0)
Warning,02-05-2026 21:01:51,Win32k,700,None,Power Manager has requested suppression of all input (INPUT_SUPPRESS_REQUEST=1)
Warning,02-05-2026 21:01:51,Win32k,700,None,Power Manager has requested suppression of all input (INPUT_SUPPRESS_REQUEST=1)
Warning,02-05-2026 18:49:34,Microsoft-Windows-DistributedCOM,10016,None,"The application-specific permission settings do not grant Local Activation permission for the COM Server application with CLSID 
{2593F8B9-4EAF-457C-B68A-50F6B8EA6B54}
 and APPID 
{15C20B67-12E7-4BB6-92BB-7AFF07997402}
 to the user LAPTOP-IIC1GP5C\MADHUMITA SID (S-1-5-21-1776895936-2929945024-2387409390-1001) from address LocalHost (Using LRPC) running in the application container Unavailable SID (Unavailable). This security permission can be modified using the Component Services administrative tool."
Warning,02-05-2026 18:42:26,Microsoft-Windows-DistributedCOM,10016,None,"The application-specific permission settings do not grant Local Activation permission for the COM Server application with CLSID 
{2593F8B9-4EAF-457C-B68A-50F6B8EA6B54}
 and APPID 
{15C20B67-12E7-4BB6-92BB-7AFF07997402}
 to the user LAPTOP-IIC1GP5C\MADHUMITA SID (S-1-5-21-1776895936-2929945024-2387409390-1001) from address LocalHost (Using LRPC) running in the application container Unavailable SID (Unavailable). This security permission can be modified using the Component Services administrative tool."
Warning,02-05-2026 18:29:12,Win32k,701,None,Power Manager has not requested suppression of all input (INPUT_SUPPRESS_REQUEST=0)
Warning,02-05-2026 18:29:12,Win32k,701,None,Power Manager has not requested suppression of all input (INPUT_SUPPRESS_REQUEST=0)
Warning,02-05-2026 18:10:22,Microsoft-Windows-DistributedCOM,10016,None,"The application-specific permission settings do not grant Local Activation permission for the COM Server application with CLSID 
{9EA82395-E31B-41CA-8DF7-EC1CEE7194DF}
 and APPID 
{2ED83BAA-B2FD-43B1-99BF-E6149C622692}
 to the user NT AUTHORITY\NETWORK SERVICE SID (S-1-5-20) from address LocalHost (Using LRPC) running in the application container Unavailable SID (Unavailable). This security permission can be modified using the Component Services administrative tool."
Warning,02-05-2026 18:10:21,Win32k,700,None,Power Manager has requested suppression of all input (INPUT_SUPPRESS_REQUEST=1)
Warning,02-05-2026 18:10:21,Win32k,700,None,Power Manager has requested suppression of all input (INPUT_SUPPRESS_REQUEST=1)
Warning,02-05-2026 18:07:32,Microsoft-Windows-DistributedCOM,10016,None,"The application-specific permission settings do not grant Local Activation permission for the COM Server application with CLSID 
{2593F8B9-4EAF-457C-B68A-50F6B8EA6B54}
 and APPID 
{15C20B67-12E7-4BB6-92BB-7AFF07997402}
 to the user LAPTOP-IIC1GP5C\MADHUMITA SID (S-1-5-21-1776895936-2929945024-2387409390-1001) from address LocalHost (Using LRPC) running in the application container Unavailable SID (Unavailable). This security permission can be modified using the Component Services administrative tool."
Error,02-05-2026 14:55:22,Bonjour Service,100,None,Local Hostname LAPTOP-IIC1GP5C.local already in use; will try LAPTOP-IIC1GP5C-2.local instead
Error,02-05-2026 14:55:22,Bonjour Service,100,None,mDNSCoreReceiveResponse: ProbeCount 2; will rename    4 LAPTOP-IIC1GP5C.local. Addr 10.178.200.225
Error,02-05-2026 14:55:22,Bonjour Service,100,None,mDNSCoreReceiveResponse: Received from 10.178.200.225:5353   16 LAPTOP-IIC1GP5C.local. AAAA 2401:4900:CAAD:8F41:55AA:C258:602F:3330
Warning,02-05-2026 14:52:36,Microsoft-Windows-DistributedCOM,10016,None,"The application-specific permission settings do not grant Local Activation permission for the COM Server application with CLSID 
{2593F8B9-4EAF-457C-B68A-50F6B8EA6B54}
 and APPID 
{15C20B67-12E7-4BB6-92BB-7AFF07997402}
 to the user LAPTOP-IIC1GP5C\MADHUMITA SID (S-1-5-21-1776895936-2929945024-2387409390-1001) from address LocalHost (Using LRPC) running in the application container 5319275A.WhatsAppDesktop_2.2615.101.0_x64__cv1g1gvanyjgm SID (Unavailable). This security permission can be modified using the Component Services administrative tool."
Warning,02-05-2026 13:17:57,Microsoft-Windows-DistributedCOM,10016,None,"The machine-default permission settings do not grant Local Activation permission for the COM Server application with CLSID 
{C2F03A33-21F5-47FA-B4BB-156362A2F239}
 and APPID 
{316CDED5-E4AE-4B15-9113-7055D84DCC97}
 to the user NT AUTHORITY\LOCAL SERVICE SID (S-1-5-19) from address LocalHost (Using LRPC) running in the application container Unavailable SID (Unavailable). This security permission can be modified using the Component Services administrative tool."
Warning,02-05-2026 13:17:57,Microsoft-Windows-DistributedCOM,10016,None,"The application-specific permission settings do not grant Local Activation permission for the COM Server application with CLSID 
{6B3B8D23-FA8D-40B9-8DBD-B950333E2C52}
 and APPID 
{4839DDB7-58C2-48F5-8283-E1D1807D0D7D}
 to the user NT AUTHORITY\LOCAL SERVICE SID (S-1-5-19) from address LocalHost (Using LRPC) running in the application container Unavailable SID (Unavailable). This security permission can be modified using the Component Services administrative tool."
Warning,02-05-2026 13:17:57,Microsoft-Windows-DistributedCOM,10016,None,"The machine-default permission settings do not grant Local Activation permission for the COM Server application with CLSID 
{C2F03A33-21F5-47FA-B4BB-156362A2F239}
 and APPID 
{316CDED5-E4AE-4B15-9113-7055D84DCC97}
 to the user NT AUTHORITY\LOCAL SERVICE SID (S-1-5-19) from address LocalHost (Using LRPC) running in the application container Unavailable SID (Unavailable). This security permission can be modified using the Component Services administrative tool."
Warning,02-05-2026 13:17:57,Microsoft-Windows-DistributedCOM,10016,None,"The application-specific permission settings do not grant Local Activation permission for the COM Server application with CLSID 
{6B3B8D23-FA8D-40B9-8DBD-B950333E2C52}
 and APPID 
{4839DDB7-58C2-48F5-8283-E1D1807D0D7D}
 to the user NT AUTHORITY\LOCAL SERVICE SID (S-1-5-19) from address LocalHost (Using LRPC) running in the application container Unavailable SID (Unavailable). This security permission can be modified using the Component Services administrative tool."
Error,02-05-2026 13:17:00,Microsoft-Windows-TPM-WMI,1796,None,"The Secure Boot update failed to update SBAT with error Unknown HResult Error code: 0x800700c1. For more information, please see https://go.microsoft.com/fwlink/?linkid=2169931"
Warning,02-05-2026 13:16:27,Microsoft-Windows-DistributedCOM,10016,None,"The application-specific permission settings do not grant Local Activation permission for the COM Server application with CLSID 
{2593F8B9-4EAF-457C-B68A-50F6B8EA6B54}
 and APPID 
{15C20B67-12E7-4BB6-92BB-7AFF07997402}
 to the user LAPTOP-IIC1GP5C\MADHUMITA SID (S-1-5-21-1776895936-2929945024-2387409390-1001) from address LocalHost (Using LRPC) running in the application container SpotifyAB.SpotifyMusic_1.288.483.0_x64__zpdnekdrzrea0 SID (Unavailable). This security permission can be modified using the Component Services administrative tool."
Warning,02-05-2026 13:14:03,Microsoft-Windows-DistributedCOM,10016,None,"The application-specific permission settings do not grant Local Activation permission for the COM Server application with CLSID 
{9EA82395-E31B-41CA-8DF7-EC1CEE7194DF}
 and APPID 
{2ED83BAA-B2FD-43B1-99BF-E6149C622692}
 to the user NT AUTHORITY\NETWORK SERVICE SID (S-1-5-20) from address LocalHost (Using LRPC) running in the application container Unavailable SID (Unavailable). This security permission can be modified using the Component Services administrative tool."
Warning,02-05-2026 13:13:44,Microsoft-Windows-DistributedCOM,10016,None,"The application-specific permission settings do not grant Local Launch permission for the COM Server application with CLSID 
Windows.SecurityCenter.WscDataProtection
 and APPID 
Unavailable
 to the user NT AUTHORITY\SYSTEM SID (S-1-5-18) from address LocalHost (Using LRPC) running in the application container Unavailable SID (Unavailable). This security permission can be modified using the Component Services administrative tool."
Warning,02-05-2026 13:13:44,Microsoft-Windows-DistributedCOM,10016,None,"The application-specific permission settings do not grant Local Launch permission for the COM Server application with CLSID 
Windows.SecurityCenter.SecurityAppBroker
 and APPID 
Unavailable
 to the user NT AUTHORITY\SYSTEM SID (S-1-5-18) from address LocalHost (Using LRPC) running in the application container Unavailable SID (Unavailable). This security permission can be modified using the Component Services administrative tool."
Warning,02-05-2026 13:13:44,Microsoft-Windows-DistributedCOM,10016,None,"The application-specific permission settings do not grant Local Launch permission for the COM Server application with CLSID 
Windows.SecurityCenter.WscBrokerManager
 and APPID 
Unavailable
 to the user NT AUTHORITY\SYSTEM SID (S-1-5-18) from address LocalHost (Using LRPC) running in the application container Unavailable SID (Unavailable). This security permission can be modified using the Component Services administrative tool."
Warning,02-05-2026 13:13:36,Microsoft-Windows-DistributedCOM,10016,None,"The application-specific permission settings do not grant Local Activation permission for the COM Server application with CLSID 
{2593F8B9-4EAF-457C-B68A-50F6B8EA6B54}
 and APPID 
{15C20B67-12E7-4BB6-92BB-7AFF07997402}
 to the user LAPTOP-IIC1GP5C\MADHUMITA SID (S-1-5-21-1776895936-2929945024-2387409390-1001) from address LocalHost (Using LRPC) running in the application container AD2F1837.OMENCommandCenter_1101.2604.2.0_x64__v10z8vjag6ke6 SID (Unavailable). This security permission can be modified using the Component Services administrative tool."
Warning,02-05-2026 13:12:46,Microsoft-Windows-DistributedCOM,10016,None,"The application-specific permission settings do not grant Local Launch permission for the COM Server application with CLSID 
Windows.SecurityCenter.WscCloudBackupProvider
 and APPID 
Unavailable
 to the user LAPTOP-IIC1GP5C\MADHUMITA SID (S-1-5-21-1776895936-2929945024-2387409390-1001) from address LocalHost (Using LRPC) running in the application container Unavailable SID (Unavailable). This security permission can be modified using the Component Services administrative tool."
Warning,02-05-2026 13:12:44,Microsoft-Windows-DistributedCOM,10016,None,"The application-specific permission settings do not grant Local Launch permission for the COM Server application with CLSID 
Windows.SecurityCenter.WscCloudBackupProvider
 and APPID 
Unavailable
 to the user LAPTOP-IIC1GP5C\MADHUMITA SID (S-1-5-21-1776895936-2929945024-2387409390-1001) from address LocalHost (Using LRPC) running in the application container Unavailable SID (Unavailable). This security permission can be modified using the Component Services administrative tool."
Warning,02-05-2026 13:12:43,Microsoft-Windows-DistributedCOM,10016,None,"The application-specific permission settings do not grant Local Launch permission for the COM Server application with CLSID 
Windows.SecurityCenter.WscCloudBackupProvider
 and APPID 
Unavailable
 to the user LAPTOP-IIC1GP5C\MADHUMITA SID (S-1-5-21-1776895936-2929945024-2387409390-1001) from address LocalHost (Using LRPC) running in the application container Unavailable SID (Unavailable). This security permission can be modified using the Component Services administrative tool."
Warning,02-05-2026 13:12:43,Microsoft-Windows-DistributedCOM,10016,None,"The application-specific permission settings do not grant Local Launch permission for the COM Server application with CLSID 
Windows.SecurityCenter.WscCloudBackupProvider
 and APPID 
Unavailable
 to the user LAPTOP-IIC1GP5C\MADHUMITA SID (S-1-5-21-1776895936-2929945024-2387409390-1001) from address LocalHost (Using LRPC) running in the application container Unavailable SID (Unavailable). This security permission can be modified using the Component Services administrative tool."
Error,02-05-2026 13:12:42,Microsoft-Windows-Kernel-EventTracing,2,Session,"Session ""Cloud Files Diagnostic Event Listener"" failed to start with the following error: 0xC0000022"
Error,02-05-2026 13:12:23,Microsoft-Windows-Kernel-EventTracing,3,Session,"Session ""ReadyBoot"" stopped due to the following error: 0xC0000188"
Warning,02-05-2026 13:12:23,Microsoft-Windows-Kernel-EventTracing,4,Logging,"The maximum file size for session ""ReadyBoot"" has been reached. As a result, events might be lost (not logged) to file ""C:\WINDOWS\Prefetch\ReadyBoot\ReadyBoot.etl"". The maximum files size is currently set to 20971520 bytes."
Warning,02-05-2026 13:12:18,Microsoft-Windows-User Device Registration,360,None,"Windows Hello for Business provisioning will not be launched. 
Device is Microsoft Entra joined (or hybrid joined): Not Tested 
User has logged on with Microsoft Entra credentials: No 
Windows Hello for Business policy is enabled: Not Tested 
Windows Hello for Business post-logon provisioning is enabled: Not Tested 
Local computer meets Windows hello for business hardware requirements: Not Tested 
User is not connected to the machine via Remote Desktop: Yes 
User certificate for on premise auth policy is enabled: Not Tested 
Machine is governed by none policy. 
Cloud trust for on premise auth policy is enabled: Not Tested 
User account has Cloud to OnPrem TGT: Not Tested 
See https://go.microsoft.com/fwlink/?linkid=832647 for more details."
Error,02-05-2026 13:12:18,Windows App Runtime,22,None,Package dependency criteria could not be resolved. 
Warning,02-05-2026 13:12:16,Microsoft-Windows-DistributedCOM,10016,None,"The application-specific permission settings do not grant Local Activation permission for the COM Server application with CLSID 
{6B3B8D23-FA8D-40B9-8DBD-B950333E2C52}
 and APPID 
{4839DDB7-58C2-48F5-8283-E1D1807D0D7D}
 to the user NT AUTHORITY\LOCAL SERVICE SID (S-1-5-19) from address LocalHost (Using LRPC) running in the application container Unavailable SID (Unavailable). This security permission can be modified using the Component Services administrative tool."
Warning,02-05-2026 13:12:16,Microsoft-Windows-DistributedCOM,10016,None,"The application-specific permission settings do not grant Local Activation permission for the COM Server application with CLSID 
{6B3B8D23-FA8D-40B9-8DBD-B950333E2C52}
 and APPID 
{4839DDB7-58C2-48F5-8283-E1D1807D0D7D}
 to the user NT AUTHORITY\LOCAL SERVICE SID (S-1-5-19) from address LocalHost (Using LRPC) running in the application container Unavailable SID (Unavailable). This security permission can be modified using the Component Services administrative tool."
Warning,02-05-2026 13:11:18,winsrvext,100,None,Process C:\Windows\explorer.exe is delaying system shutdown after 5016 milliseconds.
Error,02-05-2026 13:09:14,Service Control Manager,7000,None,"The Npcap Packet Driver (NPCAP) (Wi-Fi) service failed to start due to the following error: 
The system cannot find the file specified."
Warning,02-05-2026 11:28:51,Microsoft-Windows-DistributedCOM,10016,None,"The application-specific permission settings do not grant Local Activation permission for the COM Server application with CLSID 
{9EA82395-E31B-41CA-8DF7-EC1CEE7194DF}
 and APPID 
{2ED83BAA-B2FD-43B1-99BF-E6149C622692}
 to the user NT AUTHORITY\NETWORK SERVICE SID (S-1-5-20) from address LocalHost (Using LRPC) running in the application container Unavailable SID (Unavailable). This security permission can be modified using the Component Services administrative tool."
Warning,02-05-2026 10:54:42,Microsoft-Windows-DistributedCOM,10016,None,"The application-specific permission settings do not grant Local Activation permission for the COM Server application with CLSID 
{9EA82395-E31B-41CA-8DF7-EC1CEE7194DF}
 and APPID 
{2ED83BAA-B2FD-43B1-99BF-E6149C622692}
 to the user NT AUTHORITY\NETWORK SERVICE SID (S-1-5-20) from address LocalHost (Using LRPC) running in the application container Unavailable SID (Unavailable). This security permission can be modified using the Component Services administrative tool."
Warning,02-05-2026 10:54:11,Microsoft-Windows-DistributedCOM,10016,None,"The application-specific permission settings do not grant Local Activation permission for the COM Server application with CLSID 
{2593F8B9-4EAF-457C-B68A-50F6B8EA6B54}
 and APPID 
{15C20B67-12E7-4BB6-92BB-7AFF07997402}
 to the user LAPTOP-IIC1GP5C\MADHUMITA SID (S-1-5-21-1776895936-2929945024-2387409390-1001) from address LocalHost (Using LRPC) running in the application container 5319275A.WhatsAppDesktop_2.2615.101.0_x64__cv1g1gvanyjgm SID (Unavailable). This security permission can be modified using the Component Services administrative tool."
Error,02-05-2026 10:48:12,Microsoft-Windows-TPM-WMI,1796,None,"The Secure Boot update failed to update SBAT with error Unknown HResult Error code: 0x800700c1. For more information, please see https://go.microsoft.com/fwlink/?linkid=2169931"
Warning,02-05-2026 10:48:07,Microsoft-Windows-DistributedCOM,10016,None,"The application-specific permission settings do not grant Local Activation permission for the COM Server application with CLSID 
{9EA82395-E31B-41CA-8DF7-EC1CEE7194DF}
 and APPID 
{2ED83BAA-B2FD-43B1-99BF-E6149C622692}
 to the user NT AUTHORITY\NETWORK SERVICE SID (S-1-5-20) from address LocalHost (Using LRPC) running in the application container Unavailable SID (Unavailable). This security permission can be modified using the Component Services administrative tool."
Warning,02-05-2026 10:48:02,Microsoft-Windows-Time-Service,134,None,"NtpClient was unable to set a manual peer to use as a time source because of DNS resolution error on 'time.windows.com,0x9'. NtpClient will try again in 15 minutes and double the reattempt interval thereafter. The error was: No such host is known. (0x80072AF9)"
Error,02-05-2026 10:48:02,Microsoft-Windows-NDIS,10317,PnP,"Miniport Microsoft Wi-Fi Direct Virtual Adapter #2, {3c5497bf-cbed-4053-939e-936ea329ee06}, had event Fatal error: The miniport has failed a power transition to operational power"
Warning,02-05-2026 10:48:01,Win32k,701,None,Power Manager has not requested suppression of all input (INPUT_SUPPRESS_REQUEST=0)
Warning,02-05-2026 10:48:01,Win32k,701,None,Power Manager has not requested suppression of all input (INPUT_SUPPRESS_REQUEST=0)
Warning,02-05-2026 05:09:32,Microsoft-Windows-Time-Service,134,None,"NtpClient was unable to set a manual peer to use as a time source because of DNS resolution error on 'time.windows.com,0x9'. NtpClient will try again in 15 minutes and double the reattempt interval thereafter. The error was: No such host is known. (0x80072AF9)"
Error,02-05-2026 00:07:00,Microsoft-Windows-TPM-WMI,1796,None,"The Secure Boot update failed to update SBAT with error Unknown HResult Error code: 0x800700c1. For more information, please see https://go.microsoft.com/fwlink/?linkid=2169931"
Warning,01-05-2026 12:22:31,Microsoft-Windows-DistributedCOM,10016,None,"The application-specific permission settings do not grant Local Activation permission for the COM Server application with CLSID 
{2593F8B9-4EAF-457C-B68A-50F6B8EA6B54}
 and APPID 
{15C20B67-12E7-4BB6-92BB-7AFF07997402}
 to the user LAPTOP-IIC1GP5C\MADHUMITA SID (S-1-5-21-1776895936-2929945024-2387409390-1001) from address LocalHost (Using LRPC) running in the application container Unavailable SID (Unavailable). This security permission can be modified using the Component Services administrative tool."
Warning,01-05-2026 12:22:20,Microsoft-Windows-DistributedCOM,10016,None,"The application-specific permission settings do not grant Local Activation permission for the COM Server application with CLSID 
{9EA82395-E31B-41CA-8DF7-EC1CEE7194DF}
 and APPID 
{2ED83BAA-B2FD-43B1-99BF-E6149C622692}
 to the user NT AUTHORITY\NETWORK SERVICE SID (S-1-5-20) from address LocalHost (Using LRPC) running in the application container Unavailable SID (Unavailable). This security permission can be modified using the Component Services administrative tool."
Warning,01-05-2026 12:22:17,Win32k,700,None,Power Manager has requested suppression of all input (INPUT_SUPPRESS_REQUEST=1)
