Error,11-07-2026 23:35:33,Microsoft-Windows-DistributedCOM,10010,None,The server {00000000-0000-0000-0000-000000000000} did not register with DCOM within the required timeout.
Error,11-07-2026 23:26:56,.NET Runtime,1022,None,.NET Runtime version 4.0.30319.0 - There was a failure initializing profiling API attach infrastructure.  This process will not allow a profiler to attach.  HRESULT: 0x80004005.  Process ID (decimal): 19904.  Message ID: [0x2509].
Warning,11-07-2026 23:26:12,Microsoft-Windows-DistributedCOM,10016,None,"The application-specific permission settings do not grant Local Activation permission for the COM Server application with CLSID 
{2593F8B9-4EAF-457C-B68A-50F6B8EA6B54}
 and APPID 
{15C20B67-12E7-4BB6-92BB-7AFF07997402}
 to the user LAPTOP-IIC1GP5C\MADHUMITA SID (S-1-5-21-1776895936-2929945024-2387409390-1001) from address LocalHost (Using LRPC) running in the application container Unavailable SID (Unavailable). This security permission can be modified using the Component Services administrative tool."
Warning,11-07-2026 21:48:41,Microsoft-Windows-DistributedCOM,10016,None,"The application-specific permission settings do not grant Local Activation permission for the COM Server application with CLSID 
{2593F8B9-4EAF-457C-B68A-50F6B8EA6B54}
 and APPID 
{15C20B67-12E7-4BB6-92BB-7AFF07997402}
 to the user LAPTOP-IIC1GP5C\MADHUMITA SID (S-1-5-21-1776895936-2929945024-2387409390-1001) from address LocalHost (Using LRPC) running in the application container Unavailable SID (Unavailable). This security permission can be modified using the Component Services administrative tool."
Warning,11-07-2026 21:42:30,Microsoft-Windows-System-Restore,8303,None,Scoping unsuccessful for shadowcopy \\?\GLOBALROOT\Device\HarddiskVolumeShadowCopy2 with error 0x80070057.
Error,11-07-2026 21:41:39,Microsoft-Windows-DistributedCOM,10010,None,The server {00000000-0000-0000-0000-000000000000} did not register with DCOM within the required timeout.
Error,11-07-2026 21:33:28,Microsoft-Windows-Kernel-EventTracing,3,Session,"Session ""PerfDiag Logger"" stopped due to the following error: 0xC0000188"
Warning,11-07-2026 21:33:28,Microsoft-Windows-Kernel-EventTracing,4,Logging,"The maximum file size for session ""PerfDiag Logger"" has been reached. As a result, events might be lost (not logged) to file ""C:\WINDOWS\system32\WDI\LogFiles\ShutdownPerfDiagLogger.etl"". The maximum files size is currently set to 20971520 bytes."
Error,11-07-2026 21:33:10,Microsoft-Windows-DistributedCOM,10010,None,The server {00000000-0000-0000-0000-000000000000} did not register with DCOM within the required timeout.
Warning,11-07-2026 21:31:49,Microsoft-Windows-DistributedCOM,10016,None,"The application-specific permission settings do not grant Local Activation permission for the COM Server application with CLSID 
{00000000-0000-0000-0000-000000000000}
 and APPID 
{8BC3F05E-D86B-11D0-A075-00C04FB68820}
 to the user LAPTOP-IIC1GP5C\MADHUMITA SID (S-1-5-21-1776895936-2929945024-2387409390-1001) from address LocalHost (Using LRPC) running in the application container Unavailable SID (S-1-15-2-2034283098-2252572593-1072577386-2659511007-3245387615-27016815-3920691934). This security permission can be modified using the Component Services administrative tool."
Warning,11-07-2026 21:31:49,Microsoft-Windows-DistributedCOM,10016,None,"The application-specific permission settings do not grant Local Activation permission for the COM Server application with CLSID 
{00000000-0000-0000-0000-000000000000}
 and APPID 
{8BC3F05E-D86B-11D0-A075-00C04FB68820}
 to the user LAPTOP-IIC1GP5C\MADHUMITA SID (S-1-5-21-1776895936-2929945024-2387409390-1001) from address LocalHost (Using LRPC) running in the application container Unavailable SID (S-1-15-2-2034283098-2252572593-1072577386-2659511007-3245387615-27016815-3920691934). This security permission can be modified using the Component Services administrative tool."
Warning,11-07-2026 21:31:49,Microsoft-Windows-DistributedCOM,10016,None,"The application-specific permission settings do not grant Local Activation permission for the COM Server application with CLSID 
{00000000-0000-0000-0000-000000000000}
 and APPID 
{8BC3F05E-D86B-11D0-A075-00C04FB68820}
 to the user LAPTOP-IIC1GP5C\MADHUMITA SID (S-1-5-21-1776895936-2929945024-2387409390-1001) from address LocalHost (Using LRPC) running in the application container Unavailable SID (S-1-15-2-2034283098-2252572593-1072577386-2659511007-3245387615-27016815-3920691934). This security permission can be modified using the Component Services administrative tool."
Warning,11-07-2026 21:31:48,Microsoft-Windows-DistributedCOM,10016,None,"The application-specific permission settings do not grant Local Activation permission for the COM Server application with CLSID 
{00000000-0000-0000-0000-000000000000}
 and APPID 
{8BC3F05E-D86B-11D0-A075-00C04FB68820}
 to the user LAPTOP-IIC1GP5C\MADHUMITA SID (S-1-5-21-1776895936-2929945024-2387409390-1001) from address LocalHost (Using LRPC) running in the application container Unavailable SID (S-1-15-2-2034283098-2252572593-1072577386-2659511007-3245387615-27016815-3920691934). This security permission can be modified using the Component Services administrative tool."
Warning,11-07-2026 21:31:46,Microsoft-Windows-DistributedCOM,10016,None,"The application-specific permission settings do not grant Local Activation permission for the COM Server application with CLSID 
{00000000-0000-0000-0000-000000000000}
 and APPID 
{15C20B67-12E7-4BB6-92BB-7AFF07997402}
 to the user LAPTOP-IIC1GP5C\MADHUMITA SID (S-1-5-21-1776895936-2929945024-2387409390-1001) from address LocalHost (Using LRPC) running in the application container Unavailable SID (Unavailable). This security permission can be modified using the Component Services administrative tool."
Error,11-07-2026 21:30:53,Microsoft-Windows-Kernel-EventTracing,2,Session,"Session ""Cloud Files Diagnostic Event Listener"" failed to start with the following error: 0xC0000022"
Error,11-07-2026 21:30:50,Microsoft-Windows-TPM-WMI,1796,None,"The Secure Boot update failed to update SBAT with error Unknown HResult Error code: 0x800700c1. For more information, please see https://go.microsoft.com/fwlink/?linkid=2169931"
Warning,11-07-2026 21:30:07,Microsoft-Windows-User Device Registration,360,None,"Windows Hello for Business provisioning will not be launched. 
Device is Microsoft Entra joined (or hybrid joined): Not Tested 
User has logged on with Microsoft Entra credentials: No 
Windows Hello for Business policy is enabled: Not Tested 
Windows Hello for Business post-logon provisioning is enabled: Not Tested 
Local computer meets Windows hello for business hardware requirements: Not Tested 
User is not connected to the machine via Remote Desktop: Yes 
User certificate for on premise auth policy is enabled: Not Tested 
Machine is governed by none policy. 
Cloud trust for on premise auth policy is enabled: Not Tested 
User account has Cloud to OnPrem TGT: Not Tested 
See https://go.microsoft.com/fwlink/?linkid=832647 for more details."
Warning,11-07-2026 21:30:05,Microsoft-Windows-DistributedCOM,10016,None,"The application-specific permission settings do not grant Local Activation permission for the COM Server application with CLSID 
{00000000-0000-0000-0000-000000000000}
 and APPID 
{4839DDB7-58C2-48F5-8283-E1D1807D0D7D}
 to the user NT AUTHORITY\LOCAL SERVICE SID (S-1-5-19) from address LocalHost (Using LRPC) running in the application container Unavailable SID (Unavailable). This security permission can be modified using the Component Services administrative tool."
Warning,11-07-2026 21:30:05,Microsoft-Windows-DistributedCOM,10016,None,"The application-specific permission settings do not grant Local Activation permission for the COM Server application with CLSID 
{00000000-0000-0000-0000-000000000000}
 and APPID 
{4839DDB7-58C2-48F5-8283-E1D1807D0D7D}
 to the user NT AUTHORITY\LOCAL SERVICE SID (S-1-5-19) from address LocalHost (Using LRPC) running in the application container Unavailable SID (Unavailable). This security permission can be modified using the Component Services administrative tool."
Warning,11-07-2026 21:30:05,Microsoft-Windows-DistributedCOM,10016,None,"The application-specific permission settings do not grant Local Activation permission for the COM Server application with CLSID 
{00000000-0000-0000-0000-000000000000}
 and APPID 
{4839DDB7-58C2-48F5-8283-E1D1807D0D7D}
 to the user NT AUTHORITY\LOCAL SERVICE SID (S-1-5-19) from address LocalHost (Using LRPC) running in the application container Unavailable SID (Unavailable). This security permission can be modified using the Component Services administrative tool."
Warning,11-07-2026 21:30:05,Microsoft-Windows-DistributedCOM,10016,None,"The application-specific permission settings do not grant Local Activation permission for the COM Server application with CLSID 
{00000000-0000-0000-0000-000000000000}
 and APPID 
{4839DDB7-58C2-48F5-8283-E1D1807D0D7D}
 to the user NT AUTHORITY\LOCAL SERVICE SID (S-1-5-19) from address LocalHost (Using LRPC) running in the application container Unavailable SID (Unavailable). This security permission can be modified using the Component Services administrative tool."
Warning,11-07-2026 21:30:03,Microsoft-Windows-Time-Service,134,None,"NtpClient was unable to set a manual peer to use as a time source because of DNS resolution error on 'time.windows.com,0x9'. NtpClient will try again in 15 minutes and double the reattempt interval thereafter. The error was: No such host is known. (0x80072AF9)"
Error,11-07-2026 21:30:03,Microsoft-Windows-Dhcp-Client,1002,Address Configuration State Event,The IP address lease 192.168.1.4 for the Network Card with network address 0xCC474054A496 has been denied by the DHCP server 192.168.1.1 (The DHCP Server sent a DHCPNACK message).
Error,11-07-2026 21:30:03,Microsoft-Windows-NDIS,10317,PnP,"Miniport Microsoft Wi-Fi Direct Virtual Adapter #2, {3c5497bf-cbed-4053-939e-936ea329ee06}, had event Fatal error: The miniport has failed a power transition to operational power"
Warning,11-07-2026 21:30:02,Microsoft-Windows-Dhcp-Client,1003,Address Configuration State Event,Your computer was not able to renew its address from the network (from the DHCP Server) for the Network Card with network address 0xCC474054A496.  The following error occurred: 0x79. Your computer will continue to try and obtain an address on its own from the network address (DHCP) server.
Warning,11-07-2026 00:05:11,disk,51,None,An error was detected on device \Device\Harddisk1\DR9 during a paging operation.
Warning,11-07-2026 00:05:11,disk,51,None,An error was detected on device \Device\Harddisk1\DR9 during a paging operation.
Warning,11-07-2026 00:05:11,disk,51,None,An error was detected on device \Device\Harddisk1\DR9 during a paging operation.
Warning,11-07-2026 00:05:11,disk,51,None,An error was detected on device \Device\Harddisk1\DR9 during a paging operation.
Warning,11-07-2026 00:05:11,disk,51,None,An error was detected on device \Device\Harddisk1\DR9 during a paging operation.
Warning,11-07-2026 00:05:11,disk,51,None,An error was detected on device \Device\Harddisk1\DR9 during a paging operation.
Warning,11-07-2026 00:05:11,disk,51,None,An error was detected on device \Device\Harddisk1\DR9 during a paging operation.
Warning,11-07-2026 00:05:11,disk,51,None,An error was detected on device \Device\Harddisk1\DR9 during a paging operation.
Warning,11-07-2026 00:05:11,disk,51,None,An error was detected on device \Device\Harddisk1\DR9 during a paging operation.
Warning,11-07-2026 00:05:11,disk,51,None,An error was detected on device \Device\Harddisk1\DR9 during a paging operation.
Warning,11-07-2026 00:05:11,disk,51,None,An error was detected on device \Device\Harddisk1\DR9 during a paging operation.
Warning,11-07-2026 00:05:11,disk,51,None,An error was detected on device \Device\Harddisk1\DR9 during a paging operation.
Warning,11-07-2026 00:04:08,Microsoft-Windows-User Device Registration,360,None,"Windows Hello for Business provisioning will not be launched. 
Device is Microsoft Entra joined (or hybrid joined): Not Tested 
User has logged on with Microsoft Entra credentials: No 
Windows Hello for Business policy is enabled: Not Tested 
Windows Hello for Business post-logon provisioning is enabled: Not Tested 
Local computer meets Windows hello for business hardware requirements: Not Tested 
User is not connected to the machine via Remote Desktop: Yes 
User certificate for on premise auth policy is enabled: Not Tested 
Machine is governed by none policy. 
Cloud trust for on premise auth policy is enabled: Not Tested 
User account has Cloud to OnPrem TGT: Not Tested 
See https://go.microsoft.com/fwlink/?linkid=832647 for more details."
Error,11-07-2026 00:04:07,Application Hang,1002,Hanging Events,"The program explorer.exe version 10.0.26100.8655 stopped interacting with Windows and was closed. To see if more information about the problem is available, check the problem history in the Security and Maintenance control panel.
"
Warning,11-07-2026 00:03:30,disk,51,None,An error was detected on device \Device\Harddisk1\DR8 during a paging operation.
Warning,11-07-2026 00:03:30,disk,51,None,An error was detected on device \Device\Harddisk1\DR8 during a paging operation.
Warning,11-07-2026 00:03:30,disk,51,None,An error was detected on device \Device\Harddisk1\DR8 during a paging operation.
Warning,11-07-2026 00:03:30,disk,51,None,An error was detected on device \Device\Harddisk1\DR8 during a paging operation.
Warning,11-07-2026 00:03:30,disk,51,None,An error was detected on device \Device\Harddisk1\DR8 during a paging operation.
Warning,11-07-2026 00:03:30,disk,51,None,An error was detected on device \Device\Harddisk1\DR8 during a paging operation.
Warning,11-07-2026 00:02:42,fastfat,50,None,"The description for Event ID 50 from source fastfat cannot be found. Either the component that raises this event is not installed on your local computer or the installation is corrupted. You can install or repair the component on the local computer.

If the event originated on another computer, the display information had to be saved with the event.

The following information was included with the event: 

\Device\HarddiskVolume14

The message resource is present but the message was not found in the message table
"
Error,11-07-2026 00:02:09,Service Control Manager,7011,None,A timeout (30000 milliseconds) was reached while waiting for a transaction response from the WSearch service.
Error,11-07-2026 00:01:39,Service Control Manager,7011,None,A timeout (30000 milliseconds) was reached while waiting for a transaction response from the WSearch service.
Warning,11-07-2026 00:01:33,disk,153,None,The IO operation at logical block address 0x0 for Disk 1 (PDO name: \Device\000000b3) was retried.
Error,10-07-2026 23:56:26,Application Hang,1002,Hanging Events,"The program Microsoft.Media.Player.exe version 11.2605.14.0 stopped interacting with Windows and was closed. To see if more information about the problem is available, check the problem history in the Security and Maintenance control panel.
"
Error,10-07-2026 23:52:22,.NET Runtime,1022,None,.NET Runtime version 4.0.30319.0 - There was a failure initializing profiling API attach infrastructure.  This process will not allow a profiler to attach.  HRESULT: 0x80004005.  Process ID (decimal): 18168.  Message ID: [0x2509].
Warning,10-07-2026 22:50:04,Microsoft-Windows-USB-USBHUB3,196,Surprise Removal,"USB device draining system power when system is idle.             
             
USB Device: VID: 0x1234 PID: 0x5678 REV: 0x0             
Removal action failed: QueryRemovalInitiated"
Warning,10-07-2026 22:41:40,Microsoft-Windows-DistributedCOM,10016,None,"The application-specific permission settings do not grant Local Activation permission for the COM Server application with CLSID 
{00000000-0000-0000-0000-000000000000}
 and APPID 
{15C20B67-12E7-4BB6-92BB-7AFF07997402}
 to the user LAPTOP-IIC1GP5C\MADHUMITA SID (S-1-5-21-1776895936-2929945024-2387409390-1001) from address LocalHost (Using LRPC) running in the application container 5319275A.WhatsAppDesktop_2.2625.101.0_x64__cv1g1gvanyjgm SID (Unavailable). This security permission can be modified using the Component Services administrative tool."
Error,10-07-2026 22:37:43,Microsoft-Windows-Kernel-EventTracing,3,Session,"Session ""PerfDiag Logger"" stopped due to the following error: 0xC0000188"
Warning,10-07-2026 22:37:43,Microsoft-Windows-Kernel-EventTracing,4,Logging,"The maximum file size for session ""PerfDiag Logger"" has been reached. As a result, events might be lost (not logged) to file ""C:\WINDOWS\system32\WDI\LogFiles\ShutdownPerfDiagLogger.etl"". The maximum files size is currently set to 20971520 bytes."
Error,10-07-2026 22:35:37,Microsoft-Windows-DistributedCOM,10010,None,The server {00000000-0000-0000-0000-000000000000} did not register with DCOM within the required timeout.
Error,10-07-2026 22:35:06,.NET Runtime,1022,None,.NET Runtime version 4.0.30319.0 - There was a failure initializing profiling API attach infrastructure.  This process will not allow a profiler to attach.  HRESULT: 0x80004005.  Process ID (decimal): 11540.  Message ID: [0x2509].
Error,10-07-2026 22:34:26,Microsoft-Windows-Kernel-EventTracing,2,Session,"Session ""Cloud Files Diagnostic Event Listener"" failed to start with the following error: 0xC0000022"
Warning,10-07-2026 22:34:07,Microsoft-Windows-User Device Registration,360,None,"Windows Hello for Business provisioning will not be launched. 
Device is Microsoft Entra joined (or hybrid joined): Not Tested 
User has logged on with Microsoft Entra credentials: No 
Windows Hello for Business policy is enabled: Not Tested 
Windows Hello for Business post-logon provisioning is enabled: Not Tested 
Local computer meets Windows hello for business hardware requirements: Not Tested 
User is not connected to the machine via Remote Desktop: Yes 
User certificate for on premise auth policy is enabled: Not Tested 
Machine is governed by none policy. 
Cloud trust for on premise auth policy is enabled: Not Tested 
User account has Cloud to OnPrem TGT: Not Tested 
See https://go.microsoft.com/fwlink/?linkid=832647 for more details."
Warning,10-07-2026 22:34:05,Microsoft-Windows-DistributedCOM,10016,None,"The application-specific permission settings do not grant Local Activation permission for the COM Server application with CLSID 
{00000000-0000-0000-0000-000000000000}
 and APPID 
{4839DDB7-58C2-48F5-8283-E1D1807D0D7D}
 to the user NT AUTHORITY\LOCAL SERVICE SID (S-1-5-19) from address LocalHost (Using LRPC) running in the application container Unavailable SID (Unavailable). This security permission can be modified using the Component Services administrative tool."
Warning,10-07-2026 22:34:05,Microsoft-Windows-DistributedCOM,10016,None,"The application-specific permission settings do not grant Local Activation permission for the COM Server application with CLSID 
{00000000-0000-0000-0000-000000000000}
 and APPID 
{4839DDB7-58C2-48F5-8283-E1D1807D0D7D}
 to the user NT AUTHORITY\LOCAL SERVICE SID (S-1-5-19) from address LocalHost (Using LRPC) running in the application container Unavailable SID (Unavailable). This security permission can be modified using the Component Services administrative tool."
Warning,10-07-2026 22:34:05,Microsoft-Windows-DistributedCOM,10016,None,"The application-specific permission settings do not grant Local Activation permission for the COM Server application with CLSID 
{00000000-0000-0000-0000-000000000000}
 and APPID 
{4839DDB7-58C2-48F5-8283-E1D1807D0D7D}
 to the user NT AUTHORITY\LOCAL SERVICE SID (S-1-5-19) from address LocalHost (Using LRPC) running in the application container Unavailable SID (Unavailable). This security permission can be modified using the Component Services administrative tool."
Warning,10-07-2026 22:34:05,Microsoft-Windows-DistributedCOM,10016,None,"The application-specific permission settings do not grant Local Activation permission for the COM Server application with CLSID 
{00000000-0000-0000-0000-000000000000}
 and APPID 
{4839DDB7-58C2-48F5-8283-E1D1807D0D7D}
 to the user NT AUTHORITY\LOCAL SERVICE SID (S-1-5-19) from address LocalHost (Using LRPC) running in the application container Unavailable SID (Unavailable). This security permission can be modified using the Component Services administrative tool."
Warning,10-07-2026 22:34:04,Microsoft-Windows-Time-Service,134,None,"NtpClient was unable to set a manual peer to use as a time source because of DNS resolution error on 'time.windows.com,0x9'. NtpClient will try again in 15 minutes and double the reattempt interval thereafter. The error was: No such host is known. (0x80072AF9)"
Error,10-07-2026 22:34:04,Microsoft-Windows-NDIS,10317,PnP,"Miniport Microsoft Wi-Fi Direct Virtual Adapter #2, {3c5497bf-cbed-4053-939e-936ea329ee06}, had event Fatal error: The miniport has failed a power transition to operational power"
Warning,10-07-2026 20:33:32,winsrvext,100,None,Process C:\Windows\explorer.exe is delaying system shutdown after 5046 milliseconds.
Warning,10-07-2026 19:56:06,Microsoft-Windows-Search,1015,Search service,Event ID 10024 for the Windows Search Service has been suppressed 5 time(s) since 1:06:24 PM. This event is used to suppress Windows Search Service events that have occurred frequently within a short period of time.  See Event ID 10024 for further details on this event.
Error,10-07-2026 19:53:51,Microsoft-Windows-Kernel-EventTracing,3,Session,"Session ""PerfDiag Logger"" stopped due to the following error: 0xC0000188"
Warning,10-07-2026 19:53:51,Microsoft-Windows-Kernel-EventTracing,4,Logging,"The maximum file size for session ""PerfDiag Logger"" has been reached. As a result, events might be lost (not logged) to file ""C:\WINDOWS\system32\WDI\LogFiles\ShutdownPerfDiagLogger.etl"". The maximum files size is currently set to 20971520 bytes."
Error,10-07-2026 19:52:51,Microsoft-Windows-DistributedCOM,10010,None,The server {00000000-0000-0000-0000-000000000000} did not register with DCOM within the required timeout.
Warning,10-07-2026 19:52:02,Microsoft-Windows-DistributedCOM,10016,None,"The application-specific permission settings do not grant Local Activation permission for the COM Server application with CLSID 
{00000000-0000-0000-0000-000000000000}
 and APPID 
{15C20B67-12E7-4BB6-92BB-7AFF07997402}
 to the user LAPTOP-IIC1GP5C\MADHUMITA SID (S-1-5-21-1776895936-2929945024-2387409390-1001) from address LocalHost (Using LRPC) running in the application container Unavailable SID (Unavailable). This security permission can be modified using the Component Services administrative tool."
Error,10-07-2026 19:51:46,Microsoft-Windows-Kernel-EventTracing,2,Session,"Session ""Cloud Files Diagnostic Event Listener"" failed to start with the following error: 0xC0000022"
Warning,10-07-2026 19:51:41,Microsoft-Windows-DistributedCOM,10016,None,"The application-specific permission settings do not grant Local Activation permission for the COM Server application with CLSID 
{C4E82530-3B6E-4F6A-8E99-07426B47D292}
 and APPID 
{F9717507-6651-4EDB-BFF7-AE615179BCCF}
 to the user LAPTOP-IIC1GP5C\MADHUMITA SID (S-1-5-21-1776895936-2929945024-2387409390-1001) from address LocalHost (Using LRPC) running in the application container Unavailable SID (S-1-15-2-2162886941-1704148542-70499650-2155883645-4024863312-2591307683-3360588285). This security permission can be modified using the Component Services administrative tool."
Warning,10-07-2026 19:51:41,Microsoft-Windows-DistributedCOM,10016,None,"The application-specific permission settings do not grant Local Activation permission for the COM Server application with CLSID 
{C4E82530-3B6E-4F6A-8E99-07426B47D292}
 and APPID 
{F9717507-6651-4EDB-BFF7-AE615179BCCF}
 to the user LAPTOP-IIC1GP5C\MADHUMITA SID (S-1-5-21-1776895936-2929945024-2387409390-1001) from address LocalHost (Using LRPC) running in the application container Unavailable SID (S-1-15-2-2162886941-1704148542-70499650-2155883645-4024863312-2591307683-3360588285). This security permission can be modified using the Component Services administrative tool."
Warning,10-07-2026 19:51:41,Microsoft-Windows-DistributedCOM,10016,None,"The application-specific permission settings do not grant Local Activation permission for the COM Server application with CLSID 
{C4E82530-3B6E-4F6A-8E99-07426B47D292}
 and APPID 
{F9717507-6651-4EDB-BFF7-AE615179BCCF}
 to the user LAPTOP-IIC1GP5C\MADHUMITA SID (S-1-5-21-1776895936-2929945024-2387409390-1001) from address LocalHost (Using LRPC) running in the application container Unavailable SID (S-1-15-2-2162886941-1704148542-70499650-2155883645-4024863312-2591307683-3360588285). This security permission can be modified using the Component Services administrative tool."
Warning,10-07-2026 19:51:41,Microsoft-Windows-DistributedCOM,10016,None,"The application-specific permission settings do not grant Local Activation permission for the COM Server application with CLSID 
{C4E82530-3B6E-4F6A-8E99-07426B47D292}
 and APPID 
{F9717507-6651-4EDB-BFF7-AE615179BCCF}
 to the user LAPTOP-IIC1GP5C\MADHUMITA SID (S-1-5-21-1776895936-2929945024-2387409390-1001) from address LocalHost (Using LRPC) running in the application container Unavailable SID (S-1-15-2-2162886941-1704148542-70499650-2155883645-4024863312-2591307683-3360588285). This security permission can be modified using the Component Services administrative tool."
Warning,10-07-2026 19:51:41,Microsoft-Windows-DistributedCOM,10016,None,"The application-specific permission settings do not grant Local Activation permission for the COM Server application with CLSID 
{C4E82530-3B6E-4F6A-8E99-07426B47D292}
 and APPID 
{F9717507-6651-4EDB-BFF7-AE615179BCCF}
 to the user LAPTOP-IIC1GP5C\MADHUMITA SID (S-1-5-21-1776895936-2929945024-2387409390-1001) from address LocalHost (Using LRPC) running in the application container Unavailable SID (S-1-15-2-2162886941-1704148542-70499650-2155883645-4024863312-2591307683-3360588285). This security permission can be modified using the Component Services administrative tool."
Warning,10-07-2026 19:51:41,Microsoft-Windows-DistributedCOM,10016,None,"The application-specific permission settings do not grant Local Activation permission for the COM Server application with CLSID 
{C4E82530-3B6E-4F6A-8E99-07426B47D292}
 and APPID 
{F9717507-6651-4EDB-BFF7-AE615179BCCF}
 to the user LAPTOP-IIC1GP5C\MADHUMITA SID (S-1-5-21-1776895936-2929945024-2387409390-1001) from address LocalHost (Using LRPC) running in the application container Unavailable SID (S-1-15-2-2162886941-1704148542-70499650-2155883645-4024863312-2591307683-3360588285). This security permission can be modified using the Component Services administrative tool."
Warning,10-07-2026 19:51:41,Microsoft-Windows-DistributedCOM,10016,None,"The application-specific permission settings do not grant Local Activation permission for the COM Server application with CLSID 
{C4E82530-3B6E-4F6A-8E99-07426B47D292}
 and APPID 
{F9717507-6651-4EDB-BFF7-AE615179BCCF}
 to the user LAPTOP-IIC1GP5C\MADHUMITA SID (S-1-5-21-1776895936-2929945024-2387409390-1001) from address LocalHost (Using LRPC) running in the application container Unavailable SID (S-1-15-2-2162886941-1704148542-70499650-2155883645-4024863312-2591307683-3360588285). This security permission can be modified using the Component Services administrative tool."
Warning,10-07-2026 19:51:41,Microsoft-Windows-DistributedCOM,10016,None,"The application-specific permission settings do not grant Local Activation permission for the COM Server application with CLSID 
{C4E82530-3B6E-4F6A-8E99-07426B47D292}
 and APPID 
{F9717507-6651-4EDB-BFF7-AE615179BCCF}
 to the user LAPTOP-IIC1GP5C\MADHUMITA SID (S-1-5-21-1776895936-2929945024-2387409390-1001) from address LocalHost (Using LRPC) running in the application container Unavailable SID (S-1-15-2-2162886941-1704148542-70499650-2155883645-4024863312-2591307683-3360588285). This security permission can be modified using the Component Services administrative tool."
Warning,10-07-2026 19:51:41,Microsoft-Windows-DistributedCOM,10016,None,"The application-specific permission settings do not grant Local Activation permission for the COM Server application with CLSID 
{C4E82530-3B6E-4F6A-8E99-07426B47D292}
 and APPID 
{F9717507-6651-4EDB-BFF7-AE615179BCCF}
 to the user LAPTOP-IIC1GP5C\MADHUMITA SID (S-1-5-21-1776895936-2929945024-2387409390-1001) from address LocalHost (Using LRPC) running in the application container Unavailable SID (S-1-15-2-2162886941-1704148542-70499650-2155883645-4024863312-2591307683-3360588285). This security permission can be modified using the Component Services administrative tool."
Warning,10-07-2026 19:51:41,Microsoft-Windows-DistributedCOM,10016,None,"The application-specific permission settings do not grant Local Activation permission for the COM Server application with CLSID 
{C4E82530-3B6E-4F6A-8E99-07426B47D292}
 and APPID 
{F9717507-6651-4EDB-BFF7-AE615179BCCF}
 to the user LAPTOP-IIC1GP5C\MADHUMITA SID (S-1-5-21-1776895936-2929945024-2387409390-1001) from address LocalHost (Using LRPC) running in the application container Unavailable SID (S-1-15-2-2162886941-1704148542-70499650-2155883645-4024863312-2591307683-3360588285). This security permission can be modified using the Component Services administrative tool."
Warning,10-07-2026 19:51:41,Microsoft-Windows-DistributedCOM,10016,None,"The application-specific permission settings do not grant Local Activation permission for the COM Server application with CLSID 
{C4E82530-3B6E-4F6A-8E99-07426B47D292}
 and APPID 
{F9717507-6651-4EDB-BFF7-AE615179BCCF}
 to the user LAPTOP-IIC1GP5C\MADHUMITA SID (S-1-5-21-1776895936-2929945024-2387409390-1001) from address LocalHost (Using LRPC) running in the application container Unavailable SID (S-1-15-2-2162886941-1704148542-70499650-2155883645-4024863312-2591307683-3360588285). This security permission can be modified using the Component Services administrative tool."
Warning,10-07-2026 19:51:41,Microsoft-Windows-DistributedCOM,10016,None,"The application-specific permission settings do not grant Local Activation permission for the COM Server application with CLSID 
{C4E82530-3B6E-4F6A-8E99-07426B47D292}
 and APPID 
{F9717507-6651-4EDB-BFF7-AE615179BCCF}
 to the user LAPTOP-IIC1GP5C\MADHUMITA SID (S-1-5-21-1776895936-2929945024-2387409390-1001) from address LocalHost (Using LRPC) running in the application container Unavailable SID (S-1-15-2-2162886941-1704148542-70499650-2155883645-4024863312-2591307683-3360588285). This security permission can be modified using the Component Services administrative tool."
Warning,10-07-2026 19:51:41,Microsoft-Windows-DistributedCOM,10016,None,"The application-specific permission settings do not grant Local Activation permission for the COM Server application with CLSID 
{C4E82530-3B6E-4F6A-8E99-07426B47D292}
 and APPID 
{F9717507-6651-4EDB-BFF7-AE615179BCCF}
 to the user LAPTOP-IIC1GP5C\MADHUMITA SID (S-1-5-21-1776895936-2929945024-2387409390-1001) from address LocalHost (Using LRPC) running in the application container Unavailable SID (S-1-15-2-2162886941-1704148542-70499650-2155883645-4024863312-2591307683-3360588285). This security permission can be modified using the Component Services administrative tool."
Warning,10-07-2026 19:51:41,Microsoft-Windows-DistributedCOM,10016,None,"The application-specific permission settings do not grant Local Activation permission for the COM Server application with CLSID 
{C4E82530-3B6E-4F6A-8E99-07426B47D292}
 and APPID 
{F9717507-6651-4EDB-BFF7-AE615179BCCF}
 to the user LAPTOP-IIC1GP5C\MADHUMITA SID (S-1-5-21-1776895936-2929945024-2387409390-1001) from address LocalHost (Using LRPC) running in the application container Unavailable SID (S-1-15-2-2162886941-1704148542-70499650-2155883645-4024863312-2591307683-3360588285). This security permission can be modified using the Component Services administrative tool."
Warning,10-07-2026 19:51:41,Microsoft-Windows-DistributedCOM,10016,None,"The application-specific permission settings do not grant Local Activation permission for the COM Server application with CLSID 
{C4E82530-3B6E-4F6A-8E99-07426B47D292}
 and APPID 
{F9717507-6651-4EDB-BFF7-AE615179BCCF}
 to the user LAPTOP-IIC1GP5C\MADHUMITA SID (S-1-5-21-1776895936-2929945024-2387409390-1001) from address LocalHost (Using LRPC) running in the application container Unavailable SID (S-1-15-2-2162886941-1704148542-70499650-2155883645-4024863312-2591307683-3360588285). This security permission can be modified using the Component Services administrative tool."
Warning,10-07-2026 19:51:41,Microsoft-Windows-DistributedCOM,10016,None,"The application-specific permission settings do not grant Local Activation permission for the COM Server application with CLSID 
{C4E82530-3B6E-4F6A-8E99-07426B47D292}
 and APPID 
{F9717507-6651-4EDB-BFF7-AE615179BCCF}
 to the user LAPTOP-IIC1GP5C\MADHUMITA SID (S-1-5-21-1776895936-2929945024-2387409390-1001) from address LocalHost (Using LRPC) running in the application container Unavailable SID (S-1-15-2-2162886941-1704148542-70499650-2155883645-4024863312-2591307683-3360588285). This security permission can be modified using the Component Services administrative tool."
Warning,10-07-2026 19:51:41,Microsoft-Windows-DistributedCOM,10016,None,"The application-specific permission settings do not grant Local Activation permission for the COM Server application with CLSID 
{C4E82530-3B6E-4F6A-8E99-07426B47D292}
 and APPID 
{F9717507-6651-4EDB-BFF7-AE615179BCCF}
 to the user LAPTOP-IIC1GP5C\MADHUMITA SID (S-1-5-21-1776895936-2929945024-2387409390-1001) from address LocalHost (Using LRPC) running in the application container Unavailable SID (S-1-15-2-2162886941-1704148542-70499650-2155883645-4024863312-2591307683-3360588285). This security permission can be modified using the Component Services administrative tool."
Warning,10-07-2026 19:51:41,Microsoft-Windows-DistributedCOM,10016,None,"The application-specific permission settings do not grant Local Activation permission for the COM Server application with CLSID 
{C4E82530-3B6E-4F6A-8E99-07426B47D292}
 and APPID 
{F9717507-6651-4EDB-BFF7-AE615179BCCF}
 to the user LAPTOP-IIC1GP5C\MADHUMITA SID (S-1-5-21-1776895936-2929945024-2387409390-1001) from address LocalHost (Using LRPC) running in the application container Unavailable SID (S-1-15-2-2162886941-1704148542-70499650-2155883645-4024863312-2591307683-3360588285). This security permission can be modified using the Component Services administrative tool."
Warning,10-07-2026 19:51:41,Microsoft-Windows-DistributedCOM,10016,None,"The application-specific permission settings do not grant Local Activation permission for the COM Server application with CLSID 
{C4E82530-3B6E-4F6A-8E99-07426B47D292}
 and APPID 
{F9717507-6651-4EDB-BFF7-AE615179BCCF}
 to the user LAPTOP-IIC1GP5C\MADHUMITA SID (S-1-5-21-1776895936-2929945024-2387409390-1001) from address LocalHost (Using LRPC) running in the application container Unavailable SID (S-1-15-2-2162886941-1704148542-70499650-2155883645-4024863312-2591307683-3360588285). This security permission can be modified using the Component Services administrative tool."
Warning,10-07-2026 19:51:41,Microsoft-Windows-DistributedCOM,10016,None,"The application-specific permission settings do not grant Local Activation permission for the COM Server application with CLSID 
{C4E82530-3B6E-4F6A-8E99-07426B47D292}
 and APPID 
{F9717507-6651-4EDB-BFF7-AE615179BCCF}
 to the user LAPTOP-IIC1GP5C\MADHUMITA SID (S-1-5-21-1776895936-2929945024-2387409390-1001) from address LocalHost (Using LRPC) running in the application container Unavailable SID (S-1-15-2-2162886941-1704148542-70499650-2155883645-4024863312-2591307683-3360588285). This security permission can be modified using the Component Services administrative tool."
Warning,10-07-2026 19:51:41,Microsoft-Windows-DistributedCOM,10016,None,"The application-specific permission settings do not grant Local Activation permission for the COM Server application with CLSID 
{C4E82530-3B6E-4F6A-8E99-07426B47D292}
 and APPID 
{F9717507-6651-4EDB-BFF7-AE615179BCCF}
 to the user LAPTOP-IIC1GP5C\MADHUMITA SID (S-1-5-21-1776895936-2929945024-2387409390-1001) from address LocalHost (Using LRPC) running in the application container Unavailable SID (S-1-15-2-2162886941-1704148542-70499650-2155883645-4024863312-2591307683-3360588285). This security permission can be modified using the Component Services administrative tool."
Warning,10-07-2026 19:51:41,Microsoft-Windows-DistributedCOM,10016,None,"The application-specific permission settings do not grant Local Activation permission for the COM Server application with CLSID 
{C4E82530-3B6E-4F6A-8E99-07426B47D292}
 and APPID 
{F9717507-6651-4EDB-BFF7-AE615179BCCF}
 to the user LAPTOP-IIC1GP5C\MADHUMITA SID (S-1-5-21-1776895936-2929945024-2387409390-1001) from address LocalHost (Using LRPC) running in the application container Unavailable SID (S-1-15-2-2162886941-1704148542-70499650-2155883645-4024863312-2591307683-3360588285). This security permission can be modified using the Component Services administrative tool."
Warning,10-07-2026 19:51:41,Microsoft-Windows-DistributedCOM,10016,None,"The application-specific permission settings do not grant Local Activation permission for the COM Server application with CLSID 
{C4E82530-3B6E-4F6A-8E99-07426B47D292}
 and APPID 
{F9717507-6651-4EDB-BFF7-AE615179BCCF}
 to the user LAPTOP-IIC1GP5C\MADHUMITA SID (S-1-5-21-1776895936-2929945024-2387409390-1001) from address LocalHost (Using LRPC) running in the application container Unavailable SID (S-1-15-2-2162886941-1704148542-70499650-2155883645-4024863312-2591307683-3360588285). This security permission can be modified using the Component Services administrative tool."
Warning,10-07-2026 19:51:41,Microsoft-Windows-DistributedCOM,10016,None,"The application-specific permission settings do not grant Local Activation permission for the COM Server application with CLSID 
{C4E82530-3B6E-4F6A-8E99-07426B47D292}
 and APPID 
{F9717507-6651-4EDB-BFF7-AE615179BCCF}
 to the user LAPTOP-IIC1GP5C\MADHUMITA SID (S-1-5-21-1776895936-2929945024-2387409390-1001) from address LocalHost (Using LRPC) running in the application container Unavailable SID (S-1-15-2-2162886941-1704148542-70499650-2155883645-4024863312-2591307683-3360588285). This security permission can be modified using the Component Services administrative tool."
Warning,10-07-2026 19:51:41,Microsoft-Windows-DistributedCOM,10016,None,"The application-specific permission settings do not grant Local Activation permission for the COM Server application with CLSID 
{C4E82530-3B6E-4F6A-8E99-07426B47D292}
 and APPID 
{F9717507-6651-4EDB-BFF7-AE615179BCCF}
 to the user LAPTOP-IIC1GP5C\MADHUMITA SID (S-1-5-21-1776895936-2929945024-2387409390-1001) from address LocalHost (Using LRPC) running in the application container Unavailable SID (S-1-15-2-2162886941-1704148542-70499650-2155883645-4024863312-2591307683-3360588285). This security permission can be modified using the Component Services administrative tool."
Warning,10-07-2026 19:51:41,Microsoft-Windows-DistributedCOM,10016,None,"The application-specific permission settings do not grant Local Activation permission for the COM Server application with CLSID 
{C4E82530-3B6E-4F6A-8E99-07426B47D292}
 and APPID 
{F9717507-6651-4EDB-BFF7-AE615179BCCF}
 to the user LAPTOP-IIC1GP5C\MADHUMITA SID (S-1-5-21-1776895936-2929945024-2387409390-1001) from address LocalHost (Using LRPC) running in the application container Unavailable SID (S-1-15-2-2162886941-1704148542-70499650-2155883645-4024863312-2591307683-3360588285). This security permission can be modified using the Component Services administrative tool."
Warning,10-07-2026 19:51:41,Microsoft-Windows-DistributedCOM,10016,None,"The application-specific permission settings do not grant Local Activation permission for the COM Server application with CLSID 
{C4E82530-3B6E-4F6A-8E99-07426B47D292}
 and APPID 
{F9717507-6651-4EDB-BFF7-AE615179BCCF}
 to the user LAPTOP-IIC1GP5C\MADHUMITA SID (S-1-5-21-1776895936-2929945024-2387409390-1001) from address LocalHost (Using LRPC) running in the application container Unavailable SID (S-1-15-2-2162886941-1704148542-70499650-2155883645-4024863312-2591307683-3360588285). This security permission can be modified using the Component Services administrative tool."
Warning,10-07-2026 19:51:41,Microsoft-Windows-DistributedCOM,10016,None,"The application-specific permission settings do not grant Local Activation permission for the COM Server application with CLSID 
{C4E82530-3B6E-4F6A-8E99-07426B47D292}
 and APPID 
{F9717507-6651-4EDB-BFF7-AE615179BCCF}
 to the user LAPTOP-IIC1GP5C\MADHUMITA SID (S-1-5-21-1776895936-2929945024-2387409390-1001) from address LocalHost (Using LRPC) running in the application container Unavailable SID (S-1-15-2-2162886941-1704148542-70499650-2155883645-4024863312-2591307683-3360588285). This security permission can be modified using the Component Services administrative tool."
Warning,10-07-2026 19:51:41,Microsoft-Windows-DistributedCOM,10016,None,"The application-specific permission settings do not grant Local Activation permission for the COM Server application with CLSID 
{C4E82530-3B6E-4F6A-8E99-07426B47D292}
 and APPID 
{F9717507-6651-4EDB-BFF7-AE615179BCCF}
 to the user LAPTOP-IIC1GP5C\MADHUMITA SID (S-1-5-21-1776895936-2929945024-2387409390-1001) from address LocalHost (Using LRPC) running in the application container Unavailable SID (S-1-15-2-2162886941-1704148542-70499650-2155883645-4024863312-2591307683-3360588285). This security permission can be modified using the Component Services administrative tool."
Warning,10-07-2026 19:51:41,Microsoft-Windows-DistributedCOM,10016,None,"The application-specific permission settings do not grant Local Activation permission for the COM Server application with CLSID 
{C4E82530-3B6E-4F6A-8E99-07426B47D292}
 and APPID 
{F9717507-6651-4EDB-BFF7-AE615179BCCF}
 to the user LAPTOP-IIC1GP5C\MADHUMITA SID (S-1-5-21-1776895936-2929945024-2387409390-1001) from address LocalHost (Using LRPC) running in the application container Unavailable SID (S-1-15-2-2162886941-1704148542-70499650-2155883645-4024863312-2591307683-3360588285). This security permission can be modified using the Component Services administrative tool."
Warning,10-07-2026 19:51:41,Microsoft-Windows-DistributedCOM,10016,None,"The application-specific permission settings do not grant Local Activation permission for the COM Server application with CLSID 
{00000000-0000-0000-0000-000000000000}
 and APPID 
{8BC3F05E-D86B-11D0-A075-00C04FB68820}
 to the user LAPTOP-IIC1GP5C\MADHUMITA SID (S-1-5-21-1776895936-2929945024-2387409390-1001) from address LocalHost (Using LRPC) running in the application container Unavailable SID (S-1-15-2-2162886941-1704148542-70499650-2155883645-4024863312-2591307683-3360588285). This security permission can be modified using the Component Services administrative tool."
Warning,10-07-2026 19:51:41,Microsoft-Windows-DistributedCOM,10016,None,"The application-specific permission settings do not grant Local Activation permission for the COM Server application with CLSID 
{C4E82530-3B6E-4F6A-8E99-07426B47D292}
 and APPID 
{F9717507-6651-4EDB-BFF7-AE615179BCCF}
 to the user LAPTOP-IIC1GP5C\MADHUMITA SID (S-1-5-21-1776895936-2929945024-2387409390-1001) from address LocalHost (Using LRPC) running in the application container Unavailable SID (S-1-15-2-2162886941-1704148542-70499650-2155883645-4024863312-2591307683-3360588285). This security permission can be modified using the Component Services administrative tool."
Error,10-07-2026 19:51:22,Microsoft-Windows-TPM-WMI,1796,None,"The Secure Boot update failed to update SBAT with error Unknown HResult Error code: 0x800700c1. For more information, please see https://go.microsoft.com/fwlink/?linkid=2169931"
Warning,10-07-2026 19:51:13,Microsoft-Windows-User Device Registration,360,None,"Windows Hello for Business provisioning will not be launched. 
Device is Microsoft Entra joined (or hybrid joined): Not Tested 
User has logged on with Microsoft Entra credentials: No 
Windows Hello for Business policy is enabled: Not Tested 
Windows Hello for Business post-logon provisioning is enabled: Not Tested 
Local computer meets Windows hello for business hardware requirements: Not Tested 
User is not connected to the machine via Remote Desktop: Yes 
User certificate for on premise auth policy is enabled: Not Tested 
Machine is governed by none policy. 
Cloud trust for on premise auth policy is enabled: Not Tested 
User account has Cloud to OnPrem TGT: Not Tested 
See https://go.microsoft.com/fwlink/?linkid=832647 for more details."
Warning,10-07-2026 19:51:11,Microsoft-Windows-DistributedCOM,10016,None,"The application-specific permission settings do not grant Local Activation permission for the COM Server application with CLSID 
{00000000-0000-0000-0000-000000000000}
 and APPID 
{4839DDB7-58C2-48F5-8283-E1D1807D0D7D}
 to the user NT AUTHORITY\LOCAL SERVICE SID (S-1-5-19) from address LocalHost (Using LRPC) running in the application container Unavailable SID (Unavailable). This security permission can be modified using the Component Services administrative tool."
Warning,10-07-2026 19:51:11,Microsoft-Windows-DistributedCOM,10016,None,"The application-specific permission settings do not grant Local Activation permission for the COM Server application with CLSID 
{00000000-0000-0000-0000-000000000000}
 and APPID 
{4839DDB7-58C2-48F5-8283-E1D1807D0D7D}
 to the user NT AUTHORITY\LOCAL SERVICE SID (S-1-5-19) from address LocalHost (Using LRPC) running in the application container Unavailable SID (Unavailable). This security permission can be modified using the Component Services administrative tool."
Warning,10-07-2026 19:51:11,Microsoft-Windows-DistributedCOM,10016,None,"The application-specific permission settings do not grant Local Activation permission for the COM Server application with CLSID 
{00000000-0000-0000-0000-000000000000}
 and APPID 
{4839DDB7-58C2-48F5-8283-E1D1807D0D7D}
 to the user NT AUTHORITY\LOCAL SERVICE SID (S-1-5-19) from address LocalHost (Using LRPC) running in the application container Unavailable SID (Unavailable). This security permission can be modified using the Component Services administrative tool."
Warning,10-07-2026 19:51:11,Microsoft-Windows-DistributedCOM,10016,None,"The application-specific permission settings do not grant Local Activation permission for the COM Server application with CLSID 
{00000000-0000-0000-0000-000000000000}
 and APPID 
{4839DDB7-58C2-48F5-8283-E1D1807D0D7D}
 to the user NT AUTHORITY\LOCAL SERVICE SID (S-1-5-19) from address LocalHost (Using LRPC) running in the application container Unavailable SID (Unavailable). This security permission can be modified using the Component Services administrative tool."
Error,10-07-2026 19:51:09,Microsoft-Windows-NDIS,10317,PnP,"Miniport Microsoft Wi-Fi Direct Virtual Adapter #2, {3c5497bf-cbed-4053-939e-936ea329ee06}, had event Fatal error: The miniport has failed a power transition to operational power"
Warning,10-07-2026 13:26:21,winsrvext,100,None,Process C:\Windows\explorer.exe is delaying system shutdown after 5000 milliseconds.
Error,10-07-2026 13:06:36,.NET Runtime,1022,None,.NET Runtime version 4.0.30319.0 - There was a failure initializing profiling API attach infrastructure.  This process will not allow a profiler to attach.  HRESULT: 0x80004005.  Process ID (decimal): 3712.  Message ID: [0x2509].
Warning,10-07-2026 13:02:19,Microsoft-Windows-Search,10024,Gatherer,The filter host process 9376 did not respond and is being forcibly terminated. 

Warning,10-07-2026 13:01:59,Microsoft-Windows-Search,10024,Gatherer,The filter host process 9496 did not respond and is being forcibly terminated. 

Warning,10-07-2026 13:01:40,Microsoft-Windows-Search,10024,Gatherer,The filter host process 5396 did not respond and is being forcibly terminated. 

Warning,10-07-2026 13:01:37,Microsoft-Windows-Search,10024,Gatherer,The filter host process 776 did not respond and is being forcibly terminated. 

Warning,10-07-2026 13:01:37,Microsoft-Windows-Search,10024,Gatherer,The filter host process 3004 did not respond and is being forcibly terminated. 

Warning,10-07-2026 12:59:43,Microsoft-Windows-Search,10024,Gatherer,The filter host process 16116 did not respond and is being forcibly terminated. 

Warning,10-07-2026 12:59:37,Microsoft-Windows-Search,10024,Gatherer,The filter host process 10356 did not respond and is being forcibly terminated. 

Warning,10-07-2026 12:59:04,Microsoft-Windows-Search,10024,Gatherer,The filter host process 16808 did not respond and is being forcibly terminated. 

Warning,10-07-2026 12:56:04,Microsoft-Windows-Search,10024,Gatherer,The filter host process 21004 did not respond and is being forcibly terminated. 

Warning,10-07-2026 12:55:28,Microsoft-Windows-Search,10024,Gatherer,The filter host process 12608 did not respond and is being forcibly terminated. 

Warning,10-07-2026 12:54:07,Microsoft-Windows-Search,10024,Gatherer,The filter host process 6812 did not respond and is being forcibly terminated. 

Warning,10-07-2026 12:53:28,Microsoft-Windows-Search,10024,Gatherer,The filter host process 21872 did not respond and is being forcibly terminated. 

Warning,10-07-2026 12:49:37,Microsoft-Windows-Search,10024,Gatherer,The filter host process 10544 did not respond and is being forcibly terminated. 

Warning,10-07-2026 12:49:37,Microsoft-Windows-Search,10024,Gatherer,The filter host process 3828 did not respond and is being forcibly terminated. 

Warning,10-07-2026 12:48:04,Microsoft-Windows-Search,10024,Gatherer,The filter host process 7804 did not respond and is being forcibly terminated. 

