Warning,10-04-2026 17:58:08,Microsoft-Windows-DistributedCOM,10016,None,"The application-specific permission settings do not grant Local Activation permission for the COM Server application with CLSID 
{8BC3F05E-D86B-11D0-A075-00C04FB68820}
 and APPID 
{8BC3F05E-D86B-11D0-A075-00C04FB68820}
 to the user LAPTOP-IIC1GP5C\MADHUMITA SID (S-1-5-21-1776895936-2929945024-2387409390-1001) from address LocalHost (Using LRPC) running in the application container Unavailable SID (S-1-15-2-2034283098-2252572593-1072577386-2659511007-3245387615-27016815-3920691934). This security permission can be modified using the Component Services administrative tool."
Warning,10-04-2026 17:58:08,Microsoft-Windows-DistributedCOM,10016,None,"The application-specific permission settings do not grant Local Activation permission for the COM Server application with CLSID 
{8BC3F05E-D86B-11D0-A075-00C04FB68820}
 and APPID 
{8BC3F05E-D86B-11D0-A075-00C04FB68820}
 to the user LAPTOP-IIC1GP5C\MADHUMITA SID (S-1-5-21-1776895936-2929945024-2387409390-1001) from address LocalHost (Using LRPC) running in the application container Unavailable SID (S-1-15-2-2034283098-2252572593-1072577386-2659511007-3245387615-27016815-3920691934). This security permission can be modified using the Component Services administrative tool."
Warning,10-04-2026 17:58:08,Microsoft-Windows-DistributedCOM,10016,None,"The application-specific permission settings do not grant Local Activation permission for the COM Server application with CLSID 
{8BC3F05E-D86B-11D0-A075-00C04FB68820}
 and APPID 
{8BC3F05E-D86B-11D0-A075-00C04FB68820}
 to the user LAPTOP-IIC1GP5C\MADHUMITA SID (S-1-5-21-1776895936-2929945024-2387409390-1001) from address LocalHost (Using LRPC) running in the application container Unavailable SID (S-1-15-2-2034283098-2252572593-1072577386-2659511007-3245387615-27016815-3920691934). This security permission can be modified using the Component Services administrative tool."
Warning,10-04-2026 17:58:03,Microsoft-Windows-DistributedCOM,10016,None,"The application-specific permission settings do not grant Local Activation permission for the COM Server application with CLSID 
{2593F8B9-4EAF-457C-B68A-50F6B8EA6B54}
 and APPID 
{15C20B67-12E7-4BB6-92BB-7AFF07997402}
 to the user LAPTOP-IIC1GP5C\MADHUMITA SID (S-1-5-21-1776895936-2929945024-2387409390-1001) from address LocalHost (Using LRPC) running in the application container Unavailable SID (Unavailable). This security permission can be modified using the Component Services administrative tool."
Warning,10-04-2026 17:56:43,Microsoft-Windows-DistributedCOM,10016,None,"The application-specific permission settings do not grant Local Activation permission for the COM Server application with CLSID 
{8BC3F05E-D86B-11D0-A075-00C04FB68820}
 and APPID 
{8BC3F05E-D86B-11D0-A075-00C04FB68820}
 to the user LAPTOP-IIC1GP5C\MADHUMITA SID (S-1-5-21-1776895936-2929945024-2387409390-1001) from address LocalHost (Using LRPC) running in the application container Unavailable SID (S-1-15-2-2034283098-2252572593-1072577386-2659511007-3245387615-27016815-3920691934). This security permission can be modified using the Component Services administrative tool."
Warning,10-04-2026 17:56:43,Microsoft-Windows-DistributedCOM,10016,None,"The application-specific permission settings do not grant Local Activation permission for the COM Server application with CLSID 
{8BC3F05E-D86B-11D0-A075-00C04FB68820}
 and APPID 
{8BC3F05E-D86B-11D0-A075-00C04FB68820}
 to the user LAPTOP-IIC1GP5C\MADHUMITA SID (S-1-5-21-1776895936-2929945024-2387409390-1001) from address LocalHost (Using LRPC) running in the application container Unavailable SID (S-1-15-2-2034283098-2252572593-1072577386-2659511007-3245387615-27016815-3920691934). This security permission can be modified using the Component Services administrative tool."
Warning,10-04-2026 17:56:43,Microsoft-Windows-DistributedCOM,10016,None,"The application-specific permission settings do not grant Local Activation permission for the COM Server application with CLSID 
{8BC3F05E-D86B-11D0-A075-00C04FB68820}
 and APPID 
{8BC3F05E-D86B-11D0-A075-00C04FB68820}
 to the user LAPTOP-IIC1GP5C\MADHUMITA SID (S-1-5-21-1776895936-2929945024-2387409390-1001) from address LocalHost (Using LRPC) running in the application container Unavailable SID (S-1-15-2-2034283098-2252572593-1072577386-2659511007-3245387615-27016815-3920691934). This security permission can be modified using the Component Services administrative tool."
Warning,10-04-2026 17:56:31,Microsoft-Windows-DistributedCOM,10016,None,"The application-specific permission settings do not grant Local Activation permission for the COM Server application with CLSID 
{2593F8B9-4EAF-457C-B68A-50F6B8EA6B54}
 and APPID 
{15C20B67-12E7-4BB6-92BB-7AFF07997402}
 to the user LAPTOP-IIC1GP5C\MADHUMITA SID (S-1-5-21-1776895936-2929945024-2387409390-1001) from address LocalHost (Using LRPC) running in the application container Unavailable SID (Unavailable). This security permission can be modified using the Component Services administrative tool."
Error,10-04-2026 17:56:29,MsiInstaller,1013,None,Product: HP Display Control Service -- The device is not a supported system. Aborting installation.
Error,10-04-2026 17:56:28,MsiInstaller,10005,None,"Product: HP Display Control Service -- The installer has encountered an unexpected error installing this package. This may indicate a problem with this package. The error code is 2753. The arguments are: DisplayControl, , "
Error,10-04-2026 12:59:03,MsiInstaller,1013,None,Product: HP Display Control Service -- The device is not a supported system. Aborting installation.
Error,10-04-2026 12:59:02,MsiInstaller,10005,None,"Product: HP Display Control Service -- The installer has encountered an unexpected error installing this package. This may indicate a problem with this package. The error code is 2753. The arguments are: DisplayControl, , "
Warning,10-04-2026 12:58:28,Microsoft-Windows-DistributedCOM,10016,None,"The application-specific permission settings do not grant Local Activation permission for the COM Server application with CLSID 
{8BC3F05E-D86B-11D0-A075-00C04FB68820}
 and APPID 
{8BC3F05E-D86B-11D0-A075-00C04FB68820}
 to the user LAPTOP-IIC1GP5C\MADHUMITA SID (S-1-5-21-1776895936-2929945024-2387409390-1001) from address LocalHost (Using LRPC) running in the application container Unavailable SID (S-1-15-2-2034283098-2252572593-1072577386-2659511007-3245387615-27016815-3920691934). This security permission can be modified using the Component Services administrative tool."
Warning,10-04-2026 12:58:28,Microsoft-Windows-DistributedCOM,10016,None,"The application-specific permission settings do not grant Local Activation permission for the COM Server application with CLSID 
{8BC3F05E-D86B-11D0-A075-00C04FB68820}
 and APPID 
{8BC3F05E-D86B-11D0-A075-00C04FB68820}
 to the user LAPTOP-IIC1GP5C\MADHUMITA SID (S-1-5-21-1776895936-2929945024-2387409390-1001) from address LocalHost (Using LRPC) running in the application container Unavailable SID (S-1-15-2-2034283098-2252572593-1072577386-2659511007-3245387615-27016815-3920691934). This security permission can be modified using the Component Services administrative tool."
Warning,10-04-2026 12:58:27,Microsoft-Windows-DistributedCOM,10016,None,"The application-specific permission settings do not grant Local Activation permission for the COM Server application with CLSID 
{8BC3F05E-D86B-11D0-A075-00C04FB68820}
 and APPID 
{8BC3F05E-D86B-11D0-A075-00C04FB68820}
 to the user LAPTOP-IIC1GP5C\MADHUMITA SID (S-1-5-21-1776895936-2929945024-2387409390-1001) from address LocalHost (Using LRPC) running in the application container Unavailable SID (S-1-15-2-2034283098-2252572593-1072577386-2659511007-3245387615-27016815-3920691934). This security permission can be modified using the Component Services administrative tool."
Warning,10-04-2026 12:58:25,Microsoft-Windows-DistributedCOM,10016,None,"The application-specific permission settings do not grant Local Activation permission for the COM Server application with CLSID 
{2593F8B9-4EAF-457C-B68A-50F6B8EA6B54}
 and APPID 
{15C20B67-12E7-4BB6-92BB-7AFF07997402}
 to the user LAPTOP-IIC1GP5C\MADHUMITA SID (S-1-5-21-1776895936-2929945024-2387409390-1001) from address LocalHost (Using LRPC) running in the application container Unavailable SID (Unavailable). This security permission can be modified using the Component Services administrative tool."
Error,10-04-2026 12:58:12,.NET Runtime,1022,None,.NET Runtime version 4.0.30319.0 - There was a failure initializing profiling API attach infrastructure.  This process will not allow a profiler to attach.  HRESULT: 0x80004005.  Process ID (decimal): 14796.  Message ID: [0x2509].
Error,10-04-2026 12:58:11,.NET Runtime,1022,None,.NET Runtime version 4.0.30319.0 - There was a failure initializing profiling API attach infrastructure.  This process will not allow a profiler to attach.  HRESULT: 0x80004005.  Process ID (decimal): 11196.  Message ID: [0x2509].
Error,10-04-2026 12:58:04,Application Hang,1002,Hanging Events,"The program HpSystemManagement.exe version 1.4.4.0 stopped interacting with Windows and was closed. To see if more information about the problem is available, check the problem history in the Security and Maintenance control panel.
"
Warning,10-04-2026 12:36:28,Microsoft-Windows-DistributedCOM,10016,None,"The application-specific permission settings do not grant Local Activation permission for the COM Server application with CLSID 
{8BC3F05E-D86B-11D0-A075-00C04FB68820}
 and APPID 
{8BC3F05E-D86B-11D0-A075-00C04FB68820}
 to the user LAPTOP-IIC1GP5C\MADHUMITA SID (S-1-5-21-1776895936-2929945024-2387409390-1001) from address LocalHost (Using LRPC) running in the application container Unavailable SID (S-1-15-2-2034283098-2252572593-1072577386-2659511007-3245387615-27016815-3920691934). This security permission can be modified using the Component Services administrative tool."
Warning,10-04-2026 12:36:28,Microsoft-Windows-DistributedCOM,10016,None,"The application-specific permission settings do not grant Local Activation permission for the COM Server application with CLSID 
{8BC3F05E-D86B-11D0-A075-00C04FB68820}
 and APPID 
{8BC3F05E-D86B-11D0-A075-00C04FB68820}
 to the user LAPTOP-IIC1GP5C\MADHUMITA SID (S-1-5-21-1776895936-2929945024-2387409390-1001) from address LocalHost (Using LRPC) running in the application container Unavailable SID (S-1-15-2-2034283098-2252572593-1072577386-2659511007-3245387615-27016815-3920691934). This security permission can be modified using the Component Services administrative tool."
Warning,10-04-2026 12:36:27,Microsoft-Windows-DistributedCOM,10016,None,"The application-specific permission settings do not grant Local Activation permission for the COM Server application with CLSID 
{8BC3F05E-D86B-11D0-A075-00C04FB68820}
 and APPID 
{8BC3F05E-D86B-11D0-A075-00C04FB68820}
 to the user LAPTOP-IIC1GP5C\MADHUMITA SID (S-1-5-21-1776895936-2929945024-2387409390-1001) from address LocalHost (Using LRPC) running in the application container Unavailable SID (S-1-15-2-2034283098-2252572593-1072577386-2659511007-3245387615-27016815-3920691934). This security permission can be modified using the Component Services administrative tool."
Warning,10-04-2026 12:36:25,Microsoft-Windows-DistributedCOM,10016,None,"The application-specific permission settings do not grant Local Activation permission for the COM Server application with CLSID 
{2593F8B9-4EAF-457C-B68A-50F6B8EA6B54}
 and APPID 
{15C20B67-12E7-4BB6-92BB-7AFF07997402}
 to the user LAPTOP-IIC1GP5C\MADHUMITA SID (S-1-5-21-1776895936-2929945024-2387409390-1001) from address LocalHost (Using LRPC) running in the application container Unavailable SID (Unavailable). This security permission can be modified using the Component Services administrative tool."
Warning,10-04-2026 12:35:38,Microsoft-Windows-DistributedCOM,10016,None,"The application-specific permission settings do not grant Local Activation permission for the COM Server application with CLSID 
{8BC3F05E-D86B-11D0-A075-00C04FB68820}
 and APPID 
{8BC3F05E-D86B-11D0-A075-00C04FB68820}
 to the user LAPTOP-IIC1GP5C\MADHUMITA SID (S-1-5-21-1776895936-2929945024-2387409390-1001) from address LocalHost (Using LRPC) running in the application container Unavailable SID (S-1-15-2-2034283098-2252572593-1072577386-2659511007-3245387615-27016815-3920691934). This security permission can be modified using the Component Services administrative tool."
Warning,10-04-2026 12:35:38,Microsoft-Windows-DistributedCOM,10016,None,"The application-specific permission settings do not grant Local Activation permission for the COM Server application with CLSID 
{8BC3F05E-D86B-11D0-A075-00C04FB68820}
 and APPID 
{8BC3F05E-D86B-11D0-A075-00C04FB68820}
 to the user LAPTOP-IIC1GP5C\MADHUMITA SID (S-1-5-21-1776895936-2929945024-2387409390-1001) from address LocalHost (Using LRPC) running in the application container Unavailable SID (S-1-15-2-2034283098-2252572593-1072577386-2659511007-3245387615-27016815-3920691934). This security permission can be modified using the Component Services administrative tool."
Warning,10-04-2026 12:35:38,Microsoft-Windows-DistributedCOM,10016,None,"The application-specific permission settings do not grant Local Activation permission for the COM Server application with CLSID 
{8BC3F05E-D86B-11D0-A075-00C04FB68820}
 and APPID 
{8BC3F05E-D86B-11D0-A075-00C04FB68820}
 to the user LAPTOP-IIC1GP5C\MADHUMITA SID (S-1-5-21-1776895936-2929945024-2387409390-1001) from address LocalHost (Using LRPC) running in the application container Unavailable SID (S-1-15-2-2034283098-2252572593-1072577386-2659511007-3245387615-27016815-3920691934). This security permission can be modified using the Component Services administrative tool."
Warning,10-04-2026 12:35:35,Microsoft-Windows-DistributedCOM,10016,None,"The application-specific permission settings do not grant Local Activation permission for the COM Server application with CLSID 
{2593F8B9-4EAF-457C-B68A-50F6B8EA6B54}
 and APPID 
{15C20B67-12E7-4BB6-92BB-7AFF07997402}
 to the user LAPTOP-IIC1GP5C\MADHUMITA SID (S-1-5-21-1776895936-2929945024-2387409390-1001) from address LocalHost (Using LRPC) running in the application container Unavailable SID (Unavailable). This security permission can be modified using the Component Services administrative tool."
Warning,10-04-2026 12:35:08,Microsoft-Windows-DistributedCOM,10016,None,"The application-specific permission settings do not grant Local Activation permission for the COM Server application with CLSID 
{8BC3F05E-D86B-11D0-A075-00C04FB68820}
 and APPID 
{8BC3F05E-D86B-11D0-A075-00C04FB68820}
 to the user LAPTOP-IIC1GP5C\MADHUMITA SID (S-1-5-21-1776895936-2929945024-2387409390-1001) from address LocalHost (Using LRPC) running in the application container Unavailable SID (S-1-15-2-2034283098-2252572593-1072577386-2659511007-3245387615-27016815-3920691934). This security permission can be modified using the Component Services administrative tool."
Warning,10-04-2026 12:35:08,Microsoft-Windows-DistributedCOM,10016,None,"The application-specific permission settings do not grant Local Activation permission for the COM Server application with CLSID 
{8BC3F05E-D86B-11D0-A075-00C04FB68820}
 and APPID 
{8BC3F05E-D86B-11D0-A075-00C04FB68820}
 to the user LAPTOP-IIC1GP5C\MADHUMITA SID (S-1-5-21-1776895936-2929945024-2387409390-1001) from address LocalHost (Using LRPC) running in the application container Unavailable SID (S-1-15-2-2034283098-2252572593-1072577386-2659511007-3245387615-27016815-3920691934). This security permission can be modified using the Component Services administrative tool."
Warning,10-04-2026 12:35:07,Microsoft-Windows-DistributedCOM,10016,None,"The application-specific permission settings do not grant Local Activation permission for the COM Server application with CLSID 
{8BC3F05E-D86B-11D0-A075-00C04FB68820}
 and APPID 
{8BC3F05E-D86B-11D0-A075-00C04FB68820}
 to the user LAPTOP-IIC1GP5C\MADHUMITA SID (S-1-5-21-1776895936-2929945024-2387409390-1001) from address LocalHost (Using LRPC) running in the application container Unavailable SID (S-1-15-2-2034283098-2252572593-1072577386-2659511007-3245387615-27016815-3920691934). This security permission can be modified using the Component Services administrative tool."
Warning,10-04-2026 12:35:05,Microsoft-Windows-DistributedCOM,10016,None,"The application-specific permission settings do not grant Local Activation permission for the COM Server application with CLSID 
{2593F8B9-4EAF-457C-B68A-50F6B8EA6B54}
 and APPID 
{15C20B67-12E7-4BB6-92BB-7AFF07997402}
 to the user LAPTOP-IIC1GP5C\MADHUMITA SID (S-1-5-21-1776895936-2929945024-2387409390-1001) from address LocalHost (Using LRPC) running in the application container Unavailable SID (Unavailable). This security permission can be modified using the Component Services administrative tool."
Warning,10-04-2026 12:30:13,Microsoft-Windows-DistributedCOM,10016,None,"The application-specific permission settings do not grant Local Activation permission for the COM Server application with CLSID 
{8BC3F05E-D86B-11D0-A075-00C04FB68820}
 and APPID 
{8BC3F05E-D86B-11D0-A075-00C04FB68820}
 to the user LAPTOP-IIC1GP5C\MADHUMITA SID (S-1-5-21-1776895936-2929945024-2387409390-1001) from address LocalHost (Using LRPC) running in the application container Unavailable SID (S-1-15-2-1102821987-1081280792-1054983711-1629690424-354788219-642257491-1359558826). This security permission can be modified using the Component Services administrative tool."
Warning,10-04-2026 12:23:55,Microsoft-Windows-DistributedCOM,10016,None,"The application-specific permission settings do not grant Local Activation permission for the COM Server application with CLSID 
{8BC3F05E-D86B-11D0-A075-00C04FB68820}
 and APPID 
{8BC3F05E-D86B-11D0-A075-00C04FB68820}
 to the user LAPTOP-IIC1GP5C\MADHUMITA SID (S-1-5-21-1776895936-2929945024-2387409390-1001) from address LocalHost (Using LRPC) running in the application container Unavailable SID (S-1-15-2-2677318534-875451986-2282625651-3955511232-3060594650-596992907-3565529172). This security permission can be modified using the Component Services administrative tool."
Warning,10-04-2026 12:17:35,Microsoft-Windows-DistributedCOM,10016,None,"The application-specific permission settings do not grant Local Activation permission for the COM Server application with CLSID 
{8BC3F05E-D86B-11D0-A075-00C04FB68820}
 and APPID 
{8BC3F05E-D86B-11D0-A075-00C04FB68820}
 to the user LAPTOP-IIC1GP5C\MADHUMITA SID (S-1-5-21-1776895936-2929945024-2387409390-1001) from address LocalHost (Using LRPC) running in the application container Unavailable SID (S-1-15-2-2242029457-1347977020-1109966038-4039098607-2166737193-3038671549-1385438218). This security permission can be modified using the Component Services administrative tool."
Error,10-04-2026 12:10:37,Microsoft-Windows-TPM-WMI,1796,None,"The Secure Boot update failed to update SBAT with error Unknown HResult Error code: 0x800700c1. For more information, please see https://go.microsoft.com/fwlink/?linkid=2169931"
Warning,10-04-2026 12:10:08,Microsoft-Windows-DistributedCOM,10016,None,"The application-specific permission settings do not grant Local Activation permission for the COM Server application with CLSID 
{2593F8B9-4EAF-457C-B68A-50F6B8EA6B54}
 and APPID 
{15C20B67-12E7-4BB6-92BB-7AFF07997402}
 to the user LAPTOP-IIC1GP5C\MADHUMITA SID (S-1-5-21-1776895936-2929945024-2387409390-1001) from address LocalHost (Using LRPC) running in the application container Unavailable SID (Unavailable). This security permission can be modified using the Component Services administrative tool."
Warning,10-04-2026 11:51:42,Microsoft-Windows-DistributedCOM,10016,None,"The application-specific permission settings do not grant Local Activation permission for the COM Server application with CLSID 
{2593F8B9-4EAF-457C-B68A-50F6B8EA6B54}
 and APPID 
{15C20B67-12E7-4BB6-92BB-7AFF07997402}
 to the user LAPTOP-IIC1GP5C\MADHUMITA SID (S-1-5-21-1776895936-2929945024-2387409390-1001) from address LocalHost (Using LRPC) running in the application container SpotifyAB.SpotifyMusic_1.286.502.0_x64__zpdnekdrzrea0 SID (Unavailable). This security permission can be modified using the Component Services administrative tool."
Warning,10-04-2026 11:41:23,Microsoft-Windows-DistributedCOM,10016,None,"The application-specific permission settings do not grant Local Activation permission for the COM Server application with CLSID 
{2593F8B9-4EAF-457C-B68A-50F6B8EA6B54}
 and APPID 
{15C20B67-12E7-4BB6-92BB-7AFF07997402}
 to the user LAPTOP-IIC1GP5C\MADHUMITA SID (S-1-5-21-1776895936-2929945024-2387409390-1001) from address LocalHost (Using LRPC) running in the application container Unavailable SID (Unavailable). This security permission can be modified using the Component Services administrative tool."
Warning,10-04-2026 11:36:59,Microsoft-Windows-DistributedCOM,10016,None,"The application-specific permission settings do not grant Local Activation permission for the COM Server application with CLSID 
{8BC3F05E-D86B-11D0-A075-00C04FB68820}
 and APPID 
{8BC3F05E-D86B-11D0-A075-00C04FB68820}
 to the user LAPTOP-IIC1GP5C\MADHUMITA SID (S-1-5-21-1776895936-2929945024-2387409390-1001) from address LocalHost (Using LRPC) running in the application container Unavailable SID (S-1-15-2-3627658765-641233258-959520071-2773944426-1207776845-273126602-3408483142). This security permission can be modified using the Component Services administrative tool."
Warning,10-04-2026 11:36:19,Microsoft-Windows-DNS-Client,1014,(1014),Name resolution for the name t-s2-ring.msedge.net timed out after none of the configured DNS servers responded. Client PID 1116.
Warning,10-04-2026 11:36:03,Microsoft-Windows-DistributedCOM,10016,None,"The application-specific permission settings do not grant Local Activation permission for the COM Server application with CLSID 
{2593F8B9-4EAF-457C-B68A-50F6B8EA6B54}
 and APPID 
{15C20B67-12E7-4BB6-92BB-7AFF07997402}
 to the user LAPTOP-IIC1GP5C\MADHUMITA SID (S-1-5-21-1776895936-2929945024-2387409390-1001) from address LocalHost (Using LRPC) running in the application container 5319275A.WhatsAppDesktop_2.2611.102.0_x64__cv1g1gvanyjgm SID (Unavailable). This security permission can be modified using the Component Services administrative tool."
Error,10-04-2026 11:21:34,Microsoft-Windows-Kernel-EventTracing,3,Session,"Session ""PerfDiag Logger"" stopped due to the following error: 0xC0000188"
Warning,10-04-2026 11:21:34,Microsoft-Windows-Kernel-EventTracing,4,Logging,"The maximum file size for session ""PerfDiag Logger"" has been reached. As a result, events might be lost (not logged) to file ""C:\WINDOWS\system32\WDI\LogFiles\ShutdownPerfDiagLogger.etl"". The maximum files size is currently set to 20971520 bytes."
Error,10-04-2026 11:18:03,.NET Runtime,1022,None,.NET Runtime version 4.0.30319.0 - There was a failure initializing profiling API attach infrastructure.  This process will not allow a profiler to attach.  HRESULT: 0x80004005.  Process ID (decimal): 20344.  Message ID: [0x2509].
Warning,10-04-2026 11:17:51,Microsoft-Windows-DistributedCOM,10016,None,"The application-specific permission settings do not grant Local Activation permission for the COM Server application with CLSID 
{2593F8B9-4EAF-457C-B68A-50F6B8EA6B54}
 and APPID 
{15C20B67-12E7-4BB6-92BB-7AFF07997402}
 to the user LAPTOP-IIC1GP5C\MADHUMITA SID (S-1-5-21-1776895936-2929945024-2387409390-1001) from address LocalHost (Using LRPC) running in the application container Unavailable SID (Unavailable). This security permission can be modified using the Component Services administrative tool."
Error,10-04-2026 11:17:33,MsiInstaller,1013,None,Product: HP Display Control Service -- The device is not a supported system. Aborting installation.
Error,10-04-2026 11:17:32,MsiInstaller,10005,None,"Product: HP Display Control Service -- The installer has encountered an unexpected error installing this package. This may indicate a problem with this package. The error code is 2753. The arguments are: DisplayControl, , "
Error,10-04-2026 11:17:16,MsiInstaller,1013,None,Product: HP Display Control Service -- The device is not a supported system. Aborting installation.
Error,10-04-2026 11:17:16,MsiInstaller,10005,None,"Product: HP Display Control Service -- The installer has encountered an unexpected error installing this package. This may indicate a problem with this package. The error code is 2753. The arguments are: DisplayControl, , "
Warning,10-04-2026 11:16:41,Microsoft-Windows-DistributedCOM,10016,None,"The application-specific permission settings do not grant Local Activation permission for the COM Server application with CLSID 
{2593F8B9-4EAF-457C-B68A-50F6B8EA6B54}
 and APPID 
{15C20B67-12E7-4BB6-92BB-7AFF07997402}
 to the user LAPTOP-IIC1GP5C\MADHUMITA SID (S-1-5-21-1776895936-2929945024-2387409390-1001) from address LocalHost (Using LRPC) running in the application container Unavailable SID (Unavailable). This security permission can be modified using the Component Services administrative tool."
Error,10-04-2026 11:16:33,Microsoft-Windows-Kernel-EventTracing,2,Session,"Session ""Cloud Files Diagnostic Event Listener"" failed to start with the following error: 0xC0000022"
Error,10-04-2026 11:16:23,Microsoft-Windows-TPM-WMI,1796,None,"The Secure Boot update failed to update SBAT with error Unknown HResult Error code: 0x800700c1. For more information, please see https://go.microsoft.com/fwlink/?linkid=2169931"
Warning,10-04-2026 11:16:16,Microsoft-Windows-User Device Registration,360,None,"Windows Hello for Business provisioning will not be launched. 
Device is Microsoft Entra joined (or hybrid joined): Not Tested 
User has logged on with Microsoft Entra credentials: No 
Windows Hello for Business policy is enabled: Not Tested 
Windows Hello for Business post-logon provisioning is enabled: Not Tested 
Local computer meets Windows hello for business hardware requirements: Not Tested 
User is not connected to the machine via Remote Desktop: Yes 
User certificate for on premise auth policy is enabled: Not Tested 
Machine is governed by none policy. 
Cloud trust for on premise auth policy is enabled: Not Tested 
User account has Cloud to OnPrem TGT: Not Tested 
See https://go.microsoft.com/fwlink/?linkid=832647 for more details."
Error,10-04-2026 11:16:15,Windows App Runtime,22,None,Package dependency criteria could not be resolved. 
Warning,10-04-2026 11:16:12,Microsoft-Windows-DistributedCOM,10016,None,"The application-specific permission settings do not grant Local Activation permission for the COM Server application with CLSID 
{6B3B8D23-FA8D-40B9-8DBD-B950333E2C52}
 and APPID 
{4839DDB7-58C2-48F5-8283-E1D1807D0D7D}
 to the user NT AUTHORITY\LOCAL SERVICE SID (S-1-5-19) from address LocalHost (Using LRPC) running in the application container Unavailable SID (Unavailable). This security permission can be modified using the Component Services administrative tool."
Warning,10-04-2026 11:16:12,Microsoft-Windows-DistributedCOM,10016,None,"The application-specific permission settings do not grant Local Activation permission for the COM Server application with CLSID 
{6B3B8D23-FA8D-40B9-8DBD-B950333E2C52}
 and APPID 
{4839DDB7-58C2-48F5-8283-E1D1807D0D7D}
 to the user NT AUTHORITY\LOCAL SERVICE SID (S-1-5-19) from address LocalHost (Using LRPC) running in the application container Unavailable SID (Unavailable). This security permission can be modified using the Component Services administrative tool."
Warning,10-04-2026 11:16:12,Microsoft-Windows-DistributedCOM,10016,None,"The application-specific permission settings do not grant Local Activation permission for the COM Server application with CLSID 
{6B3B8D23-FA8D-40B9-8DBD-B950333E2C52}
 and APPID 
{4839DDB7-58C2-48F5-8283-E1D1807D0D7D}
 to the user NT AUTHORITY\LOCAL SERVICE SID (S-1-5-19) from address LocalHost (Using LRPC) running in the application container Unavailable SID (Unavailable). This security permission can be modified using the Component Services administrative tool."
Warning,10-04-2026 11:16:12,Microsoft-Windows-DistributedCOM,10016,None,"The application-specific permission settings do not grant Local Activation permission for the COM Server application with CLSID 
{6B3B8D23-FA8D-40B9-8DBD-B950333E2C52}
 and APPID 
{4839DDB7-58C2-48F5-8283-E1D1807D0D7D}
 to the user NT AUTHORITY\LOCAL SERVICE SID (S-1-5-19) from address LocalHost (Using LRPC) running in the application container Unavailable SID (Unavailable). This security permission can be modified using the Component Services administrative tool."
Warning,10-04-2026 11:16:11,Microsoft-Windows-Time-Service,134,None,"NtpClient was unable to set a manual peer to use as a time source because of DNS resolution error on 'time.windows.com,0x9'. NtpClient will try again in 15 minutes and double the reattempt interval thereafter. The error was: No such host is known. (0x80072AF9)"
Error,10-04-2026 11:16:11,Microsoft-Windows-NDIS,10317,PnP,"Miniport Microsoft Wi-Fi Direct Virtual Adapter #2, {3c5497bf-cbed-4053-939e-936ea329ee06}, had event Fatal error: The miniport has failed a power transition to operational power"
Warning,10-04-2026 11:16:10,Microsoft-Windows-Dhcp-Client,1003,Address Configuration State Event,Your computer was not able to renew its address from the network (from the DHCP Server) for the Network Card with network address 0xCC474054A496.  The following error occurred: 0x79. Your computer will continue to try and obtain an address on its own from the network address (DHCP) server.
Warning,09-04-2026 20:53:27,winsrvext,100,None,Process C:\Windows\explorer.exe is delaying system shutdown after 5000 milliseconds.
Error,09-04-2026 20:53:25,Microsoft-Windows-DistributedCOM,10010,None,The server {082F08A8-6F51-4FA3-9A14-7563C83D7C49} did not register with DCOM within the required timeout.
Error,09-04-2026 20:53:24,Microsoft-Windows-DistributedCOM,10010,None,The server Microsoft.XboxGamingOverlay_7.326.2102.0_x64__8wekyb3d8bbwe!App.AppXrfdt3p0f38tc4nxz7ajrd5as6ctb0dck.mca did not register with DCOM within the required timeout.
Error,09-04-2026 20:53:21,Microsoft-Windows-DistributedCOM,10010,None,The server {2593F8B9-4EAF-457C-B68A-50F6B8EA6B54} did not register with DCOM within the required timeout.
Error,09-04-2026 20:28:25,Microsoft-Windows-Kernel-EventTracing,3,Session,"Session ""PerfDiag Logger"" stopped due to the following error: 0xC0000188"
Warning,09-04-2026 20:28:25,Microsoft-Windows-Kernel-EventTracing,4,Logging,"The maximum file size for session ""PerfDiag Logger"" has been reached. As a result, events might be lost (not logged) to file ""C:\WINDOWS\system32\WDI\LogFiles\ShutdownPerfDiagLogger.etl"". The maximum files size is currently set to 20971520 bytes."
Warning,09-04-2026 20:24:23,Microsoft-Windows-DistributedCOM,10016,None,"The application-specific permission settings do not grant Local Activation permission for the COM Server application with CLSID 
{2593F8B9-4EAF-457C-B68A-50F6B8EA6B54}
 and APPID 
{15C20B67-12E7-4BB6-92BB-7AFF07997402}
 to the user LAPTOP-IIC1GP5C\MADHUMITA SID (S-1-5-21-1776895936-2929945024-2387409390-1001) from address LocalHost (Using LRPC) running in the application container Unavailable SID (Unavailable). This security permission can be modified using the Component Services administrative tool."
Error,09-04-2026 20:23:16,.NET Runtime,1022,None,.NET Runtime version 4.0.30319.0 - There was a failure initializing profiling API attach infrastructure.  This process will not allow a profiler to attach.  HRESULT: 0x80004005.  Process ID (decimal): 12220.  Message ID: [0x2509].
Error,09-04-2026 20:23:09,MsiInstaller,1013,None,Product: HP Display Control Service -- The device is not a supported system. Aborting installation.
Error,09-04-2026 20:23:08,MsiInstaller,10005,None,"Product: HP Display Control Service -- The installer has encountered an unexpected error installing this package. This may indicate a problem with this package. The error code is 2753. The arguments are: DisplayControl, , "
Error,09-04-2026 20:23:03,MsiInstaller,1013,None,Product: HP Display Control Service -- The device is not a supported system. Aborting installation.
Error,09-04-2026 20:23:02,MsiInstaller,10005,None,"Product: HP Display Control Service -- The installer has encountered an unexpected error installing this package. This may indicate a problem with this package. The error code is 2753. The arguments are: DisplayControl, , "
Error,09-04-2026 20:22:25,Microsoft-Windows-Kernel-EventTracing,2,Session,"Session ""Cloud Files Diagnostic Event Listener"" failed to start with the following error: 0xC0000022"
Error,09-04-2026 20:22:08,Windows App Runtime,22,None,Package dependency criteria could not be resolved. 
Warning,09-04-2026 20:22:06,Microsoft-Windows-User Device Registration,360,None,"Windows Hello for Business provisioning will not be launched. 
Device is Microsoft Entra joined (or hybrid joined): Not Tested 
User has logged on with Microsoft Entra credentials: No 
Windows Hello for Business policy is enabled: Not Tested 
Windows Hello for Business post-logon provisioning is enabled: Not Tested 
Local computer meets Windows hello for business hardware requirements: Not Tested 
User is not connected to the machine via Remote Desktop: Yes 
User certificate for on premise auth policy is enabled: Not Tested 
Machine is governed by none policy. 
Cloud trust for on premise auth policy is enabled: Not Tested 
User account has Cloud to OnPrem TGT: Not Tested 
See https://go.microsoft.com/fwlink/?linkid=832647 for more details."
Warning,09-04-2026 20:22:02,Microsoft-Windows-DistributedCOM,10016,None,"The application-specific permission settings do not grant Local Activation permission for the COM Server application with CLSID 
{6B3B8D23-FA8D-40B9-8DBD-B950333E2C52}
 and APPID 
{4839DDB7-58C2-48F5-8283-E1D1807D0D7D}
 to the user NT AUTHORITY\LOCAL SERVICE SID (S-1-5-19) from address LocalHost (Using LRPC) running in the application container Unavailable SID (Unavailable). This security permission can be modified using the Component Services administrative tool."
Warning,09-04-2026 20:22:02,Microsoft-Windows-DistributedCOM,10016,None,"The application-specific permission settings do not grant Local Activation permission for the COM Server application with CLSID 
{6B3B8D23-FA8D-40B9-8DBD-B950333E2C52}
 and APPID 
{4839DDB7-58C2-48F5-8283-E1D1807D0D7D}
 to the user NT AUTHORITY\LOCAL SERVICE SID (S-1-5-19) from address LocalHost (Using LRPC) running in the application container Unavailable SID (Unavailable). This security permission can be modified using the Component Services administrative tool."
Warning,09-04-2026 20:22:02,Microsoft-Windows-DistributedCOM,10016,None,"The application-specific permission settings do not grant Local Activation permission for the COM Server application with CLSID 
{6B3B8D23-FA8D-40B9-8DBD-B950333E2C52}
 and APPID 
{4839DDB7-58C2-48F5-8283-E1D1807D0D7D}
 to the user NT AUTHORITY\LOCAL SERVICE SID (S-1-5-19) from address LocalHost (Using LRPC) running in the application container Unavailable SID (Unavailable). This security permission can be modified using the Component Services administrative tool."
Warning,09-04-2026 20:22:02,Microsoft-Windows-DistributedCOM,10016,None,"The application-specific permission settings do not grant Local Activation permission for the COM Server application with CLSID 
{6B3B8D23-FA8D-40B9-8DBD-B950333E2C52}
 and APPID 
{4839DDB7-58C2-48F5-8283-E1D1807D0D7D}
 to the user NT AUTHORITY\LOCAL SERVICE SID (S-1-5-19) from address LocalHost (Using LRPC) running in the application container Unavailable SID (Unavailable). This security permission can be modified using the Component Services administrative tool."
Error,09-04-2026 20:22:00,Microsoft-Windows-NDIS,10317,PnP,"Miniport Microsoft Wi-Fi Direct Virtual Adapter #2, {3c5497bf-cbed-4053-939e-936ea329ee06}, had event Fatal error: The miniport has failed a power transition to operational power"
Warning,09-04-2026 12:58:19,winsrvext,100,None,Process C:\Windows\explorer.exe is delaying system shutdown after 5000 milliseconds.
Error,09-04-2026 12:58:13,Microsoft-Windows-DistributedCOM,10010,None,The server {2593F8B9-4EAF-457C-B68A-50F6B8EA6B54} did not register with DCOM within the required timeout.
Warning,09-04-2026 12:57:24,Microsoft-Windows-DistributedCOM,10016,None,"The application-specific permission settings do not grant Local Activation permission for the COM Server application with CLSID 
{8BC3F05E-D86B-11D0-A075-00C04FB68820}
 and APPID 
{8BC3F05E-D86B-11D0-A075-00C04FB68820}
 to the user LAPTOP-IIC1GP5C\MADHUMITA SID (S-1-5-21-1776895936-2929945024-2387409390-1001) from address LocalHost (Using LRPC) running in the application container Unavailable SID (S-1-15-2-2034283098-2252572593-1072577386-2659511007-3245387615-27016815-3920691934). This security permission can be modified using the Component Services administrative tool."
Warning,09-04-2026 12:57:24,Microsoft-Windows-DistributedCOM,10016,None,"The application-specific permission settings do not grant Local Activation permission for the COM Server application with CLSID 
{8BC3F05E-D86B-11D0-A075-00C04FB68820}
 and APPID 
{8BC3F05E-D86B-11D0-A075-00C04FB68820}
 to the user LAPTOP-IIC1GP5C\MADHUMITA SID (S-1-5-21-1776895936-2929945024-2387409390-1001) from address LocalHost (Using LRPC) running in the application container Unavailable SID (S-1-15-2-2034283098-2252572593-1072577386-2659511007-3245387615-27016815-3920691934). This security permission can be modified using the Component Services administrative tool."
Warning,09-04-2026 12:57:24,Microsoft-Windows-DistributedCOM,10016,None,"The application-specific permission settings do not grant Local Activation permission for the COM Server application with CLSID 
{8BC3F05E-D86B-11D0-A075-00C04FB68820}
 and APPID 
{8BC3F05E-D86B-11D0-A075-00C04FB68820}
 to the user LAPTOP-IIC1GP5C\MADHUMITA SID (S-1-5-21-1776895936-2929945024-2387409390-1001) from address LocalHost (Using LRPC) running in the application container Unavailable SID (S-1-15-2-2034283098-2252572593-1072577386-2659511007-3245387615-27016815-3920691934). This security permission can be modified using the Component Services administrative tool."
Warning,09-04-2026 12:57:19,Microsoft-Windows-DistributedCOM,10016,None,"The application-specific permission settings do not grant Local Activation permission for the COM Server application with CLSID 
{2593F8B9-4EAF-457C-B68A-50F6B8EA6B54}
 and APPID 
{15C20B67-12E7-4BB6-92BB-7AFF07997402}
 to the user LAPTOP-IIC1GP5C\MADHUMITA SID (S-1-5-21-1776895936-2929945024-2387409390-1001) from address LocalHost (Using LRPC) running in the application container Unavailable SID (Unavailable). This security permission can be modified using the Component Services administrative tool."
Warning,09-04-2026 12:55:54,Microsoft-Windows-DistributedCOM,10016,None,"The application-specific permission settings do not grant Local Activation permission for the COM Server application with CLSID 
{8BC3F05E-D86B-11D0-A075-00C04FB68820}
 and APPID 
{8BC3F05E-D86B-11D0-A075-00C04FB68820}
 to the user LAPTOP-IIC1GP5C\MADHUMITA SID (S-1-5-21-1776895936-2929945024-2387409390-1001) from address LocalHost (Using LRPC) running in the application container Unavailable SID (S-1-15-2-2034283098-2252572593-1072577386-2659511007-3245387615-27016815-3920691934). This security permission can be modified using the Component Services administrative tool."
Warning,09-04-2026 12:55:54,Microsoft-Windows-DistributedCOM,10016,None,"The application-specific permission settings do not grant Local Activation permission for the COM Server application with CLSID 
{8BC3F05E-D86B-11D0-A075-00C04FB68820}
 and APPID 
{8BC3F05E-D86B-11D0-A075-00C04FB68820}
 to the user LAPTOP-IIC1GP5C\MADHUMITA SID (S-1-5-21-1776895936-2929945024-2387409390-1001) from address LocalHost (Using LRPC) running in the application container Unavailable SID (S-1-15-2-2034283098-2252572593-1072577386-2659511007-3245387615-27016815-3920691934). This security permission can be modified using the Component Services administrative tool."
Warning,09-04-2026 12:55:54,Microsoft-Windows-DistributedCOM,10016,None,"The application-specific permission settings do not grant Local Activation permission for the COM Server application with CLSID 
{8BC3F05E-D86B-11D0-A075-00C04FB68820}
 and APPID 
{8BC3F05E-D86B-11D0-A075-00C04FB68820}
 to the user LAPTOP-IIC1GP5C\MADHUMITA SID (S-1-5-21-1776895936-2929945024-2387409390-1001) from address LocalHost (Using LRPC) running in the application container Unavailable SID (S-1-15-2-2034283098-2252572593-1072577386-2659511007-3245387615-27016815-3920691934). This security permission can be modified using the Component Services administrative tool."
Warning,09-04-2026 12:55:49,Microsoft-Windows-DistributedCOM,10016,None,"The application-specific permission settings do not grant Local Activation permission for the COM Server application with CLSID 
{2593F8B9-4EAF-457C-B68A-50F6B8EA6B54}
 and APPID 
{15C20B67-12E7-4BB6-92BB-7AFF07997402}
 to the user LAPTOP-IIC1GP5C\MADHUMITA SID (S-1-5-21-1776895936-2929945024-2387409390-1001) from address LocalHost (Using LRPC) running in the application container Unavailable SID (Unavailable). This security permission can be modified using the Component Services administrative tool."
Warning,09-04-2026 12:53:48,Microsoft-Windows-DistributedCOM,10016,None,"The application-specific permission settings do not grant Local Activation permission for the COM Server application with CLSID 
{2593F8B9-4EAF-457C-B68A-50F6B8EA6B54}
 and APPID 
{15C20B67-12E7-4BB6-92BB-7AFF07997402}
 to the user LAPTOP-IIC1GP5C\MADHUMITA SID (S-1-5-21-1776895936-2929945024-2387409390-1001) from address LocalHost (Using LRPC) running in the application container Unavailable SID (Unavailable). This security permission can be modified using the Component Services administrative tool."
Warning,09-04-2026 12:50:53,Microsoft-Windows-DistributedCOM,10016,None,"The application-specific permission settings do not grant Local Activation permission for the COM Server application with CLSID 
{2593F8B9-4EAF-457C-B68A-50F6B8EA6B54}
 and APPID 
{15C20B67-12E7-4BB6-92BB-7AFF07997402}
 to the user LAPTOP-IIC1GP5C\MADHUMITA SID (S-1-5-21-1776895936-2929945024-2387409390-1001) from address LocalHost (Using LRPC) running in the application container Unavailable SID (Unavailable). This security permission can be modified using the Component Services administrative tool."
Warning,09-04-2026 12:48:38,Microsoft-Windows-DistributedCOM,10016,None,"The application-specific permission settings do not grant Local Activation permission for the COM Server application with CLSID 
{8BC3F05E-D86B-11D0-A075-00C04FB68820}
 and APPID 
{8BC3F05E-D86B-11D0-A075-00C04FB68820}
 to the user LAPTOP-IIC1GP5C\MADHUMITA SID (S-1-5-21-1776895936-2929945024-2387409390-1001) from address LocalHost (Using LRPC) running in the application container Unavailable SID (S-1-15-2-2034283098-2252572593-1072577386-2659511007-3245387615-27016815-3920691934). This security permission can be modified using the Component Services administrative tool."
Warning,09-04-2026 12:48:38,Microsoft-Windows-DistributedCOM,10016,None,"The application-specific permission settings do not grant Local Activation permission for the COM Server application with CLSID 
{8BC3F05E-D86B-11D0-A075-00C04FB68820}
 and APPID 
{8BC3F05E-D86B-11D0-A075-00C04FB68820}
 to the user LAPTOP-IIC1GP5C\MADHUMITA SID (S-1-5-21-1776895936-2929945024-2387409390-1001) from address LocalHost (Using LRPC) running in the application container Unavailable SID (S-1-15-2-2034283098-2252572593-1072577386-2659511007-3245387615-27016815-3920691934). This security permission can be modified using the Component Services administrative tool."
Warning,09-04-2026 12:48:38,Microsoft-Windows-DistributedCOM,10016,None,"The application-specific permission settings do not grant Local Activation permission for the COM Server application with CLSID 
{8BC3F05E-D86B-11D0-A075-00C04FB68820}
 and APPID 
{8BC3F05E-D86B-11D0-A075-00C04FB68820}
 to the user LAPTOP-IIC1GP5C\MADHUMITA SID (S-1-5-21-1776895936-2929945024-2387409390-1001) from address LocalHost (Using LRPC) running in the application container Unavailable SID (S-1-15-2-2034283098-2252572593-1072577386-2659511007-3245387615-27016815-3920691934). This security permission can be modified using the Component Services administrative tool."
Warning,09-04-2026 12:48:36,Microsoft-Windows-DistributedCOM,10016,None,"The application-specific permission settings do not grant Local Activation permission for the COM Server application with CLSID 
{2593F8B9-4EAF-457C-B68A-50F6B8EA6B54}
 and APPID 
{15C20B67-12E7-4BB6-92BB-7AFF07997402}
 to the user LAPTOP-IIC1GP5C\MADHUMITA SID (S-1-5-21-1776895936-2929945024-2387409390-1001) from address LocalHost (Using LRPC) running in the application container Unavailable SID (Unavailable). This security permission can be modified using the Component Services administrative tool."
Warning,09-04-2026 12:48:24,Microsoft-Windows-DistributedCOM,10016,None,"The application-specific permission settings do not grant Local Activation permission for the COM Server application with CLSID 
{8BC3F05E-D86B-11D0-A075-00C04FB68820}
 and APPID 
{8BC3F05E-D86B-11D0-A075-00C04FB68820}
 to the user LAPTOP-IIC1GP5C\MADHUMITA SID (S-1-5-21-1776895936-2929945024-2387409390-1001) from address LocalHost (Using LRPC) running in the application container Unavailable SID (S-1-15-2-2087866023-3952584490-2500649901-1939115740-2085694280-4013373367-14355634). This security permission can be modified using the Component Services administrative tool."
Warning,09-04-2026 12:42:35,Microsoft-Windows-DistributedCOM,10016,None,"The application-specific permission settings do not grant Local Activation permission for the COM Server application with CLSID 
{8BC3F05E-D86B-11D0-A075-00C04FB68820}
 and APPID 
{8BC3F05E-D86B-11D0-A075-00C04FB68820}
 to the user LAPTOP-IIC1GP5C\MADHUMITA SID (S-1-5-21-1776895936-2929945024-2387409390-1001) from address LocalHost (Using LRPC) running in the application container Unavailable SID (S-1-15-2-2034283098-2252572593-1072577386-2659511007-3245387615-27016815-3920691934). This security permission can be modified using the Component Services administrative tool."
Warning,09-04-2026 12:42:35,Microsoft-Windows-DistributedCOM,10016,None,"The application-specific permission settings do not grant Local Activation permission for the COM Server application with CLSID 
{8BC3F05E-D86B-11D0-A075-00C04FB68820}
 and APPID 
{8BC3F05E-D86B-11D0-A075-00C04FB68820}
 to the user LAPTOP-IIC1GP5C\MADHUMITA SID (S-1-5-21-1776895936-2929945024-2387409390-1001) from address LocalHost (Using LRPC) running in the application container Unavailable SID (S-1-15-2-2034283098-2252572593-1072577386-2659511007-3245387615-27016815-3920691934). This security permission can be modified using the Component Services administrative tool."
Warning,09-04-2026 12:42:34,Microsoft-Windows-DistributedCOM,10016,None,"The application-specific permission settings do not grant Local Activation permission for the COM Server application with CLSID 
{8BC3F05E-D86B-11D0-A075-00C04FB68820}
 and APPID 
{8BC3F05E-D86B-11D0-A075-00C04FB68820}
 to the user LAPTOP-IIC1GP5C\MADHUMITA SID (S-1-5-21-1776895936-2929945024-2387409390-1001) from address LocalHost (Using LRPC) running in the application container Unavailable SID (S-1-15-2-2034283098-2252572593-1072577386-2659511007-3245387615-27016815-3920691934). This security permission can be modified using the Component Services administrative tool."
Warning,09-04-2026 12:42:32,Microsoft-Windows-DistributedCOM,10016,None,"The application-specific permission settings do not grant Local Activation permission for the COM Server application with CLSID 
{2593F8B9-4EAF-457C-B68A-50F6B8EA6B54}
 and APPID 
{15C20B67-12E7-4BB6-92BB-7AFF07997402}
 to the user LAPTOP-IIC1GP5C\MADHUMITA SID (S-1-5-21-1776895936-2929945024-2387409390-1001) from address LocalHost (Using LRPC) running in the application container Unavailable SID (Unavailable). This security permission can be modified using the Component Services administrative tool."
Warning,09-04-2026 12:39:51,Microsoft-Windows-DistributedCOM,10016,None,"The application-specific permission settings do not grant Local Activation permission for the COM Server application with CLSID 
{8BC3F05E-D86B-11D0-A075-00C04FB68820}
 and APPID 
{8BC3F05E-D86B-11D0-A075-00C04FB68820}
 to the user LAPTOP-IIC1GP5C\MADHUMITA SID (S-1-5-21-1776895936-2929945024-2387409390-1001) from address LocalHost (Using LRPC) running in the application container Unavailable SID (S-1-15-2-2034283098-2252572593-1072577386-2659511007-3245387615-27016815-3920691934). This security permission can be modified using the Component Services administrative tool."
Warning,09-04-2026 12:39:51,Microsoft-Windows-DistributedCOM,10016,None,"The application-specific permission settings do not grant Local Activation permission for the COM Server application with CLSID 
{8BC3F05E-D86B-11D0-A075-00C04FB68820}
 and APPID 
{8BC3F05E-D86B-11D0-A075-00C04FB68820}
 to the user LAPTOP-IIC1GP5C\MADHUMITA SID (S-1-5-21-1776895936-2929945024-2387409390-1001) from address LocalHost (Using LRPC) running in the application container Unavailable SID (S-1-15-2-2034283098-2252572593-1072577386-2659511007-3245387615-27016815-3920691934). This security permission can be modified using the Component Services administrative tool."
