Warning,05-04-2026 13:20:05,Microsoft-Windows-DistributedCOM,10016,None,"The application-specific permission settings do not grant Local Activation permission for the COM Server application with CLSID 
{2593F8B9-4EAF-457C-B68A-50F6B8EA6B54}
 and APPID 
{15C20B67-12E7-4BB6-92BB-7AFF07997402}
 to the user LAPTOP-IIC1GP5C\MADHUMITA SID (S-1-5-21-1776895936-2929945024-2387409390-1001) from address LocalHost (Using LRPC) running in the application container Unavailable SID (Unavailable). This security permission can be modified using the Component Services administrative tool."
Warning,05-04-2026 13:05:15,Microsoft-Windows-DistributedCOM,10016,None,"The application-specific permission settings do not grant Local Activation permission for the COM Server application with CLSID 
{2593F8B9-4EAF-457C-B68A-50F6B8EA6B54}
 and APPID 
{15C20B67-12E7-4BB6-92BB-7AFF07997402}
 to the user LAPTOP-IIC1GP5C\MADHUMITA SID (S-1-5-21-1776895936-2929945024-2387409390-1001) from address LocalHost (Using LRPC) running in the application container Unavailable SID (Unavailable). This security permission can be modified using the Component Services administrative tool."
Warning,05-04-2026 12:59:44,Microsoft-Windows-RestartManager,10010,None,Application 'C:\Program Files\Microsoft Office\root\Office16\POWERPNT.EXE' (pid 29100) cannot be restarted - Application SID does not match Conductor SID..
Warning,05-04-2026 12:59:44,Microsoft-Windows-RestartManager,10010,None,Application 'C:\Program Files\Microsoft Office\root\Office16\POWERPNT.EXE' (pid 6976) cannot be restarted - Application SID does not match Conductor SID..
Warning,05-04-2026 12:59:44,Microsoft-Windows-RestartManager,10010,None,Application 'C:\Program Files\Microsoft Office\root\vfs\ProgramFilesCommonX64\Microsoft Shared\OFFICE16\AI\aimgr.exe' (pid 29296) cannot be restarted - Application SID does not match Conductor SID..
Warning,05-04-2026 12:59:44,Microsoft-Windows-RestartManager,10010,None,Application 'C:\Program Files\Microsoft Office\root\Office16\WINWORD.EXE' (pid 4352) cannot be restarted - Application SID does not match Conductor SID..
Warning,05-04-2026 12:59:44,Microsoft-Windows-RestartManager,10010,None,Application 'C:\Program Files\Microsoft Office\root\Office16\ONENOTEM.EXE' (pid 22692) cannot be restarted - Application SID does not match Conductor SID..
Warning,05-04-2026 12:59:44,Microsoft-Windows-RestartManager,10010,None,Application 'C:\Program Files\Microsoft Office\root\vfs\ProgramFilesCommonX64\Microsoft Shared\OFFICE16\AI\ai.exe' (pid 26988) cannot be restarted - Application SID does not match Conductor SID..
Warning,05-04-2026 12:59:44,Microsoft-Windows-RestartManager,10010,None,Application 'C:\Program Files\Microsoft Office\root\vfs\ProgramFilesCommonX64\Microsoft Shared\OFFICE16\AI\ai.exe' (pid 31296) cannot be restarted - Application SID does not match Conductor SID..
Warning,05-04-2026 12:56:40,Microsoft-Windows-RestartManager,10010,None,Application 'C:\Program Files\Microsoft Office\root\Office16\POWERPNT.EXE' (pid 29100) cannot be restarted - Application SID does not match Conductor SID..
Warning,05-04-2026 12:56:40,Microsoft-Windows-RestartManager,10010,None,Application 'C:\Program Files\Microsoft Office\root\Office16\POWERPNT.EXE' (pid 6976) cannot be restarted - Application SID does not match Conductor SID..
Warning,05-04-2026 12:56:40,Microsoft-Windows-RestartManager,10010,None,Application 'C:\Program Files\Microsoft Office\root\vfs\ProgramFilesCommonX64\Microsoft Shared\OFFICE16\AI\aimgr.exe' (pid 29296) cannot be restarted - Application SID does not match Conductor SID..
Warning,05-04-2026 12:56:40,Microsoft-Windows-RestartManager,10010,None,Application 'C:\Program Files\Microsoft Office\root\Office16\WINWORD.EXE' (pid 4352) cannot be restarted - Application SID does not match Conductor SID..
Warning,05-04-2026 12:56:40,Microsoft-Windows-RestartManager,10010,None,Application 'C:\Program Files\Microsoft Office\root\Office16\ONENOTEM.EXE' (pid 22692) cannot be restarted - Application SID does not match Conductor SID..
Warning,05-04-2026 12:56:40,Microsoft-Windows-RestartManager,10010,None,Application 'C:\Program Files\Microsoft Office\root\vfs\ProgramFilesCommonX64\Microsoft Shared\OFFICE16\AI\ai.exe' (pid 26988) cannot be restarted - Application SID does not match Conductor SID..
Warning,05-04-2026 12:56:40,Microsoft-Windows-RestartManager,10010,None,Application 'C:\Program Files\Microsoft Office\root\vfs\ProgramFilesCommonX64\Microsoft Shared\OFFICE16\AI\ai.exe' (pid 31296) cannot be restarted - Application SID does not match Conductor SID..
Error,05-04-2026 12:44:42,MsiInstaller,1013,None,Product: HP Display Control Service -- The device is not a supported system. Aborting installation.
Error,05-04-2026 12:44:41,MsiInstaller,10005,None,"Product: HP Display Control Service -- The installer has encountered an unexpected error installing this package. This may indicate a problem with this package. The error code is 2753. The arguments are: DisplayControl, , "
Warning,05-04-2026 12:39:25,Microsoft-Windows-RestartManager,10010,None,Application 'C:\Program Files\Microsoft Office\root\Office16\POWERPNT.EXE' (pid 29100) cannot be restarted - Application SID does not match Conductor SID..
Warning,05-04-2026 12:39:25,Microsoft-Windows-RestartManager,10010,None,Application 'C:\Program Files\Microsoft Office\root\Office16\POWERPNT.EXE' (pid 6976) cannot be restarted - Application SID does not match Conductor SID..
Warning,05-04-2026 12:39:25,Microsoft-Windows-RestartManager,10010,None,Application 'C:\Program Files\Microsoft Office\root\vfs\ProgramFilesCommonX64\Microsoft Shared\OFFICE16\AI\aimgr.exe' (pid 29296) cannot be restarted - Application SID does not match Conductor SID..
Warning,05-04-2026 12:39:25,Microsoft-Windows-RestartManager,10010,None,Application 'C:\Program Files\Microsoft Office\root\Office16\WINWORD.EXE' (pid 4352) cannot be restarted - Application SID does not match Conductor SID..
Warning,05-04-2026 12:39:25,Microsoft-Windows-RestartManager,10010,None,Application 'C:\Program Files\Microsoft Office\root\Office16\ONENOTEM.EXE' (pid 22692) cannot be restarted - Application SID does not match Conductor SID..
Warning,05-04-2026 12:39:25,Microsoft-Windows-RestartManager,10010,None,Application 'C:\Program Files\Microsoft Office\root\vfs\ProgramFilesCommonX64\Microsoft Shared\OFFICE16\AI\ai.exe' (pid 26988) cannot be restarted - Application SID does not match Conductor SID..
Warning,05-04-2026 12:39:25,Microsoft-Windows-RestartManager,10010,None,Application 'C:\Program Files\Microsoft Office\root\vfs\ProgramFilesCommonX64\Microsoft Shared\OFFICE16\AI\ai.exe' (pid 31296) cannot be restarted - Application SID does not match Conductor SID..
Error,05-04-2026 12:36:19,Application Error,1000,Application Crashing Events,"Faulting application name: DesktopExtension.exe, version: 1.0.0.0, time stamp: 0x69b33584
Faulting module name: KERNELBASE.dll, version: 10.0.26100.7920, time stamp: 0x0cc2a083
Exception code: 0xe0434352
Fault offset: 0x00000000000c73fa
Faulting process id: 0x69F8
Faulting application start time: 0x1DCC19645017BE6
Faulting application path: C:\Program Files\WindowsApps\AD2F1837.myHP_54.52610.3208.0_x64__v10z8vjag6ke6\win32\DesktopExtension.exe
Faulting module path: C:\WINDOWS\System32\KERNELBASE.dll
Report Id: 7b2675af-bdf9-49f8-9de9-6afae1a9f394
Faulting package full name: AD2F1837.myHP_54.52610.3208.0_x64__v10z8vjag6ke6
Faulting package-relative application ID: App"
Error,05-04-2026 12:36:18,.NET Runtime,1026,None,"Application: DesktopExtension.exe
Framework Version: v4.0.30319
Description: The process was terminated due to an unhandled exception.
Exception Info: System.DllNotFoundException
   at Wacom.ISD.SettingsClient_Interop.WacomISD_Shutdown()
   at Wacom.ISD.SettingsClient`1[[System.__Canon, mscorlib, Version=4.0.0.0, Culture=neutral, PublicKeyToken=b77a5c561934e089]].Finalize()

"
Warning,05-04-2026 12:24:42,Microsoft-Windows-RestartManager,10010,None,Application 'C:\Program Files\Microsoft Office\root\Office16\POWERPNT.EXE' (pid 29100) cannot be restarted - Application SID does not match Conductor SID..
Warning,05-04-2026 12:24:42,Microsoft-Windows-RestartManager,10010,None,Application 'C:\Program Files\Microsoft Office\root\Office16\POWERPNT.EXE' (pid 6976) cannot be restarted - Application SID does not match Conductor SID..
Warning,05-04-2026 12:24:42,Microsoft-Windows-RestartManager,10010,None,Application 'C:\Program Files\Microsoft Office\root\vfs\ProgramFilesCommonX64\Microsoft Shared\OFFICE16\AI\aimgr.exe' (pid 29296) cannot be restarted - Application SID does not match Conductor SID..
Warning,05-04-2026 12:24:42,Microsoft-Windows-RestartManager,10010,None,Application 'C:\Program Files\Microsoft Office\root\Office16\WINWORD.EXE' (pid 4352) cannot be restarted - Application SID does not match Conductor SID..
Warning,05-04-2026 12:24:42,Microsoft-Windows-RestartManager,10010,None,Application 'C:\Program Files\Microsoft Office\root\Office16\ONENOTEM.EXE' (pid 22692) cannot be restarted - Application SID does not match Conductor SID..
Warning,05-04-2026 12:24:42,Microsoft-Windows-RestartManager,10010,None,Application 'C:\Program Files\Microsoft Office\root\vfs\ProgramFilesCommonX64\Microsoft Shared\OFFICE16\AI\ai.exe' (pid 26988) cannot be restarted - Application SID does not match Conductor SID..
Warning,05-04-2026 12:24:42,Microsoft-Windows-RestartManager,10010,None,Application 'C:\Program Files\Microsoft Office\root\vfs\ProgramFilesCommonX64\Microsoft Shared\OFFICE16\AI\ai.exe' (pid 31296) cannot be restarted - Application SID does not match Conductor SID..
Warning,05-04-2026 12:20:57,Microsoft-Windows-DistributedCOM,10016,None,"The application-specific permission settings do not grant Local Activation permission for the COM Server application with CLSID 
{8BC3F05E-D86B-11D0-A075-00C04FB68820}
 and APPID 
{8BC3F05E-D86B-11D0-A075-00C04FB68820}
 to the user LAPTOP-IIC1GP5C\MADHUMITA SID (S-1-5-21-1776895936-2929945024-2387409390-1001) from address LocalHost (Using LRPC) running in the application container Unavailable SID (S-1-15-2-4140982509-588254751-3982919310-2923587334-3665751512-3231926963-1451868661). This security permission can be modified using the Component Services administrative tool."
Warning,05-04-2026 12:13:37,Microsoft-Windows-RestartManager,10010,None,Application 'C:\Program Files\Microsoft Office\root\vfs\ProgramFilesCommonX64\Microsoft Shared\OFFICE16\AI\aimgr.exe' (pid 29296) cannot be restarted - Application SID does not match Conductor SID..
Warning,05-04-2026 12:13:37,Microsoft-Windows-RestartManager,10010,None,Application 'C:\Program Files\Microsoft Office\root\Office16\WINWORD.EXE' (pid 4352) cannot be restarted - Application SID does not match Conductor SID..
Warning,05-04-2026 12:13:37,Microsoft-Windows-RestartManager,10010,None,Application 'C:\Program Files\Microsoft Office\root\Office16\ONENOTEM.EXE' (pid 22692) cannot be restarted - Application SID does not match Conductor SID..
Warning,05-04-2026 12:13:37,Microsoft-Windows-RestartManager,10010,None,Application 'C:\Program Files\Microsoft Office\root\vfs\ProgramFilesCommonX64\Microsoft Shared\OFFICE16\AI\ai.exe' (pid 31296) cannot be restarted - Application SID does not match Conductor SID..
Warning,05-04-2026 12:09:33,VBScriptDeprecationAlert,4096,None,"The description for Event ID 4096 from source VBScriptDeprecationAlert cannot be found. Either the component that raises this event is not installed on your local computer or the installation is corrupted. You can install or repair the component on the local computer.

If the event originated on another computer, the display information had to be saved with the event.

The following information was included with the event: 

VBScript is scheduled for deprecation. Our telemetry indicates that your system is currently utilizing VBScript.
We strongly recommend identifying and migrating away from any VBScript dependencies at the earliest.

The following process has been detected as using VBScript. The associated process tree and call stack are provided below to assist in identifying the scenario in which VBScript was invoked.

ProcessName = ""wmic.exe""
ProcessTree = ""WMIC.exe;Arduino IDE.exe;Arduino IDE.exe;explorer.exe""
CallStack = ""vbscript.dll+0x68C16;vbscript.dll+0x5571F;vbscript.dll+0x4024A;msxml6.dll+0x1113C6;msxml6.dll+0x10E482;msxml6.dll+0x215AC;msxml6.dll+0x4670A;msxml6.dll+0xCA1F7;msxml6.dll+0xCBA85;msxml6.dll+0xCB94D;wmic.exe+0x276BD;wmic.exe+0x2173E;wmic.exe+0x25D45;wmic.exe+0x3BCD0;wmic.exe+0x3909F;wmic.exe+0x18F4;KERNEL32.DLL+0x2E8D7;ntdll.dll+0x8C48C""
ProcessTreeEnhanced = ""WMIC.exe(""wmic.exe PROCESS GET Name,ProcessId,ParentProcessId,Status"");Arduino IDE.exe(""<path>\Arduino <path>\Arduino IDE.exe"" <path>\Arduino <path>\main.js"""");Arduino IDE.exe(""<path>\Arduino <path>\Arduino IDE.exe"""");explorer.exe(""<path>\Explorer.EXE"")""

The message resource is present but the message was not found in the message table
"
Warning,05-04-2026 12:08:27,Microsoft-Windows-RestartManager,10010,None,Application 'C:\Program Files\Microsoft Office\root\vfs\ProgramFilesCommonX64\Microsoft Shared\OFFICE16\AI\aimgr.exe' (pid 29296) cannot be restarted - Application SID does not match Conductor SID..
Warning,05-04-2026 12:08:27,Microsoft-Windows-RestartManager,10010,None,Application 'C:\Program Files\Microsoft Office\root\Office16\WINWORD.EXE' (pid 4352) cannot be restarted - Application SID does not match Conductor SID..
Warning,05-04-2026 12:08:27,Microsoft-Windows-RestartManager,10010,None,Application 'C:\Program Files\Microsoft Office\root\Office16\ONENOTEM.EXE' (pid 22692) cannot be restarted - Application SID does not match Conductor SID..
Warning,05-04-2026 12:08:27,Microsoft-Windows-RestartManager,10010,None,Application 'C:\Program Files\Microsoft Office\root\vfs\ProgramFilesCommonX64\Microsoft Shared\OFFICE16\AI\ai.exe' (pid 31296) cannot be restarted - Application SID does not match Conductor SID..
Warning,05-04-2026 11:42:21,Microsoft-Windows-RestartManager,10010,None,Application 'C:\Program Files\Microsoft Office\root\vfs\ProgramFilesCommonX64\Microsoft Shared\OFFICE16\AI\aimgr.exe' (pid 29296) cannot be restarted - Application SID does not match Conductor SID..
Warning,05-04-2026 11:42:21,Microsoft-Windows-RestartManager,10010,None,Application 'C:\Program Files\Microsoft Office\root\Office16\WINWORD.EXE' (pid 4352) cannot be restarted - Application SID does not match Conductor SID..
Warning,05-04-2026 11:42:21,Microsoft-Windows-RestartManager,10010,None,Application 'C:\Program Files\Microsoft Office\root\Office16\ONENOTEM.EXE' (pid 22692) cannot be restarted - Application SID does not match Conductor SID..
Warning,05-04-2026 11:42:21,Microsoft-Windows-RestartManager,10010,None,Application 'C:\Program Files\Microsoft Office\root\vfs\ProgramFilesCommonX64\Microsoft Shared\OFFICE16\AI\ai.exe' (pid 31296) cannot be restarted - Application SID does not match Conductor SID..
Error,05-04-2026 11:17:49,MsiInstaller,1013,None,Product: HP Display Control Service -- The device is not a supported system. Aborting installation.
Error,05-04-2026 11:17:38,MsiInstaller,10005,None,"Product: HP Display Control Service -- The installer has encountered an unexpected error installing this package. This may indicate a problem with this package. The error code is 2753. The arguments are: DisplayControl, , "
Error,05-04-2026 11:16:49,Microsoft-Windows-Kernel-EventTracing,2,Session,"Session ""Microsoft.Windows.Remediation"" failed to start with the following error: 0xC0000035"
Error,05-04-2026 11:16:43,Microsoft-Windows-TPM-WMI,1796,None,"The Secure Boot update failed to update SBAT with error Unknown HResult Error code: 0x800700c1. For more information, please see https://go.microsoft.com/fwlink/?linkid=2169931"
Warning,05-04-2026 11:16:33,Microsoft-Windows-Time-Service,134,None,"NtpClient was unable to set a manual peer to use as a time source because of DNS resolution error on 'time.windows.com,0x9'. NtpClient will try again in 15 minutes and double the reattempt interval thereafter. The error was: No such host is known. (0x80072AF9)"
Warning,05-04-2026 11:16:28,Win32k,701,None,Power Manager has not requested suppression of all input (INPUT_SUPPRESS_REQUEST=0)
Warning,05-04-2026 11:16:28,Win32k,701,None,Power Manager has not requested suppression of all input (INPUT_SUPPRESS_REQUEST=0)
Warning,01-04-2026 23:47:31,Microsoft-Windows-Time-Service,134,None,"NtpClient was unable to set a manual peer to use as a time source because of DNS resolution error on 'time.windows.com,0x9'. NtpClient will try again in 15 minutes and double the reattempt interval thereafter. The error was: No such host is known. (0x80072AF9)"
Warning,01-04-2026 12:17:58,Win32k,700,None,Power Manager has requested suppression of all input (INPUT_SUPPRESS_REQUEST=1)
Warning,01-04-2026 12:17:58,Win32k,700,None,Power Manager has requested suppression of all input (INPUT_SUPPRESS_REQUEST=1)
Warning,01-04-2026 12:10:54,Win32k,701,None,Power Manager has not requested suppression of all input (INPUT_SUPPRESS_REQUEST=0)
Warning,01-04-2026 12:10:54,Win32k,701,None,Power Manager has not requested suppression of all input (INPUT_SUPPRESS_REQUEST=0)
Warning,01-04-2026 12:08:02,Win32k,700,None,Power Manager has requested suppression of all input (INPUT_SUPPRESS_REQUEST=1)
Warning,01-04-2026 12:08:02,Win32k,700,None,Power Manager has requested suppression of all input (INPUT_SUPPRESS_REQUEST=1)
Warning,01-04-2026 11:48:22,Win32k,701,None,Power Manager has not requested suppression of all input (INPUT_SUPPRESS_REQUEST=0)
Warning,01-04-2026 11:48:22,Win32k,701,None,Power Manager has not requested suppression of all input (INPUT_SUPPRESS_REQUEST=0)
Warning,01-04-2026 11:46:56,Win32k,700,None,Power Manager has requested suppression of all input (INPUT_SUPPRESS_REQUEST=1)
Warning,01-04-2026 11:46:56,Win32k,700,None,Power Manager has requested suppression of all input (INPUT_SUPPRESS_REQUEST=1)
Error,01-04-2026 11:46:44,Bonjour Service,100,None,Local Hostname LAPTOP-IIC1GP5C.local already in use; will try LAPTOP-IIC1GP5C-2.local instead
Error,01-04-2026 11:46:44,Bonjour Service,100,None,mDNSCoreReceiveResponse: ProbeCount 2; will rename    4 LAPTOP-IIC1GP5C.local. Addr 10.216.65.225
Error,01-04-2026 11:46:44,Bonjour Service,100,None,mDNSCoreReceiveResponse: Received from 10.216.65.225:5353   16 LAPTOP-IIC1GP5C.local. AAAA 2409:40F4:314C:BB48:0837:C25C:E624:156C
Warning,01-04-2026 11:46:39,Win32k,701,None,Power Manager has not requested suppression of all input (INPUT_SUPPRESS_REQUEST=0)
Warning,01-04-2026 11:46:39,Win32k,701,None,Power Manager has not requested suppression of all input (INPUT_SUPPRESS_REQUEST=0)
Warning,01-04-2026 11:46:20,Win32k,700,None,Power Manager has requested suppression of all input (INPUT_SUPPRESS_REQUEST=1)
Warning,01-04-2026 11:46:20,Win32k,700,None,Power Manager has requested suppression of all input (INPUT_SUPPRESS_REQUEST=1)
Error,01-04-2026 11:46:15,Microsoft-Windows-Dhcp-Client,1002,Address Configuration State Event,The IP address lease 10.171.167.225 for the Network Card with network address 0xCC474054A496 has been denied by the DHCP server 10.45.129.38 (The DHCP Server sent a DHCPNACK message).
Warning,01-04-2026 11:45:10,Microsoft-Windows-Dhcp-Client,1003,Address Configuration State Event,Your computer was not able to renew its address from the network (from the DHCP Server) for the Network Card with network address 0xCC474054A496.  The following error occurred: 0x79. Your computer will continue to try and obtain an address on its own from the network address (DHCP) server.
Warning,01-04-2026 11:45:07,Microsoft-Windows-WLAN-AutoConfig,4003,None,"WLAN AutoConfig detected limited connectivity, attempting automatic recovery.

Recovery Type: 4
Error Code: 0x0
Trigger Reason: 3
IP Family: 0
"
Error,01-04-2026 11:44:57,Bonjour Service,100,None,Local Hostname LAPTOP-IIC1GP5C.local already in use; will try LAPTOP-IIC1GP5C-2.local instead
Error,01-04-2026 11:44:57,Bonjour Service,100,None,mDNSCoreReceiveResponse: ProbeCount 0; will rename    4 LAPTOP-IIC1GP5C.local. Addr 10.45.129.225
Error,01-04-2026 11:44:57,Bonjour Service,100,None,mDNSCoreReceiveResponse: Received from 10.45.129.225:5353   16 LAPTOP-IIC1GP5C.local. AAAA 2409:4072:649E:0A4C:70DD:3F99:0948:B2C0
Error,01-04-2026 11:44:27,Universal Print,1,None,"Failure response trying to get MPS Discovery Endpoint from MS Graph. HttpStatus=12007, TraceId: "
Error,01-04-2026 11:43:56,Tcpip,4199,None,The system detected an address conflict for IP address 2409:408d:3315:bb51:794a:fc04:56e3:75fd with the system having network hardware address 02-50-F3-00-08-04. Network operations on this system may be disrupted as a result.
Error,01-04-2026 11:43:46,Bonjour Service,100,None,Local Hostname LAPTOP-IIC1GP5C.local already in use; will try LAPTOP-IIC1GP5C-2.local instead
Error,01-04-2026 11:43:46,Bonjour Service,100,None,mDNSCoreReceiveResponse: ProbeCount 2; will rename   16 LAPTOP-IIC1GP5C.local. AAAA FE80:0000:0000:0000:8B2F:8828:ED0C:FE27
Error,01-04-2026 11:43:46,Bonjour Service,100,None,mDNSCoreReceiveResponse: Received from FE80:0000:0000:0000:8B2F:8828:ED0C:FE27:5353    4 LAPTOP-IIC1GP5C.local. Addr 10.45.129.225
Error,01-04-2026 11:37:34,Tcpip,4199,None,The system detected an address conflict for IP address 2409:40f4:314c:bb48:837:c25c:e624:156c with the system having network hardware address 02-50-F3-00-08-04. Network operations on this system may be disrupted as a result.
Warning,01-04-2026 11:20:24,Microsoft-Windows-DistributedCOM,10016,None,"The application-specific permission settings do not grant Local Activation permission for the COM Server application with CLSID 
{2593F8B9-4EAF-457C-B68A-50F6B8EA6B54}
 and APPID 
{15C20B67-12E7-4BB6-92BB-7AFF07997402}
 to the user LAPTOP-IIC1GP5C\MADHUMITA SID (S-1-5-21-1776895936-2929945024-2387409390-1001) from address LocalHost (Using LRPC) running in the application container Unavailable SID (Unavailable). This security permission can be modified using the Component Services administrative tool."
Warning,01-04-2026 11:12:38,Microsoft-Windows-DistributedCOM,10016,None,"The application-specific permission settings do not grant Local Activation permission for the COM Server application with CLSID 
{2593F8B9-4EAF-457C-B68A-50F6B8EA6B54}
 and APPID 
{15C20B67-12E7-4BB6-92BB-7AFF07997402}
 to the user LAPTOP-IIC1GP5C\MADHUMITA SID (S-1-5-21-1776895936-2929945024-2387409390-1001) from address LocalHost (Using LRPC) running in the application container Unavailable SID (Unavailable). This security permission can be modified using the Component Services administrative tool."
Error,01-04-2026 11:09:45,MsiInstaller,1013,None,Product: HP Display Control Service -- The device is not a supported system. Aborting installation.
Error,01-04-2026 11:09:44,MsiInstaller,10005,None,"Product: HP Display Control Service -- The installer has encountered an unexpected error installing this package. This may indicate a problem with this package. The error code is 2753. The arguments are: DisplayControl, , "
Error,01-04-2026 11:09:26,Universal Print,1,None,"Failure response trying to get MPS Discovery Endpoint from MS Graph. HttpStatus=12002, TraceId: "
Warning,01-04-2026 11:07:49,Microsoft-Windows-DistributedCOM,10016,None,"The application-specific permission settings do not grant Local Activation permission for the COM Server application with CLSID 
{2593F8B9-4EAF-457C-B68A-50F6B8EA6B54}
 and APPID 
{15C20B67-12E7-4BB6-92BB-7AFF07997402}
 to the user LAPTOP-IIC1GP5C\MADHUMITA SID (S-1-5-21-1776895936-2929945024-2387409390-1001) from address LocalHost (Using LRPC) running in the application container 5319275A.WhatsAppDesktop_2.2607.106.0_x64__cv1g1gvanyjgm SID (Unavailable). This security permission can be modified using the Component Services administrative tool."
Error,01-04-2026 10:44:21,Microsoft-Windows-Kernel-EventTracing,3,Session,"Session ""PerfDiag Logger"" stopped due to the following error: 0xC0000188"
Warning,01-04-2026 10:44:21,Microsoft-Windows-Kernel-EventTracing,4,Logging,"The maximum file size for session ""PerfDiag Logger"" has been reached. As a result, events might be lost (not logged) to file ""C:\WINDOWS\system32\WDI\LogFiles\ShutdownPerfDiagLogger.etl"". The maximum files size is currently set to 20971520 bytes."
Error,01-04-2026 10:44:12,Universal Print,1,None,"Failure response trying to get MPS Discovery Endpoint from MS Graph. HttpStatus=12002, TraceId: "
Error,01-04-2026 10:40:37,MsiInstaller,1013,None,Product: HP Display Control Service -- The device is not a supported system. Aborting installation.
Error,01-04-2026 10:40:37,MsiInstaller,10005,None,"Product: HP Display Control Service -- The installer has encountered an unexpected error installing this package. This may indicate a problem with this package. The error code is 2753. The arguments are: DisplayControl, , "
Error,01-04-2026 10:40:20,Microsoft-Windows-Kernel-EventTracing,2,Session,"Session ""Cloud Files Diagnostic Event Listener"" failed to start with the following error: 0xC0000022"
Error,01-04-2026 10:40:06,Windows App Runtime,22,None,Package dependency criteria could not be resolved. 
Error,01-04-2026 10:39:43,Microsoft-Windows-TPM-WMI,1796,None,"The Secure Boot update failed to update SBAT with error Unknown HResult Error code: 0x800700c1. For more information, please see https://go.microsoft.com/fwlink/?linkid=2169931"
Warning,01-04-2026 10:39:35,Microsoft-Windows-User Device Registration,360,None,"Windows Hello for Business provisioning will not be launched. 
Device is Microsoft Entra joined (or hybrid joined): Not Tested 
User has logged on with Microsoft Entra credentials: No 
Windows Hello for Business policy is enabled: Not Tested 
Windows Hello for Business post-logon provisioning is enabled: Not Tested 
Local computer meets Windows hello for business hardware requirements: Not Tested 
User is not connected to the machine via Remote Desktop: Yes 
User certificate for on premise auth policy is enabled: Not Tested 
Machine is governed by none policy. 
Cloud trust for on premise auth policy is enabled: Not Tested 
User account has Cloud to OnPrem TGT: Not Tested 
See https://go.microsoft.com/fwlink/?linkid=832647 for more details."
Error,01-04-2026 10:39:34,Bonjour Service,100,None,Local Hostname LAPTOP-IIC1GP5C.local already in use; will try LAPTOP-IIC1GP5C-2.local instead
Error,01-04-2026 10:39:34,Bonjour Service,100,None,mDNSCoreReceiveResponse: ProbeCount 2; will rename   16 LAPTOP-IIC1GP5C.local. AAAA FE80:0000:0000:0000:8B2F:8828:ED0C:FE27
Error,01-04-2026 10:39:34,Bonjour Service,100,None,mDNSCoreReceiveResponse: Received from FE80:0000:0000:0000:8B2F:8828:ED0C:FE27:5353   16 LAPTOP-IIC1GP5C.local. AAAA 2409:40F4:314C:BB48:0837:C25C:E624:156C
Warning,01-04-2026 10:39:31,Microsoft-Windows-Time-Service,134,None,"NtpClient was unable to set a manual peer to use as a time source because of DNS resolution error on 'time.windows.com,0x9'. NtpClient will try again in 15 minutes and double the reattempt interval thereafter. The error was: No such host is known. (0x80072AF9)"
Warning,01-04-2026 10:39:31,Microsoft-Windows-DistributedCOM,10016,None,"The application-specific permission settings do not grant Local Activation permission for the COM Server application with CLSID 
{6B3B8D23-FA8D-40B9-8DBD-B950333E2C52}
 and APPID 
{4839DDB7-58C2-48F5-8283-E1D1807D0D7D}
 to the user NT AUTHORITY\LOCAL SERVICE SID (S-1-5-19) from address LocalHost (Using LRPC) running in the application container Unavailable SID (Unavailable). This security permission can be modified using the Component Services administrative tool."
Warning,01-04-2026 10:39:31,Microsoft-Windows-DistributedCOM,10016,None,"The application-specific permission settings do not grant Local Activation permission for the COM Server application with CLSID 
{6B3B8D23-FA8D-40B9-8DBD-B950333E2C52}
 and APPID 
{4839DDB7-58C2-48F5-8283-E1D1807D0D7D}
 to the user NT AUTHORITY\LOCAL SERVICE SID (S-1-5-19) from address LocalHost (Using LRPC) running in the application container Unavailable SID (Unavailable). This security permission can be modified using the Component Services administrative tool."
Warning,01-04-2026 10:39:31,Microsoft-Windows-DistributedCOM,10016,None,"The application-specific permission settings do not grant Local Activation permission for the COM Server application with CLSID 
{6B3B8D23-FA8D-40B9-8DBD-B950333E2C52}
 and APPID 
{4839DDB7-58C2-48F5-8283-E1D1807D0D7D}
 to the user NT AUTHORITY\LOCAL SERVICE SID (S-1-5-19) from address LocalHost (Using LRPC) running in the application container Unavailable SID (Unavailable). This security permission can be modified using the Component Services administrative tool."
Warning,01-04-2026 10:39:31,Microsoft-Windows-DistributedCOM,10016,None,"The application-specific permission settings do not grant Local Activation permission for the COM Server application with CLSID 
{6B3B8D23-FA8D-40B9-8DBD-B950333E2C52}
 and APPID 
{4839DDB7-58C2-48F5-8283-E1D1807D0D7D}
 to the user NT AUTHORITY\LOCAL SERVICE SID (S-1-5-19) from address LocalHost (Using LRPC) running in the application container Unavailable SID (Unavailable). This security permission can be modified using the Component Services administrative tool."
Error,01-04-2026 10:39:29,Microsoft-Windows-NDIS,10317,PnP,"Miniport Microsoft Wi-Fi Direct Virtual Adapter #2, {3c5497bf-cbed-4053-939e-936ea329ee06}, had event Fatal error: The miniport has failed a power transition to operational power"
Warning,01-04-2026 10:39:28,Microsoft-Windows-Dhcp-Client,1003,Address Configuration State Event,Your computer was not able to renew its address from the network (from the DHCP Server) for the Network Card with network address 0xCC474054A496.  The following error occurred: 0x79. Your computer will continue to try and obtain an address on its own from the network address (DHCP) server.
Error,31-03-2026 22:46:48,.NET Runtime,1022,None,.NET Runtime version 4.0.30319.0 - There was a failure initializing profiling API attach infrastructure.  This process will not allow a profiler to attach.  HRESULT: 0x80004005.  Process ID (decimal): 26608.  Message ID: [0x2509].
Error,31-03-2026 22:31:09,.NET Runtime,1022,None,.NET Runtime version 4.0.30319.0 - There was a failure initializing profiling API attach infrastructure.  This process will not allow a profiler to attach.  HRESULT: 0x80004005.  Process ID (decimal): 13136.  Message ID: [0x2509].
Error,31-03-2026 22:29:00,MsiInstaller,1013,None,Product: HP Display Control Service -- The device is not a supported system. Aborting installation.
Error,31-03-2026 22:28:59,MsiInstaller,10005,None,"Product: HP Display Control Service -- The installer has encountered an unexpected error installing this package. This may indicate a problem with this package. The error code is 2753. The arguments are: DisplayControl, , "
Warning,31-03-2026 22:28:30,Microsoft-Windows-DistributedCOM,10016,None,"The application-specific permission settings do not grant Local Activation permission for the COM Server application with CLSID 
{2593F8B9-4EAF-457C-B68A-50F6B8EA6B54}
 and APPID 
{15C20B67-12E7-4BB6-92BB-7AFF07997402}
 to the user LAPTOP-IIC1GP5C\MADHUMITA SID (S-1-5-21-1776895936-2929945024-2387409390-1001) from address LocalHost (Using LRPC) running in the application container Unavailable SID (Unavailable). This security permission can be modified using the Component Services administrative tool."
Warning,31-03-2026 22:27:56,VBScriptDeprecationAlert,4096,None,"The description for Event ID 4096 from source VBScriptDeprecationAlert cannot be found. Either the component that raises this event is not installed on your local computer or the installation is corrupted. You can install or repair the component on the local computer.

If the event originated on another computer, the display information had to be saved with the event.

The following information was included with the event: 

VBScript is scheduled for deprecation. Our telemetry indicates that your system is currently utilizing VBScript.
We strongly recommend identifying and migrating away from any VBScript dependencies at the earliest.

The following process has been detected as using VBScript. The associated process tree and call stack are provided below to assist in identifying the scenario in which VBScript was invoked.

ProcessName = ""wmic.exe""
ProcessTree = ""WMIC.exe;Arduino IDE.exe;Arduino IDE.exe""
CallStack = ""vbscript.dll+0x68C16;vbscript.dll+0x5571F;vbscript.dll+0x4024A;msxml6.dll+0x1113C6;msxml6.dll+0x10E482;msxml6.dll+0x215AC;msxml6.dll+0x4670A;msxml6.dll+0xCA1F7;msxml6.dll+0xCBA85;msxml6.dll+0xCB94D;wmic.exe+0x276BD;wmic.exe+0x2173E;wmic.exe+0x25D45;wmic.exe+0x3BCD0;wmic.exe+0x3909F;wmic.exe+0x18F4;KERNEL32.DLL+0x2E8D7;ntdll.dll+0x8C48C""
ProcessTreeEnhanced = ""WMIC.exe(""wmic.exe PROCESS GET Name,ProcessId,ParentProcessId,Status"");Arduino IDE.exe(""<path>\Arduino <path>\Arduino IDE.exe"" <path>\Arduino <path>\main.js"""");Arduino IDE.exe(""<path>\Arduino <path>\Arduino IDE.exe"""")""

The message resource is present but the message was not found in the message table
"
Error,31-03-2026 20:57:47,Microsoft-Windows-TPM-WMI,1796,None,"The Secure Boot update failed to update SBAT with error Unknown HResult Error code: 0x800700c1. For more information, please see https://go.microsoft.com/fwlink/?linkid=2169931"
Warning,31-03-2026 20:57:43,VBScriptDeprecationAlert,4096,None,"The description for Event ID 4096 from source VBScriptDeprecationAlert cannot be found. Either the component that raises this event is not installed on your local computer or the installation is corrupted. You can install or repair the component on the local computer.

If the event originated on another computer, the display information had to be saved with the event.

The following information was included with the event: 

VBScript is scheduled for deprecation. Our telemetry indicates that your system is currently utilizing VBScript.
We strongly recommend identifying and migrating away from any VBScript dependencies at the earliest.

The following process has been detected as using VBScript. The associated process tree and call stack are provided below to assist in identifying the scenario in which VBScript was invoked.

ProcessName = ""wmic.exe""
ProcessTree = ""WMIC.exe;Arduino IDE.exe;Arduino IDE.exe""
CallStack = ""vbscript.dll+0x68C16;vbscript.dll+0x5571F;vbscript.dll+0x4024A;msxml6.dll+0x1113C6;msxml6.dll+0x10E482;msxml6.dll+0x215AC;msxml6.dll+0x4670A;msxml6.dll+0xCA1F7;msxml6.dll+0xCBA85;msxml6.dll+0xCB94D;wmic.exe+0x276BD;wmic.exe+0x2173E;wmic.exe+0x25D45;wmic.exe+0x3BCD0;wmic.exe+0x3909F;wmic.exe+0x18F4;KERNEL32.DLL+0x2E8D7;ntdll.dll+0x8C48C""
ProcessTreeEnhanced = ""WMIC.exe(""wmic.exe PROCESS GET Name,ProcessId,ParentProcessId,Status"");Arduino IDE.exe(""<path>\Arduino <path>\Arduino IDE.exe"" <path>\Arduino <path>\main.js"""");Arduino IDE.exe(""<path>\Arduino <path>\Arduino IDE.exe"""")""

The message resource is present but the message was not found in the message table
"
Warning,31-03-2026 19:36:21,VBScriptDeprecationAlert,4096,None,"The description for Event ID 4096 from source VBScriptDeprecationAlert cannot be found. Either the component that raises this event is not installed on your local computer or the installation is corrupted. You can install or repair the component on the local computer.

If the event originated on another computer, the display information had to be saved with the event.

The following information was included with the event: 

VBScript is scheduled for deprecation. Our telemetry indicates that your system is currently utilizing VBScript.
We strongly recommend identifying and migrating away from any VBScript dependencies at the earliest.

The following process has been detected as using VBScript. The associated process tree and call stack are provided below to assist in identifying the scenario in which VBScript was invoked.

ProcessName = ""wmic.exe""
ProcessTree = ""WMIC.exe;Arduino IDE.exe;Arduino IDE.exe""
CallStack = ""vbscript.dll+0x68C16;vbscript.dll+0x5571F;vbscript.dll+0x4024A;msxml6.dll+0x1113C6;msxml6.dll+0x10E482;msxml6.dll+0x215AC;msxml6.dll+0x4670A;msxml6.dll+0xCA1F7;msxml6.dll+0xCBA85;msxml6.dll+0xCB94D;wmic.exe+0x276BD;wmic.exe+0x2173E;wmic.exe+0x25D45;wmic.exe+0x3BCD0;wmic.exe+0x3909F;wmic.exe+0x18F4;KERNEL32.DLL+0x2E8D7;ntdll.dll+0x8C48C""
ProcessTreeEnhanced = ""WMIC.exe(""wmic.exe PROCESS GET Name,ProcessId,ParentProcessId,Status"");Arduino IDE.exe(""<path>\Arduino <path>\Arduino IDE.exe"" <path>\Arduino <path>\main.js"""");Arduino IDE.exe(""<path>\Arduino <path>\Arduino IDE.exe"""")""

The message resource is present but the message was not found in the message table
"
Warning,31-03-2026 19:36:20,Microsoft-Windows-Time-Service,134,None,"NtpClient was unable to set a manual peer to use as a time source because of DNS resolution error on 'time.windows.com,0x9'. NtpClient will try again in 15 minutes and double the reattempt interval thereafter. The error was: No such host is known. (0x80072AF9)"
Warning,31-03-2026 18:44:08,VBScriptDeprecationAlert,4096,None,"The description for Event ID 4096 from source VBScriptDeprecationAlert cannot be found. Either the component that raises this event is not installed on your local computer or the installation is corrupted. You can install or repair the component on the local computer.

If the event originated on another computer, the display information had to be saved with the event.

The following information was included with the event: 

VBScript is scheduled for deprecation. Our telemetry indicates that your system is currently utilizing VBScript.
We strongly recommend identifying and migrating away from any VBScript dependencies at the earliest.

The following process has been detected as using VBScript. The associated process tree and call stack are provided below to assist in identifying the scenario in which VBScript was invoked.

ProcessName = ""wmic.exe""
ProcessTree = ""WMIC.exe;Arduino IDE.exe;Arduino IDE.exe""
CallStack = ""vbscript.dll+0x68C16;vbscript.dll+0x5571F;vbscript.dll+0x4024A;msxml6.dll+0x1113C6;msxml6.dll+0x10E482;msxml6.dll+0x215AC;msxml6.dll+0x4670A;msxml6.dll+0xCA1F7;msxml6.dll+0xCBA85;msxml6.dll+0xCB94D;wmic.exe+0x276BD;wmic.exe+0x2173E;wmic.exe+0x25D45;wmic.exe+0x3BCD0;wmic.exe+0x3909F;wmic.exe+0x18F4;KERNEL32.DLL+0x2E8D7;ntdll.dll+0x8C48C""
ProcessTreeEnhanced = ""WMIC.exe(""wmic.exe PROCESS GET Name,ProcessId,ParentProcessId,Status"");Arduino IDE.exe(""<path>\Arduino <path>\Arduino IDE.exe"" <path>\Arduino <path>\main.js"""");Arduino IDE.exe(""<path>\Arduino <path>\Arduino IDE.exe"""")""

The message resource is present but the message was not found in the message table
"
Warning,31-03-2026 18:44:07,Microsoft-Windows-Time-Service,134,None,"NtpClient was unable to set a manual peer to use as a time source because of DNS resolution error on 'time.windows.com,0x9'. NtpClient will try again in 15 minutes and double the reattempt interval thereafter. The error was: No such host is known. (0x80072AF9)"
Warning,31-03-2026 18:11:24,VBScriptDeprecationAlert,4096,None,"The description for Event ID 4096 from source VBScriptDeprecationAlert cannot be found. Either the component that raises this event is not installed on your local computer or the installation is corrupted. You can install or repair the component on the local computer.

If the event originated on another computer, the display information had to be saved with the event.

The following information was included with the event: 

VBScript is scheduled for deprecation. Our telemetry indicates that your system is currently utilizing VBScript.
We strongly recommend identifying and migrating away from any VBScript dependencies at the earliest.

The following process has been detected as using VBScript. The associated process tree and call stack are provided below to assist in identifying the scenario in which VBScript was invoked.

ProcessName = ""wmic.exe""
ProcessTree = ""WMIC.exe;Arduino IDE.exe;Arduino IDE.exe""
CallStack = ""vbscript.dll+0x68C16;vbscript.dll+0x5571F;vbscript.dll+0x4024A;msxml6.dll+0x1113C6;msxml6.dll+0x10E482;msxml6.dll+0x215AC;msxml6.dll+0x4670A;msxml6.dll+0xCA1F7;msxml6.dll+0xCBA85;msxml6.dll+0xCB94D;wmic.exe+0x276BD;wmic.exe+0x2173E;wmic.exe+0x25D45;wmic.exe+0x3BCD0;wmic.exe+0x3909F;wmic.exe+0x18F4;KERNEL32.DLL+0x2E8D7;ntdll.dll+0x8C48C""
ProcessTreeEnhanced = ""WMIC.exe(""wmic.exe PROCESS GET Name,ProcessId,ParentProcessId,Status"");Arduino IDE.exe(""<path>\Arduino <path>\Arduino IDE.exe"" <path>\Arduino <path>\main.js"""");Arduino IDE.exe(""<path>\Arduino <path>\Arduino IDE.exe"""")""

The message resource is present but the message was not found in the message table
"
Warning,31-03-2026 17:56:37,VBScriptDeprecationAlert,4096,None,"The description for Event ID 4096 from source VBScriptDeprecationAlert cannot be found. Either the component that raises this event is not installed on your local computer or the installation is corrupted. You can install or repair the component on the local computer.

If the event originated on another computer, the display information had to be saved with the event.

The following information was included with the event: 

VBScript is scheduled for deprecation. Our telemetry indicates that your system is currently utilizing VBScript.
We strongly recommend identifying and migrating away from any VBScript dependencies at the earliest.

The following process has been detected as using VBScript. The associated process tree and call stack are provided below to assist in identifying the scenario in which VBScript was invoked.

ProcessName = ""wmic.exe""
ProcessTree = ""WMIC.exe;Arduino IDE.exe;Arduino IDE.exe""
CallStack = ""vbscript.dll+0x68C16;vbscript.dll+0x5571F;vbscript.dll+0x4024A;msxml6.dll+0x1113C6;msxml6.dll+0x10E482;msxml6.dll+0x215AC;msxml6.dll+0x4670A;msxml6.dll+0xCA1F7;msxml6.dll+0xCBA85;msxml6.dll+0xCB94D;wmic.exe+0x276BD;wmic.exe+0x2173E;wmic.exe+0x25D45;wmic.exe+0x3BCD0;wmic.exe+0x3909F;wmic.exe+0x18F4;KERNEL32.DLL+0x2E8D7;ntdll.dll+0x8C48C""
ProcessTreeEnhanced = ""WMIC.exe(""wmic.exe PROCESS GET Name,ProcessId,ParentProcessId,Status"");Arduino IDE.exe(""<path>\Arduino <path>\Arduino IDE.exe"" <path>\Arduino <path>\main.js"""");Arduino IDE.exe(""<path>\Arduino <path>\Arduino IDE.exe"""")""

The message resource is present but the message was not found in the message table
"
Error,31-03-2026 17:56:01,MsiInstaller,1013,None,Product: HP Display Control Service -- The device is not a supported system. Aborting installation.
Error,31-03-2026 17:56:00,MsiInstaller,10005,None,"Product: HP Display Control Service -- The installer has encountered an unexpected error installing this package. This may indicate a problem with this package. The error code is 2753. The arguments are: DisplayControl, , "
Warning,31-03-2026 16:19:57,VBScriptDeprecationAlert,4096,None,"The description for Event ID 4096 from source VBScriptDeprecationAlert cannot be found. Either the component that raises this event is not installed on your local computer or the installation is corrupted. You can install or repair the component on the local computer.

If the event originated on another computer, the display information had to be saved with the event.

The following information was included with the event: 

VBScript is scheduled for deprecation. Our telemetry indicates that your system is currently utilizing VBScript.
We strongly recommend identifying and migrating away from any VBScript dependencies at the earliest.

The following process has been detected as using VBScript. The associated process tree and call stack are provided below to assist in identifying the scenario in which VBScript was invoked.

ProcessName = ""wmic.exe""
ProcessTree = ""WMIC.exe;Arduino IDE.exe;Arduino IDE.exe""
CallStack = ""vbscript.dll+0x68C16;vbscript.dll+0x5571F;vbscript.dll+0x4024A;msxml6.dll+0x1113C6;msxml6.dll+0x10E482;msxml6.dll+0x215AC;msxml6.dll+0x4670A;msxml6.dll+0xCA1F7;msxml6.dll+0xCBA85;msxml6.dll+0xCB94D;wmic.exe+0x276BD;wmic.exe+0x2173E;wmic.exe+0x25D45;wmic.exe+0x3BCD0;wmic.exe+0x3909F;wmic.exe+0x18F4;KERNEL32.DLL+0x2E8D7;ntdll.dll+0x8C48C""
ProcessTreeEnhanced = ""WMIC.exe(""wmic.exe PROCESS GET Name,ProcessId,ParentProcessId,Status"");Arduino IDE.exe(""<path>\Arduino <path>\Arduino IDE.exe"" <path>\Arduino <path>\main.js"""");Arduino IDE.exe(""<path>\Arduino <path>\Arduino IDE.exe"""")""

The message resource is present but the message was not found in the message table
"
Warning,31-03-2026 14:39:28,VBScriptDeprecationAlert,4096,None,"The description for Event ID 4096 from source VBScriptDeprecationAlert cannot be found. Either the component that raises this event is not installed on your local computer or the installation is corrupted. You can install or repair the component on the local computer.

If the event originated on another computer, the display information had to be saved with the event.

The following information was included with the event: 

VBScript is scheduled for deprecation. Our telemetry indicates that your system is currently utilizing VBScript.
We strongly recommend identifying and migrating away from any VBScript dependencies at the earliest.

The following process has been detected as using VBScript. The associated process tree and call stack are provided below to assist in identifying the scenario in which VBScript was invoked.

ProcessName = ""wmic.exe""
ProcessTree = ""WMIC.exe;Arduino IDE.exe;Arduino IDE.exe""
CallStack = ""vbscript.dll+0x68C16;vbscript.dll+0x5571F;vbscript.dll+0x4024A;msxml6.dll+0x1113C6;msxml6.dll+0x10E482;msxml6.dll+0x215AC;msxml6.dll+0x4670A;msxml6.dll+0xCA1F7;msxml6.dll+0xCBA85;msxml6.dll+0xCB94D;wmic.exe+0x276BD;wmic.exe+0x2173E;wmic.exe+0x25D45;wmic.exe+0x3BCD0;wmic.exe+0x3909F;wmic.exe+0x18F4;KERNEL32.DLL+0x2E8D7;ntdll.dll+0x8C48C""
ProcessTreeEnhanced = ""WMIC.exe(""wmic.exe PROCESS GET Name,ProcessId,ParentProcessId,Status"");Arduino IDE.exe(""<path>\Arduino <path>\Arduino IDE.exe"" <path>\Arduino <path>\main.js"""");Arduino IDE.exe(""<path>\Arduino <path>\Arduino IDE.exe"""")""

The message resource is present but the message was not found in the message table
"
Error,31-03-2026 14:21:48,Universal Print,1,None,"Failure response trying to get MPS Discovery Endpoint from MS Graph. HttpStatus=12007, TraceId: "
Error,31-03-2026 14:00:06,MsiInstaller,1013,None,Product: HP Display Control Service -- The device is not a supported system. Aborting installation.
Error,31-03-2026 14:00:05,MsiInstaller,10005,None,"Product: HP Display Control Service -- The installer has encountered an unexpected error installing this package. This may indicate a problem with this package. The error code is 2753. The arguments are: DisplayControl, , "
Error,31-03-2026 13:59:12,Volsnap,36,None,The shadow copies of volume C: were aborted because the shadow copy storage could not grow due to a user imposed limit.
Warning,31-03-2026 13:59:02,VBScriptDeprecationAlert,4096,None,"The description for Event ID 4096 from source VBScriptDeprecationAlert cannot be found. Either the component that raises this event is not installed on your local computer or the installation is corrupted. You can install or repair the component on the local computer.

If the event originated on another computer, the display information had to be saved with the event.

The following information was included with the event: 

VBScript is scheduled for deprecation. Our telemetry indicates that your system is currently utilizing VBScript.
We strongly recommend identifying and migrating away from any VBScript dependencies at the earliest.

The following process has been detected as using VBScript. The associated process tree and call stack are provided below to assist in identifying the scenario in which VBScript was invoked.

ProcessName = ""wmic.exe""
ProcessTree = ""WMIC.exe;Arduino IDE.exe;Arduino IDE.exe""
CallStack = ""vbscript.dll+0x68C16;vbscript.dll+0x5571F;vbscript.dll+0x4024A;msxml6.dll+0x1113C6;msxml6.dll+0x10E482;msxml6.dll+0x215AC;msxml6.dll+0x4670A;msxml6.dll+0xCA1F7;msxml6.dll+0xCBA85;msxml6.dll+0xCB94D;wmic.exe+0x276BD;wmic.exe+0x2173E;wmic.exe+0x25D45;wmic.exe+0x3BCD0;wmic.exe+0x3909F;wmic.exe+0x18F4;KERNEL32.DLL+0x2E8D7;ntdll.dll+0x8C48C""
ProcessTreeEnhanced = ""WMIC.exe(""wmic.exe PROCESS GET Name,ProcessId,ParentProcessId,Status"");Arduino IDE.exe(""<path>\Arduino <path>\Arduino IDE.exe"" <path>\Arduino <path>\main.js"""");Arduino IDE.exe(""<path>\Arduino <path>\Arduino IDE.exe"""")""

The message resource is present but the message was not found in the message table
"
