Warning,09-07-2026 12:39:35,Microsoft-Windows-DistributedCOM,10016,None,"The application-specific permission settings do not grant Local Activation permission for the COM Server application with CLSID 
{C4E82530-3B6E-4F6A-8E99-07426B47D292}
 and APPID 
{F9717507-6651-4EDB-BFF7-AE615179BCCF}
 to the user LAPTOP-IIC1GP5C\MADHUMITA SID (S-1-5-21-1776895936-2929945024-2387409390-1001) from address LocalHost (Using LRPC) running in the application container Unavailable SID (S-1-15-2-3997430728-3984080256-3157988799-602488306-4036668976-1352977984-1884737014). This security permission can be modified using the Component Services administrative tool."
Warning,09-07-2026 12:39:35,Microsoft-Windows-DistributedCOM,10016,None,"The application-specific permission settings do not grant Local Activation permission for the COM Server application with CLSID 
{C4E82530-3B6E-4F6A-8E99-07426B47D292}
 and APPID 
{F9717507-6651-4EDB-BFF7-AE615179BCCF}
 to the user LAPTOP-IIC1GP5C\MADHUMITA SID (S-1-5-21-1776895936-2929945024-2387409390-1001) from address LocalHost (Using LRPC) running in the application container Unavailable SID (S-1-15-2-3997430728-3984080256-3157988799-602488306-4036668976-1352977984-1884737014). This security permission can be modified using the Component Services administrative tool."
Warning,09-07-2026 12:39:35,Microsoft-Windows-DistributedCOM,10016,None,"The application-specific permission settings do not grant Local Activation permission for the COM Server application with CLSID 
{C4E82530-3B6E-4F6A-8E99-07426B47D292}
 and APPID 
{F9717507-6651-4EDB-BFF7-AE615179BCCF}
 to the user LAPTOP-IIC1GP5C\MADHUMITA SID (S-1-5-21-1776895936-2929945024-2387409390-1001) from address LocalHost (Using LRPC) running in the application container Unavailable SID (S-1-15-2-3997430728-3984080256-3157988799-602488306-4036668976-1352977984-1884737014). This security permission can be modified using the Component Services administrative tool."
Warning,09-07-2026 12:39:35,Microsoft-Windows-DistributedCOM,10016,None,"The application-specific permission settings do not grant Local Activation permission for the COM Server application with CLSID 
{C4E82530-3B6E-4F6A-8E99-07426B47D292}
 and APPID 
{F9717507-6651-4EDB-BFF7-AE615179BCCF}
 to the user LAPTOP-IIC1GP5C\MADHUMITA SID (S-1-5-21-1776895936-2929945024-2387409390-1001) from address LocalHost (Using LRPC) running in the application container Unavailable SID (S-1-15-2-3997430728-3984080256-3157988799-602488306-4036668976-1352977984-1884737014). This security permission can be modified using the Component Services administrative tool."
Warning,09-07-2026 12:39:35,Microsoft-Windows-DistributedCOM,10016,None,"The application-specific permission settings do not grant Local Activation permission for the COM Server application with CLSID 
{C4E82530-3B6E-4F6A-8E99-07426B47D292}
 and APPID 
{F9717507-6651-4EDB-BFF7-AE615179BCCF}
 to the user LAPTOP-IIC1GP5C\MADHUMITA SID (S-1-5-21-1776895936-2929945024-2387409390-1001) from address LocalHost (Using LRPC) running in the application container Unavailable SID (S-1-15-2-3997430728-3984080256-3157988799-602488306-4036668976-1352977984-1884737014). This security permission can be modified using the Component Services administrative tool."
Warning,09-07-2026 12:39:35,Microsoft-Windows-DistributedCOM,10016,None,"The application-specific permission settings do not grant Local Activation permission for the COM Server application with CLSID 
{C4E82530-3B6E-4F6A-8E99-07426B47D292}
 and APPID 
{F9717507-6651-4EDB-BFF7-AE615179BCCF}
 to the user LAPTOP-IIC1GP5C\MADHUMITA SID (S-1-5-21-1776895936-2929945024-2387409390-1001) from address LocalHost (Using LRPC) running in the application container Unavailable SID (S-1-15-2-3997430728-3984080256-3157988799-602488306-4036668976-1352977984-1884737014). This security permission can be modified using the Component Services administrative tool."
Warning,09-07-2026 12:39:35,Microsoft-Windows-DistributedCOM,10016,None,"The application-specific permission settings do not grant Local Activation permission for the COM Server application with CLSID 
{C4E82530-3B6E-4F6A-8E99-07426B47D292}
 and APPID 
{F9717507-6651-4EDB-BFF7-AE615179BCCF}
 to the user LAPTOP-IIC1GP5C\MADHUMITA SID (S-1-5-21-1776895936-2929945024-2387409390-1001) from address LocalHost (Using LRPC) running in the application container Unavailable SID (S-1-15-2-3997430728-3984080256-3157988799-602488306-4036668976-1352977984-1884737014). This security permission can be modified using the Component Services administrative tool."
Warning,09-07-2026 12:39:35,Microsoft-Windows-DistributedCOM,10016,None,"The application-specific permission settings do not grant Local Activation permission for the COM Server application with CLSID 
{C4E82530-3B6E-4F6A-8E99-07426B47D292}
 and APPID 
{F9717507-6651-4EDB-BFF7-AE615179BCCF}
 to the user LAPTOP-IIC1GP5C\MADHUMITA SID (S-1-5-21-1776895936-2929945024-2387409390-1001) from address LocalHost (Using LRPC) running in the application container Unavailable SID (S-1-15-2-3997430728-3984080256-3157988799-602488306-4036668976-1352977984-1884737014). This security permission can be modified using the Component Services administrative tool."
Warning,09-07-2026 12:39:35,Microsoft-Windows-DistributedCOM,10016,None,"The application-specific permission settings do not grant Local Activation permission for the COM Server application with CLSID 
{C4E82530-3B6E-4F6A-8E99-07426B47D292}
 and APPID 
{F9717507-6651-4EDB-BFF7-AE615179BCCF}
 to the user LAPTOP-IIC1GP5C\MADHUMITA SID (S-1-5-21-1776895936-2929945024-2387409390-1001) from address LocalHost (Using LRPC) running in the application container Unavailable SID (S-1-15-2-3997430728-3984080256-3157988799-602488306-4036668976-1352977984-1884737014). This security permission can be modified using the Component Services administrative tool."
Warning,09-07-2026 12:39:35,Microsoft-Windows-DistributedCOM,10016,None,"The application-specific permission settings do not grant Local Activation permission for the COM Server application with CLSID 
{C4E82530-3B6E-4F6A-8E99-07426B47D292}
 and APPID 
{F9717507-6651-4EDB-BFF7-AE615179BCCF}
 to the user LAPTOP-IIC1GP5C\MADHUMITA SID (S-1-5-21-1776895936-2929945024-2387409390-1001) from address LocalHost (Using LRPC) running in the application container Unavailable SID (S-1-15-2-3997430728-3984080256-3157988799-602488306-4036668976-1352977984-1884737014). This security permission can be modified using the Component Services administrative tool."
Warning,09-07-2026 12:39:35,Microsoft-Windows-DistributedCOM,10016,None,"The application-specific permission settings do not grant Local Activation permission for the COM Server application with CLSID 
{C4E82530-3B6E-4F6A-8E99-07426B47D292}
 and APPID 
{F9717507-6651-4EDB-BFF7-AE615179BCCF}
 to the user LAPTOP-IIC1GP5C\MADHUMITA SID (S-1-5-21-1776895936-2929945024-2387409390-1001) from address LocalHost (Using LRPC) running in the application container Unavailable SID (S-1-15-2-3997430728-3984080256-3157988799-602488306-4036668976-1352977984-1884737014). This security permission can be modified using the Component Services administrative tool."
Warning,09-07-2026 12:39:35,Microsoft-Windows-DistributedCOM,10016,None,"The application-specific permission settings do not grant Local Activation permission for the COM Server application with CLSID 
{C4E82530-3B6E-4F6A-8E99-07426B47D292}
 and APPID 
{F9717507-6651-4EDB-BFF7-AE615179BCCF}
 to the user LAPTOP-IIC1GP5C\MADHUMITA SID (S-1-5-21-1776895936-2929945024-2387409390-1001) from address LocalHost (Using LRPC) running in the application container Unavailable SID (S-1-15-2-3997430728-3984080256-3157988799-602488306-4036668976-1352977984-1884737014). This security permission can be modified using the Component Services administrative tool."
Warning,09-07-2026 12:39:35,Microsoft-Windows-DistributedCOM,10016,None,"The application-specific permission settings do not grant Local Activation permission for the COM Server application with CLSID 
{C4E82530-3B6E-4F6A-8E99-07426B47D292}
 and APPID 
{F9717507-6651-4EDB-BFF7-AE615179BCCF}
 to the user LAPTOP-IIC1GP5C\MADHUMITA SID (S-1-5-21-1776895936-2929945024-2387409390-1001) from address LocalHost (Using LRPC) running in the application container Unavailable SID (S-1-15-2-3997430728-3984080256-3157988799-602488306-4036668976-1352977984-1884737014). This security permission can be modified using the Component Services administrative tool."
Warning,09-07-2026 12:39:35,Microsoft-Windows-DistributedCOM,10016,None,"The application-specific permission settings do not grant Local Activation permission for the COM Server application with CLSID 
{C4E82530-3B6E-4F6A-8E99-07426B47D292}
 and APPID 
{F9717507-6651-4EDB-BFF7-AE615179BCCF}
 to the user LAPTOP-IIC1GP5C\MADHUMITA SID (S-1-5-21-1776895936-2929945024-2387409390-1001) from address LocalHost (Using LRPC) running in the application container Unavailable SID (S-1-15-2-3997430728-3984080256-3157988799-602488306-4036668976-1352977984-1884737014). This security permission can be modified using the Component Services administrative tool."
Warning,09-07-2026 12:39:35,Microsoft-Windows-DistributedCOM,10016,None,"The application-specific permission settings do not grant Local Activation permission for the COM Server application with CLSID 
{C4E82530-3B6E-4F6A-8E99-07426B47D292}
 and APPID 
{F9717507-6651-4EDB-BFF7-AE615179BCCF}
 to the user LAPTOP-IIC1GP5C\MADHUMITA SID (S-1-5-21-1776895936-2929945024-2387409390-1001) from address LocalHost (Using LRPC) running in the application container Unavailable SID (S-1-15-2-3997430728-3984080256-3157988799-602488306-4036668976-1352977984-1884737014). This security permission can be modified using the Component Services administrative tool."
Warning,09-07-2026 12:39:35,Microsoft-Windows-DistributedCOM,10016,None,"The application-specific permission settings do not grant Local Activation permission for the COM Server application with CLSID 
{C4E82530-3B6E-4F6A-8E99-07426B47D292}
 and APPID 
{F9717507-6651-4EDB-BFF7-AE615179BCCF}
 to the user LAPTOP-IIC1GP5C\MADHUMITA SID (S-1-5-21-1776895936-2929945024-2387409390-1001) from address LocalHost (Using LRPC) running in the application container Unavailable SID (S-1-15-2-3997430728-3984080256-3157988799-602488306-4036668976-1352977984-1884737014). This security permission can be modified using the Component Services administrative tool."
Warning,09-07-2026 12:39:35,Microsoft-Windows-DistributedCOM,10016,None,"The application-specific permission settings do not grant Local Activation permission for the COM Server application with CLSID 
{C4E82530-3B6E-4F6A-8E99-07426B47D292}
 and APPID 
{F9717507-6651-4EDB-BFF7-AE615179BCCF}
 to the user LAPTOP-IIC1GP5C\MADHUMITA SID (S-1-5-21-1776895936-2929945024-2387409390-1001) from address LocalHost (Using LRPC) running in the application container Unavailable SID (S-1-15-2-3997430728-3984080256-3157988799-602488306-4036668976-1352977984-1884737014). This security permission can be modified using the Component Services administrative tool."
Warning,09-07-2026 12:39:35,Microsoft-Windows-DistributedCOM,10016,None,"The application-specific permission settings do not grant Local Activation permission for the COM Server application with CLSID 
{C4E82530-3B6E-4F6A-8E99-07426B47D292}
 and APPID 
{F9717507-6651-4EDB-BFF7-AE615179BCCF}
 to the user LAPTOP-IIC1GP5C\MADHUMITA SID (S-1-5-21-1776895936-2929945024-2387409390-1001) from address LocalHost (Using LRPC) running in the application container Unavailable SID (S-1-15-2-3997430728-3984080256-3157988799-602488306-4036668976-1352977984-1884737014). This security permission can be modified using the Component Services administrative tool."
Warning,09-07-2026 12:39:35,Microsoft-Windows-DistributedCOM,10016,None,"The application-specific permission settings do not grant Local Activation permission for the COM Server application with CLSID 
{C4E82530-3B6E-4F6A-8E99-07426B47D292}
 and APPID 
{F9717507-6651-4EDB-BFF7-AE615179BCCF}
 to the user LAPTOP-IIC1GP5C\MADHUMITA SID (S-1-5-21-1776895936-2929945024-2387409390-1001) from address LocalHost (Using LRPC) running in the application container Unavailable SID (S-1-15-2-3997430728-3984080256-3157988799-602488306-4036668976-1352977984-1884737014). This security permission can be modified using the Component Services administrative tool."
Warning,09-07-2026 12:39:35,Microsoft-Windows-DistributedCOM,10016,None,"The application-specific permission settings do not grant Local Activation permission for the COM Server application with CLSID 
{C4E82530-3B6E-4F6A-8E99-07426B47D292}
 and APPID 
{F9717507-6651-4EDB-BFF7-AE615179BCCF}
 to the user LAPTOP-IIC1GP5C\MADHUMITA SID (S-1-5-21-1776895936-2929945024-2387409390-1001) from address LocalHost (Using LRPC) running in the application container Unavailable SID (S-1-15-2-3997430728-3984080256-3157988799-602488306-4036668976-1352977984-1884737014). This security permission can be modified using the Component Services administrative tool."
Warning,09-07-2026 12:39:35,Microsoft-Windows-DistributedCOM,10016,None,"The application-specific permission settings do not grant Local Activation permission for the COM Server application with CLSID 
{00000000-0000-0000-0000-000000000000}
 and APPID 
{8BC3F05E-D86B-11D0-A075-00C04FB68820}
 to the user LAPTOP-IIC1GP5C\MADHUMITA SID (S-1-5-21-1776895936-2929945024-2387409390-1001) from address LocalHost (Using LRPC) running in the application container Unavailable SID (S-1-15-2-3997430728-3984080256-3157988799-602488306-4036668976-1352977984-1884737014). This security permission can be modified using the Component Services administrative tool."
Warning,09-07-2026 12:39:35,Microsoft-Windows-DistributedCOM,10016,None,"The application-specific permission settings do not grant Local Activation permission for the COM Server application with CLSID 
{C4E82530-3B6E-4F6A-8E99-07426B47D292}
 and APPID 
{F9717507-6651-4EDB-BFF7-AE615179BCCF}
 to the user LAPTOP-IIC1GP5C\MADHUMITA SID (S-1-5-21-1776895936-2929945024-2387409390-1001) from address LocalHost (Using LRPC) running in the application container Unavailable SID (S-1-15-2-3997430728-3984080256-3157988799-602488306-4036668976-1352977984-1884737014). This security permission can be modified using the Component Services administrative tool."
Error,09-07-2026 12:39:30,.NET Runtime,1022,None,.NET Runtime version 4.0.30319.0 - There was a failure initializing profiling API attach infrastructure.  This process will not allow a profiler to attach.  HRESULT: 0x80004005.  Process ID (decimal): 31068.  Message ID: [0x2509].
Error,09-07-2026 12:39:26,Microsoft-Windows-Kernel-EventTracing,2,Session,"Session ""Cloud Files Diagnostic Event Listener"" failed to start with the following error: 0xC0000022"
Warning,09-07-2026 12:39:18,Microsoft-Windows-DistributedCOM,10016,None,"The application-specific permission settings do not grant Local Activation permission for the COM Server application with CLSID 
{2593F8B9-4EAF-457C-B68A-50F6B8EA6B54}
 and APPID 
{15C20B67-12E7-4BB6-92BB-7AFF07997402}
 to the user LAPTOP-IIC1GP5C\MADHUMITA SID (S-1-5-21-1776895936-2929945024-2387409390-1001) from address LocalHost (Using LRPC) running in the application container Unavailable SID (Unavailable). This security permission can be modified using the Component Services administrative tool."
Error,09-07-2026 12:38:54,Microsoft-Windows-TPM-WMI,1796,None,"The Secure Boot update failed to update SBAT with error Unknown HResult Error code: 0x800700c1. For more information, please see https://go.microsoft.com/fwlink/?linkid=2169931"
Warning,09-07-2026 12:38:47,Microsoft-Windows-User Device Registration,360,None,"Windows Hello for Business provisioning will not be launched. 
Device is Microsoft Entra joined (or hybrid joined): Not Tested 
User has logged on with Microsoft Entra credentials: No 
Windows Hello for Business policy is enabled: Not Tested 
Windows Hello for Business post-logon provisioning is enabled: Not Tested 
Local computer meets Windows hello for business hardware requirements: Not Tested 
User is not connected to the machine via Remote Desktop: Yes 
User certificate for on premise auth policy is enabled: Not Tested 
Machine is governed by none policy. 
Cloud trust for on premise auth policy is enabled: Not Tested 
User account has Cloud to OnPrem TGT: Not Tested 
See https://go.microsoft.com/fwlink/?linkid=832647 for more details."
Warning,09-07-2026 12:38:43,Microsoft-Windows-DistributedCOM,10016,None,"The application-specific permission settings do not grant Local Activation permission for the COM Server application with CLSID 
{00000000-0000-0000-0000-000000000000}
 and APPID 
{4839DDB7-58C2-48F5-8283-E1D1807D0D7D}
 to the user NT AUTHORITY\LOCAL SERVICE SID (S-1-5-19) from address LocalHost (Using LRPC) running in the application container Unavailable SID (Unavailable). This security permission can be modified using the Component Services administrative tool."
Warning,09-07-2026 12:38:43,Microsoft-Windows-DistributedCOM,10016,None,"The application-specific permission settings do not grant Local Activation permission for the COM Server application with CLSID 
{00000000-0000-0000-0000-000000000000}
 and APPID 
{4839DDB7-58C2-48F5-8283-E1D1807D0D7D}
 to the user NT AUTHORITY\LOCAL SERVICE SID (S-1-5-19) from address LocalHost (Using LRPC) running in the application container Unavailable SID (Unavailable). This security permission can be modified using the Component Services administrative tool."
Warning,09-07-2026 12:38:43,Microsoft-Windows-DistributedCOM,10016,None,"The application-specific permission settings do not grant Local Activation permission for the COM Server application with CLSID 
{00000000-0000-0000-0000-000000000000}
 and APPID 
{4839DDB7-58C2-48F5-8283-E1D1807D0D7D}
 to the user NT AUTHORITY\LOCAL SERVICE SID (S-1-5-19) from address LocalHost (Using LRPC) running in the application container Unavailable SID (Unavailable). This security permission can be modified using the Component Services administrative tool."
Warning,09-07-2026 12:38:43,Microsoft-Windows-DistributedCOM,10016,None,"The application-specific permission settings do not grant Local Activation permission for the COM Server application with CLSID 
{00000000-0000-0000-0000-000000000000}
 and APPID 
{4839DDB7-58C2-48F5-8283-E1D1807D0D7D}
 to the user NT AUTHORITY\LOCAL SERVICE SID (S-1-5-19) from address LocalHost (Using LRPC) running in the application container Unavailable SID (Unavailable). This security permission can be modified using the Component Services administrative tool."
Error,09-07-2026 12:38:40,Microsoft-Windows-NDIS,10317,PnP,"Miniport Microsoft Wi-Fi Direct Virtual Adapter #2, {3c5497bf-cbed-4053-939e-936ea329ee06}, had event Fatal error: The miniport has failed a power transition to operational power"
Warning,09-07-2026 12:38:39,Microsoft-Windows-Dhcp-Client,1003,Address Configuration State Event,Your computer was not able to renew its address from the network (from the DHCP Server) for the Network Card with network address 0xCC474054A496.  The following error occurred: 0x79. Your computer will continue to try and obtain an address on its own from the network address (DHCP) server.
Warning,08-07-2026 23:18:52,winsrvext,100,None,Process C:\Windows\explorer.exe is delaying system shutdown after 5016 milliseconds.
Warning,08-07-2026 23:17:43,Microsoft-Windows-DistributedCOM,10016,None,"The application-specific permission settings do not grant Local Activation permission for the COM Server application with CLSID 
{00000000-0000-0000-0000-000000000000}
 and APPID 
{8BC3F05E-D86B-11D0-A075-00C04FB68820}
 to the user LAPTOP-IIC1GP5C\MADHUMITA SID (S-1-5-21-1776895936-2929945024-2387409390-1001) from address LocalHost (Using LRPC) running in the application container Unavailable SID (S-1-15-2-2034283098-2252572593-1072577386-2659511007-3245387615-27016815-3920691934). This security permission can be modified using the Component Services administrative tool."
Warning,08-07-2026 23:17:43,Microsoft-Windows-DistributedCOM,10016,None,"The application-specific permission settings do not grant Local Activation permission for the COM Server application with CLSID 
{00000000-0000-0000-0000-000000000000}
 and APPID 
{8BC3F05E-D86B-11D0-A075-00C04FB68820}
 to the user LAPTOP-IIC1GP5C\MADHUMITA SID (S-1-5-21-1776895936-2929945024-2387409390-1001) from address LocalHost (Using LRPC) running in the application container Unavailable SID (S-1-15-2-2034283098-2252572593-1072577386-2659511007-3245387615-27016815-3920691934). This security permission can be modified using the Component Services administrative tool."
Warning,08-07-2026 23:17:43,Microsoft-Windows-DistributedCOM,10016,None,"The application-specific permission settings do not grant Local Activation permission for the COM Server application with CLSID 
{00000000-0000-0000-0000-000000000000}
 and APPID 
{8BC3F05E-D86B-11D0-A075-00C04FB68820}
 to the user LAPTOP-IIC1GP5C\MADHUMITA SID (S-1-5-21-1776895936-2929945024-2387409390-1001) from address LocalHost (Using LRPC) running in the application container Unavailable SID (S-1-15-2-2034283098-2252572593-1072577386-2659511007-3245387615-27016815-3920691934). This security permission can be modified using the Component Services administrative tool."
Warning,08-07-2026 23:17:43,Microsoft-Windows-DistributedCOM,10016,None,"The application-specific permission settings do not grant Local Activation permission for the COM Server application with CLSID 
{00000000-0000-0000-0000-000000000000}
 and APPID 
{8BC3F05E-D86B-11D0-A075-00C04FB68820}
 to the user LAPTOP-IIC1GP5C\MADHUMITA SID (S-1-5-21-1776895936-2929945024-2387409390-1001) from address LocalHost (Using LRPC) running in the application container Unavailable SID (S-1-15-2-2034283098-2252572593-1072577386-2659511007-3245387615-27016815-3920691934). This security permission can be modified using the Component Services administrative tool."
Warning,08-07-2026 23:17:40,Microsoft-Windows-DistributedCOM,10016,None,"The application-specific permission settings do not grant Local Activation permission for the COM Server application with CLSID 
{2593F8B9-4EAF-457C-B68A-50F6B8EA6B54}
 and APPID 
{15C20B67-12E7-4BB6-92BB-7AFF07997402}
 to the user LAPTOP-IIC1GP5C\MADHUMITA SID (S-1-5-21-1776895936-2929945024-2387409390-1001) from address LocalHost (Using LRPC) running in the application container Unavailable SID (Unavailable). This security permission can be modified using the Component Services administrative tool."
Warning,08-07-2026 22:35:36,Microsoft-Windows-DistributedCOM,10016,None,"The application-specific permission settings do not grant Local Activation permission for the COM Server application with CLSID 
{2593F8B9-4EAF-457C-B68A-50F6B8EA6B54}
 and APPID 
{15C20B67-12E7-4BB6-92BB-7AFF07997402}
 to the user LAPTOP-IIC1GP5C\MADHUMITA SID (S-1-5-21-1776895936-2929945024-2387409390-1001) from address LocalHost (Using LRPC) running in the application container Unavailable SID (Unavailable). This security permission can be modified using the Component Services administrative tool."
Warning,08-07-2026 22:10:30,Microsoft-Windows-DistributedCOM,10016,None,"The application-specific permission settings do not grant Local Activation permission for the COM Server application with CLSID 
{00000000-0000-0000-0000-000000000000}
 and APPID 
{8BC3F05E-D86B-11D0-A075-00C04FB68820}
 to the user LAPTOP-IIC1GP5C\MADHUMITA SID (S-1-5-21-1776895936-2929945024-2387409390-1001) from address LocalHost (Using LRPC) running in the application container Unavailable SID (S-1-15-2-2034283098-2252572593-1072577386-2659511007-3245387615-27016815-3920691934). This security permission can be modified using the Component Services administrative tool."
Warning,08-07-2026 22:10:30,Microsoft-Windows-DistributedCOM,10016,None,"The application-specific permission settings do not grant Local Activation permission for the COM Server application with CLSID 
{00000000-0000-0000-0000-000000000000}
 and APPID 
{8BC3F05E-D86B-11D0-A075-00C04FB68820}
 to the user LAPTOP-IIC1GP5C\MADHUMITA SID (S-1-5-21-1776895936-2929945024-2387409390-1001) from address LocalHost (Using LRPC) running in the application container Unavailable SID (S-1-15-2-2034283098-2252572593-1072577386-2659511007-3245387615-27016815-3920691934). This security permission can be modified using the Component Services administrative tool."
Warning,08-07-2026 22:10:30,Microsoft-Windows-DistributedCOM,10016,None,"The application-specific permission settings do not grant Local Activation permission for the COM Server application with CLSID 
{00000000-0000-0000-0000-000000000000}
 and APPID 
{8BC3F05E-D86B-11D0-A075-00C04FB68820}
 to the user LAPTOP-IIC1GP5C\MADHUMITA SID (S-1-5-21-1776895936-2929945024-2387409390-1001) from address LocalHost (Using LRPC) running in the application container Unavailable SID (S-1-15-2-2034283098-2252572593-1072577386-2659511007-3245387615-27016815-3920691934). This security permission can be modified using the Component Services administrative tool."
Warning,08-07-2026 22:10:29,Microsoft-Windows-DistributedCOM,10016,None,"The application-specific permission settings do not grant Local Activation permission for the COM Server application with CLSID 
{00000000-0000-0000-0000-000000000000}
 and APPID 
{8BC3F05E-D86B-11D0-A075-00C04FB68820}
 to the user LAPTOP-IIC1GP5C\MADHUMITA SID (S-1-5-21-1776895936-2929945024-2387409390-1001) from address LocalHost (Using LRPC) running in the application container Unavailable SID (S-1-15-2-2034283098-2252572593-1072577386-2659511007-3245387615-27016815-3920691934). This security permission can be modified using the Component Services administrative tool."
Warning,08-07-2026 22:10:26,Microsoft-Windows-DistributedCOM,10016,None,"The application-specific permission settings do not grant Local Activation permission for the COM Server application with CLSID 
{00000000-0000-0000-0000-000000000000}
 and APPID 
{15C20B67-12E7-4BB6-92BB-7AFF07997402}
 to the user LAPTOP-IIC1GP5C\MADHUMITA SID (S-1-5-21-1776895936-2929945024-2387409390-1001) from address LocalHost (Using LRPC) running in the application container Unavailable SID (Unavailable). This security permission can be modified using the Component Services administrative tool."
Warning,08-07-2026 22:10:20,Microsoft-Windows-DistributedCOM,10016,None,"The application-specific permission settings do not grant Local Activation permission for the COM Server application with CLSID 
{2593F8B9-4EAF-457C-B68A-50F6B8EA6B54}
 and APPID 
{15C20B67-12E7-4BB6-92BB-7AFF07997402}
 to the user LAPTOP-IIC1GP5C\MADHUMITA SID (S-1-5-21-1776895936-2929945024-2387409390-1001) from address LocalHost (Using LRPC) running in the application container Unavailable SID (Unavailable). This security permission can be modified using the Component Services administrative tool."
Error,08-07-2026 21:19:30,Application Hang,1002,Hanging Events,"The program HP.HPX.exe version 57.52623.7882.0 stopped interacting with Windows and was closed. To see if more information about the problem is available, check the problem history in the Security and Maintenance control panel.
"
Error,08-07-2026 20:17:29,Application Hang,1002,Hanging Events,"The program HP.HPX.exe version 57.52623.7882.0 stopped interacting with Windows and was closed. To see if more information about the problem is available, check the problem history in the Security and Maintenance control panel.
"
Error,08-07-2026 20:02:04,Microsoft-Windows-TPM-WMI,1796,None,"The Secure Boot update failed to update SBAT with error Unknown HResult Error code: 0x800700c1. For more information, please see https://go.microsoft.com/fwlink/?linkid=2169931"
Error,08-07-2026 19:55:37,Microsoft-Windows-WindowsUpdateClient,20,Windows Update Agent,Installation Failure: Windows failed to install the following update with error 0x80073D02: 9NQDW009T0T5-AD2F1837.OMENCommandCenter.
Error,08-07-2026 19:54:44,Application Hang,1002,Hanging Events,"The program HP.HPX.exe version 57.52623.7882.0 stopped interacting with Windows and was closed. To see if more information about the problem is available, check the problem history in the Security and Maintenance control panel.
"
Error,08-07-2026 19:36:24,Microsoft-Windows-WindowsUpdateClient,20,Windows Update Agent,Installation Failure: Windows failed to install the following update with error 0x80073D02: 9NMPJ99VJBWV-Microsoft.YourPhone.
Error,08-07-2026 19:36:23,Microsoft-Windows-WindowsUpdateClient,20,Windows Update Agent,Installation Failure: Windows failed to install the following update with error 0x80073D02: 9NTXGKQ8P7N0-MicrosoftWindows.CrossDevice.
Error,08-07-2026 19:29:05,Application Hang,1002,Hanging Events,"The program HP.HPX.exe version 57.52623.7882.0 stopped interacting with Windows and was closed. To see if more information about the problem is available, check the problem history in the Security and Maintenance control panel.
"
Error,08-07-2026 19:17:02,Microsoft-Windows-Kernel-EventTracing,3,Session,"Session ""PerfDiag Logger"" stopped due to the following error: 0xC0000188"
Warning,08-07-2026 19:17:02,Microsoft-Windows-Kernel-EventTracing,4,Logging,"The maximum file size for session ""PerfDiag Logger"" has been reached. As a result, events might be lost (not logged) to file ""C:\WINDOWS\system32\WDI\LogFiles\ShutdownPerfDiagLogger.etl"". The maximum files size is currently set to 20971520 bytes."
Warning,08-07-2026 19:16:37,Microsoft-Windows-DistributedCOM,10016,None,"The application-specific permission settings do not grant Local Activation permission for the COM Server application with CLSID 
{00000000-0000-0000-0000-000000000000}
 and APPID 
{15C20B67-12E7-4BB6-92BB-7AFF07997402}
 to the user LAPTOP-IIC1GP5C\MADHUMITA SID (S-1-5-21-1776895936-2929945024-2387409390-1001) from address LocalHost (Using LRPC) running in the application container 5319275A.WhatsAppDesktop_2.2625.101.0_x64__cv1g1gvanyjgm SID (Unavailable). This security permission can be modified using the Component Services administrative tool."
Error,08-07-2026 19:16:04,Microsoft-Windows-DistributedCOM,10010,None,The server {00000000-0000-0000-0000-000000000000} did not register with DCOM within the required timeout.
Warning,08-07-2026 19:14:17,Microsoft-Windows-DistributedCOM,10016,None,"The application-specific permission settings do not grant Local Activation permission for the COM Server application with CLSID 
{2593F8B9-4EAF-457C-B68A-50F6B8EA6B54}
 and APPID 
{15C20B67-12E7-4BB6-92BB-7AFF07997402}
 to the user LAPTOP-IIC1GP5C\MADHUMITA SID (S-1-5-21-1776895936-2929945024-2387409390-1001) from address LocalHost (Using LRPC) running in the application container Clipchamp.Clipchamp_4.5.10720.0_x64__yxz26nhyzhsrt SID (Unavailable). This security permission can be modified using the Component Services administrative tool."
Error,08-07-2026 19:14:16,Microsoft-Windows-Kernel-EventTracing,2,Session,"Session ""Cloud Files Diagnostic Event Listener"" failed to start with the following error: 0xC0000022"
Warning,08-07-2026 19:13:49,Microsoft-Windows-User Device Registration,360,None,"Windows Hello for Business provisioning will not be launched. 
Device is Microsoft Entra joined (or hybrid joined): Not Tested 
User has logged on with Microsoft Entra credentials: No 
Windows Hello for Business policy is enabled: Not Tested 
Windows Hello for Business post-logon provisioning is enabled: Not Tested 
Local computer meets Windows hello for business hardware requirements: Not Tested 
User is not connected to the machine via Remote Desktop: Yes 
User certificate for on premise auth policy is enabled: Not Tested 
Machine is governed by none policy. 
Cloud trust for on premise auth policy is enabled: Not Tested 
User account has Cloud to OnPrem TGT: Not Tested 
See https://go.microsoft.com/fwlink/?linkid=832647 for more details."
Warning,08-07-2026 19:13:47,Microsoft-Windows-DistributedCOM,10016,None,"The application-specific permission settings do not grant Local Activation permission for the COM Server application with CLSID 
{00000000-0000-0000-0000-000000000000}
 and APPID 
{4839DDB7-58C2-48F5-8283-E1D1807D0D7D}
 to the user NT AUTHORITY\LOCAL SERVICE SID (S-1-5-19) from address LocalHost (Using LRPC) running in the application container Unavailable SID (Unavailable). This security permission can be modified using the Component Services administrative tool."
Warning,08-07-2026 19:13:47,Microsoft-Windows-DistributedCOM,10016,None,"The application-specific permission settings do not grant Local Activation permission for the COM Server application with CLSID 
{00000000-0000-0000-0000-000000000000}
 and APPID 
{4839DDB7-58C2-48F5-8283-E1D1807D0D7D}
 to the user NT AUTHORITY\LOCAL SERVICE SID (S-1-5-19) from address LocalHost (Using LRPC) running in the application container Unavailable SID (Unavailable). This security permission can be modified using the Component Services administrative tool."
Warning,08-07-2026 19:13:47,Microsoft-Windows-DistributedCOM,10016,None,"The application-specific permission settings do not grant Local Activation permission for the COM Server application with CLSID 
{00000000-0000-0000-0000-000000000000}
 and APPID 
{4839DDB7-58C2-48F5-8283-E1D1807D0D7D}
 to the user NT AUTHORITY\LOCAL SERVICE SID (S-1-5-19) from address LocalHost (Using LRPC) running in the application container Unavailable SID (Unavailable). This security permission can be modified using the Component Services administrative tool."
Warning,08-07-2026 19:13:47,Microsoft-Windows-DistributedCOM,10016,None,"The application-specific permission settings do not grant Local Activation permission for the COM Server application with CLSID 
{00000000-0000-0000-0000-000000000000}
 and APPID 
{4839DDB7-58C2-48F5-8283-E1D1807D0D7D}
 to the user NT AUTHORITY\LOCAL SERVICE SID (S-1-5-19) from address LocalHost (Using LRPC) running in the application container Unavailable SID (Unavailable). This security permission can be modified using the Component Services administrative tool."
Error,08-07-2026 19:13:45,Microsoft-Windows-NDIS,10317,PnP,"Miniport Microsoft Wi-Fi Direct Virtual Adapter #2, {3c5497bf-cbed-4053-939e-936ea329ee06}, had event Fatal error: The miniport has failed a power transition to operational power"
Warning,08-07-2026 15:28:44,winsrvext,100,None,Process C:\Windows\explorer.exe is delaying system shutdown after 5016 milliseconds.
Warning,08-07-2026 15:12:59,Microsoft-Windows-DistributedCOM,10016,None,"The application-specific permission settings do not grant Local Activation permission for the COM Server application with CLSID 
{2593F8B9-4EAF-457C-B68A-50F6B8EA6B54}
 and APPID 
{15C20B67-12E7-4BB6-92BB-7AFF07997402}
 to the user LAPTOP-IIC1GP5C\MADHUMITA SID (S-1-5-21-1776895936-2929945024-2387409390-1001) from address LocalHost (Using LRPC) running in the application container Unavailable SID (Unavailable). This security permission can be modified using the Component Services administrative tool."
Warning,08-07-2026 15:12:48,Microsoft-Windows-DistributedCOM,10016,None,"The application-specific permission settings do not grant Local Activation permission for the COM Server application with CLSID 
{C4E82530-3B6E-4F6A-8E99-07426B47D292}
 and APPID 
{F9717507-6651-4EDB-BFF7-AE615179BCCF}
 to the user LAPTOP-IIC1GP5C\MADHUMITA SID (S-1-5-21-1776895936-2929945024-2387409390-1001) from address LocalHost (Using LRPC) running in the application container Unavailable SID (S-1-15-2-4268431051-2880253492-385518014-2361477027-2611171967-1332326509-2809202808). This security permission can be modified using the Component Services administrative tool."
Warning,08-07-2026 15:12:48,Microsoft-Windows-DistributedCOM,10016,None,"The application-specific permission settings do not grant Local Activation permission for the COM Server application with CLSID 
{C4E82530-3B6E-4F6A-8E99-07426B47D292}
 and APPID 
{F9717507-6651-4EDB-BFF7-AE615179BCCF}
 to the user LAPTOP-IIC1GP5C\MADHUMITA SID (S-1-5-21-1776895936-2929945024-2387409390-1001) from address LocalHost (Using LRPC) running in the application container Unavailable SID (S-1-15-2-4268431051-2880253492-385518014-2361477027-2611171967-1332326509-2809202808). This security permission can be modified using the Component Services administrative tool."
Warning,08-07-2026 15:12:48,Microsoft-Windows-DistributedCOM,10016,None,"The application-specific permission settings do not grant Local Activation permission for the COM Server application with CLSID 
{C4E82530-3B6E-4F6A-8E99-07426B47D292}
 and APPID 
{F9717507-6651-4EDB-BFF7-AE615179BCCF}
 to the user LAPTOP-IIC1GP5C\MADHUMITA SID (S-1-5-21-1776895936-2929945024-2387409390-1001) from address LocalHost (Using LRPC) running in the application container Unavailable SID (S-1-15-2-4268431051-2880253492-385518014-2361477027-2611171967-1332326509-2809202808). This security permission can be modified using the Component Services administrative tool."
Warning,08-07-2026 15:12:48,Microsoft-Windows-DistributedCOM,10016,None,"The application-specific permission settings do not grant Local Activation permission for the COM Server application with CLSID 
{C4E82530-3B6E-4F6A-8E99-07426B47D292}
 and APPID 
{F9717507-6651-4EDB-BFF7-AE615179BCCF}
 to the user LAPTOP-IIC1GP5C\MADHUMITA SID (S-1-5-21-1776895936-2929945024-2387409390-1001) from address LocalHost (Using LRPC) running in the application container Unavailable SID (S-1-15-2-4268431051-2880253492-385518014-2361477027-2611171967-1332326509-2809202808). This security permission can be modified using the Component Services administrative tool."
Warning,08-07-2026 15:12:48,Microsoft-Windows-DistributedCOM,10016,None,"The application-specific permission settings do not grant Local Activation permission for the COM Server application with CLSID 
{C4E82530-3B6E-4F6A-8E99-07426B47D292}
 and APPID 
{F9717507-6651-4EDB-BFF7-AE615179BCCF}
 to the user LAPTOP-IIC1GP5C\MADHUMITA SID (S-1-5-21-1776895936-2929945024-2387409390-1001) from address LocalHost (Using LRPC) running in the application container Unavailable SID (S-1-15-2-4268431051-2880253492-385518014-2361477027-2611171967-1332326509-2809202808). This security permission can be modified using the Component Services administrative tool."
Warning,08-07-2026 15:12:48,Microsoft-Windows-DistributedCOM,10016,None,"The application-specific permission settings do not grant Local Activation permission for the COM Server application with CLSID 
{C4E82530-3B6E-4F6A-8E99-07426B47D292}
 and APPID 
{F9717507-6651-4EDB-BFF7-AE615179BCCF}
 to the user LAPTOP-IIC1GP5C\MADHUMITA SID (S-1-5-21-1776895936-2929945024-2387409390-1001) from address LocalHost (Using LRPC) running in the application container Unavailable SID (S-1-15-2-4268431051-2880253492-385518014-2361477027-2611171967-1332326509-2809202808). This security permission can be modified using the Component Services administrative tool."
Warning,08-07-2026 15:12:48,Microsoft-Windows-DistributedCOM,10016,None,"The application-specific permission settings do not grant Local Activation permission for the COM Server application with CLSID 
{C4E82530-3B6E-4F6A-8E99-07426B47D292}
 and APPID 
{F9717507-6651-4EDB-BFF7-AE615179BCCF}
 to the user LAPTOP-IIC1GP5C\MADHUMITA SID (S-1-5-21-1776895936-2929945024-2387409390-1001) from address LocalHost (Using LRPC) running in the application container Unavailable SID (S-1-15-2-4268431051-2880253492-385518014-2361477027-2611171967-1332326509-2809202808). This security permission can be modified using the Component Services administrative tool."
Warning,08-07-2026 15:12:48,Microsoft-Windows-DistributedCOM,10016,None,"The application-specific permission settings do not grant Local Activation permission for the COM Server application with CLSID 
{C4E82530-3B6E-4F6A-8E99-07426B47D292}
 and APPID 
{F9717507-6651-4EDB-BFF7-AE615179BCCF}
 to the user LAPTOP-IIC1GP5C\MADHUMITA SID (S-1-5-21-1776895936-2929945024-2387409390-1001) from address LocalHost (Using LRPC) running in the application container Unavailable SID (S-1-15-2-4268431051-2880253492-385518014-2361477027-2611171967-1332326509-2809202808). This security permission can be modified using the Component Services administrative tool."
Warning,08-07-2026 15:12:48,Microsoft-Windows-DistributedCOM,10016,None,"The application-specific permission settings do not grant Local Activation permission for the COM Server application with CLSID 
{C4E82530-3B6E-4F6A-8E99-07426B47D292}
 and APPID 
{F9717507-6651-4EDB-BFF7-AE615179BCCF}
 to the user LAPTOP-IIC1GP5C\MADHUMITA SID (S-1-5-21-1776895936-2929945024-2387409390-1001) from address LocalHost (Using LRPC) running in the application container Unavailable SID (S-1-15-2-4268431051-2880253492-385518014-2361477027-2611171967-1332326509-2809202808). This security permission can be modified using the Component Services administrative tool."
Warning,08-07-2026 15:12:48,Microsoft-Windows-DistributedCOM,10016,None,"The application-specific permission settings do not grant Local Activation permission for the COM Server application with CLSID 
{C4E82530-3B6E-4F6A-8E99-07426B47D292}
 and APPID 
{F9717507-6651-4EDB-BFF7-AE615179BCCF}
 to the user LAPTOP-IIC1GP5C\MADHUMITA SID (S-1-5-21-1776895936-2929945024-2387409390-1001) from address LocalHost (Using LRPC) running in the application container Unavailable SID (S-1-15-2-4268431051-2880253492-385518014-2361477027-2611171967-1332326509-2809202808). This security permission can be modified using the Component Services administrative tool."
Warning,08-07-2026 15:12:48,Microsoft-Windows-DistributedCOM,10016,None,"The application-specific permission settings do not grant Local Activation permission for the COM Server application with CLSID 
{C4E82530-3B6E-4F6A-8E99-07426B47D292}
 and APPID 
{F9717507-6651-4EDB-BFF7-AE615179BCCF}
 to the user LAPTOP-IIC1GP5C\MADHUMITA SID (S-1-5-21-1776895936-2929945024-2387409390-1001) from address LocalHost (Using LRPC) running in the application container Unavailable SID (S-1-15-2-4268431051-2880253492-385518014-2361477027-2611171967-1332326509-2809202808). This security permission can be modified using the Component Services administrative tool."
Warning,08-07-2026 15:12:48,Microsoft-Windows-DistributedCOM,10016,None,"The application-specific permission settings do not grant Local Activation permission for the COM Server application with CLSID 
{C4E82530-3B6E-4F6A-8E99-07426B47D292}
 and APPID 
{F9717507-6651-4EDB-BFF7-AE615179BCCF}
 to the user LAPTOP-IIC1GP5C\MADHUMITA SID (S-1-5-21-1776895936-2929945024-2387409390-1001) from address LocalHost (Using LRPC) running in the application container Unavailable SID (S-1-15-2-4268431051-2880253492-385518014-2361477027-2611171967-1332326509-2809202808). This security permission can be modified using the Component Services administrative tool."
Warning,08-07-2026 15:12:48,Microsoft-Windows-DistributedCOM,10016,None,"The application-specific permission settings do not grant Local Activation permission for the COM Server application with CLSID 
{C4E82530-3B6E-4F6A-8E99-07426B47D292}
 and APPID 
{F9717507-6651-4EDB-BFF7-AE615179BCCF}
 to the user LAPTOP-IIC1GP5C\MADHUMITA SID (S-1-5-21-1776895936-2929945024-2387409390-1001) from address LocalHost (Using LRPC) running in the application container Unavailable SID (S-1-15-2-4268431051-2880253492-385518014-2361477027-2611171967-1332326509-2809202808). This security permission can be modified using the Component Services administrative tool."
Warning,08-07-2026 15:12:48,Microsoft-Windows-DistributedCOM,10016,None,"The application-specific permission settings do not grant Local Activation permission for the COM Server application with CLSID 
{C4E82530-3B6E-4F6A-8E99-07426B47D292}
 and APPID 
{F9717507-6651-4EDB-BFF7-AE615179BCCF}
 to the user LAPTOP-IIC1GP5C\MADHUMITA SID (S-1-5-21-1776895936-2929945024-2387409390-1001) from address LocalHost (Using LRPC) running in the application container Unavailable SID (S-1-15-2-4268431051-2880253492-385518014-2361477027-2611171967-1332326509-2809202808). This security permission can be modified using the Component Services administrative tool."
Warning,08-07-2026 15:12:48,Microsoft-Windows-DistributedCOM,10016,None,"The application-specific permission settings do not grant Local Activation permission for the COM Server application with CLSID 
{C4E82530-3B6E-4F6A-8E99-07426B47D292}
 and APPID 
{F9717507-6651-4EDB-BFF7-AE615179BCCF}
 to the user LAPTOP-IIC1GP5C\MADHUMITA SID (S-1-5-21-1776895936-2929945024-2387409390-1001) from address LocalHost (Using LRPC) running in the application container Unavailable SID (S-1-15-2-4268431051-2880253492-385518014-2361477027-2611171967-1332326509-2809202808). This security permission can be modified using the Component Services administrative tool."
Warning,08-07-2026 15:12:48,Microsoft-Windows-DistributedCOM,10016,None,"The application-specific permission settings do not grant Local Activation permission for the COM Server application with CLSID 
{C4E82530-3B6E-4F6A-8E99-07426B47D292}
 and APPID 
{F9717507-6651-4EDB-BFF7-AE615179BCCF}
 to the user LAPTOP-IIC1GP5C\MADHUMITA SID (S-1-5-21-1776895936-2929945024-2387409390-1001) from address LocalHost (Using LRPC) running in the application container Unavailable SID (S-1-15-2-4268431051-2880253492-385518014-2361477027-2611171967-1332326509-2809202808). This security permission can be modified using the Component Services administrative tool."
Warning,08-07-2026 15:12:48,Microsoft-Windows-DistributedCOM,10016,None,"The application-specific permission settings do not grant Local Activation permission for the COM Server application with CLSID 
{C4E82530-3B6E-4F6A-8E99-07426B47D292}
 and APPID 
{F9717507-6651-4EDB-BFF7-AE615179BCCF}
 to the user LAPTOP-IIC1GP5C\MADHUMITA SID (S-1-5-21-1776895936-2929945024-2387409390-1001) from address LocalHost (Using LRPC) running in the application container Unavailable SID (S-1-15-2-4268431051-2880253492-385518014-2361477027-2611171967-1332326509-2809202808). This security permission can be modified using the Component Services administrative tool."
Warning,08-07-2026 15:12:48,Microsoft-Windows-DistributedCOM,10016,None,"The application-specific permission settings do not grant Local Activation permission for the COM Server application with CLSID 
{C4E82530-3B6E-4F6A-8E99-07426B47D292}
 and APPID 
{F9717507-6651-4EDB-BFF7-AE615179BCCF}
 to the user LAPTOP-IIC1GP5C\MADHUMITA SID (S-1-5-21-1776895936-2929945024-2387409390-1001) from address LocalHost (Using LRPC) running in the application container Unavailable SID (S-1-15-2-4268431051-2880253492-385518014-2361477027-2611171967-1332326509-2809202808). This security permission can be modified using the Component Services administrative tool."
Warning,08-07-2026 15:12:48,Microsoft-Windows-DistributedCOM,10016,None,"The application-specific permission settings do not grant Local Activation permission for the COM Server application with CLSID 
{C4E82530-3B6E-4F6A-8E99-07426B47D292}
 and APPID 
{F9717507-6651-4EDB-BFF7-AE615179BCCF}
 to the user LAPTOP-IIC1GP5C\MADHUMITA SID (S-1-5-21-1776895936-2929945024-2387409390-1001) from address LocalHost (Using LRPC) running in the application container Unavailable SID (S-1-15-2-4268431051-2880253492-385518014-2361477027-2611171967-1332326509-2809202808). This security permission can be modified using the Component Services administrative tool."
Warning,08-07-2026 15:12:48,Microsoft-Windows-DistributedCOM,10016,None,"The application-specific permission settings do not grant Local Activation permission for the COM Server application with CLSID 
{C4E82530-3B6E-4F6A-8E99-07426B47D292}
 and APPID 
{F9717507-6651-4EDB-BFF7-AE615179BCCF}
 to the user LAPTOP-IIC1GP5C\MADHUMITA SID (S-1-5-21-1776895936-2929945024-2387409390-1001) from address LocalHost (Using LRPC) running in the application container Unavailable SID (S-1-15-2-4268431051-2880253492-385518014-2361477027-2611171967-1332326509-2809202808). This security permission can be modified using the Component Services administrative tool."
Warning,08-07-2026 15:12:48,Microsoft-Windows-DistributedCOM,10016,None,"The application-specific permission settings do not grant Local Activation permission for the COM Server application with CLSID 
{C4E82530-3B6E-4F6A-8E99-07426B47D292}
 and APPID 
{F9717507-6651-4EDB-BFF7-AE615179BCCF}
 to the user LAPTOP-IIC1GP5C\MADHUMITA SID (S-1-5-21-1776895936-2929945024-2387409390-1001) from address LocalHost (Using LRPC) running in the application container Unavailable SID (S-1-15-2-4268431051-2880253492-385518014-2361477027-2611171967-1332326509-2809202808). This security permission can be modified using the Component Services administrative tool."
Warning,08-07-2026 15:12:48,Microsoft-Windows-DistributedCOM,10016,None,"The application-specific permission settings do not grant Local Activation permission for the COM Server application with CLSID 
{C4E82530-3B6E-4F6A-8E99-07426B47D292}
 and APPID 
{F9717507-6651-4EDB-BFF7-AE615179BCCF}
 to the user LAPTOP-IIC1GP5C\MADHUMITA SID (S-1-5-21-1776895936-2929945024-2387409390-1001) from address LocalHost (Using LRPC) running in the application container Unavailable SID (S-1-15-2-4268431051-2880253492-385518014-2361477027-2611171967-1332326509-2809202808). This security permission can be modified using the Component Services administrative tool."
