Warning,02-07-2026 11:21:20,Microsoft-Windows-DistributedCOM,10016,None,"The application-specific permission settings do not grant Local Activation permission for the COM Server application with CLSID 
{00000000-0000-0000-0000-000000000000}
 and APPID 
{C96887DA-A652-4426-905E-4A37546F847C}
 to the user LAPTOP-IIC1GP5C\MADHUMITA SID (S-1-5-21-1776895936-2929945024-2387409390-1001) from address LocalHost (Using LRPC) running in the application container Unavailable SID (S-1-15-2-222733170-1801332207-797717607-2234963288-254263759-2836741447-2989444848). This security permission can be modified using the Component Services administrative tool."
Warning,02-07-2026 11:21:20,Microsoft-Windows-DistributedCOM,10016,None,"The application-specific permission settings do not grant Local Activation permission for the COM Server application with CLSID 
{00000000-0000-0000-0000-000000000000}
 and APPID 
{C96887DA-A652-4426-905E-4A37546F847C}
 to the user LAPTOP-IIC1GP5C\MADHUMITA SID (S-1-5-21-1776895936-2929945024-2387409390-1001) from address LocalHost (Using LRPC) running in the application container Unavailable SID (S-1-15-2-222733170-1801332207-797717607-2234963288-254263759-2836741447-2989444848). This security permission can be modified using the Component Services administrative tool."
Warning,02-07-2026 11:21:20,Microsoft-Windows-DistributedCOM,10016,None,"The application-specific permission settings do not grant Local Activation permission for the COM Server application with CLSID 
{C4E82530-3B6E-4F6A-8E99-07426B47D292}
 and APPID 
{F9717507-6651-4EDB-BFF7-AE615179BCCF}
 to the user LAPTOP-IIC1GP5C\MADHUMITA SID (S-1-5-21-1776895936-2929945024-2387409390-1001) from address LocalHost (Using LRPC) running in the application container Unavailable SID (S-1-15-2-222733170-1801332207-797717607-2234963288-254263759-2836741447-2989444848). This security permission can be modified using the Component Services administrative tool."
Warning,02-07-2026 11:21:20,Microsoft-Windows-DistributedCOM,10016,None,"The application-specific permission settings do not grant Local Activation permission for the COM Server application with CLSID 
{00000000-0000-0000-0000-000000000000}
 and APPID 
{C96887DA-A652-4426-905E-4A37546F847C}
 to the user LAPTOP-IIC1GP5C\MADHUMITA SID (S-1-5-21-1776895936-2929945024-2387409390-1001) from address LocalHost (Using LRPC) running in the application container Unavailable SID (S-1-15-2-222733170-1801332207-797717607-2234963288-254263759-2836741447-2989444848). This security permission can be modified using the Component Services administrative tool."
Warning,02-07-2026 11:21:20,Microsoft-Windows-DistributedCOM,10016,None,"The application-specific permission settings do not grant Local Activation permission for the COM Server application with CLSID 
{C4E82530-3B6E-4F6A-8E99-07426B47D292}
 and APPID 
{F9717507-6651-4EDB-BFF7-AE615179BCCF}
 to the user LAPTOP-IIC1GP5C\MADHUMITA SID (S-1-5-21-1776895936-2929945024-2387409390-1001) from address LocalHost (Using LRPC) running in the application container Unavailable SID (S-1-15-2-222733170-1801332207-797717607-2234963288-254263759-2836741447-2989444848). This security permission can be modified using the Component Services administrative tool."
Warning,02-07-2026 11:21:20,Microsoft-Windows-DistributedCOM,10016,None,"The application-specific permission settings do not grant Local Activation permission for the COM Server application with CLSID 
{C4E82530-3B6E-4F6A-8E99-07426B47D292}
 and APPID 
{F9717507-6651-4EDB-BFF7-AE615179BCCF}
 to the user LAPTOP-IIC1GP5C\MADHUMITA SID (S-1-5-21-1776895936-2929945024-2387409390-1001) from address LocalHost (Using LRPC) running in the application container Unavailable SID (S-1-15-2-222733170-1801332207-797717607-2234963288-254263759-2836741447-2989444848). This security permission can be modified using the Component Services administrative tool."
Warning,02-07-2026 11:21:20,Microsoft-Windows-DistributedCOM,10016,None,"The application-specific permission settings do not grant Local Activation permission for the COM Server application with CLSID 
{C4E82530-3B6E-4F6A-8E99-07426B47D292}
 and APPID 
{F9717507-6651-4EDB-BFF7-AE615179BCCF}
 to the user LAPTOP-IIC1GP5C\MADHUMITA SID (S-1-5-21-1776895936-2929945024-2387409390-1001) from address LocalHost (Using LRPC) running in the application container Unavailable SID (S-1-15-2-222733170-1801332207-797717607-2234963288-254263759-2836741447-2989444848). This security permission can be modified using the Component Services administrative tool."
Warning,02-07-2026 11:21:20,Microsoft-Windows-DistributedCOM,10016,None,"The application-specific permission settings do not grant Local Activation permission for the COM Server application with CLSID 
{C4E82530-3B6E-4F6A-8E99-07426B47D292}
 and APPID 
{F9717507-6651-4EDB-BFF7-AE615179BCCF}
 to the user LAPTOP-IIC1GP5C\MADHUMITA SID (S-1-5-21-1776895936-2929945024-2387409390-1001) from address LocalHost (Using LRPC) running in the application container Unavailable SID (S-1-15-2-222733170-1801332207-797717607-2234963288-254263759-2836741447-2989444848). This security permission can be modified using the Component Services administrative tool."
Warning,02-07-2026 11:21:20,Microsoft-Windows-DistributedCOM,10016,None,"The application-specific permission settings do not grant Local Activation permission for the COM Server application with CLSID 
{C4E82530-3B6E-4F6A-8E99-07426B47D292}
 and APPID 
{F9717507-6651-4EDB-BFF7-AE615179BCCF}
 to the user LAPTOP-IIC1GP5C\MADHUMITA SID (S-1-5-21-1776895936-2929945024-2387409390-1001) from address LocalHost (Using LRPC) running in the application container Unavailable SID (S-1-15-2-222733170-1801332207-797717607-2234963288-254263759-2836741447-2989444848). This security permission can be modified using the Component Services administrative tool."
Warning,02-07-2026 11:21:20,Microsoft-Windows-DistributedCOM,10016,None,"The application-specific permission settings do not grant Local Activation permission for the COM Server application with CLSID 
{C4E82530-3B6E-4F6A-8E99-07426B47D292}
 and APPID 
{F9717507-6651-4EDB-BFF7-AE615179BCCF}
 to the user LAPTOP-IIC1GP5C\MADHUMITA SID (S-1-5-21-1776895936-2929945024-2387409390-1001) from address LocalHost (Using LRPC) running in the application container Unavailable SID (S-1-15-2-222733170-1801332207-797717607-2234963288-254263759-2836741447-2989444848). This security permission can be modified using the Component Services administrative tool."
Warning,02-07-2026 11:21:20,Microsoft-Windows-DistributedCOM,10016,None,"The application-specific permission settings do not grant Local Activation permission for the COM Server application with CLSID 
{C4E82530-3B6E-4F6A-8E99-07426B47D292}
 and APPID 
{F9717507-6651-4EDB-BFF7-AE615179BCCF}
 to the user LAPTOP-IIC1GP5C\MADHUMITA SID (S-1-5-21-1776895936-2929945024-2387409390-1001) from address LocalHost (Using LRPC) running in the application container Unavailable SID (S-1-15-2-222733170-1801332207-797717607-2234963288-254263759-2836741447-2989444848). This security permission can be modified using the Component Services administrative tool."
Warning,02-07-2026 11:21:20,Microsoft-Windows-DistributedCOM,10016,None,"The application-specific permission settings do not grant Local Activation permission for the COM Server application with CLSID 
{C4E82530-3B6E-4F6A-8E99-07426B47D292}
 and APPID 
{F9717507-6651-4EDB-BFF7-AE615179BCCF}
 to the user LAPTOP-IIC1GP5C\MADHUMITA SID (S-1-5-21-1776895936-2929945024-2387409390-1001) from address LocalHost (Using LRPC) running in the application container Unavailable SID (S-1-15-2-222733170-1801332207-797717607-2234963288-254263759-2836741447-2989444848). This security permission can be modified using the Component Services administrative tool."
Warning,02-07-2026 11:21:20,Microsoft-Windows-DistributedCOM,10016,None,"The application-specific permission settings do not grant Local Activation permission for the COM Server application with CLSID 
{C4E82530-3B6E-4F6A-8E99-07426B47D292}
 and APPID 
{F9717507-6651-4EDB-BFF7-AE615179BCCF}
 to the user LAPTOP-IIC1GP5C\MADHUMITA SID (S-1-5-21-1776895936-2929945024-2387409390-1001) from address LocalHost (Using LRPC) running in the application container Unavailable SID (S-1-15-2-222733170-1801332207-797717607-2234963288-254263759-2836741447-2989444848). This security permission can be modified using the Component Services administrative tool."
Warning,02-07-2026 11:21:20,Microsoft-Windows-DistributedCOM,10016,None,"The application-specific permission settings do not grant Local Activation permission for the COM Server application with CLSID 
{C4E82530-3B6E-4F6A-8E99-07426B47D292}
 and APPID 
{F9717507-6651-4EDB-BFF7-AE615179BCCF}
 to the user LAPTOP-IIC1GP5C\MADHUMITA SID (S-1-5-21-1776895936-2929945024-2387409390-1001) from address LocalHost (Using LRPC) running in the application container Unavailable SID (S-1-15-2-222733170-1801332207-797717607-2234963288-254263759-2836741447-2989444848). This security permission can be modified using the Component Services administrative tool."
Warning,02-07-2026 11:21:20,Microsoft-Windows-DistributedCOM,10016,None,"The application-specific permission settings do not grant Local Activation permission for the COM Server application with CLSID 
{C4E82530-3B6E-4F6A-8E99-07426B47D292}
 and APPID 
{F9717507-6651-4EDB-BFF7-AE615179BCCF}
 to the user LAPTOP-IIC1GP5C\MADHUMITA SID (S-1-5-21-1776895936-2929945024-2387409390-1001) from address LocalHost (Using LRPC) running in the application container Unavailable SID (S-1-15-2-222733170-1801332207-797717607-2234963288-254263759-2836741447-2989444848). This security permission can be modified using the Component Services administrative tool."
Warning,02-07-2026 11:21:20,Microsoft-Windows-DistributedCOM,10016,None,"The application-specific permission settings do not grant Local Activation permission for the COM Server application with CLSID 
{C4E82530-3B6E-4F6A-8E99-07426B47D292}
 and APPID 
{F9717507-6651-4EDB-BFF7-AE615179BCCF}
 to the user LAPTOP-IIC1GP5C\MADHUMITA SID (S-1-5-21-1776895936-2929945024-2387409390-1001) from address LocalHost (Using LRPC) running in the application container Unavailable SID (S-1-15-2-222733170-1801332207-797717607-2234963288-254263759-2836741447-2989444848). This security permission can be modified using the Component Services administrative tool."
Warning,02-07-2026 11:21:20,Microsoft-Windows-DistributedCOM,10016,None,"The application-specific permission settings do not grant Local Activation permission for the COM Server application with CLSID 
{C4E82530-3B6E-4F6A-8E99-07426B47D292}
 and APPID 
{F9717507-6651-4EDB-BFF7-AE615179BCCF}
 to the user LAPTOP-IIC1GP5C\MADHUMITA SID (S-1-5-21-1776895936-2929945024-2387409390-1001) from address LocalHost (Using LRPC) running in the application container Unavailable SID (S-1-15-2-222733170-1801332207-797717607-2234963288-254263759-2836741447-2989444848). This security permission can be modified using the Component Services administrative tool."
Warning,02-07-2026 11:21:20,Microsoft-Windows-DistributedCOM,10016,None,"The application-specific permission settings do not grant Local Activation permission for the COM Server application with CLSID 
{C4E82530-3B6E-4F6A-8E99-07426B47D292}
 and APPID 
{F9717507-6651-4EDB-BFF7-AE615179BCCF}
 to the user LAPTOP-IIC1GP5C\MADHUMITA SID (S-1-5-21-1776895936-2929945024-2387409390-1001) from address LocalHost (Using LRPC) running in the application container Unavailable SID (S-1-15-2-222733170-1801332207-797717607-2234963288-254263759-2836741447-2989444848). This security permission can be modified using the Component Services administrative tool."
Warning,02-07-2026 11:21:20,Microsoft-Windows-DistributedCOM,10016,None,"The application-specific permission settings do not grant Local Activation permission for the COM Server application with CLSID 
{C4E82530-3B6E-4F6A-8E99-07426B47D292}
 and APPID 
{F9717507-6651-4EDB-BFF7-AE615179BCCF}
 to the user LAPTOP-IIC1GP5C\MADHUMITA SID (S-1-5-21-1776895936-2929945024-2387409390-1001) from address LocalHost (Using LRPC) running in the application container Unavailable SID (S-1-15-2-222733170-1801332207-797717607-2234963288-254263759-2836741447-2989444848). This security permission can be modified using the Component Services administrative tool."
Warning,02-07-2026 11:21:20,Microsoft-Windows-DistributedCOM,10016,None,"The application-specific permission settings do not grant Local Activation permission for the COM Server application with CLSID 
{C4E82530-3B6E-4F6A-8E99-07426B47D292}
 and APPID 
{F9717507-6651-4EDB-BFF7-AE615179BCCF}
 to the user LAPTOP-IIC1GP5C\MADHUMITA SID (S-1-5-21-1776895936-2929945024-2387409390-1001) from address LocalHost (Using LRPC) running in the application container Unavailable SID (S-1-15-2-222733170-1801332207-797717607-2234963288-254263759-2836741447-2989444848). This security permission can be modified using the Component Services administrative tool."
Warning,02-07-2026 11:21:20,Microsoft-Windows-DistributedCOM,10016,None,"The application-specific permission settings do not grant Local Activation permission for the COM Server application with CLSID 
{C4E82530-3B6E-4F6A-8E99-07426B47D292}
 and APPID 
{F9717507-6651-4EDB-BFF7-AE615179BCCF}
 to the user LAPTOP-IIC1GP5C\MADHUMITA SID (S-1-5-21-1776895936-2929945024-2387409390-1001) from address LocalHost (Using LRPC) running in the application container Unavailable SID (S-1-15-2-222733170-1801332207-797717607-2234963288-254263759-2836741447-2989444848). This security permission can be modified using the Component Services administrative tool."
Warning,02-07-2026 11:21:20,Microsoft-Windows-DistributedCOM,10016,None,"The application-specific permission settings do not grant Local Activation permission for the COM Server application with CLSID 
{C4E82530-3B6E-4F6A-8E99-07426B47D292}
 and APPID 
{F9717507-6651-4EDB-BFF7-AE615179BCCF}
 to the user LAPTOP-IIC1GP5C\MADHUMITA SID (S-1-5-21-1776895936-2929945024-2387409390-1001) from address LocalHost (Using LRPC) running in the application container Unavailable SID (S-1-15-2-222733170-1801332207-797717607-2234963288-254263759-2836741447-2989444848). This security permission can be modified using the Component Services administrative tool."
Warning,02-07-2026 11:21:20,Microsoft-Windows-DistributedCOM,10016,None,"The application-specific permission settings do not grant Local Activation permission for the COM Server application with CLSID 
{C4E82530-3B6E-4F6A-8E99-07426B47D292}
 and APPID 
{F9717507-6651-4EDB-BFF7-AE615179BCCF}
 to the user LAPTOP-IIC1GP5C\MADHUMITA SID (S-1-5-21-1776895936-2929945024-2387409390-1001) from address LocalHost (Using LRPC) running in the application container Unavailable SID (S-1-15-2-222733170-1801332207-797717607-2234963288-254263759-2836741447-2989444848). This security permission can be modified using the Component Services administrative tool."
Warning,02-07-2026 11:21:20,Microsoft-Windows-DistributedCOM,10016,None,"The application-specific permission settings do not grant Local Activation permission for the COM Server application with CLSID 
{C4E82530-3B6E-4F6A-8E99-07426B47D292}
 and APPID 
{F9717507-6651-4EDB-BFF7-AE615179BCCF}
 to the user LAPTOP-IIC1GP5C\MADHUMITA SID (S-1-5-21-1776895936-2929945024-2387409390-1001) from address LocalHost (Using LRPC) running in the application container Unavailable SID (S-1-15-2-222733170-1801332207-797717607-2234963288-254263759-2836741447-2989444848). This security permission can be modified using the Component Services administrative tool."
Warning,02-07-2026 11:21:20,Microsoft-Windows-DistributedCOM,10016,None,"The application-specific permission settings do not grant Local Activation permission for the COM Server application with CLSID 
{C4E82530-3B6E-4F6A-8E99-07426B47D292}
 and APPID 
{F9717507-6651-4EDB-BFF7-AE615179BCCF}
 to the user LAPTOP-IIC1GP5C\MADHUMITA SID (S-1-5-21-1776895936-2929945024-2387409390-1001) from address LocalHost (Using LRPC) running in the application container Unavailable SID (S-1-15-2-222733170-1801332207-797717607-2234963288-254263759-2836741447-2989444848). This security permission can be modified using the Component Services administrative tool."
Warning,02-07-2026 11:21:20,Microsoft-Windows-DistributedCOM,10016,None,"The application-specific permission settings do not grant Local Activation permission for the COM Server application with CLSID 
{00000000-0000-0000-0000-000000000000}
 and APPID 
{8BC3F05E-D86B-11D0-A075-00C04FB68820}
 to the user LAPTOP-IIC1GP5C\MADHUMITA SID (S-1-5-21-1776895936-2929945024-2387409390-1001) from address LocalHost (Using LRPC) running in the application container Unavailable SID (S-1-15-2-222733170-1801332207-797717607-2234963288-254263759-2836741447-2989444848). This security permission can be modified using the Component Services administrative tool."
Warning,02-07-2026 11:21:20,Microsoft-Windows-DistributedCOM,10016,None,"The application-specific permission settings do not grant Local Activation permission for the COM Server application with CLSID 
{C4E82530-3B6E-4F6A-8E99-07426B47D292}
 and APPID 
{F9717507-6651-4EDB-BFF7-AE615179BCCF}
 to the user LAPTOP-IIC1GP5C\MADHUMITA SID (S-1-5-21-1776895936-2929945024-2387409390-1001) from address LocalHost (Using LRPC) running in the application container Unavailable SID (S-1-15-2-222733170-1801332207-797717607-2234963288-254263759-2836741447-2989444848). This security permission can be modified using the Component Services administrative tool."
Error,02-07-2026 11:21:00,.NET Runtime,1022,None,.NET Runtime version 4.0.30319.0 - There was a failure initializing profiling API attach infrastructure.  This process will not allow a profiler to attach.  HRESULT: 0x80004005.  Process ID (decimal): 23464.  Message ID: [0x2509].
Error,02-07-2026 11:12:25,Microsoft-Windows-Kernel-EventTracing,3,Session,"Session ""PerfDiag Logger"" stopped due to the following error: 0xC0000188"
Warning,02-07-2026 11:12:25,Microsoft-Windows-Kernel-EventTracing,4,Logging,"The maximum file size for session ""PerfDiag Logger"" has been reached. As a result, events might be lost (not logged) to file ""C:\WINDOWS\system32\WDI\LogFiles\ShutdownPerfDiagLogger.etl"". The maximum files size is currently set to 20971520 bytes."
Error,02-07-2026 11:12:09,Microsoft-Windows-DistributedCOM,10010,None,The server {00000000-0000-0000-0000-000000000000} did not register with DCOM within the required timeout.
Warning,02-07-2026 11:11:28,Microsoft-Windows-DistributedCOM,10016,None,"The application-specific permission settings do not grant Local Activation permission for the COM Server application with CLSID 
{00000000-0000-0000-0000-000000000000}
 and APPID 
{15C20B67-12E7-4BB6-92BB-7AFF07997402}
 to the user LAPTOP-IIC1GP5C\MADHUMITA SID (S-1-5-21-1776895936-2929945024-2387409390-1001) from address LocalHost (Using LRPC) running in the application container SpotifyAB.SpotifyMusic_1.292.148.0_x64__zpdnekdrzrea0 SID (Unavailable). This security permission can be modified using the Component Services administrative tool."
Warning,02-07-2026 11:11:22,Microsoft-Windows-DistributedCOM,10016,None,"The application-specific permission settings do not grant Local Activation permission for the COM Server application with CLSID 
{00000000-0000-0000-0000-000000000000}
 and APPID 
{C96887DA-A652-4426-905E-4A37546F847C}
 to the user LAPTOP-IIC1GP5C\MADHUMITA SID (S-1-5-21-1776895936-2929945024-2387409390-1001) from address LocalHost (Using LRPC) running in the application container Unavailable SID (S-1-15-2-1738103332-201429380-4170488659-2481398136-470646307-1884915621-789568520). This security permission can be modified using the Component Services administrative tool."
Warning,02-07-2026 11:11:15,Microsoft-Windows-DistributedCOM,10016,None,"The application-specific permission settings do not grant Local Activation permission for the COM Server application with CLSID 
{C4E82530-3B6E-4F6A-8E99-07426B47D292}
 and APPID 
{F9717507-6651-4EDB-BFF7-AE615179BCCF}
 to the user LAPTOP-IIC1GP5C\MADHUMITA SID (S-1-5-21-1776895936-2929945024-2387409390-1001) from address LocalHost (Using LRPC) running in the application container Unavailable SID (S-1-15-2-1738103332-201429380-4170488659-2481398136-470646307-1884915621-789568520). This security permission can be modified using the Component Services administrative tool."
Warning,02-07-2026 11:11:15,Microsoft-Windows-DistributedCOM,10016,None,"The application-specific permission settings do not grant Local Activation permission for the COM Server application with CLSID 
{C4E82530-3B6E-4F6A-8E99-07426B47D292}
 and APPID 
{F9717507-6651-4EDB-BFF7-AE615179BCCF}
 to the user LAPTOP-IIC1GP5C\MADHUMITA SID (S-1-5-21-1776895936-2929945024-2387409390-1001) from address LocalHost (Using LRPC) running in the application container Unavailable SID (S-1-15-2-1738103332-201429380-4170488659-2481398136-470646307-1884915621-789568520). This security permission can be modified using the Component Services administrative tool."
Warning,02-07-2026 11:11:15,Microsoft-Windows-DistributedCOM,10016,None,"The application-specific permission settings do not grant Local Activation permission for the COM Server application with CLSID 
{C4E82530-3B6E-4F6A-8E99-07426B47D292}
 and APPID 
{F9717507-6651-4EDB-BFF7-AE615179BCCF}
 to the user LAPTOP-IIC1GP5C\MADHUMITA SID (S-1-5-21-1776895936-2929945024-2387409390-1001) from address LocalHost (Using LRPC) running in the application container Unavailable SID (S-1-15-2-1738103332-201429380-4170488659-2481398136-470646307-1884915621-789568520). This security permission can be modified using the Component Services administrative tool."
Warning,02-07-2026 11:11:15,Microsoft-Windows-DistributedCOM,10016,None,"The application-specific permission settings do not grant Local Activation permission for the COM Server application with CLSID 
{C4E82530-3B6E-4F6A-8E99-07426B47D292}
 and APPID 
{F9717507-6651-4EDB-BFF7-AE615179BCCF}
 to the user LAPTOP-IIC1GP5C\MADHUMITA SID (S-1-5-21-1776895936-2929945024-2387409390-1001) from address LocalHost (Using LRPC) running in the application container Unavailable SID (S-1-15-2-1738103332-201429380-4170488659-2481398136-470646307-1884915621-789568520). This security permission can be modified using the Component Services administrative tool."
Warning,02-07-2026 11:11:15,Microsoft-Windows-DistributedCOM,10016,None,"The application-specific permission settings do not grant Local Activation permission for the COM Server application with CLSID 
{C4E82530-3B6E-4F6A-8E99-07426B47D292}
 and APPID 
{F9717507-6651-4EDB-BFF7-AE615179BCCF}
 to the user LAPTOP-IIC1GP5C\MADHUMITA SID (S-1-5-21-1776895936-2929945024-2387409390-1001) from address LocalHost (Using LRPC) running in the application container Unavailable SID (S-1-15-2-1738103332-201429380-4170488659-2481398136-470646307-1884915621-789568520). This security permission can be modified using the Component Services administrative tool."
Warning,02-07-2026 11:11:15,Microsoft-Windows-DistributedCOM,10016,None,"The application-specific permission settings do not grant Local Activation permission for the COM Server application with CLSID 
{C4E82530-3B6E-4F6A-8E99-07426B47D292}
 and APPID 
{F9717507-6651-4EDB-BFF7-AE615179BCCF}
 to the user LAPTOP-IIC1GP5C\MADHUMITA SID (S-1-5-21-1776895936-2929945024-2387409390-1001) from address LocalHost (Using LRPC) running in the application container Unavailable SID (S-1-15-2-1738103332-201429380-4170488659-2481398136-470646307-1884915621-789568520). This security permission can be modified using the Component Services administrative tool."
Warning,02-07-2026 11:11:15,Microsoft-Windows-DistributedCOM,10016,None,"The application-specific permission settings do not grant Local Activation permission for the COM Server application with CLSID 
{C4E82530-3B6E-4F6A-8E99-07426B47D292}
 and APPID 
{F9717507-6651-4EDB-BFF7-AE615179BCCF}
 to the user LAPTOP-IIC1GP5C\MADHUMITA SID (S-1-5-21-1776895936-2929945024-2387409390-1001) from address LocalHost (Using LRPC) running in the application container Unavailable SID (S-1-15-2-1738103332-201429380-4170488659-2481398136-470646307-1884915621-789568520). This security permission can be modified using the Component Services administrative tool."
Warning,02-07-2026 11:11:15,Microsoft-Windows-DistributedCOM,10016,None,"The application-specific permission settings do not grant Local Activation permission for the COM Server application with CLSID 
{C4E82530-3B6E-4F6A-8E99-07426B47D292}
 and APPID 
{F9717507-6651-4EDB-BFF7-AE615179BCCF}
 to the user LAPTOP-IIC1GP5C\MADHUMITA SID (S-1-5-21-1776895936-2929945024-2387409390-1001) from address LocalHost (Using LRPC) running in the application container Unavailable SID (S-1-15-2-1738103332-201429380-4170488659-2481398136-470646307-1884915621-789568520). This security permission can be modified using the Component Services administrative tool."
Warning,02-07-2026 11:11:15,Microsoft-Windows-DistributedCOM,10016,None,"The application-specific permission settings do not grant Local Activation permission for the COM Server application with CLSID 
{C4E82530-3B6E-4F6A-8E99-07426B47D292}
 and APPID 
{F9717507-6651-4EDB-BFF7-AE615179BCCF}
 to the user LAPTOP-IIC1GP5C\MADHUMITA SID (S-1-5-21-1776895936-2929945024-2387409390-1001) from address LocalHost (Using LRPC) running in the application container Unavailable SID (S-1-15-2-1738103332-201429380-4170488659-2481398136-470646307-1884915621-789568520). This security permission can be modified using the Component Services administrative tool."
Warning,02-07-2026 11:11:15,Microsoft-Windows-DistributedCOM,10016,None,"The application-specific permission settings do not grant Local Activation permission for the COM Server application with CLSID 
{C4E82530-3B6E-4F6A-8E99-07426B47D292}
 and APPID 
{F9717507-6651-4EDB-BFF7-AE615179BCCF}
 to the user LAPTOP-IIC1GP5C\MADHUMITA SID (S-1-5-21-1776895936-2929945024-2387409390-1001) from address LocalHost (Using LRPC) running in the application container Unavailable SID (S-1-15-2-1738103332-201429380-4170488659-2481398136-470646307-1884915621-789568520). This security permission can be modified using the Component Services administrative tool."
Warning,02-07-2026 11:11:15,Microsoft-Windows-DistributedCOM,10016,None,"The application-specific permission settings do not grant Local Activation permission for the COM Server application with CLSID 
{C4E82530-3B6E-4F6A-8E99-07426B47D292}
 and APPID 
{F9717507-6651-4EDB-BFF7-AE615179BCCF}
 to the user LAPTOP-IIC1GP5C\MADHUMITA SID (S-1-5-21-1776895936-2929945024-2387409390-1001) from address LocalHost (Using LRPC) running in the application container Unavailable SID (S-1-15-2-1738103332-201429380-4170488659-2481398136-470646307-1884915621-789568520). This security permission can be modified using the Component Services administrative tool."
Warning,02-07-2026 11:11:15,Microsoft-Windows-DistributedCOM,10016,None,"The application-specific permission settings do not grant Local Activation permission for the COM Server application with CLSID 
{C4E82530-3B6E-4F6A-8E99-07426B47D292}
 and APPID 
{F9717507-6651-4EDB-BFF7-AE615179BCCF}
 to the user LAPTOP-IIC1GP5C\MADHUMITA SID (S-1-5-21-1776895936-2929945024-2387409390-1001) from address LocalHost (Using LRPC) running in the application container Unavailable SID (S-1-15-2-1738103332-201429380-4170488659-2481398136-470646307-1884915621-789568520). This security permission can be modified using the Component Services administrative tool."
Warning,02-07-2026 11:11:15,Microsoft-Windows-DistributedCOM,10016,None,"The application-specific permission settings do not grant Local Activation permission for the COM Server application with CLSID 
{C4E82530-3B6E-4F6A-8E99-07426B47D292}
 and APPID 
{F9717507-6651-4EDB-BFF7-AE615179BCCF}
 to the user LAPTOP-IIC1GP5C\MADHUMITA SID (S-1-5-21-1776895936-2929945024-2387409390-1001) from address LocalHost (Using LRPC) running in the application container Unavailable SID (S-1-15-2-1738103332-201429380-4170488659-2481398136-470646307-1884915621-789568520). This security permission can be modified using the Component Services administrative tool."
Warning,02-07-2026 11:11:15,Microsoft-Windows-DistributedCOM,10016,None,"The application-specific permission settings do not grant Local Activation permission for the COM Server application with CLSID 
{C4E82530-3B6E-4F6A-8E99-07426B47D292}
 and APPID 
{F9717507-6651-4EDB-BFF7-AE615179BCCF}
 to the user LAPTOP-IIC1GP5C\MADHUMITA SID (S-1-5-21-1776895936-2929945024-2387409390-1001) from address LocalHost (Using LRPC) running in the application container Unavailable SID (S-1-15-2-1738103332-201429380-4170488659-2481398136-470646307-1884915621-789568520). This security permission can be modified using the Component Services administrative tool."
Warning,02-07-2026 11:11:10,Microsoft-Windows-System-Restore,8303,None,Scoping unsuccessful for shadowcopy \\?\GLOBALROOT\Device\HarddiskVolumeShadowCopy2 with error 0x80070057.
Warning,02-07-2026 11:11:08,Microsoft-Windows-Search,10024,Gatherer,The filter host process 11876 did not respond and is being forcibly terminated. 

Warning,02-07-2026 11:11:08,Microsoft-Windows-Search,10024,Gatherer,The filter host process 25376 did not respond and is being forcibly terminated. 

Warning,02-07-2026 11:11:08,Microsoft-Windows-Search,10024,Gatherer,The filter host process 9464 did not respond and is being forcibly terminated. 

Warning,02-07-2026 11:10:44,Microsoft-Windows-DistributedCOM,10016,None,"The application-specific permission settings do not grant Local Activation permission for the COM Server application with CLSID 
{C4E82530-3B6E-4F6A-8E99-07426B47D292}
 and APPID 
{F9717507-6651-4EDB-BFF7-AE615179BCCF}
 to the user LAPTOP-IIC1GP5C\MADHUMITA SID (S-1-5-21-1776895936-2929945024-2387409390-1001) from address LocalHost (Using LRPC) running in the application container Unavailable SID (S-1-15-2-1738103332-201429380-4170488659-2481398136-470646307-1884915621-789568520). This security permission can be modified using the Component Services administrative tool."
Warning,02-07-2026 11:10:44,Microsoft-Windows-DistributedCOM,10016,None,"The application-specific permission settings do not grant Local Activation permission for the COM Server application with CLSID 
{C4E82530-3B6E-4F6A-8E99-07426B47D292}
 and APPID 
{F9717507-6651-4EDB-BFF7-AE615179BCCF}
 to the user LAPTOP-IIC1GP5C\MADHUMITA SID (S-1-5-21-1776895936-2929945024-2387409390-1001) from address LocalHost (Using LRPC) running in the application container Unavailable SID (S-1-15-2-1738103332-201429380-4170488659-2481398136-470646307-1884915621-789568520). This security permission can be modified using the Component Services administrative tool."
Warning,02-07-2026 11:10:44,Microsoft-Windows-DistributedCOM,10016,None,"The application-specific permission settings do not grant Local Activation permission for the COM Server application with CLSID 
{C4E82530-3B6E-4F6A-8E99-07426B47D292}
 and APPID 
{F9717507-6651-4EDB-BFF7-AE615179BCCF}
 to the user LAPTOP-IIC1GP5C\MADHUMITA SID (S-1-5-21-1776895936-2929945024-2387409390-1001) from address LocalHost (Using LRPC) running in the application container Unavailable SID (S-1-15-2-1738103332-201429380-4170488659-2481398136-470646307-1884915621-789568520). This security permission can be modified using the Component Services administrative tool."
Warning,02-07-2026 11:10:44,Microsoft-Windows-DistributedCOM,10016,None,"The application-specific permission settings do not grant Local Activation permission for the COM Server application with CLSID 
{C4E82530-3B6E-4F6A-8E99-07426B47D292}
 and APPID 
{F9717507-6651-4EDB-BFF7-AE615179BCCF}
 to the user LAPTOP-IIC1GP5C\MADHUMITA SID (S-1-5-21-1776895936-2929945024-2387409390-1001) from address LocalHost (Using LRPC) running in the application container Unavailable SID (S-1-15-2-1738103332-201429380-4170488659-2481398136-470646307-1884915621-789568520). This security permission can be modified using the Component Services administrative tool."
Warning,02-07-2026 11:10:44,Microsoft-Windows-DistributedCOM,10016,None,"The application-specific permission settings do not grant Local Activation permission for the COM Server application with CLSID 
{C4E82530-3B6E-4F6A-8E99-07426B47D292}
 and APPID 
{F9717507-6651-4EDB-BFF7-AE615179BCCF}
 to the user LAPTOP-IIC1GP5C\MADHUMITA SID (S-1-5-21-1776895936-2929945024-2387409390-1001) from address LocalHost (Using LRPC) running in the application container Unavailable SID (S-1-15-2-1738103332-201429380-4170488659-2481398136-470646307-1884915621-789568520). This security permission can be modified using the Component Services administrative tool."
Warning,02-07-2026 11:10:44,Microsoft-Windows-DistributedCOM,10016,None,"The application-specific permission settings do not grant Local Activation permission for the COM Server application with CLSID 
{C4E82530-3B6E-4F6A-8E99-07426B47D292}
 and APPID 
{F9717507-6651-4EDB-BFF7-AE615179BCCF}
 to the user LAPTOP-IIC1GP5C\MADHUMITA SID (S-1-5-21-1776895936-2929945024-2387409390-1001) from address LocalHost (Using LRPC) running in the application container Unavailable SID (S-1-15-2-1738103332-201429380-4170488659-2481398136-470646307-1884915621-789568520). This security permission can be modified using the Component Services administrative tool."
Warning,02-07-2026 11:10:44,Microsoft-Windows-DistributedCOM,10016,None,"The application-specific permission settings do not grant Local Activation permission for the COM Server application with CLSID 
{C4E82530-3B6E-4F6A-8E99-07426B47D292}
 and APPID 
{F9717507-6651-4EDB-BFF7-AE615179BCCF}
 to the user LAPTOP-IIC1GP5C\MADHUMITA SID (S-1-5-21-1776895936-2929945024-2387409390-1001) from address LocalHost (Using LRPC) running in the application container Unavailable SID (S-1-15-2-1738103332-201429380-4170488659-2481398136-470646307-1884915621-789568520). This security permission can be modified using the Component Services administrative tool."
Warning,02-07-2026 11:10:44,Microsoft-Windows-DistributedCOM,10016,None,"The application-specific permission settings do not grant Local Activation permission for the COM Server application with CLSID 
{C4E82530-3B6E-4F6A-8E99-07426B47D292}
 and APPID 
{F9717507-6651-4EDB-BFF7-AE615179BCCF}
 to the user LAPTOP-IIC1GP5C\MADHUMITA SID (S-1-5-21-1776895936-2929945024-2387409390-1001) from address LocalHost (Using LRPC) running in the application container Unavailable SID (S-1-15-2-1738103332-201429380-4170488659-2481398136-470646307-1884915621-789568520). This security permission can be modified using the Component Services administrative tool."
Warning,02-07-2026 11:10:44,Microsoft-Windows-DistributedCOM,10016,None,"The application-specific permission settings do not grant Local Activation permission for the COM Server application with CLSID 
{C4E82530-3B6E-4F6A-8E99-07426B47D292}
 and APPID 
{F9717507-6651-4EDB-BFF7-AE615179BCCF}
 to the user LAPTOP-IIC1GP5C\MADHUMITA SID (S-1-5-21-1776895936-2929945024-2387409390-1001) from address LocalHost (Using LRPC) running in the application container Unavailable SID (S-1-15-2-1738103332-201429380-4170488659-2481398136-470646307-1884915621-789568520). This security permission can be modified using the Component Services administrative tool."
Warning,02-07-2026 11:10:44,Microsoft-Windows-DistributedCOM,10016,None,"The application-specific permission settings do not grant Local Activation permission for the COM Server application with CLSID 
{C4E82530-3B6E-4F6A-8E99-07426B47D292}
 and APPID 
{F9717507-6651-4EDB-BFF7-AE615179BCCF}
 to the user LAPTOP-IIC1GP5C\MADHUMITA SID (S-1-5-21-1776895936-2929945024-2387409390-1001) from address LocalHost (Using LRPC) running in the application container Unavailable SID (S-1-15-2-1738103332-201429380-4170488659-2481398136-470646307-1884915621-789568520). This security permission can be modified using the Component Services administrative tool."
Warning,02-07-2026 11:10:44,Microsoft-Windows-DistributedCOM,10016,None,"The application-specific permission settings do not grant Local Activation permission for the COM Server application with CLSID 
{C4E82530-3B6E-4F6A-8E99-07426B47D292}
 and APPID 
{F9717507-6651-4EDB-BFF7-AE615179BCCF}
 to the user LAPTOP-IIC1GP5C\MADHUMITA SID (S-1-5-21-1776895936-2929945024-2387409390-1001) from address LocalHost (Using LRPC) running in the application container Unavailable SID (S-1-15-2-1738103332-201429380-4170488659-2481398136-470646307-1884915621-789568520). This security permission can be modified using the Component Services administrative tool."
Warning,02-07-2026 11:10:44,Microsoft-Windows-DistributedCOM,10016,None,"The application-specific permission settings do not grant Local Activation permission for the COM Server application with CLSID 
{C4E82530-3B6E-4F6A-8E99-07426B47D292}
 and APPID 
{F9717507-6651-4EDB-BFF7-AE615179BCCF}
 to the user LAPTOP-IIC1GP5C\MADHUMITA SID (S-1-5-21-1776895936-2929945024-2387409390-1001) from address LocalHost (Using LRPC) running in the application container Unavailable SID (S-1-15-2-1738103332-201429380-4170488659-2481398136-470646307-1884915621-789568520). This security permission can be modified using the Component Services administrative tool."
Warning,02-07-2026 11:10:44,Microsoft-Windows-DistributedCOM,10016,None,"The application-specific permission settings do not grant Local Activation permission for the COM Server application with CLSID 
{C4E82530-3B6E-4F6A-8E99-07426B47D292}
 and APPID 
{F9717507-6651-4EDB-BFF7-AE615179BCCF}
 to the user LAPTOP-IIC1GP5C\MADHUMITA SID (S-1-5-21-1776895936-2929945024-2387409390-1001) from address LocalHost (Using LRPC) running in the application container Unavailable SID (S-1-15-2-1738103332-201429380-4170488659-2481398136-470646307-1884915621-789568520). This security permission can be modified using the Component Services administrative tool."
Warning,02-07-2026 11:10:44,Microsoft-Windows-DistributedCOM,10016,None,"The application-specific permission settings do not grant Local Activation permission for the COM Server application with CLSID 
{C4E82530-3B6E-4F6A-8E99-07426B47D292}
 and APPID 
{F9717507-6651-4EDB-BFF7-AE615179BCCF}
 to the user LAPTOP-IIC1GP5C\MADHUMITA SID (S-1-5-21-1776895936-2929945024-2387409390-1001) from address LocalHost (Using LRPC) running in the application container Unavailable SID (S-1-15-2-1738103332-201429380-4170488659-2481398136-470646307-1884915621-789568520). This security permission can be modified using the Component Services administrative tool."
Warning,02-07-2026 11:10:25,Microsoft-Windows-DistributedCOM,10016,None,"The application-specific permission settings do not grant Local Activation permission for the COM Server application with CLSID 
{C4E82530-3B6E-4F6A-8E99-07426B47D292}
 and APPID 
{F9717507-6651-4EDB-BFF7-AE615179BCCF}
 to the user LAPTOP-IIC1GP5C\MADHUMITA SID (S-1-5-21-1776895936-2929945024-2387409390-1001) from address LocalHost (Using LRPC) running in the application container Unavailable SID (S-1-15-2-1738103332-201429380-4170488659-2481398136-470646307-1884915621-789568520). This security permission can be modified using the Component Services administrative tool."
Warning,02-07-2026 11:10:25,Microsoft-Windows-DistributedCOM,10016,None,"The application-specific permission settings do not grant Local Activation permission for the COM Server application with CLSID 
{C4E82530-3B6E-4F6A-8E99-07426B47D292}
 and APPID 
{F9717507-6651-4EDB-BFF7-AE615179BCCF}
 to the user LAPTOP-IIC1GP5C\MADHUMITA SID (S-1-5-21-1776895936-2929945024-2387409390-1001) from address LocalHost (Using LRPC) running in the application container Unavailable SID (S-1-15-2-1738103332-201429380-4170488659-2481398136-470646307-1884915621-789568520). This security permission can be modified using the Component Services administrative tool."
Warning,02-07-2026 11:10:25,Microsoft-Windows-DistributedCOM,10016,None,"The application-specific permission settings do not grant Local Activation permission for the COM Server application with CLSID 
{C4E82530-3B6E-4F6A-8E99-07426B47D292}
 and APPID 
{F9717507-6651-4EDB-BFF7-AE615179BCCF}
 to the user LAPTOP-IIC1GP5C\MADHUMITA SID (S-1-5-21-1776895936-2929945024-2387409390-1001) from address LocalHost (Using LRPC) running in the application container Unavailable SID (S-1-15-2-1738103332-201429380-4170488659-2481398136-470646307-1884915621-789568520). This security permission can be modified using the Component Services administrative tool."
Warning,02-07-2026 11:10:25,Microsoft-Windows-DistributedCOM,10016,None,"The application-specific permission settings do not grant Local Activation permission for the COM Server application with CLSID 
{C4E82530-3B6E-4F6A-8E99-07426B47D292}
 and APPID 
{F9717507-6651-4EDB-BFF7-AE615179BCCF}
 to the user LAPTOP-IIC1GP5C\MADHUMITA SID (S-1-5-21-1776895936-2929945024-2387409390-1001) from address LocalHost (Using LRPC) running in the application container Unavailable SID (S-1-15-2-1738103332-201429380-4170488659-2481398136-470646307-1884915621-789568520). This security permission can be modified using the Component Services administrative tool."
Warning,02-07-2026 11:10:25,Microsoft-Windows-DistributedCOM,10016,None,"The application-specific permission settings do not grant Local Activation permission for the COM Server application with CLSID 
{C4E82530-3B6E-4F6A-8E99-07426B47D292}
 and APPID 
{F9717507-6651-4EDB-BFF7-AE615179BCCF}
 to the user LAPTOP-IIC1GP5C\MADHUMITA SID (S-1-5-21-1776895936-2929945024-2387409390-1001) from address LocalHost (Using LRPC) running in the application container Unavailable SID (S-1-15-2-1738103332-201429380-4170488659-2481398136-470646307-1884915621-789568520). This security permission can be modified using the Component Services administrative tool."
Warning,02-07-2026 11:10:25,Microsoft-Windows-DistributedCOM,10016,None,"The application-specific permission settings do not grant Local Activation permission for the COM Server application with CLSID 
{C4E82530-3B6E-4F6A-8E99-07426B47D292}
 and APPID 
{F9717507-6651-4EDB-BFF7-AE615179BCCF}
 to the user LAPTOP-IIC1GP5C\MADHUMITA SID (S-1-5-21-1776895936-2929945024-2387409390-1001) from address LocalHost (Using LRPC) running in the application container Unavailable SID (S-1-15-2-1738103332-201429380-4170488659-2481398136-470646307-1884915621-789568520). This security permission can be modified using the Component Services administrative tool."
Warning,02-07-2026 11:10:25,Microsoft-Windows-DistributedCOM,10016,None,"The application-specific permission settings do not grant Local Activation permission for the COM Server application with CLSID 
{C4E82530-3B6E-4F6A-8E99-07426B47D292}
 and APPID 
{F9717507-6651-4EDB-BFF7-AE615179BCCF}
 to the user LAPTOP-IIC1GP5C\MADHUMITA SID (S-1-5-21-1776895936-2929945024-2387409390-1001) from address LocalHost (Using LRPC) running in the application container Unavailable SID (S-1-15-2-1738103332-201429380-4170488659-2481398136-470646307-1884915621-789568520). This security permission can be modified using the Component Services administrative tool."
Warning,02-07-2026 11:10:25,Microsoft-Windows-DistributedCOM,10016,None,"The application-specific permission settings do not grant Local Activation permission for the COM Server application with CLSID 
{C4E82530-3B6E-4F6A-8E99-07426B47D292}
 and APPID 
{F9717507-6651-4EDB-BFF7-AE615179BCCF}
 to the user LAPTOP-IIC1GP5C\MADHUMITA SID (S-1-5-21-1776895936-2929945024-2387409390-1001) from address LocalHost (Using LRPC) running in the application container Unavailable SID (S-1-15-2-1738103332-201429380-4170488659-2481398136-470646307-1884915621-789568520). This security permission can be modified using the Component Services administrative tool."
Warning,02-07-2026 11:10:25,Microsoft-Windows-DistributedCOM,10016,None,"The application-specific permission settings do not grant Local Activation permission for the COM Server application with CLSID 
{C4E82530-3B6E-4F6A-8E99-07426B47D292}
 and APPID 
{F9717507-6651-4EDB-BFF7-AE615179BCCF}
 to the user LAPTOP-IIC1GP5C\MADHUMITA SID (S-1-5-21-1776895936-2929945024-2387409390-1001) from address LocalHost (Using LRPC) running in the application container Unavailable SID (S-1-15-2-1738103332-201429380-4170488659-2481398136-470646307-1884915621-789568520). This security permission can be modified using the Component Services administrative tool."
Warning,02-07-2026 11:10:25,Microsoft-Windows-DistributedCOM,10016,None,"The application-specific permission settings do not grant Local Activation permission for the COM Server application with CLSID 
{C4E82530-3B6E-4F6A-8E99-07426B47D292}
 and APPID 
{F9717507-6651-4EDB-BFF7-AE615179BCCF}
 to the user LAPTOP-IIC1GP5C\MADHUMITA SID (S-1-5-21-1776895936-2929945024-2387409390-1001) from address LocalHost (Using LRPC) running in the application container Unavailable SID (S-1-15-2-1738103332-201429380-4170488659-2481398136-470646307-1884915621-789568520). This security permission can be modified using the Component Services administrative tool."
Warning,02-07-2026 11:10:25,Microsoft-Windows-DistributedCOM,10016,None,"The application-specific permission settings do not grant Local Activation permission for the COM Server application with CLSID 
{C4E82530-3B6E-4F6A-8E99-07426B47D292}
 and APPID 
{F9717507-6651-4EDB-BFF7-AE615179BCCF}
 to the user LAPTOP-IIC1GP5C\MADHUMITA SID (S-1-5-21-1776895936-2929945024-2387409390-1001) from address LocalHost (Using LRPC) running in the application container Unavailable SID (S-1-15-2-1738103332-201429380-4170488659-2481398136-470646307-1884915621-789568520). This security permission can be modified using the Component Services administrative tool."
Warning,02-07-2026 11:10:25,Microsoft-Windows-DistributedCOM,10016,None,"The application-specific permission settings do not grant Local Activation permission for the COM Server application with CLSID 
{C4E82530-3B6E-4F6A-8E99-07426B47D292}
 and APPID 
{F9717507-6651-4EDB-BFF7-AE615179BCCF}
 to the user LAPTOP-IIC1GP5C\MADHUMITA SID (S-1-5-21-1776895936-2929945024-2387409390-1001) from address LocalHost (Using LRPC) running in the application container Unavailable SID (S-1-15-2-1738103332-201429380-4170488659-2481398136-470646307-1884915621-789568520). This security permission can be modified using the Component Services administrative tool."
Warning,02-07-2026 11:10:25,Microsoft-Windows-DistributedCOM,10016,None,"The application-specific permission settings do not grant Local Activation permission for the COM Server application with CLSID 
{C4E82530-3B6E-4F6A-8E99-07426B47D292}
 and APPID 
{F9717507-6651-4EDB-BFF7-AE615179BCCF}
 to the user LAPTOP-IIC1GP5C\MADHUMITA SID (S-1-5-21-1776895936-2929945024-2387409390-1001) from address LocalHost (Using LRPC) running in the application container Unavailable SID (S-1-15-2-1738103332-201429380-4170488659-2481398136-470646307-1884915621-789568520). This security permission can be modified using the Component Services administrative tool."
Warning,02-07-2026 11:10:25,Microsoft-Windows-DistributedCOM,10016,None,"The application-specific permission settings do not grant Local Activation permission for the COM Server application with CLSID 
{C4E82530-3B6E-4F6A-8E99-07426B47D292}
 and APPID 
{F9717507-6651-4EDB-BFF7-AE615179BCCF}
 to the user LAPTOP-IIC1GP5C\MADHUMITA SID (S-1-5-21-1776895936-2929945024-2387409390-1001) from address LocalHost (Using LRPC) running in the application container Unavailable SID (S-1-15-2-1738103332-201429380-4170488659-2481398136-470646307-1884915621-789568520). This security permission can be modified using the Component Services administrative tool."
Error,02-07-2026 11:10:24,.NET Runtime,1022,None,.NET Runtime version 4.0.30319.0 - There was a failure initializing profiling API attach infrastructure.  This process will not allow a profiler to attach.  HRESULT: 0x80004005.  Process ID (decimal): 11876.  Message ID: [0x2509].
Error,02-07-2026 11:10:22,.NET Runtime,1022,None,.NET Runtime version 4.0.30319.0 - There was a failure initializing profiling API attach infrastructure.  This process will not allow a profiler to attach.  HRESULT: 0x80004005.  Process ID (decimal): 25376.  Message ID: [0x2509].
Error,02-07-2026 11:10:20,Microsoft-Windows-Kernel-EventTracing,2,Session,"Session ""Cloud Files Diagnostic Event Listener"" failed to start with the following error: 0xC0000022"
Warning,02-07-2026 11:10:15,Microsoft-Windows-Search,10024,Gatherer,The filter host process 8972 did not respond and is being forcibly terminated. 

Warning,02-07-2026 11:10:15,Microsoft-Windows-Search,10024,Gatherer,The filter host process 19556 did not respond and is being forcibly terminated. 

Warning,02-07-2026 11:10:13,Microsoft-Windows-DistributedCOM,10016,None,"The application-specific permission settings do not grant Local Activation permission for the COM Server application with CLSID 
{C4E82530-3B6E-4F6A-8E99-07426B47D292}
 and APPID 
{F9717507-6651-4EDB-BFF7-AE615179BCCF}
 to the user LAPTOP-IIC1GP5C\MADHUMITA SID (S-1-5-21-1776895936-2929945024-2387409390-1001) from address LocalHost (Using LRPC) running in the application container Unavailable SID (S-1-15-2-1738103332-201429380-4170488659-2481398136-470646307-1884915621-789568520). This security permission can be modified using the Component Services administrative tool."
