Error,29-03-2026 22:19:32,Bonjour Service,100,None,mDNSCoreReceiveResponse: Received from FE80:0000:0000:0000:8B2F:8828:ED0C:FE27:5353    4 LAPTOP-IIC1GP5C.local. Addr 192.168.1.4
Warning,29-03-2026 22:19:31,Microsoft-Windows-Time-Service,134,None,"NtpClient was unable to set a manual peer to use as a time source because of DNS resolution error on 'time.windows.com,0x9'. NtpClient will try again in 15 minutes and double the reattempt interval thereafter. The error was: No such host is known. (0x80072AF9)"
Warning,29-03-2026 22:19:30,Microsoft-Windows-DistributedCOM,10016,None,"The application-specific permission settings do not grant Local Activation permission for the COM Server application with CLSID 
{6B3B8D23-FA8D-40B9-8DBD-B950333E2C52}
 and APPID 
{4839DDB7-58C2-48F5-8283-E1D1807D0D7D}
 to the user NT AUTHORITY\LOCAL SERVICE SID (S-1-5-19) from address LocalHost (Using LRPC) running in the application container Unavailable SID (Unavailable). This security permission can be modified using the Component Services administrative tool."
Warning,29-03-2026 22:19:30,Microsoft-Windows-DistributedCOM,10016,None,"The application-specific permission settings do not grant Local Activation permission for the COM Server application with CLSID 
{6B3B8D23-FA8D-40B9-8DBD-B950333E2C52}
 and APPID 
{4839DDB7-58C2-48F5-8283-E1D1807D0D7D}
 to the user NT AUTHORITY\LOCAL SERVICE SID (S-1-5-19) from address LocalHost (Using LRPC) running in the application container Unavailable SID (Unavailable). This security permission can be modified using the Component Services administrative tool."
Warning,29-03-2026 22:19:30,Microsoft-Windows-DistributedCOM,10016,None,"The application-specific permission settings do not grant Local Activation permission for the COM Server application with CLSID 
{6B3B8D23-FA8D-40B9-8DBD-B950333E2C52}
 and APPID 
{4839DDB7-58C2-48F5-8283-E1D1807D0D7D}
 to the user NT AUTHORITY\LOCAL SERVICE SID (S-1-5-19) from address LocalHost (Using LRPC) running in the application container Unavailable SID (Unavailable). This security permission can be modified using the Component Services administrative tool."
Warning,29-03-2026 22:19:30,Microsoft-Windows-DistributedCOM,10016,None,"The application-specific permission settings do not grant Local Activation permission for the COM Server application with CLSID 
{6B3B8D23-FA8D-40B9-8DBD-B950333E2C52}
 and APPID 
{4839DDB7-58C2-48F5-8283-E1D1807D0D7D}
 to the user NT AUTHORITY\LOCAL SERVICE SID (S-1-5-19) from address LocalHost (Using LRPC) running in the application container Unavailable SID (Unavailable). This security permission can be modified using the Component Services administrative tool."
Error,29-03-2026 22:19:29,Microsoft-Windows-NDIS,10317,PnP,"Miniport Microsoft Wi-Fi Direct Virtual Adapter #2, {3c5497bf-cbed-4053-939e-936ea329ee06}, had event Fatal error: The miniport has failed a power transition to operational power"
Error,28-03-2026 15:52:05,Microsoft-Windows-Kernel-EventTracing,3,Session,"Session ""PerfDiag Logger"" stopped due to the following error: 0xC0000188"
Warning,28-03-2026 15:52:05,Microsoft-Windows-Kernel-EventTracing,4,Logging,"The maximum file size for session ""PerfDiag Logger"" has been reached. As a result, events might be lost (not logged) to file ""C:\WINDOWS\system32\WDI\LogFiles\ShutdownPerfDiagLogger.etl"". The maximum files size is currently set to 20971520 bytes."
Error,28-03-2026 15:52:04,Microsoft-Windows-DistributedCOM,10010,None,The server {2593F8B9-4EAF-457C-B68A-50F6B8EA6B54} did not register with DCOM within the required timeout.
Error,28-03-2026 15:49:27,MsiInstaller,1013,None,Product: HP Display Control Service -- The device is not a supported system. Aborting installation.
Error,28-03-2026 15:49:26,MsiInstaller,10005,None,"Product: HP Display Control Service -- The installer has encountered an unexpected error installing this package. This may indicate a problem with this package. The error code is 2753. The arguments are: DisplayControl, , "
Error,28-03-2026 15:49:22,MsiInstaller,1013,None,Product: HP Display Control Service -- The device is not a supported system. Aborting installation.
Error,28-03-2026 15:49:21,MsiInstaller,10005,None,"Product: HP Display Control Service -- The installer has encountered an unexpected error installing this package. This may indicate a problem with this package. The error code is 2753. The arguments are: DisplayControl, , "
Error,28-03-2026 15:48:51,Microsoft-Windows-Kernel-EventTracing,2,Session,"Session ""Cloud Files Diagnostic Event Listener"" failed to start with the following error: 0xC0000022"
Warning,28-03-2026 15:48:25,Microsoft-Windows-User Device Registration,360,None,"Windows Hello for Business provisioning will not be launched. 
Device is Microsoft Entra joined (or hybrid joined): Not Tested 
User has logged on with Microsoft Entra credentials: No 
Windows Hello for Business policy is enabled: Not Tested 
Windows Hello for Business post-logon provisioning is enabled: Not Tested 
Local computer meets Windows hello for business hardware requirements: Not Tested 
User is not connected to the machine via Remote Desktop: Yes 
User certificate for on premise auth policy is enabled: Not Tested 
Machine is governed by none policy. 
Cloud trust for on premise auth policy is enabled: Not Tested 
User account has Cloud to OnPrem TGT: Not Tested 
See https://go.microsoft.com/fwlink/?linkid=832647 for more details."
Warning,28-03-2026 15:48:21,Microsoft-Windows-DistributedCOM,10016,None,"The application-specific permission settings do not grant Local Activation permission for the COM Server application with CLSID 
{6B3B8D23-FA8D-40B9-8DBD-B950333E2C52}
 and APPID 
{4839DDB7-58C2-48F5-8283-E1D1807D0D7D}
 to the user NT AUTHORITY\LOCAL SERVICE SID (S-1-5-19) from address LocalHost (Using LRPC) running in the application container Unavailable SID (Unavailable). This security permission can be modified using the Component Services administrative tool."
Warning,28-03-2026 15:48:21,Microsoft-Windows-DistributedCOM,10016,None,"The application-specific permission settings do not grant Local Activation permission for the COM Server application with CLSID 
{6B3B8D23-FA8D-40B9-8DBD-B950333E2C52}
 and APPID 
{4839DDB7-58C2-48F5-8283-E1D1807D0D7D}
 to the user NT AUTHORITY\LOCAL SERVICE SID (S-1-5-19) from address LocalHost (Using LRPC) running in the application container Unavailable SID (Unavailable). This security permission can be modified using the Component Services administrative tool."
Warning,28-03-2026 15:48:21,Microsoft-Windows-DistributedCOM,10016,None,"The application-specific permission settings do not grant Local Activation permission for the COM Server application with CLSID 
{6B3B8D23-FA8D-40B9-8DBD-B950333E2C52}
 and APPID 
{4839DDB7-58C2-48F5-8283-E1D1807D0D7D}
 to the user NT AUTHORITY\LOCAL SERVICE SID (S-1-5-19) from address LocalHost (Using LRPC) running in the application container Unavailable SID (Unavailable). This security permission can be modified using the Component Services administrative tool."
Warning,28-03-2026 15:48:21,Microsoft-Windows-DistributedCOM,10016,None,"The application-specific permission settings do not grant Local Activation permission for the COM Server application with CLSID 
{6B3B8D23-FA8D-40B9-8DBD-B950333E2C52}
 and APPID 
{4839DDB7-58C2-48F5-8283-E1D1807D0D7D}
 to the user NT AUTHORITY\LOCAL SERVICE SID (S-1-5-19) from address LocalHost (Using LRPC) running in the application container Unavailable SID (Unavailable). This security permission can be modified using the Component Services administrative tool."
Error,28-03-2026 15:48:19,Microsoft-Windows-NDIS,10317,PnP,"Miniport Microsoft Wi-Fi Direct Virtual Adapter #2, {3c5497bf-cbed-4053-939e-936ea329ee06}, had event Fatal error: The miniport has failed a power transition to operational power"
Error,28-03-2026 12:46:33,Universal Print,1,None,"Failure response trying to get MPS Discovery Endpoint from MS Graph. HttpStatus=12007, TraceId: "
Warning,28-03-2026 12:46:22,Win32k,701,None,Power Manager has not requested suppression of all input (INPUT_SUPPRESS_REQUEST=0)
Warning,28-03-2026 12:46:22,Win32k,701,None,Power Manager has not requested suppression of all input (INPUT_SUPPRESS_REQUEST=0)
Warning,28-03-2026 12:42:17,Win32k,700,None,Power Manager has requested suppression of all input (INPUT_SUPPRESS_REQUEST=1)
Warning,28-03-2026 12:42:17,Win32k,700,None,Power Manager has requested suppression of all input (INPUT_SUPPRESS_REQUEST=1)
Error,28-03-2026 12:37:05,Microsoft-Windows-Kernel-EventTracing,3,Session,"Session ""PerfDiag Logger"" stopped due to the following error: 0xC0000188"
Warning,28-03-2026 12:37:05,Microsoft-Windows-Kernel-EventTracing,4,Logging,"The maximum file size for session ""PerfDiag Logger"" has been reached. As a result, events might be lost (not logged) to file ""C:\WINDOWS\system32\WDI\LogFiles\ShutdownPerfDiagLogger.etl"". The maximum files size is currently set to 20971520 bytes."
Error,28-03-2026 12:36:52,Microsoft-Windows-Kernel-EventTracing,2,Session,"Session ""Cloud Files Diagnostic Event Listener"" failed to start with the following error: 0xC0000022"
Error,28-03-2026 12:36:12,Bonjour Service,100,None,Local Hostname LAPTOP-IIC1GP5C.local already in use; will try LAPTOP-IIC1GP5C-2.local instead
Error,28-03-2026 12:36:12,Bonjour Service,100,None,mDNSCoreReceiveResponse: ProbeCount 2; will rename   16 LAPTOP-IIC1GP5C.local. AAAA FE80:0000:0000:0000:8B2F:8828:ED0C:FE27
Error,28-03-2026 12:36:12,Bonjour Service,100,None,mDNSCoreReceiveResponse: Received from FE80:0000:0000:0000:8B2F:8828:ED0C:FE27:5353   16 LAPTOP-IIC1GP5C.local. AAAA 2409:40F4:311C:C621:FEE8:24CF:8A73:F56E
Error,28-03-2026 12:28:17,Microsoft-Windows-Kernel-EventTracing,2,Session,"Session ""Microsoft.Windows.Remediation"" failed to start with the following error: 0xC0000035"
Error,28-03-2026 12:25:40,Universal Print,1,None,Failed to get auth header with 0xcaa7000a
Error,28-03-2026 12:25:40,Universal Print,1,None,"Error requesting OAuth token. hr: 0xcaa7000a, WebTokenRequestStatus: 5, Error: The Internet connection has timed out."
Error,28-03-2026 12:25:35,MsiInstaller,1013,None,Product: HP Display Control Service -- The device is not a supported system. Aborting installation.
Error,28-03-2026 12:25:34,MsiInstaller,10005,None,"Product: HP Display Control Service -- The installer has encountered an unexpected error installing this package. This may indicate a problem with this package. The error code is 2753. The arguments are: DisplayControl, , "
Error,28-03-2026 12:25:31,MsiInstaller,1013,None,Product: HP Display Control Service -- The device is not a supported system. Aborting installation.
Error,28-03-2026 12:25:30,MsiInstaller,10005,None,"Product: HP Display Control Service -- The installer has encountered an unexpected error installing this package. This may indicate a problem with this package. The error code is 2753. The arguments are: DisplayControl, , "
Error,28-03-2026 12:24:54,Microsoft-Windows-TPM-WMI,1796,None,"The Secure Boot update failed to update SBAT with error Unknown HResult Error code: 0x800700c1. For more information, please see https://go.microsoft.com/fwlink/?linkid=2169931"
Error,28-03-2026 12:24:49,MsiInstaller,1013,None,Product: HP Display Control Service -- The device is not a supported system. Aborting installation.
Error,28-03-2026 12:24:48,MsiInstaller,10005,None,"Product: HP Display Control Service -- The installer has encountered an unexpected error installing this package. This may indicate a problem with this package. The error code is 2753. The arguments are: DisplayControl, , "
Error,28-03-2026 12:24:37,Windows App Runtime,22,None,Package dependency criteria could not be resolved. 
Warning,28-03-2026 12:24:34,Microsoft-Windows-User Device Registration,360,None,"Windows Hello for Business provisioning will not be launched. 
Device is Microsoft Entra joined (or hybrid joined): Not Tested 
User has logged on with Microsoft Entra credentials: No 
Windows Hello for Business policy is enabled: Not Tested 
Windows Hello for Business post-logon provisioning is enabled: Not Tested 
Local computer meets Windows hello for business hardware requirements: Not Tested 
User is not connected to the machine via Remote Desktop: Yes 
User certificate for on premise auth policy is enabled: Not Tested 
Machine is governed by none policy. 
Cloud trust for on premise auth policy is enabled: Not Tested 
User account has Cloud to OnPrem TGT: Not Tested 
See https://go.microsoft.com/fwlink/?linkid=832647 for more details."
Warning,28-03-2026 12:24:30,Microsoft-Windows-DistributedCOM,10016,None,"The application-specific permission settings do not grant Local Activation permission for the COM Server application with CLSID 
{6B3B8D23-FA8D-40B9-8DBD-B950333E2C52}
 and APPID 
{4839DDB7-58C2-48F5-8283-E1D1807D0D7D}
 to the user NT AUTHORITY\LOCAL SERVICE SID (S-1-5-19) from address LocalHost (Using LRPC) running in the application container Unavailable SID (Unavailable). This security permission can be modified using the Component Services administrative tool."
Warning,28-03-2026 12:24:30,Microsoft-Windows-DistributedCOM,10016,None,"The application-specific permission settings do not grant Local Activation permission for the COM Server application with CLSID 
{6B3B8D23-FA8D-40B9-8DBD-B950333E2C52}
 and APPID 
{4839DDB7-58C2-48F5-8283-E1D1807D0D7D}
 to the user NT AUTHORITY\LOCAL SERVICE SID (S-1-5-19) from address LocalHost (Using LRPC) running in the application container Unavailable SID (Unavailable). This security permission can be modified using the Component Services administrative tool."
Warning,28-03-2026 12:24:30,Microsoft-Windows-DistributedCOM,10016,None,"The application-specific permission settings do not grant Local Activation permission for the COM Server application with CLSID 
{6B3B8D23-FA8D-40B9-8DBD-B950333E2C52}
 and APPID 
{4839DDB7-58C2-48F5-8283-E1D1807D0D7D}
 to the user NT AUTHORITY\LOCAL SERVICE SID (S-1-5-19) from address LocalHost (Using LRPC) running in the application container Unavailable SID (Unavailable). This security permission can be modified using the Component Services administrative tool."
Warning,28-03-2026 12:24:30,Microsoft-Windows-DistributedCOM,10016,None,"The application-specific permission settings do not grant Local Activation permission for the COM Server application with CLSID 
{6B3B8D23-FA8D-40B9-8DBD-B950333E2C52}
 and APPID 
{4839DDB7-58C2-48F5-8283-E1D1807D0D7D}
 to the user NT AUTHORITY\LOCAL SERVICE SID (S-1-5-19) from address LocalHost (Using LRPC) running in the application container Unavailable SID (Unavailable). This security permission can be modified using the Component Services administrative tool."
Warning,28-03-2026 12:24:29,Microsoft-Windows-Time-Service,134,None,"NtpClient was unable to set a manual peer to use as a time source because of DNS resolution error on 'time.windows.com,0x9'. NtpClient will try again in 15 minutes and double the reattempt interval thereafter. The error was: No such host is known. (0x80072AF9)"
Error,28-03-2026 12:24:28,Microsoft-Windows-NDIS,10317,PnP,"Miniport Microsoft Wi-Fi Direct Virtual Adapter #2, {3c5497bf-cbed-4053-939e-936ea329ee06}, had event Fatal error: The miniport has failed a power transition to operational power"
Warning,28-03-2026 12:24:27,Win32k,701,None,Power Manager has not requested suppression of all input (INPUT_SUPPRESS_REQUEST=0)
Warning,28-03-2026 12:24:27,Win32k,701,None,Power Manager has not requested suppression of all input (INPUT_SUPPRESS_REQUEST=0)
Warning,28-03-2026 12:24:27,Microsoft-Windows-Dhcp-Client,1003,Address Configuration State Event,Your computer was not able to renew its address from the network (from the DHCP Server) for the Network Card with network address 0xCC474054A496.  The following error occurred: 0x79. Your computer will continue to try and obtain an address on its own from the network address (DHCP) server.
Warning,28-03-2026 00:29:46,Win32k,700,None,Power Manager has requested suppression of all input (INPUT_SUPPRESS_REQUEST=1)
Warning,28-03-2026 00:29:46,Win32k,700,None,Power Manager has requested suppression of all input (INPUT_SUPPRESS_REQUEST=1)
Warning,28-03-2026 00:29:44,winsrvext,100,None,Process C:\Windows\explorer.exe is delaying system shutdown after 5015 milliseconds.
Error,28-03-2026 00:03:31,.NET Runtime,1022,None,.NET Runtime version 4.0.30319.0 - There was a failure initializing profiling API attach infrastructure.  This process will not allow a profiler to attach.  HRESULT: 0x80004005.  Process ID (decimal): 18144.  Message ID: [0x2509].
Error,28-03-2026 00:03:30,.NET Runtime,1022,None,.NET Runtime version 4.0.30319.0 - There was a failure initializing profiling API attach infrastructure.  This process will not allow a profiler to attach.  HRESULT: 0x80004005.  Process ID (decimal): 22012.  Message ID: [0x2509].
Warning,27-03-2026 23:53:02,Microsoft-Windows-DistributedCOM,10016,None,"The application-specific permission settings do not grant Local Activation permission for the COM Server application with CLSID 
{2593F8B9-4EAF-457C-B68A-50F6B8EA6B54}
 and APPID 
{15C20B67-12E7-4BB6-92BB-7AFF07997402}
 to the user LAPTOP-IIC1GP5C\MADHUMITA SID (S-1-5-21-1776895936-2929945024-2387409390-1001) from address LocalHost (Using LRPC) running in the application container Unavailable SID (Unavailable). This security permission can be modified using the Component Services administrative tool."
Warning,27-03-2026 23:53:02,Microsoft-Windows-DistributedCOM,10016,None,"The application-specific permission settings do not grant Local Activation permission for the COM Server application with CLSID 
{8BC3F05E-D86B-11D0-A075-00C04FB68820}
 and APPID 
{8BC3F05E-D86B-11D0-A075-00C04FB68820}
 to the user LAPTOP-IIC1GP5C\MADHUMITA SID (S-1-5-21-1776895936-2929945024-2387409390-1001) from address LocalHost (Using LRPC) running in the application container Unavailable SID (S-1-15-2-2034283098-2252572593-1072577386-2659511007-3245387615-27016815-3920691934). This security permission can be modified using the Component Services administrative tool."
Warning,27-03-2026 23:53:02,Microsoft-Windows-DistributedCOM,10016,None,"The application-specific permission settings do not grant Local Activation permission for the COM Server application with CLSID 
{8BC3F05E-D86B-11D0-A075-00C04FB68820}
 and APPID 
{8BC3F05E-D86B-11D0-A075-00C04FB68820}
 to the user LAPTOP-IIC1GP5C\MADHUMITA SID (S-1-5-21-1776895936-2929945024-2387409390-1001) from address LocalHost (Using LRPC) running in the application container Unavailable SID (S-1-15-2-2034283098-2252572593-1072577386-2659511007-3245387615-27016815-3920691934). This security permission can be modified using the Component Services administrative tool."
Warning,27-03-2026 23:53:01,Microsoft-Windows-DistributedCOM,10016,None,"The application-specific permission settings do not grant Local Activation permission for the COM Server application with CLSID 
{8BC3F05E-D86B-11D0-A075-00C04FB68820}
 and APPID 
{8BC3F05E-D86B-11D0-A075-00C04FB68820}
 to the user LAPTOP-IIC1GP5C\MADHUMITA SID (S-1-5-21-1776895936-2929945024-2387409390-1001) from address LocalHost (Using LRPC) running in the application container Unavailable SID (S-1-15-2-2034283098-2252572593-1072577386-2659511007-3245387615-27016815-3920691934). This security permission can be modified using the Component Services administrative tool."
Warning,27-03-2026 23:52:58,Microsoft-Windows-DistributedCOM,10016,None,"The application-specific permission settings do not grant Local Activation permission for the COM Server application with CLSID 
{2593F8B9-4EAF-457C-B68A-50F6B8EA6B54}
 and APPID 
{15C20B67-12E7-4BB6-92BB-7AFF07997402}
 to the user LAPTOP-IIC1GP5C\MADHUMITA SID (S-1-5-21-1776895936-2929945024-2387409390-1001) from address LocalHost (Using LRPC) running in the application container Unavailable SID (Unavailable). This security permission can be modified using the Component Services administrative tool."
Error,27-03-2026 23:39:46,MsiInstaller,1013,None,Product: HP Display Control Service -- The device is not a supported system. Aborting installation.
Error,27-03-2026 23:39:45,MsiInstaller,10005,None,"Product: HP Display Control Service -- The installer has encountered an unexpected error installing this package. This may indicate a problem with this package. The error code is 2753. The arguments are: DisplayControl, , "
Warning,27-03-2026 23:38:56,VBScriptDeprecationAlert,4096,None,"The description for Event ID 4096 from source VBScriptDeprecationAlert cannot be found. Either the component that raises this event is not installed on your local computer or the installation is corrupted. You can install or repair the component on the local computer.

If the event originated on another computer, the display information had to be saved with the event.

The following information was included with the event: 

VBScript is scheduled for deprecation. Our telemetry indicates that your system is currently utilizing VBScript.
We strongly recommend identifying and migrating away from any VBScript dependencies at the earliest.

The following process has been detected as using VBScript. The associated process tree and call stack are provided below to assist in identifying the scenario in which VBScript was invoked.

ProcessName = ""wmic.exe""
ProcessTree = ""WMIC.exe;Arduino IDE.exe;Arduino IDE.exe;explorer.exe""
CallStack = ""vbscript.dll+0x68C16;vbscript.dll+0x5571F;vbscript.dll+0x4024A;msxml6.dll+0x1113C6;msxml6.dll+0x10E482;msxml6.dll+0x215AC;msxml6.dll+0x4670A;msxml6.dll+0xCA1F7;msxml6.dll+0xCBA85;msxml6.dll+0xCB94D;wmic.exe+0x276BD;wmic.exe+0x2173E;wmic.exe+0x25D45;wmic.exe+0x3BCD0;wmic.exe+0x3909F;wmic.exe+0x18F4;KERNEL32.DLL+0x2E8D7;ntdll.dll+0x8C48C""
ProcessTreeEnhanced = ""WMIC.exe(""wmic.exe PROCESS GET Name,ProcessId,ParentProcessId,Status"");Arduino IDE.exe(""<path>\Arduino <path>\Arduino IDE.exe"" <path>\Arduino <path>\main.js"""");Arduino IDE.exe(""<path>\Arduino <path>\Arduino IDE.exe"""");explorer.exe(""<path>\Explorer.EXE"")""

The message resource is present but the message was not found in the message table
"
Warning,27-03-2026 20:47:32,VBScriptDeprecationAlert,4096,None,"The description for Event ID 4096 from source VBScriptDeprecationAlert cannot be found. Either the component that raises this event is not installed on your local computer or the installation is corrupted. You can install or repair the component on the local computer.

If the event originated on another computer, the display information had to be saved with the event.

The following information was included with the event: 

VBScript is scheduled for deprecation. Our telemetry indicates that your system is currently utilizing VBScript.
We strongly recommend identifying and migrating away from any VBScript dependencies at the earliest.

The following process has been detected as using VBScript. The associated process tree and call stack are provided below to assist in identifying the scenario in which VBScript was invoked.

ProcessName = ""wmic.exe""
ProcessTree = ""WMIC.exe;Arduino IDE.exe;Arduino IDE.exe;explorer.exe""
CallStack = ""vbscript.dll+0x68C16;vbscript.dll+0x5571F;vbscript.dll+0x4024A;msxml6.dll+0x1113C6;msxml6.dll+0x10E482;msxml6.dll+0x215AC;msxml6.dll+0x4670A;msxml6.dll+0xCA1F7;msxml6.dll+0xCBA85;msxml6.dll+0xCB94D;wmic.exe+0x276BD;wmic.exe+0x2173E;wmic.exe+0x25D45;wmic.exe+0x3BCD0;wmic.exe+0x3909F;wmic.exe+0x18F4;KERNEL32.DLL+0x2E8D7;ntdll.dll+0x8C48C""
ProcessTreeEnhanced = ""WMIC.exe(""wmic.exe PROCESS GET Name,ProcessId,ParentProcessId,Status"");Arduino IDE.exe(""<path>\Arduino <path>\Arduino IDE.exe"" <path>\Arduino <path>\main.js"""");Arduino IDE.exe(""<path>\Arduino <path>\Arduino IDE.exe"""");explorer.exe(""<path>\Explorer.EXE"")""

The message resource is present but the message was not found in the message table
"
Warning,27-03-2026 20:47:32,VBScriptDeprecationAlert,4096,None,"The description for Event ID 4096 from source VBScriptDeprecationAlert cannot be found. Either the component that raises this event is not installed on your local computer or the installation is corrupted. You can install or repair the component on the local computer.

If the event originated on another computer, the display information had to be saved with the event.

The following information was included with the event: 

VBScript is scheduled for deprecation. Our telemetry indicates that your system is currently utilizing VBScript.
We strongly recommend identifying and migrating away from any VBScript dependencies at the earliest.

The following process has been detected as using VBScript. The associated process tree and call stack are provided below to assist in identifying the scenario in which VBScript was invoked.

ProcessName = ""wmic.exe""
ProcessTree = ""WMIC.exe;Arduino IDE.exe;Arduino IDE.exe;explorer.exe""
CallStack = ""vbscript.dll+0x68C16;vbscript.dll+0x5571F;vbscript.dll+0x4024A;msxml6.dll+0x1113C6;msxml6.dll+0x10E482;msxml6.dll+0x215AC;msxml6.dll+0x4670A;msxml6.dll+0xCA1F7;msxml6.dll+0xCBA85;msxml6.dll+0xCB94D;wmic.exe+0x276BD;wmic.exe+0x2173E;wmic.exe+0x25D45;wmic.exe+0x3BCD0;wmic.exe+0x3909F;wmic.exe+0x18F4;KERNEL32.DLL+0x2E8D7;ntdll.dll+0x8C48C""
ProcessTreeEnhanced = ""WMIC.exe(""wmic.exe PROCESS GET Name,ProcessId,ParentProcessId,Status"");Arduino IDE.exe(""<path>\Arduino <path>\Arduino IDE.exe"" <path>\Arduino <path>\main.js"""");Arduino IDE.exe(""<path>\Arduino <path>\Arduino IDE.exe"""");explorer.exe(""<path>\Explorer.EXE"")""

The message resource is present but the message was not found in the message table
"
Error,27-03-2026 20:24:19,MsiInstaller,1013,None,Product: HP Display Control Service -- The device is not a supported system. Aborting installation.
Error,27-03-2026 20:24:18,MsiInstaller,10005,None,"Product: HP Display Control Service -- The installer has encountered an unexpected error installing this package. This may indicate a problem with this package. The error code is 2753. The arguments are: DisplayControl, , "
Warning,27-03-2026 20:23:10,VBScriptDeprecationAlert,4096,None,"The description for Event ID 4096 from source VBScriptDeprecationAlert cannot be found. Either the component that raises this event is not installed on your local computer or the installation is corrupted. You can install or repair the component on the local computer.

If the event originated on another computer, the display information had to be saved with the event.

The following information was included with the event: 

VBScript is scheduled for deprecation. Our telemetry indicates that your system is currently utilizing VBScript.
We strongly recommend identifying and migrating away from any VBScript dependencies at the earliest.

The following process has been detected as using VBScript. The associated process tree and call stack are provided below to assist in identifying the scenario in which VBScript was invoked.

ProcessName = ""wmic.exe""
ProcessTree = ""WMIC.exe;Arduino IDE.exe;Arduino IDE.exe;explorer.exe""
CallStack = ""vbscript.dll+0x68C16;vbscript.dll+0x5571F;vbscript.dll+0x4024A;msxml6.dll+0x1113C6;msxml6.dll+0x10E482;msxml6.dll+0x215AC;msxml6.dll+0x4670A;msxml6.dll+0xCA1F7;msxml6.dll+0xCBA85;msxml6.dll+0xCB94D;wmic.exe+0x276BD;wmic.exe+0x2173E;wmic.exe+0x25D45;wmic.exe+0x3BCD0;wmic.exe+0x3909F;wmic.exe+0x18F4;KERNEL32.DLL+0x2E8D7;ntdll.dll+0x8C48C""
ProcessTreeEnhanced = ""WMIC.exe(""wmic.exe PROCESS GET Name,ProcessId,ParentProcessId,Status"");Arduino IDE.exe(""<path>\Arduino <path>\Arduino IDE.exe"" <path>\Arduino <path>\main.js"""");Arduino IDE.exe(""<path>\Arduino <path>\Arduino IDE.exe"""");explorer.exe(""<path>\Explorer.EXE"")""

The message resource is present but the message was not found in the message table
"
Warning,27-03-2026 20:23:10,VBScriptDeprecationAlert,4096,None,"The description for Event ID 4096 from source VBScriptDeprecationAlert cannot be found. Either the component that raises this event is not installed on your local computer or the installation is corrupted. You can install or repair the component on the local computer.

If the event originated on another computer, the display information had to be saved with the event.

The following information was included with the event: 

VBScript is scheduled for deprecation. Our telemetry indicates that your system is currently utilizing VBScript.
We strongly recommend identifying and migrating away from any VBScript dependencies at the earliest.

The following process has been detected as using VBScript. The associated process tree and call stack are provided below to assist in identifying the scenario in which VBScript was invoked.

ProcessName = ""wmic.exe""
ProcessTree = ""WMIC.exe;Arduino IDE.exe;Arduino IDE.exe;explorer.exe""
CallStack = ""vbscript.dll+0x68C16;vbscript.dll+0x5571F;vbscript.dll+0x4024A;msxml6.dll+0x1113C6;msxml6.dll+0x10E482;msxml6.dll+0x215AC;msxml6.dll+0x4670A;msxml6.dll+0xCA1F7;msxml6.dll+0xCBA85;msxml6.dll+0xCB94D;wmic.exe+0x276BD;wmic.exe+0x2173E;wmic.exe+0x25D45;wmic.exe+0x3BCD0;wmic.exe+0x3909F;wmic.exe+0x18F4;KERNEL32.DLL+0x2E8D7;ntdll.dll+0x8C48C""
ProcessTreeEnhanced = ""WMIC.exe(""wmic.exe PROCESS GET Name,ProcessId,ParentProcessId,Status"");Arduino IDE.exe(""<path>\Arduino <path>\Arduino IDE.exe"" <path>\Arduino <path>\main.js"""");Arduino IDE.exe(""<path>\Arduino <path>\Arduino IDE.exe"""");explorer.exe(""<path>\Explorer.EXE"")""

The message resource is present but the message was not found in the message table
"
Warning,27-03-2026 20:23:09,Microsoft-Windows-Time-Service,134,None,"NtpClient was unable to set a manual peer to use as a time source because of DNS resolution error on 'time.windows.com,0x9'. NtpClient will try again in 15 minutes and double the reattempt interval thereafter. The error was: No such host is known. (0x80072AF9)"
Error,27-03-2026 20:08:12,Microsoft-Windows-TPM-WMI,1796,None,"The Secure Boot update failed to update SBAT with error Unknown HResult Error code: 0x800700c1. For more information, please see https://go.microsoft.com/fwlink/?linkid=2169931"
Error,27-03-2026 20:08:09,Windows App Runtime,22,None,Package dependency criteria could not be resolved. 
Warning,27-03-2026 20:08:09,VBScriptDeprecationAlert,4096,None,"The description for Event ID 4096 from source VBScriptDeprecationAlert cannot be found. Either the component that raises this event is not installed on your local computer or the installation is corrupted. You can install or repair the component on the local computer.

If the event originated on another computer, the display information had to be saved with the event.

The following information was included with the event: 

VBScript is scheduled for deprecation. Our telemetry indicates that your system is currently utilizing VBScript.
We strongly recommend identifying and migrating away from any VBScript dependencies at the earliest.

The following process has been detected as using VBScript. The associated process tree and call stack are provided below to assist in identifying the scenario in which VBScript was invoked.

ProcessName = ""wmic.exe""
ProcessTree = ""WMIC.exe;Arduino IDE.exe;Arduino IDE.exe;explorer.exe""
CallStack = ""vbscript.dll+0x68C16;vbscript.dll+0x5571F;vbscript.dll+0x4024A;msxml6.dll+0x1113C6;msxml6.dll+0x10E482;msxml6.dll+0x215AC;msxml6.dll+0x4670A;msxml6.dll+0xCA1F7;msxml6.dll+0xCBA85;msxml6.dll+0xCB94D;wmic.exe+0x276BD;wmic.exe+0x2173E;wmic.exe+0x25D45;wmic.exe+0x3BCD0;wmic.exe+0x3909F;wmic.exe+0x18F4;KERNEL32.DLL+0x2E8D7;ntdll.dll+0x8C48C""
ProcessTreeEnhanced = ""WMIC.exe(""wmic.exe PROCESS GET Name,ProcessId,ParentProcessId,Status"");Arduino IDE.exe(""<path>\Arduino <path>\Arduino IDE.exe"" <path>\Arduino <path>\main.js"""");Arduino IDE.exe(""<path>\Arduino <path>\Arduino IDE.exe"""");explorer.exe(""<path>\Explorer.EXE"")""

The message resource is present but the message was not found in the message table
"
Warning,27-03-2026 20:08:09,VBScriptDeprecationAlert,4096,None,"The description for Event ID 4096 from source VBScriptDeprecationAlert cannot be found. Either the component that raises this event is not installed on your local computer or the installation is corrupted. You can install or repair the component on the local computer.

If the event originated on another computer, the display information had to be saved with the event.

The following information was included with the event: 

VBScript is scheduled for deprecation. Our telemetry indicates that your system is currently utilizing VBScript.
We strongly recommend identifying and migrating away from any VBScript dependencies at the earliest.

The following process has been detected as using VBScript. The associated process tree and call stack are provided below to assist in identifying the scenario in which VBScript was invoked.

ProcessName = ""wmic.exe""
ProcessTree = ""WMIC.exe;Arduino IDE.exe;Arduino IDE.exe;explorer.exe""
CallStack = ""vbscript.dll+0x68C16;vbscript.dll+0x5571F;vbscript.dll+0x4024A;msxml6.dll+0x1113C6;msxml6.dll+0x10E482;msxml6.dll+0x215AC;msxml6.dll+0x4670A;msxml6.dll+0xCA1F7;msxml6.dll+0xCBA85;msxml6.dll+0xCB94D;wmic.exe+0x276BD;wmic.exe+0x2173E;wmic.exe+0x25D45;wmic.exe+0x3BCD0;wmic.exe+0x3909F;wmic.exe+0x18F4;KERNEL32.DLL+0x2E8D7;ntdll.dll+0x8C48C""
ProcessTreeEnhanced = ""WMIC.exe(""wmic.exe PROCESS GET Name,ProcessId,ParentProcessId,Status"");Arduino IDE.exe(""<path>\Arduino <path>\Arduino IDE.exe"" <path>\Arduino <path>\main.js"""");Arduino IDE.exe(""<path>\Arduino <path>\Arduino IDE.exe"""");explorer.exe(""<path>\Explorer.EXE"")""

The message resource is present but the message was not found in the message table
"
Warning,27-03-2026 19:50:56,VBScriptDeprecationAlert,4096,None,"The description for Event ID 4096 from source VBScriptDeprecationAlert cannot be found. Either the component that raises this event is not installed on your local computer or the installation is corrupted. You can install or repair the component on the local computer.

If the event originated on another computer, the display information had to be saved with the event.

The following information was included with the event: 

VBScript is scheduled for deprecation. Our telemetry indicates that your system is currently utilizing VBScript.
We strongly recommend identifying and migrating away from any VBScript dependencies at the earliest.

The following process has been detected as using VBScript. The associated process tree and call stack are provided below to assist in identifying the scenario in which VBScript was invoked.

ProcessName = ""wmic.exe""
ProcessTree = ""WMIC.exe;Arduino IDE.exe;Arduino IDE.exe;explorer.exe""
CallStack = ""vbscript.dll+0x68C16;vbscript.dll+0x5571F;vbscript.dll+0x4024A;msxml6.dll+0x1113C6;msxml6.dll+0x10E482;msxml6.dll+0x215AC;msxml6.dll+0x4670A;msxml6.dll+0xCA1F7;msxml6.dll+0xCBA85;msxml6.dll+0xCB94D;wmic.exe+0x276BD;wmic.exe+0x2173E;wmic.exe+0x25D45;wmic.exe+0x3BCD0;wmic.exe+0x3909F;wmic.exe+0x18F4;KERNEL32.DLL+0x2E8D7;ntdll.dll+0x8C48C""
ProcessTreeEnhanced = ""WMIC.exe(""wmic.exe PROCESS GET Name,ProcessId,ParentProcessId,Status"");Arduino IDE.exe(""<path>\Arduino <path>\Arduino IDE.exe"" <path>\Arduino <path>\main.js"""");Arduino IDE.exe(""<path>\Arduino <path>\Arduino IDE.exe"""");explorer.exe(""<path>\Explorer.EXE"")""

The message resource is present but the message was not found in the message table
"
Warning,27-03-2026 19:50:56,VBScriptDeprecationAlert,4096,None,"The description for Event ID 4096 from source VBScriptDeprecationAlert cannot be found. Either the component that raises this event is not installed on your local computer or the installation is corrupted. You can install or repair the component on the local computer.

If the event originated on another computer, the display information had to be saved with the event.

The following information was included with the event: 

VBScript is scheduled for deprecation. Our telemetry indicates that your system is currently utilizing VBScript.
We strongly recommend identifying and migrating away from any VBScript dependencies at the earliest.

The following process has been detected as using VBScript. The associated process tree and call stack are provided below to assist in identifying the scenario in which VBScript was invoked.

ProcessName = ""wmic.exe""
ProcessTree = ""WMIC.exe;Arduino IDE.exe;Arduino IDE.exe;explorer.exe""
CallStack = ""vbscript.dll+0x68C16;vbscript.dll+0x5571F;vbscript.dll+0x4024A;msxml6.dll+0x1113C6;msxml6.dll+0x10E482;msxml6.dll+0x215AC;msxml6.dll+0x4670A;msxml6.dll+0xCA1F7;msxml6.dll+0xCBA85;msxml6.dll+0xCB94D;wmic.exe+0x276BD;wmic.exe+0x2173E;wmic.exe+0x25D45;wmic.exe+0x3BCD0;wmic.exe+0x3909F;wmic.exe+0x18F4;KERNEL32.DLL+0x2E8D7;ntdll.dll+0x8C48C""
ProcessTreeEnhanced = ""WMIC.exe(""wmic.exe PROCESS GET Name,ProcessId,ParentProcessId,Status"");Arduino IDE.exe(""<path>\Arduino <path>\Arduino IDE.exe"" <path>\Arduino <path>\main.js"""");Arduino IDE.exe(""<path>\Arduino <path>\Arduino IDE.exe"""");explorer.exe(""<path>\Explorer.EXE"")""

The message resource is present but the message was not found in the message table
"
Error,27-03-2026 19:32:10,MsiInstaller,1013,None,Product: HP Display Control Service -- The device is not a supported system. Aborting installation.
Error,27-03-2026 19:32:09,MsiInstaller,10005,None,"Product: HP Display Control Service -- The installer has encountered an unexpected error installing this package. This may indicate a problem with this package. The error code is 2753. The arguments are: DisplayControl, , "
Warning,27-03-2026 19:26:52,VBScriptDeprecationAlert,4096,None,"The description for Event ID 4096 from source VBScriptDeprecationAlert cannot be found. Either the component that raises this event is not installed on your local computer or the installation is corrupted. You can install or repair the component on the local computer.

If the event originated on another computer, the display information had to be saved with the event.

The following information was included with the event: 

VBScript is scheduled for deprecation. Our telemetry indicates that your system is currently utilizing VBScript.
We strongly recommend identifying and migrating away from any VBScript dependencies at the earliest.

The following process has been detected as using VBScript. The associated process tree and call stack are provided below to assist in identifying the scenario in which VBScript was invoked.

ProcessName = ""wmic.exe""
ProcessTree = ""WMIC.exe;Arduino IDE.exe;Arduino IDE.exe;explorer.exe""
CallStack = ""vbscript.dll+0x68C16;vbscript.dll+0x5571F;vbscript.dll+0x4024A;msxml6.dll+0x1113C6;msxml6.dll+0x10E482;msxml6.dll+0x215AC;msxml6.dll+0x4670A;msxml6.dll+0xCA1F7;msxml6.dll+0xCBA85;msxml6.dll+0xCB94D;wmic.exe+0x276BD;wmic.exe+0x2173E;wmic.exe+0x25D45;wmic.exe+0x3BCD0;wmic.exe+0x3909F;wmic.exe+0x18F4;KERNEL32.DLL+0x2E8D7;ntdll.dll+0x8C48C""
ProcessTreeEnhanced = ""WMIC.exe(""wmic.exe PROCESS GET Name,ProcessId,ParentProcessId,Status"");Arduino IDE.exe(""<path>\Arduino <path>\Arduino IDE.exe"" <path>\Arduino <path>\main.js"""");Arduino IDE.exe(""<path>\Arduino <path>\Arduino IDE.exe"""");explorer.exe(""<path>\Explorer.EXE"")""

The message resource is present but the message was not found in the message table
"
Warning,27-03-2026 19:26:52,VBScriptDeprecationAlert,4096,None,"The description for Event ID 4096 from source VBScriptDeprecationAlert cannot be found. Either the component that raises this event is not installed on your local computer or the installation is corrupted. You can install or repair the component on the local computer.

If the event originated on another computer, the display information had to be saved with the event.

The following information was included with the event: 

VBScript is scheduled for deprecation. Our telemetry indicates that your system is currently utilizing VBScript.
We strongly recommend identifying and migrating away from any VBScript dependencies at the earliest.

The following process has been detected as using VBScript. The associated process tree and call stack are provided below to assist in identifying the scenario in which VBScript was invoked.

ProcessName = ""wmic.exe""
ProcessTree = ""WMIC.exe;Arduino IDE.exe;Arduino IDE.exe;explorer.exe""
CallStack = ""vbscript.dll+0x68C16;vbscript.dll+0x5571F;vbscript.dll+0x4024A;msxml6.dll+0x1113C6;msxml6.dll+0x10E482;msxml6.dll+0x215AC;msxml6.dll+0x4670A;msxml6.dll+0xCA1F7;msxml6.dll+0xCBA85;msxml6.dll+0xCB94D;wmic.exe+0x276BD;wmic.exe+0x2173E;wmic.exe+0x25D45;wmic.exe+0x3BCD0;wmic.exe+0x3909F;wmic.exe+0x18F4;KERNEL32.DLL+0x2E8D7;ntdll.dll+0x8C48C""
ProcessTreeEnhanced = ""WMIC.exe(""wmic.exe PROCESS GET Name,ProcessId,ParentProcessId,Status"");Arduino IDE.exe(""<path>\Arduino <path>\Arduino IDE.exe"" <path>\Arduino <path>\main.js"""");Arduino IDE.exe(""<path>\Arduino <path>\Arduino IDE.exe"""");explorer.exe(""<path>\Explorer.EXE"")""

The message resource is present but the message was not found in the message table
"
Warning,27-03-2026 18:31:27,Microsoft-Windows-DistributedCOM,10016,None,"The application-specific permission settings do not grant Local Activation permission for the COM Server application with CLSID 
{2593F8B9-4EAF-457C-B68A-50F6B8EA6B54}
 and APPID 
{15C20B67-12E7-4BB6-92BB-7AFF07997402}
 to the user LAPTOP-IIC1GP5C\MADHUMITA SID (S-1-5-21-1776895936-2929945024-2387409390-1001) from address LocalHost (Using LRPC) running in the application container Unavailable SID (Unavailable). This security permission can be modified using the Component Services administrative tool."
Warning,27-03-2026 18:31:18,VBScriptDeprecationAlert,4096,None,"The description for Event ID 4096 from source VBScriptDeprecationAlert cannot be found. Either the component that raises this event is not installed on your local computer or the installation is corrupted. You can install or repair the component on the local computer.

If the event originated on another computer, the display information had to be saved with the event.

The following information was included with the event: 

VBScript is scheduled for deprecation. Our telemetry indicates that your system is currently utilizing VBScript.
We strongly recommend identifying and migrating away from any VBScript dependencies at the earliest.

The following process has been detected as using VBScript. The associated process tree and call stack are provided below to assist in identifying the scenario in which VBScript was invoked.

ProcessName = ""wmic.exe""
ProcessTree = ""WMIC.exe;Arduino IDE.exe;Arduino IDE.exe;explorer.exe""
CallStack = ""vbscript.dll+0x68C16;vbscript.dll+0x5571F;vbscript.dll+0x4024A;msxml6.dll+0x1113C6;msxml6.dll+0x10E482;msxml6.dll+0x215AC;msxml6.dll+0x4670A;msxml6.dll+0xCA1F7;msxml6.dll+0xCBA85;msxml6.dll+0xCB94D;wmic.exe+0x276BD;wmic.exe+0x2173E;wmic.exe+0x25D45;wmic.exe+0x3BCD0;wmic.exe+0x3909F;wmic.exe+0x18F4;KERNEL32.DLL+0x2E8D7;ntdll.dll+0x8C48C""
ProcessTreeEnhanced = ""WMIC.exe(""wmic.exe PROCESS GET Name,ProcessId,ParentProcessId,Status"");Arduino IDE.exe(""<path>\Arduino <path>\Arduino IDE.exe"" <path>\Arduino <path>\main.js"""");Arduino IDE.exe(""<path>\Arduino <path>\Arduino IDE.exe"""");explorer.exe(""<path>\Explorer.EXE"")""

The message resource is present but the message was not found in the message table
"
Warning,27-03-2026 18:31:18,VBScriptDeprecationAlert,4096,None,"The description for Event ID 4096 from source VBScriptDeprecationAlert cannot be found. Either the component that raises this event is not installed on your local computer or the installation is corrupted. You can install or repair the component on the local computer.

If the event originated on another computer, the display information had to be saved with the event.

The following information was included with the event: 

VBScript is scheduled for deprecation. Our telemetry indicates that your system is currently utilizing VBScript.
We strongly recommend identifying and migrating away from any VBScript dependencies at the earliest.

The following process has been detected as using VBScript. The associated process tree and call stack are provided below to assist in identifying the scenario in which VBScript was invoked.

ProcessName = ""wmic.exe""
ProcessTree = ""WMIC.exe;Arduino IDE.exe;Arduino IDE.exe;explorer.exe""
CallStack = ""vbscript.dll+0x68C16;vbscript.dll+0x5571F;vbscript.dll+0x4024A;msxml6.dll+0x1113C6;msxml6.dll+0x10E482;msxml6.dll+0x215AC;msxml6.dll+0x4670A;msxml6.dll+0xCA1F7;msxml6.dll+0xCBA85;msxml6.dll+0xCB94D;wmic.exe+0x276BD;wmic.exe+0x2173E;wmic.exe+0x25D45;wmic.exe+0x3BCD0;wmic.exe+0x3909F;wmic.exe+0x18F4;KERNEL32.DLL+0x2E8D7;ntdll.dll+0x8C48C""
ProcessTreeEnhanced = ""WMIC.exe(""wmic.exe PROCESS GET Name,ProcessId,ParentProcessId,Status"");Arduino IDE.exe(""<path>\Arduino <path>\Arduino IDE.exe"" <path>\Arduino <path>\main.js"""");Arduino IDE.exe(""<path>\Arduino <path>\Arduino IDE.exe"""");explorer.exe(""<path>\Explorer.EXE"")""

The message resource is present but the message was not found in the message table
"
Error,27-03-2026 18:05:51,MsiInstaller,1013,None,Product: HP Display Control Service -- The device is not a supported system. Aborting installation.
Error,27-03-2026 18:05:50,MsiInstaller,10005,None,"Product: HP Display Control Service -- The installer has encountered an unexpected error installing this package. This may indicate a problem with this package. The error code is 2753. The arguments are: DisplayControl, , "
Error,27-03-2026 18:05:28,.NET Runtime,1022,None,.NET Runtime version 4.0.30319.0 - There was a failure initializing profiling API attach infrastructure.  This process will not allow a profiler to attach.  HRESULT: 0x80004005.  Process ID (decimal): 20076.  Message ID: [0x2509].
Warning,27-03-2026 18:05:18,Microsoft-Windows-WLAN-AutoConfig,4003,None,"WLAN AutoConfig detected limited connectivity, attempting automatic recovery.

Recovery Type: 4
Error Code: 0x0
Trigger Reason: 5
IP Family: 0
"
Error,27-03-2026 18:05:12,Universal Print,1,None,Failed to get auth header with 0xcaa70004
Error,27-03-2026 18:05:12,Universal Print,1,None,"Error requesting OAuth token. hr: 0xcaa70004, WebTokenRequestStatus: 5, Error: The server or proxy was not found."
Error,27-03-2026 18:05:08,Microsoft-Windows-Dhcp-Client,1002,Address Configuration State Event,The IP address lease 192.168.1.3 for the Network Card with network address 0xCC474054A496 has been denied by the DHCP server 192.168.1.1 (The DHCP Server sent a DHCPNACK message).
Error,27-03-2026 18:05:07,Universal Print,1,None,Failed to get auth header with 0xcaa70004
Error,27-03-2026 18:05:07,Universal Print,1,None,"Error requesting OAuth token. hr: 0xcaa70004, WebTokenRequestStatus: 5, Error: The server or proxy was not found."
Error,27-03-2026 18:05:03,Universal Print,1,None,Failed to get auth header with 0xcaa70004
Error,27-03-2026 18:05:03,Universal Print,1,None,"Error requesting OAuth token. hr: 0xcaa70004, WebTokenRequestStatus: 5, Error: The server or proxy was not found."
Error,27-03-2026 18:04:59,Universal Print,1,None,Failed to get auth header with 0xcaa70004
Error,27-03-2026 18:04:59,Universal Print,1,None,"Error requesting OAuth token. hr: 0xcaa70004, WebTokenRequestStatus: 5, Error: The server or proxy was not found."
Error,27-03-2026 18:04:56,Universal Print,1,None,Failed to get auth header with 0xcaa70004
Error,27-03-2026 18:04:56,Universal Print,1,None,"Error requesting OAuth token. hr: 0xcaa70004, WebTokenRequestStatus: 5, Error: The server or proxy was not found."
Error,27-03-2026 18:04:55,Universal Print,1,None,Failed to get auth header with 0xcaa70004
Error,27-03-2026 18:04:55,Universal Print,1,None,"Error requesting OAuth token. hr: 0xcaa70004, WebTokenRequestStatus: 5, Error: The server or proxy was not found."
Error,27-03-2026 18:04:47,Tcpip,4199,None,The system detected an address conflict for IP address 192.168.1.3 with the system having network hardware address E0-37-BF-DA-13-9C. Network operations on this system may be disrupted as a result.
Error,27-03-2026 11:35:01,Microsoft-Windows-Kernel-EventTracing,3,Session,"Session ""PerfDiag Logger"" stopped due to the following error: 0xC0000188"
Warning,27-03-2026 11:35:01,Microsoft-Windows-Kernel-EventTracing,4,Logging,"The maximum file size for session ""PerfDiag Logger"" has been reached. As a result, events might be lost (not logged) to file ""C:\WINDOWS\system32\WDI\LogFiles\ShutdownPerfDiagLogger.etl"". The maximum files size is currently set to 20971520 bytes."
Error,27-03-2026 11:13:27,MsiInstaller,1013,None,Product: HP Display Control Service -- The device is not a supported system. Aborting installation.
Error,27-03-2026 11:13:26,MsiInstaller,10005,None,"Product: HP Display Control Service -- The installer has encountered an unexpected error installing this package. This may indicate a problem with this package. The error code is 2753. The arguments are: DisplayControl, , "
Error,27-03-2026 11:13:11,MsiInstaller,1013,None,Product: HP Display Control Service -- The device is not a supported system. Aborting installation.
Error,27-03-2026 11:13:11,MsiInstaller,10005,None,"Product: HP Display Control Service -- The installer has encountered an unexpected error installing this package. This may indicate a problem with this package. The error code is 2753. The arguments are: DisplayControl, , "
Error,27-03-2026 11:12:35,Microsoft-Windows-Kernel-EventTracing,2,Session,"Session ""Cloud Files Diagnostic Event Listener"" failed to start with the following error: 0xC0000022"
Error,27-03-2026 11:12:21,Microsoft-Windows-TPM-WMI,1796,None,"The Secure Boot update failed to update SBAT with error Unknown HResult Error code: 0x800700c1. For more information, please see https://go.microsoft.com/fwlink/?linkid=2169931"
Error,27-03-2026 11:12:18,Windows App Runtime,22,None,Package dependency criteria could not be resolved. 
