Warning,09-04-2026 12:39:51,Microsoft-Windows-DistributedCOM,10016,None,"The application-specific permission settings do not grant Local Activation permission for the COM Server application with CLSID 
{8BC3F05E-D86B-11D0-A075-00C04FB68820}
 and APPID 
{8BC3F05E-D86B-11D0-A075-00C04FB68820}
 to the user LAPTOP-IIC1GP5C\MADHUMITA SID (S-1-5-21-1776895936-2929945024-2387409390-1001) from address LocalHost (Using LRPC) running in the application container Unavailable SID (S-1-15-2-2034283098-2252572593-1072577386-2659511007-3245387615-27016815-3920691934). This security permission can be modified using the Component Services administrative tool."
Warning,09-04-2026 12:39:45,Microsoft-Windows-DistributedCOM,10016,None,"The application-specific permission settings do not grant Local Activation permission for the COM Server application with CLSID 
{2593F8B9-4EAF-457C-B68A-50F6B8EA6B54}
 and APPID 
{15C20B67-12E7-4BB6-92BB-7AFF07997402}
 to the user LAPTOP-IIC1GP5C\MADHUMITA SID (S-1-5-21-1776895936-2929945024-2387409390-1001) from address LocalHost (Using LRPC) running in the application container Unavailable SID (Unavailable). This security permission can be modified using the Component Services administrative tool."
Warning,09-04-2026 12:39:21,Microsoft-Windows-DistributedCOM,10016,None,"The application-specific permission settings do not grant Local Activation permission for the COM Server application with CLSID 
{8BC3F05E-D86B-11D0-A075-00C04FB68820}
 and APPID 
{8BC3F05E-D86B-11D0-A075-00C04FB68820}
 to the user LAPTOP-IIC1GP5C\MADHUMITA SID (S-1-5-21-1776895936-2929945024-2387409390-1001) from address LocalHost (Using LRPC) running in the application container Unavailable SID (S-1-15-2-2034283098-2252572593-1072577386-2659511007-3245387615-27016815-3920691934). This security permission can be modified using the Component Services administrative tool."
Warning,09-04-2026 12:39:21,Microsoft-Windows-DistributedCOM,10016,None,"The application-specific permission settings do not grant Local Activation permission for the COM Server application with CLSID 
{8BC3F05E-D86B-11D0-A075-00C04FB68820}
 and APPID 
{8BC3F05E-D86B-11D0-A075-00C04FB68820}
 to the user LAPTOP-IIC1GP5C\MADHUMITA SID (S-1-5-21-1776895936-2929945024-2387409390-1001) from address LocalHost (Using LRPC) running in the application container Unavailable SID (S-1-15-2-2034283098-2252572593-1072577386-2659511007-3245387615-27016815-3920691934). This security permission can be modified using the Component Services administrative tool."
Warning,09-04-2026 12:39:20,Microsoft-Windows-DistributedCOM,10016,None,"The application-specific permission settings do not grant Local Activation permission for the COM Server application with CLSID 
{8BC3F05E-D86B-11D0-A075-00C04FB68820}
 and APPID 
{8BC3F05E-D86B-11D0-A075-00C04FB68820}
 to the user LAPTOP-IIC1GP5C\MADHUMITA SID (S-1-5-21-1776895936-2929945024-2387409390-1001) from address LocalHost (Using LRPC) running in the application container Unavailable SID (S-1-15-2-2034283098-2252572593-1072577386-2659511007-3245387615-27016815-3920691934). This security permission can be modified using the Component Services administrative tool."
Warning,09-04-2026 12:39:14,Microsoft-Windows-DistributedCOM,10016,None,"The application-specific permission settings do not grant Local Activation permission for the COM Server application with CLSID 
{2593F8B9-4EAF-457C-B68A-50F6B8EA6B54}
 and APPID 
{15C20B67-12E7-4BB6-92BB-7AFF07997402}
 to the user LAPTOP-IIC1GP5C\MADHUMITA SID (S-1-5-21-1776895936-2929945024-2387409390-1001) from address LocalHost (Using LRPC) running in the application container Unavailable SID (Unavailable). This security permission can be modified using the Component Services administrative tool."
Error,09-04-2026 12:37:30,.NET Runtime,1022,None,.NET Runtime version 4.0.30319.0 - There was a failure initializing profiling API attach infrastructure.  This process will not allow a profiler to attach.  HRESULT: 0x80004005.  Process ID (decimal): 20972.  Message ID: [0x2509].
Error,09-04-2026 12:36:13,Ntfs,55,None,"A corruption was discovered in the file system structure on volume F:.

A corruption was found in a file system index structure.  The file reference number is 0x9000000000009.  The name of the file is ""<unable to determine file name>"".  The corrupted index attribute is "":$SDH:$INDEX_ALLOCATION"".
"
Error,09-04-2026 12:36:12,Microsoft-Windows-Ntfs,98,None,"Volume F: (\Device\HarddiskVolume8) needs to be taken offline to perform a Full Chkdsk.  Please run ""CHKDSK /F"" locally via the command line, or run ""REPAIR-VOLUME <drive:>"" locally or remotely via PowerShell."
Warning,09-04-2026 12:33:57,Microsoft-Windows-DistributedCOM,10016,None,"The application-specific permission settings do not grant Local Activation permission for the COM Server application with CLSID 
{8BC3F05E-D86B-11D0-A075-00C04FB68820}
 and APPID 
{8BC3F05E-D86B-11D0-A075-00C04FB68820}
 to the user LAPTOP-IIC1GP5C\MADHUMITA SID (S-1-5-21-1776895936-2929945024-2387409390-1001) from address LocalHost (Using LRPC) running in the application container Unavailable SID (S-1-15-2-2034283098-2252572593-1072577386-2659511007-3245387615-27016815-3920691934). This security permission can be modified using the Component Services administrative tool."
Warning,09-04-2026 12:33:57,Microsoft-Windows-DistributedCOM,10016,None,"The application-specific permission settings do not grant Local Activation permission for the COM Server application with CLSID 
{8BC3F05E-D86B-11D0-A075-00C04FB68820}
 and APPID 
{8BC3F05E-D86B-11D0-A075-00C04FB68820}
 to the user LAPTOP-IIC1GP5C\MADHUMITA SID (S-1-5-21-1776895936-2929945024-2387409390-1001) from address LocalHost (Using LRPC) running in the application container Unavailable SID (S-1-15-2-2034283098-2252572593-1072577386-2659511007-3245387615-27016815-3920691934). This security permission can be modified using the Component Services administrative tool."
Warning,09-04-2026 12:33:56,Microsoft-Windows-DistributedCOM,10016,None,"The application-specific permission settings do not grant Local Activation permission for the COM Server application with CLSID 
{8BC3F05E-D86B-11D0-A075-00C04FB68820}
 and APPID 
{8BC3F05E-D86B-11D0-A075-00C04FB68820}
 to the user LAPTOP-IIC1GP5C\MADHUMITA SID (S-1-5-21-1776895936-2929945024-2387409390-1001) from address LocalHost (Using LRPC) running in the application container Unavailable SID (S-1-15-2-2034283098-2252572593-1072577386-2659511007-3245387615-27016815-3920691934). This security permission can be modified using the Component Services administrative tool."
Warning,09-04-2026 12:33:53,Microsoft-Windows-DistributedCOM,10016,None,"The application-specific permission settings do not grant Local Activation permission for the COM Server application with CLSID 
{2593F8B9-4EAF-457C-B68A-50F6B8EA6B54}
 and APPID 
{15C20B67-12E7-4BB6-92BB-7AFF07997402}
 to the user LAPTOP-IIC1GP5C\MADHUMITA SID (S-1-5-21-1776895936-2929945024-2387409390-1001) from address LocalHost (Using LRPC) running in the application container Unavailable SID (Unavailable). This security permission can be modified using the Component Services administrative tool."
Warning,09-04-2026 12:30:42,Microsoft-Windows-DistributedCOM,10016,None,"The application-specific permission settings do not grant Local Activation permission for the COM Server application with CLSID 
{8BC3F05E-D86B-11D0-A075-00C04FB68820}
 and APPID 
{8BC3F05E-D86B-11D0-A075-00C04FB68820}
 to the user LAPTOP-IIC1GP5C\MADHUMITA SID (S-1-5-21-1776895936-2929945024-2387409390-1001) from address LocalHost (Using LRPC) running in the application container Unavailable SID (S-1-15-2-2034283098-2252572593-1072577386-2659511007-3245387615-27016815-3920691934). This security permission can be modified using the Component Services administrative tool."
Warning,09-04-2026 12:30:38,Microsoft-Windows-DistributedCOM,10016,None,"The application-specific permission settings do not grant Local Activation permission for the COM Server application with CLSID 
{2593F8B9-4EAF-457C-B68A-50F6B8EA6B54}
 and APPID 
{15C20B67-12E7-4BB6-92BB-7AFF07997402}
 to the user LAPTOP-IIC1GP5C\MADHUMITA SID (S-1-5-21-1776895936-2929945024-2387409390-1001) from address LocalHost (Using LRPC) running in the application container Unavailable SID (Unavailable). This security permission can be modified using the Component Services administrative tool."
Error,09-04-2026 12:10:28,Microsoft-Windows-TPM-WMI,1796,None,"The Secure Boot update failed to update SBAT with error Unknown HResult Error code: 0x800700c1. For more information, please see https://go.microsoft.com/fwlink/?linkid=2169931"
Error,09-04-2026 12:09:17,.NET Runtime,1022,None,.NET Runtime version 4.0.30319.0 - There was a failure initializing profiling API attach infrastructure.  This process will not allow a profiler to attach.  HRESULT: 0x80004005.  Process ID (decimal): 10320.  Message ID: [0x2509].
Error,09-04-2026 12:09:16,.NET Runtime,1022,None,.NET Runtime version 4.0.30319.0 - There was a failure initializing profiling API attach infrastructure.  This process will not allow a profiler to attach.  HRESULT: 0x80004005.  Process ID (decimal): 16100.  Message ID: [0x2509].
Warning,09-04-2026 11:52:00,Microsoft-Windows-DistributedCOM,10016,None,"The application-specific permission settings do not grant Local Activation permission for the COM Server application with CLSID 
{2593F8B9-4EAF-457C-B68A-50F6B8EA6B54}
 and APPID 
{15C20B67-12E7-4BB6-92BB-7AFF07997402}
 to the user LAPTOP-IIC1GP5C\MADHUMITA SID (S-1-5-21-1776895936-2929945024-2387409390-1001) from address LocalHost (Using LRPC) running in the application container Unavailable SID (Unavailable). This security permission can be modified using the Component Services administrative tool."
Error,09-04-2026 11:41:04,Windows App Runtime,22,None,Package dependency criteria could not be resolved. 
Warning,09-04-2026 11:39:46,Microsoft-Windows-DistributedCOM,10016,None,"The application-specific permission settings do not grant Local Activation permission for the COM Server application with CLSID 
{8BC3F05E-D86B-11D0-A075-00C04FB68820}
 and APPID 
{8BC3F05E-D86B-11D0-A075-00C04FB68820}
 to the user LAPTOP-IIC1GP5C\MADHUMITA SID (S-1-5-21-1776895936-2929945024-2387409390-1001) from address LocalHost (Using LRPC) running in the application container Unavailable SID (S-1-15-2-2034283098-2252572593-1072577386-2659511007-3245387615-27016815-3920691934). This security permission can be modified using the Component Services administrative tool."
Warning,09-04-2026 11:39:46,Microsoft-Windows-DistributedCOM,10016,None,"The application-specific permission settings do not grant Local Activation permission for the COM Server application with CLSID 
{8BC3F05E-D86B-11D0-A075-00C04FB68820}
 and APPID 
{8BC3F05E-D86B-11D0-A075-00C04FB68820}
 to the user LAPTOP-IIC1GP5C\MADHUMITA SID (S-1-5-21-1776895936-2929945024-2387409390-1001) from address LocalHost (Using LRPC) running in the application container Unavailable SID (S-1-15-2-2034283098-2252572593-1072577386-2659511007-3245387615-27016815-3920691934). This security permission can be modified using the Component Services administrative tool."
Warning,09-04-2026 11:39:45,Microsoft-Windows-DistributedCOM,10016,None,"The application-specific permission settings do not grant Local Activation permission for the COM Server application with CLSID 
{8BC3F05E-D86B-11D0-A075-00C04FB68820}
 and APPID 
{8BC3F05E-D86B-11D0-A075-00C04FB68820}
 to the user LAPTOP-IIC1GP5C\MADHUMITA SID (S-1-5-21-1776895936-2929945024-2387409390-1001) from address LocalHost (Using LRPC) running in the application container Unavailable SID (S-1-15-2-2034283098-2252572593-1072577386-2659511007-3245387615-27016815-3920691934). This security permission can be modified using the Component Services administrative tool."
Warning,09-04-2026 11:39:38,Microsoft-Windows-DistributedCOM,10016,None,"The application-specific permission settings do not grant Local Activation permission for the COM Server application with CLSID 
{2593F8B9-4EAF-457C-B68A-50F6B8EA6B54}
 and APPID 
{15C20B67-12E7-4BB6-92BB-7AFF07997402}
 to the user LAPTOP-IIC1GP5C\MADHUMITA SID (S-1-5-21-1776895936-2929945024-2387409390-1001) from address LocalHost (Using LRPC) running in the application container Unavailable SID (Unavailable). This security permission can be modified using the Component Services administrative tool."
Error,09-04-2026 11:39:37,.NET Runtime,1022,None,.NET Runtime version 4.0.30319.0 - There was a failure initializing profiling API attach infrastructure.  This process will not allow a profiler to attach.  HRESULT: 0x80004005.  Process ID (decimal): 10600.  Message ID: [0x2509].
Error,09-04-2026 11:39:36,.NET Runtime,1022,None,.NET Runtime version 4.0.30319.0 - There was a failure initializing profiling API attach infrastructure.  This process will not allow a profiler to attach.  HRESULT: 0x80004005.  Process ID (decimal): 10456.  Message ID: [0x2509].
Error,09-04-2026 11:39:02,Microsoft-Windows-Kernel-EventTracing,3,Session,"Session ""PerfDiag Logger"" stopped due to the following error: 0xC0000188"
Warning,09-04-2026 11:39:02,Microsoft-Windows-Kernel-EventTracing,4,Logging,"The maximum file size for session ""PerfDiag Logger"" has been reached. As a result, events might be lost (not logged) to file ""C:\WINDOWS\system32\WDI\LogFiles\ShutdownPerfDiagLogger.etl"". The maximum files size is currently set to 20971520 bytes."
Warning,09-04-2026 11:37:22,Microsoft-Windows-DistributedCOM,10016,None,"The application-specific permission settings do not grant Local Activation permission for the COM Server application with CLSID 
{2593F8B9-4EAF-457C-B68A-50F6B8EA6B54}
 and APPID 
{15C20B67-12E7-4BB6-92BB-7AFF07997402}
 to the user LAPTOP-IIC1GP5C\MADHUMITA SID (S-1-5-21-1776895936-2929945024-2387409390-1001) from address LocalHost (Using LRPC) running in the application container 5319275A.WhatsAppDesktop_2.2611.102.0_x64__cv1g1gvanyjgm SID (Unavailable). This security permission can be modified using the Component Services administrative tool."
Error,09-04-2026 11:36:16,MsiInstaller,1013,None,Product: HP Display Control Service -- The device is not a supported system. Aborting installation.
Error,09-04-2026 11:36:15,MsiInstaller,10005,None,"Product: HP Display Control Service -- The installer has encountered an unexpected error installing this package. This may indicate a problem with this package. The error code is 2753. The arguments are: DisplayControl, , "
Error,09-04-2026 11:36:11,MsiInstaller,1013,None,Product: HP Display Control Service -- The device is not a supported system. Aborting installation.
Error,09-04-2026 11:36:10,MsiInstaller,10005,None,"Product: HP Display Control Service -- The installer has encountered an unexpected error installing this package. This may indicate a problem with this package. The error code is 2753. The arguments are: DisplayControl, , "
Error,09-04-2026 11:36:09,Microsoft-Windows-Kernel-EventTracing,2,Session,"Session ""Cloud Files Diagnostic Event Listener"" failed to start with the following error: 0xC0000022"
Error,09-04-2026 11:35:17,Microsoft-Windows-TPM-WMI,1796,None,"The Secure Boot update failed to update SBAT with error Unknown HResult Error code: 0x800700c1. For more information, please see https://go.microsoft.com/fwlink/?linkid=2169931"
Error,09-04-2026 11:35:15,Windows App Runtime,22,None,Package dependency criteria could not be resolved. 
Warning,09-04-2026 11:35:11,Microsoft-Windows-User Device Registration,360,None,"Windows Hello for Business provisioning will not be launched. 
Device is Microsoft Entra joined (or hybrid joined): Not Tested 
User has logged on with Microsoft Entra credentials: No 
Windows Hello for Business policy is enabled: Not Tested 
Windows Hello for Business post-logon provisioning is enabled: Not Tested 
Local computer meets Windows hello for business hardware requirements: Not Tested 
User is not connected to the machine via Remote Desktop: Yes 
User certificate for on premise auth policy is enabled: Not Tested 
Machine is governed by none policy. 
Cloud trust for on premise auth policy is enabled: Not Tested 
User account has Cloud to OnPrem TGT: Not Tested 
See https://go.microsoft.com/fwlink/?linkid=832647 for more details."
Warning,09-04-2026 11:35:08,Microsoft-Windows-DistributedCOM,10016,None,"The application-specific permission settings do not grant Local Activation permission for the COM Server application with CLSID 
{6B3B8D23-FA8D-40B9-8DBD-B950333E2C52}
 and APPID 
{4839DDB7-58C2-48F5-8283-E1D1807D0D7D}
 to the user NT AUTHORITY\LOCAL SERVICE SID (S-1-5-19) from address LocalHost (Using LRPC) running in the application container Unavailable SID (Unavailable). This security permission can be modified using the Component Services administrative tool."
Warning,09-04-2026 11:35:08,Microsoft-Windows-DistributedCOM,10016,None,"The application-specific permission settings do not grant Local Activation permission for the COM Server application with CLSID 
{6B3B8D23-FA8D-40B9-8DBD-B950333E2C52}
 and APPID 
{4839DDB7-58C2-48F5-8283-E1D1807D0D7D}
 to the user NT AUTHORITY\LOCAL SERVICE SID (S-1-5-19) from address LocalHost (Using LRPC) running in the application container Unavailable SID (Unavailable). This security permission can be modified using the Component Services administrative tool."
Warning,09-04-2026 11:35:08,Microsoft-Windows-DistributedCOM,10016,None,"The application-specific permission settings do not grant Local Activation permission for the COM Server application with CLSID 
{6B3B8D23-FA8D-40B9-8DBD-B950333E2C52}
 and APPID 
{4839DDB7-58C2-48F5-8283-E1D1807D0D7D}
 to the user NT AUTHORITY\LOCAL SERVICE SID (S-1-5-19) from address LocalHost (Using LRPC) running in the application container Unavailable SID (Unavailable). This security permission can be modified using the Component Services administrative tool."
Warning,09-04-2026 11:35:08,Microsoft-Windows-DistributedCOM,10016,None,"The application-specific permission settings do not grant Local Activation permission for the COM Server application with CLSID 
{6B3B8D23-FA8D-40B9-8DBD-B950333E2C52}
 and APPID 
{4839DDB7-58C2-48F5-8283-E1D1807D0D7D}
 to the user NT AUTHORITY\LOCAL SERVICE SID (S-1-5-19) from address LocalHost (Using LRPC) running in the application container Unavailable SID (Unavailable). This security permission can be modified using the Component Services administrative tool."
Error,09-04-2026 11:35:07,Microsoft-Windows-User Profiles Service,1542,None,"Windows cannot load classes registry file.
 DETAIL - Access is denied.
"
Warning,09-04-2026 11:35:05,Microsoft-Windows-Time-Service,134,None,"NtpClient was unable to set a manual peer to use as a time source because of DNS resolution error on 'time.windows.com,0x9'. NtpClient will try again in 15 minutes and double the reattempt interval thereafter. The error was: No such host is known. (0x80072AF9)"
Error,09-04-2026 11:35:05,Microsoft-Windows-NDIS,10317,PnP,"Miniport Microsoft Wi-Fi Direct Virtual Adapter #2, {3c5497bf-cbed-4053-939e-936ea329ee06}, had event Fatal error: The miniport has failed a power transition to operational power"
Warning,09-04-2026 11:35:04,Win32k,701,None,Power Manager has not requested suppression of all input (INPUT_SUPPRESS_REQUEST=0)
Warning,09-04-2026 11:35:04,Win32k,701,None,Power Manager has not requested suppression of all input (INPUT_SUPPRESS_REQUEST=0)
Warning,09-04-2026 11:35:04,Microsoft-Windows-Dhcp-Client,1003,Address Configuration State Event,Your computer was not able to renew its address from the network (from the DHCP Server) for the Network Card with network address 0xCC474054A496.  The following error occurred: 0x79. Your computer will continue to try and obtain an address on its own from the network address (DHCP) server.
Warning,08-04-2026 12:21:25,Win32k,700,None,Power Manager has requested suppression of all input (INPUT_SUPPRESS_REQUEST=1)
Warning,08-04-2026 12:21:25,Win32k,700,None,Power Manager has requested suppression of all input (INPUT_SUPPRESS_REQUEST=1)
Warning,08-04-2026 12:21:25,Win32k,700,None,Power Manager has requested suppression of all input (INPUT_SUPPRESS_REQUEST=1)
Warning,08-04-2026 12:21:25,winsrvext,100,None,Process C:\Windows\explorer.exe is delaying system shutdown after 5031 milliseconds.
Error,08-04-2026 12:21:19,Microsoft-Windows-DistributedCOM,10010,None,The server {2593F8B9-4EAF-457C-B68A-50F6B8EA6B54} did not register with DCOM within the required timeout.
Warning,08-04-2026 12:13:37,Microsoft-Windows-DistributedCOM,10016,None,"The application-specific permission settings do not grant Local Activation permission for the COM Server application with CLSID 
{2593F8B9-4EAF-457C-B68A-50F6B8EA6B54}
 and APPID 
{15C20B67-12E7-4BB6-92BB-7AFF07997402}
 to the user LAPTOP-IIC1GP5C\MADHUMITA SID (S-1-5-21-1776895936-2929945024-2387409390-1001) from address LocalHost (Using LRPC) running in the application container 5319275A.WhatsAppDesktop_2.2611.102.0_x64__cv1g1gvanyjgm SID (Unavailable). This security permission can be modified using the Component Services administrative tool."
Warning,08-04-2026 12:11:03,Microsoft-Windows-DistributedCOM,10016,None,"The application-specific permission settings do not grant Local Activation permission for the COM Server application with CLSID 
{8BC3F05E-D86B-11D0-A075-00C04FB68820}
 and APPID 
{8BC3F05E-D86B-11D0-A075-00C04FB68820}
 to the user LAPTOP-IIC1GP5C\MADHUMITA SID (S-1-5-21-1776895936-2929945024-2387409390-1001) from address LocalHost (Using LRPC) running in the application container Unavailable SID (S-1-15-2-2034283098-2252572593-1072577386-2659511007-3245387615-27016815-3920691934). This security permission can be modified using the Component Services administrative tool."
Warning,08-04-2026 12:11:03,Microsoft-Windows-DistributedCOM,10016,None,"The application-specific permission settings do not grant Local Activation permission for the COM Server application with CLSID 
{8BC3F05E-D86B-11D0-A075-00C04FB68820}
 and APPID 
{8BC3F05E-D86B-11D0-A075-00C04FB68820}
 to the user LAPTOP-IIC1GP5C\MADHUMITA SID (S-1-5-21-1776895936-2929945024-2387409390-1001) from address LocalHost (Using LRPC) running in the application container Unavailable SID (S-1-15-2-2034283098-2252572593-1072577386-2659511007-3245387615-27016815-3920691934). This security permission can be modified using the Component Services administrative tool."
Warning,08-04-2026 12:11:01,Microsoft-Windows-DistributedCOM,10016,None,"The application-specific permission settings do not grant Local Activation permission for the COM Server application with CLSID 
{8BC3F05E-D86B-11D0-A075-00C04FB68820}
 and APPID 
{8BC3F05E-D86B-11D0-A075-00C04FB68820}
 to the user LAPTOP-IIC1GP5C\MADHUMITA SID (S-1-5-21-1776895936-2929945024-2387409390-1001) from address LocalHost (Using LRPC) running in the application container Unavailable SID (S-1-15-2-2034283098-2252572593-1072577386-2659511007-3245387615-27016815-3920691934). This security permission can be modified using the Component Services administrative tool."
Warning,08-04-2026 12:10:59,Microsoft-Windows-DistributedCOM,10016,None,"The application-specific permission settings do not grant Local Activation permission for the COM Server application with CLSID 
{2593F8B9-4EAF-457C-B68A-50F6B8EA6B54}
 and APPID 
{15C20B67-12E7-4BB6-92BB-7AFF07997402}
 to the user LAPTOP-IIC1GP5C\MADHUMITA SID (S-1-5-21-1776895936-2929945024-2387409390-1001) from address LocalHost (Using LRPC) running in the application container Unavailable SID (Unavailable). This security permission can be modified using the Component Services administrative tool."
Warning,08-04-2026 12:10:46,Microsoft-Windows-DistributedCOM,10016,None,"The machine-default permission settings do not grant Local Activation permission for the COM Server application with CLSID 
{C2F03A33-21F5-47FA-B4BB-156362A2F239}
 and APPID 
{316CDED5-E4AE-4B15-9113-7055D84DCC97}
 to the user NT AUTHORITY\LOCAL SERVICE SID (S-1-5-19) from address LocalHost (Using LRPC) running in the application container Unavailable SID (Unavailable). This security permission can be modified using the Component Services administrative tool."
Warning,08-04-2026 12:10:46,Microsoft-Windows-DistributedCOM,10016,None,"The application-specific permission settings do not grant Local Activation permission for the COM Server application with CLSID 
{6B3B8D23-FA8D-40B9-8DBD-B950333E2C52}
 and APPID 
{4839DDB7-58C2-48F5-8283-E1D1807D0D7D}
 to the user NT AUTHORITY\LOCAL SERVICE SID (S-1-5-19) from address LocalHost (Using LRPC) running in the application container Unavailable SID (Unavailable). This security permission can be modified using the Component Services administrative tool."
Warning,08-04-2026 12:10:46,Microsoft-Windows-DistributedCOM,10016,None,"The machine-default permission settings do not grant Local Activation permission for the COM Server application with CLSID 
{C2F03A33-21F5-47FA-B4BB-156362A2F239}
 and APPID 
{316CDED5-E4AE-4B15-9113-7055D84DCC97}
 to the user NT AUTHORITY\LOCAL SERVICE SID (S-1-5-19) from address LocalHost (Using LRPC) running in the application container Unavailable SID (Unavailable). This security permission can be modified using the Component Services administrative tool."
Warning,08-04-2026 12:10:46,Microsoft-Windows-DistributedCOM,10016,None,"The application-specific permission settings do not grant Local Activation permission for the COM Server application with CLSID 
{6B3B8D23-FA8D-40B9-8DBD-B950333E2C52}
 and APPID 
{4839DDB7-58C2-48F5-8283-E1D1807D0D7D}
 to the user NT AUTHORITY\LOCAL SERVICE SID (S-1-5-19) from address LocalHost (Using LRPC) running in the application container Unavailable SID (Unavailable). This security permission can be modified using the Component Services administrative tool."
Error,08-04-2026 12:10:29,Microsoft-Windows-TPM-WMI,1796,None,"The Secure Boot update failed to update SBAT with error Unknown HResult Error code: 0x800700c1. For more information, please see https://go.microsoft.com/fwlink/?linkid=2169931"
Error,08-04-2026 12:10:29,Microsoft-Windows-TPM-WMI,1801,None,"Updated Secure Boot certificates are available on this device but have not yet been applied to the firmware. Review the published guidance to complete the update and maintain full protection. This device signature information is included here.
DeviceAttributes: FirmwareManufacturer:AMI;FirmwareVersion:F.07;OEMModelBaseBoard:8A0F;OEMManufacturerName:HP;OSArchitecture:amd64;
BucketId: ce8e89a423ae25d807c410849ab543e38ddc3e36ed21acd4447473ae899f6f41
BucketConfidenceLevel: Under Observation - More Data Needed
UpdateType: 
For more information, please see https://go.microsoft.com/fwlink/?linkid=2301018."
Error,08-04-2026 12:09:22,Windows App Runtime,22,None,Package dependency criteria could not be resolved. 
Error,08-04-2026 12:08:08,MsiInstaller,1013,None,Product: HP Display Control Service -- The device is not a supported system. Aborting installation.
Error,08-04-2026 12:08:08,MsiInstaller,10005,None,"Product: HP Display Control Service -- The installer has encountered an unexpected error installing this package. This may indicate a problem with this package. The error code is 2753. The arguments are: DisplayControl, , "
Warning,08-04-2026 12:08:02,Microsoft-Windows-DistributedCOM,10016,None,"The application-specific permission settings do not grant Local Activation permission for the COM Server application with CLSID 
{2593F8B9-4EAF-457C-B68A-50F6B8EA6B54}
 and APPID 
{15C20B67-12E7-4BB6-92BB-7AFF07997402}
 to the user LAPTOP-IIC1GP5C\MADHUMITA SID (S-1-5-21-1776895936-2929945024-2387409390-1001) from address LocalHost (Using LRPC) running in the application container Unavailable SID (Unavailable). This security permission can be modified using the Component Services administrative tool."
Error,08-04-2026 12:07:49,Microsoft-Windows-Kernel-EventTracing,2,Session,"Session ""Cloud Files Diagnostic Event Listener"" failed to start with the following error: 0xC0000022"
Warning,08-04-2026 12:07:12,Microsoft-Windows-DistributedCOM,10016,None,"The application-specific permission settings do not grant Local Launch permission for the COM Server application with CLSID 
Windows.SecurityCenter.SecurityAppBroker
 and APPID 
Unavailable
 to the user NT AUTHORITY\SYSTEM SID (S-1-5-18) from address LocalHost (Using LRPC) running in the application container Unavailable SID (Unavailable). This security permission can be modified using the Component Services administrative tool."
Warning,08-04-2026 12:07:12,Microsoft-Windows-DistributedCOM,10016,None,"The application-specific permission settings do not grant Local Launch permission for the COM Server application with CLSID 
Windows.SecurityCenter.WscBrokerManager
 and APPID 
Unavailable
 to the user NT AUTHORITY\SYSTEM SID (S-1-5-18) from address LocalHost (Using LRPC) running in the application container Unavailable SID (Unavailable). This security permission can be modified using the Component Services administrative tool."
Warning,08-04-2026 12:07:12,Microsoft-Windows-DistributedCOM,10016,None,"The application-specific permission settings do not grant Local Launch permission for the COM Server application with CLSID 
Windows.SecurityCenter.WscDataProtection
 and APPID 
Unavailable
 to the user NT AUTHORITY\SYSTEM SID (S-1-5-18) from address LocalHost (Using LRPC) running in the application container Unavailable SID (Unavailable). This security permission can be modified using the Component Services administrative tool."
Error,08-04-2026 12:06:05,Windows App Runtime,22,None,Package dependency criteria could not be resolved. 
Error,08-04-2026 12:06:04,.NET Runtime,1022,None,.NET Runtime version 4.0.30319.0 - There was a failure initializing profiling API attach infrastructure.  This process will not allow a profiler to attach.  HRESULT: 0x80004005.  Process ID (decimal): 18256.  Message ID: [0x2509].
Error,08-04-2026 12:06:04,.NET Runtime,1022,None,.NET Runtime version 4.0.30319.0 - There was a failure initializing profiling API attach infrastructure.  This process will not allow a profiler to attach.  HRESULT: 0x80004005.  Process ID (decimal): 17680.  Message ID: [0x2509].
Error,08-04-2026 12:05:41,Microsoft-Windows-Kernel-EventTracing,3,Session,"Session ""ReadyBoot"" stopped due to the following error: 0xC0000188"
Warning,08-04-2026 12:05:41,Microsoft-Windows-Kernel-EventTracing,4,Logging,"The maximum file size for session ""ReadyBoot"" has been reached. As a result, events might be lost (not logged) to file ""C:\WINDOWS\Prefetch\ReadyBoot\ReadyBoot.etl"". The maximum files size is currently set to 20971520 bytes."
Warning,08-04-2026 12:05:36,Microsoft-Windows-User Device Registration,360,None,"Windows Hello for Business provisioning will not be launched. 
Device is Microsoft Entra joined (or hybrid joined): Not Tested 
User has logged on with Microsoft Entra credentials: No 
Windows Hello for Business policy is enabled: Not Tested 
Windows Hello for Business post-logon provisioning is enabled: Not Tested 
Local computer meets Windows hello for business hardware requirements: Not Tested 
User is not connected to the machine via Remote Desktop: Yes 
User certificate for on premise auth policy is enabled: Not Tested 
Machine is governed by none policy. 
Cloud trust for on premise auth policy is enabled: Not Tested 
User account has Cloud to OnPrem TGT: Not Tested 
See https://go.microsoft.com/fwlink/?linkid=832647 for more details."
Warning,08-04-2026 12:05:35,Microsoft-Windows-DistributedCOM,10016,None,"The application-specific permission settings do not grant Local Activation permission for the COM Server application with CLSID 
{6B3B8D23-FA8D-40B9-8DBD-B950333E2C52}
 and APPID 
{4839DDB7-58C2-48F5-8283-E1D1807D0D7D}
 to the user NT AUTHORITY\LOCAL SERVICE SID (S-1-5-19) from address LocalHost (Using LRPC) running in the application container Unavailable SID (Unavailable). This security permission can be modified using the Component Services administrative tool."
Warning,08-04-2026 12:05:35,Microsoft-Windows-DistributedCOM,10016,None,"The application-specific permission settings do not grant Local Activation permission for the COM Server application with CLSID 
{6B3B8D23-FA8D-40B9-8DBD-B950333E2C52}
 and APPID 
{4839DDB7-58C2-48F5-8283-E1D1807D0D7D}
 to the user NT AUTHORITY\LOCAL SERVICE SID (S-1-5-19) from address LocalHost (Using LRPC) running in the application container Unavailable SID (Unavailable). This security permission can be modified using the Component Services administrative tool."
Critical,08-04-2026 12:05:15,Microsoft-Windows-Kernel-Power,41,(63),"The system has rebooted without cleanly shutting down first. This error could be caused if the system stopped responding, crashed, or lost power unexpectedly."
Error,08-04-2026 12:05:25,EventLog,6008,None,The previous system shutdown at 2:34:04 PM on ‎4/‎7/‎2026 was unexpected.
Error,08-04-2026 12:05:12,Microsoft-Windows-Kernel-Boot,29,None,Windows failed fast startup with error status 0xC00000D4.
Warning,07-04-2026 15:18:12,Win32k,700,None,Power Manager has requested suppression of all input (INPUT_SUPPRESS_REQUEST=1)
Warning,07-04-2026 15:18:12,Win32k,700,None,Power Manager has requested suppression of all input (INPUT_SUPPRESS_REQUEST=1)
Warning,07-04-2026 15:18:12,Win32k,700,None,Power Manager has requested suppression of all input (INPUT_SUPPRESS_REQUEST=1)
Warning,07-04-2026 15:18:07,winsrvext,100,None,Process C:\Program Files (x86)\Microsoft\Edge\Application\msedge.exe is delaying system shutdown after 500 milliseconds.
Error,07-04-2026 15:17:58,Application Error,1000,Application Crashing Events,"Faulting application name: DesktopExtension.exe, version: 1.0.0.0, time stamp: 0x69b33584
Faulting module name: KERNELBASE.dll, version: 10.0.26100.7920, time stamp: 0x0cc2a083
Exception code: 0xe0434352
Fault offset: 0x00000000000c73fa
Faulting process id: 0x266C
Faulting application start time: 0x1DCC633F0C9D7B1
Faulting application path: C:\Program Files\WindowsApps\AD2F1837.myHP_54.52610.3208.0_x64__v10z8vjag6ke6\win32\DesktopExtension.exe
Faulting module path: C:\WINDOWS\System32\KERNELBASE.dll
Report Id: ca8b0a8b-565e-4c2b-9c8e-da50eb7dd52f
Faulting package full name: AD2F1837.myHP_54.52610.3208.0_x64__v10z8vjag6ke6
Faulting package-relative application ID: App"
Error,07-04-2026 15:17:58,.NET Runtime,1026,None,"Application: DesktopExtension.exe
Framework Version: v4.0.30319
Description: The process was terminated due to an unhandled exception.
Exception Info: System.DllNotFoundException
   at Wacom.ISD.SettingsClient_Interop.WacomISD_Shutdown()
   at Wacom.ISD.SettingsClient`1[[System.__Canon, mscorlib, Version=4.0.0.0, Culture=neutral, PublicKeyToken=b77a5c561934e089]].Finalize()

"
Warning,07-04-2026 15:17:52,VBScriptDeprecationAlert,4096,None,"The description for Event ID 4096 from source VBScriptDeprecationAlert cannot be found. Either the component that raises this event is not installed on your local computer or the installation is corrupted. You can install or repair the component on the local computer.

If the event originated on another computer, the display information had to be saved with the event.

The following information was included with the event: 

VBScript is scheduled for deprecation. Our telemetry indicates that your system is currently utilizing VBScript.
We strongly recommend identifying and migrating away from any VBScript dependencies at the earliest.

The following process has been detected as using VBScript. The associated process tree and call stack are provided below to assist in identifying the scenario in which VBScript was invoked.

ProcessName = ""wmic.exe""
ProcessTree = ""WMIC.exe;Arduino IDE.exe;Arduino IDE.exe;explorer.exe""
CallStack = ""vbscript.dll+0x68C16;vbscript.dll+0x5571F;vbscript.dll+0x4024A;msxml6.dll+0x1113C6;msxml6.dll+0x10E482;msxml6.dll+0x215AC;msxml6.dll+0x4670A;msxml6.dll+0xCA1F7;msxml6.dll+0xCBA85;msxml6.dll+0xCB94D;wmic.exe+0x276BD;wmic.exe+0x2173E;wmic.exe+0x25D45;wmic.exe+0x3BCD0;wmic.exe+0x3909F;wmic.exe+0x18F4;KERNEL32.DLL+0x2E8D7;ntdll.dll+0x8C48C""
ProcessTreeEnhanced = ""WMIC.exe(""wmic.exe PROCESS GET Name,ProcessId,ParentProcessId,Status"");Arduino IDE.exe(""<path>\Arduino <path>\Arduino IDE.exe"" <path>\Arduino <path>\main.js"""");Arduino IDE.exe(""<path>\Arduino <path>\Arduino IDE.exe"""");explorer.exe(""<path>\Explorer.EXE"")""

The message resource is present but the message was not found in the message table
"
Warning,07-04-2026 15:00:55,VBScriptDeprecationAlert,4096,None,"The description for Event ID 4096 from source VBScriptDeprecationAlert cannot be found. Either the component that raises this event is not installed on your local computer or the installation is corrupted. You can install or repair the component on the local computer.

If the event originated on another computer, the display information had to be saved with the event.

The following information was included with the event: 

VBScript is scheduled for deprecation. Our telemetry indicates that your system is currently utilizing VBScript.
We strongly recommend identifying and migrating away from any VBScript dependencies at the earliest.

The following process has been detected as using VBScript. The associated process tree and call stack are provided below to assist in identifying the scenario in which VBScript was invoked.

ProcessName = ""wmic.exe""
ProcessTree = ""WMIC.exe;Arduino IDE.exe;Arduino IDE.exe;explorer.exe""
CallStack = ""vbscript.dll+0x68C16;vbscript.dll+0x5571F;vbscript.dll+0x4024A;msxml6.dll+0x1113C6;msxml6.dll+0x10E482;msxml6.dll+0x215AC;msxml6.dll+0x4670A;msxml6.dll+0xCA1F7;msxml6.dll+0xCBA85;msxml6.dll+0xCB94D;wmic.exe+0x276BD;wmic.exe+0x2173E;wmic.exe+0x25D45;wmic.exe+0x3BCD0;wmic.exe+0x3909F;wmic.exe+0x18F4;KERNEL32.DLL+0x2E8D7;ntdll.dll+0x8C48C""
ProcessTreeEnhanced = ""WMIC.exe(""wmic.exe PROCESS GET Name,ProcessId,ParentProcessId,Status"");Arduino IDE.exe(""<path>\Arduino <path>\Arduino IDE.exe"" <path>\Arduino <path>\main.js"""");Arduino IDE.exe(""<path>\Arduino <path>\Arduino IDE.exe"""");explorer.exe(""<path>\Explorer.EXE"")""

The message resource is present but the message was not found in the message table
"
Error,07-04-2026 14:38:22,Microsoft-Windows-Dhcp-Client,1002,Address Configuration State Event,The IP address lease 192.168.88.225 for the Network Card with network address 0xCC474054A496 has been denied by the DHCP server 192.168.202.129 (The DHCP Server sent a DHCPNACK message).
Error,07-04-2026 14:38:12,Microsoft-Windows-Dhcp-Client,1002,Address Configuration State Event,The IP address lease 192.168.202.225 for the Network Card with network address 0xCC474054A496 has been denied by the DHCP server 192.168.88.52 (The DHCP Server sent a DHCPNACK message).
Error,07-04-2026 14:38:01,Microsoft-Windows-Dhcp-Client,1002,Address Configuration State Event,The IP address lease 192.168.88.225 for the Network Card with network address 0xCC474054A496 has been denied by the DHCP server 192.168.202.129 (The DHCP Server sent a DHCPNACK message).
Error,07-04-2026 14:37:45,Tcpip,4199,None,The system detected an address conflict for IP address 2409:40f4:3017:497e:b00f:bce1:1a:c364 with the system having network hardware address 02-50-F3-00-0A-06. Network operations on this system may be disrupted as a result.
Error,07-04-2026 14:37:45,Microsoft-Windows-Dhcp-Client,1002,Address Configuration State Event,The IP address lease 192.168.202.225 for the Network Card with network address 0xCC474054A496 has been denied by the DHCP server 192.168.88.52 (The DHCP Server sent a DHCPNACK message).
Error,07-04-2026 14:37:00,Application Hang,1002,Hanging Events,"The program HpSystemManagement.exe version 1.4.4.0 stopped interacting with Windows and was closed. To see if more information about the problem is available, check the problem history in the Security and Maintenance control panel.
"
Warning,07-04-2026 14:36:54,VBScriptDeprecationAlert,4096,None,"The description for Event ID 4096 from source VBScriptDeprecationAlert cannot be found. Either the component that raises this event is not installed on your local computer or the installation is corrupted. You can install or repair the component on the local computer.

If the event originated on another computer, the display information had to be saved with the event.

The following information was included with the event: 

VBScript is scheduled for deprecation. Our telemetry indicates that your system is currently utilizing VBScript.
We strongly recommend identifying and migrating away from any VBScript dependencies at the earliest.

The following process has been detected as using VBScript. The associated process tree and call stack are provided below to assist in identifying the scenario in which VBScript was invoked.

ProcessName = ""wmic.exe""
ProcessTree = ""WMIC.exe;Arduino IDE.exe;Arduino IDE.exe;explorer.exe""
CallStack = ""vbscript.dll+0x68C16;vbscript.dll+0x5571F;vbscript.dll+0x4024A;msxml6.dll+0x1113C6;msxml6.dll+0x10E482;msxml6.dll+0x215AC;msxml6.dll+0x4670A;msxml6.dll+0xCA1F7;msxml6.dll+0xCBA85;msxml6.dll+0xCB94D;wmic.exe+0x276BD;wmic.exe+0x2173E;wmic.exe+0x25D45;wmic.exe+0x3BCD0;wmic.exe+0x3909F;wmic.exe+0x18F4;KERNEL32.DLL+0x2E8D7;ntdll.dll+0x8C48C""
ProcessTreeEnhanced = ""WMIC.exe(""wmic.exe PROCESS GET Name,ProcessId,ParentProcessId,Status"");Arduino IDE.exe(""<path>\Arduino <path>\Arduino IDE.exe"" <path>\Arduino <path>\main.js"""");Arduino IDE.exe(""<path>\Arduino <path>\Arduino IDE.exe"""");explorer.exe(""<path>\Explorer.EXE"")""

The message resource is present but the message was not found in the message table
"
Warning,07-04-2026 14:36:53,Win32k,701,None,Power Manager has not requested suppression of all input (INPUT_SUPPRESS_REQUEST=0)
Warning,07-04-2026 14:36:53,Win32k,701,None,Power Manager has not requested suppression of all input (INPUT_SUPPRESS_REQUEST=0)
Warning,07-04-2026 14:35:34,Win32k,700,None,Power Manager has requested suppression of all input (INPUT_SUPPRESS_REQUEST=1)
Warning,07-04-2026 14:35:34,Win32k,700,None,Power Manager has requested suppression of all input (INPUT_SUPPRESS_REQUEST=1)
Error,07-04-2026 14:34:19,Microsoft-Windows-Dhcp-Client,1002,Address Configuration State Event,The IP address lease 192.168.88.225 for the Network Card with network address 0xCC474054A496 has been denied by the DHCP server 192.168.202.129 (The DHCP Server sent a DHCPNACK message).
Error,07-04-2026 14:34:06,Microsoft-Windows-Dhcp-Client,1002,Address Configuration State Event,The IP address lease 192.168.202.225 for the Network Card with network address 0xCC474054A496 has been denied by the DHCP server 192.168.88.52 (The DHCP Server sent a DHCPNACK message).
Error,07-04-2026 14:33:53,Microsoft-Windows-Dhcp-Client,1002,Address Configuration State Event,The IP address lease 192.168.88.225 for the Network Card with network address 0xCC474054A496 has been denied by the DHCP server 192.168.202.129 (The DHCP Server sent a DHCPNACK message).
Error,07-04-2026 14:33:39,Microsoft-Windows-Dhcp-Client,1002,Address Configuration State Event,The IP address lease 192.168.202.225 for the Network Card with network address 0xCC474054A496 has been denied by the DHCP server 192.168.88.52 (The DHCP Server sent a DHCPNACK message).
Error,07-04-2026 14:33:11,MsiInstaller,1013,None,Product: HP Display Control Service -- The device is not a supported system. Aborting installation.
Error,07-04-2026 14:33:10,MsiInstaller,10005,None,"Product: HP Display Control Service -- The installer has encountered an unexpected error installing this package. This may indicate a problem with this package. The error code is 2753. The arguments are: DisplayControl, , "
Error,07-04-2026 14:31:52,Tcpip,4199,None,The system detected an address conflict for IP address 2409:40f4:3006:9f1c:7c91:3c75:da67:fb55 with the system having network hardware address 02-50-F3-00-05-01. Network operations on this system may be disrupted as a result.
Warning,07-04-2026 14:31:51,Win32k,701,None,Power Manager has not requested suppression of all input (INPUT_SUPPRESS_REQUEST=0)
Warning,07-04-2026 14:31:51,Win32k,701,None,Power Manager has not requested suppression of all input (INPUT_SUPPRESS_REQUEST=0)
Error,07-04-2026 12:29:20,Microsoft-Windows-Dhcp-Client,1002,Address Configuration State Event,The IP address lease 192.168.202.225 for the Network Card with network address 0xCC474054A496 has been denied by the DHCP server 10.28.58.184 (The DHCP Server sent a DHCPNACK message).
Warning,07-04-2026 12:28:31,Win32k,700,None,Power Manager has requested suppression of all input (INPUT_SUPPRESS_REQUEST=1)
Warning,07-04-2026 12:28:31,Win32k,700,None,Power Manager has requested suppression of all input (INPUT_SUPPRESS_REQUEST=1)
Error,07-04-2026 12:16:30,MsiInstaller,1013,None,Product: HP Display Control Service -- The device is not a supported system. Aborting installation.
Error,07-04-2026 12:16:29,MsiInstaller,10005,None,"Product: HP Display Control Service -- The installer has encountered an unexpected error installing this package. This may indicate a problem with this package. The error code is 2753. The arguments are: DisplayControl, , "
Warning,07-04-2026 12:15:18,Win32k,701,None,Power Manager has not requested suppression of all input (INPUT_SUPPRESS_REQUEST=0)
Warning,07-04-2026 12:15:18,Win32k,701,None,Power Manager has not requested suppression of all input (INPUT_SUPPRESS_REQUEST=0)
Warning,07-04-2026 08:53:34,Win32k,700,None,Power Manager has requested suppression of all input (INPUT_SUPPRESS_REQUEST=1)
Warning,07-04-2026 08:53:34,Win32k,700,None,Power Manager has requested suppression of all input (INPUT_SUPPRESS_REQUEST=1)
Warning,07-04-2026 08:53:34,Win32k,701,None,Power Manager has not requested suppression of all input (INPUT_SUPPRESS_REQUEST=0)
Warning,07-04-2026 08:53:34,Win32k,701,None,Power Manager has not requested suppression of all input (INPUT_SUPPRESS_REQUEST=0)
Warning,07-04-2026 08:46:47,Win32k,700,None,Power Manager has requested suppression of all input (INPUT_SUPPRESS_REQUEST=1)
Warning,07-04-2026 08:46:47,Win32k,700,None,Power Manager has requested suppression of all input (INPUT_SUPPRESS_REQUEST=1)
Error,07-04-2026 08:46:04,MsiInstaller,1013,None,Product: HP Display Control Service -- The device is not a supported system. Aborting installation.
Error,07-04-2026 08:46:04,MsiInstaller,10005,None,"Product: HP Display Control Service -- The installer has encountered an unexpected error installing this package. This may indicate a problem with this package. The error code is 2753. The arguments are: DisplayControl, , "
Warning,07-04-2026 08:45:15,Microsoft-Windows-DistributedCOM,10016,None,"The application-specific permission settings do not grant Local Activation permission for the COM Server application with CLSID 
{8BC3F05E-D86B-11D0-A075-00C04FB68820}
 and APPID 
{8BC3F05E-D86B-11D0-A075-00C04FB68820}
 to the user LAPTOP-IIC1GP5C\MADHUMITA SID (S-1-5-21-1776895936-2929945024-2387409390-1001) from address LocalHost (Using LRPC) running in the application container Unavailable SID (S-1-15-2-2930946853-844820608-1305922128-4235471616-938777480-2999374006-2770558419). This security permission can be modified using the Component Services administrative tool."
Error,07-04-2026 08:45:08,Application Hang,1002,Hanging Events,"The program HP.HPX.exe version 54.52610.3208.0 stopped interacting with Windows and was closed. To see if more information about the problem is available, check the problem history in the Security and Maintenance control panel.
"
Warning,07-04-2026 08:20:41,Microsoft-Windows-DistributedCOM,10016,None,"The application-specific permission settings do not grant Local Activation permission for the COM Server application with CLSID 
{8BC3F05E-D86B-11D0-A075-00C04FB68820}
 and APPID 
{8BC3F05E-D86B-11D0-A075-00C04FB68820}
 to the user LAPTOP-IIC1GP5C\MADHUMITA SID (S-1-5-21-1776895936-2929945024-2387409390-1001) from address LocalHost (Using LRPC) running in the application container Unavailable SID (S-1-15-2-2034283098-2252572593-1072577386-2659511007-3245387615-27016815-3920691934). This security permission can be modified using the Component Services administrative tool."
Warning,07-04-2026 08:20:41,Microsoft-Windows-DistributedCOM,10016,None,"The application-specific permission settings do not grant Local Activation permission for the COM Server application with CLSID 
{8BC3F05E-D86B-11D0-A075-00C04FB68820}
 and APPID 
{8BC3F05E-D86B-11D0-A075-00C04FB68820}
 to the user LAPTOP-IIC1GP5C\MADHUMITA SID (S-1-5-21-1776895936-2929945024-2387409390-1001) from address LocalHost (Using LRPC) running in the application container Unavailable SID (S-1-15-2-2034283098-2252572593-1072577386-2659511007-3245387615-27016815-3920691934). This security permission can be modified using the Component Services administrative tool."
Warning,07-04-2026 08:20:40,Microsoft-Windows-DistributedCOM,10016,None,"The application-specific permission settings do not grant Local Activation permission for the COM Server application with CLSID 
{8BC3F05E-D86B-11D0-A075-00C04FB68820}
 and APPID 
{8BC3F05E-D86B-11D0-A075-00C04FB68820}
 to the user LAPTOP-IIC1GP5C\MADHUMITA SID (S-1-5-21-1776895936-2929945024-2387409390-1001) from address LocalHost (Using LRPC) running in the application container Unavailable SID (S-1-15-2-2034283098-2252572593-1072577386-2659511007-3245387615-27016815-3920691934). This security permission can be modified using the Component Services administrative tool."
