Warning,08-07-2026 15:12:48,Microsoft-Windows-DistributedCOM,10016,None,"The application-specific permission settings do not grant Local Activation permission for the COM Server application with CLSID 
{C4E82530-3B6E-4F6A-8E99-07426B47D292}
 and APPID 
{F9717507-6651-4EDB-BFF7-AE615179BCCF}
 to the user LAPTOP-IIC1GP5C\MADHUMITA SID (S-1-5-21-1776895936-2929945024-2387409390-1001) from address LocalHost (Using LRPC) running in the application container Unavailable SID (S-1-15-2-4268431051-2880253492-385518014-2361477027-2611171967-1332326509-2809202808). This security permission can be modified using the Component Services administrative tool."
Warning,08-07-2026 15:12:48,Microsoft-Windows-DistributedCOM,10016,None,"The application-specific permission settings do not grant Local Activation permission for the COM Server application with CLSID 
{C4E82530-3B6E-4F6A-8E99-07426B47D292}
 and APPID 
{F9717507-6651-4EDB-BFF7-AE615179BCCF}
 to the user LAPTOP-IIC1GP5C\MADHUMITA SID (S-1-5-21-1776895936-2929945024-2387409390-1001) from address LocalHost (Using LRPC) running in the application container Unavailable SID (S-1-15-2-4268431051-2880253492-385518014-2361477027-2611171967-1332326509-2809202808). This security permission can be modified using the Component Services administrative tool."
Warning,08-07-2026 15:12:48,Microsoft-Windows-DistributedCOM,10016,None,"The application-specific permission settings do not grant Local Activation permission for the COM Server application with CLSID 
{C4E82530-3B6E-4F6A-8E99-07426B47D292}
 and APPID 
{F9717507-6651-4EDB-BFF7-AE615179BCCF}
 to the user LAPTOP-IIC1GP5C\MADHUMITA SID (S-1-5-21-1776895936-2929945024-2387409390-1001) from address LocalHost (Using LRPC) running in the application container Unavailable SID (S-1-15-2-4268431051-2880253492-385518014-2361477027-2611171967-1332326509-2809202808). This security permission can be modified using the Component Services administrative tool."
Warning,08-07-2026 15:12:48,Microsoft-Windows-DistributedCOM,10016,None,"The application-specific permission settings do not grant Local Activation permission for the COM Server application with CLSID 
{C4E82530-3B6E-4F6A-8E99-07426B47D292}
 and APPID 
{F9717507-6651-4EDB-BFF7-AE615179BCCF}
 to the user LAPTOP-IIC1GP5C\MADHUMITA SID (S-1-5-21-1776895936-2929945024-2387409390-1001) from address LocalHost (Using LRPC) running in the application container Unavailable SID (S-1-15-2-4268431051-2880253492-385518014-2361477027-2611171967-1332326509-2809202808). This security permission can be modified using the Component Services administrative tool."
Warning,08-07-2026 15:12:48,Microsoft-Windows-DistributedCOM,10016,None,"The application-specific permission settings do not grant Local Activation permission for the COM Server application with CLSID 
{C4E82530-3B6E-4F6A-8E99-07426B47D292}
 and APPID 
{F9717507-6651-4EDB-BFF7-AE615179BCCF}
 to the user LAPTOP-IIC1GP5C\MADHUMITA SID (S-1-5-21-1776895936-2929945024-2387409390-1001) from address LocalHost (Using LRPC) running in the application container Unavailable SID (S-1-15-2-4268431051-2880253492-385518014-2361477027-2611171967-1332326509-2809202808). This security permission can be modified using the Component Services administrative tool."
Warning,08-07-2026 15:12:48,Microsoft-Windows-DistributedCOM,10016,None,"The application-specific permission settings do not grant Local Activation permission for the COM Server application with CLSID 
{C4E82530-3B6E-4F6A-8E99-07426B47D292}
 and APPID 
{F9717507-6651-4EDB-BFF7-AE615179BCCF}
 to the user LAPTOP-IIC1GP5C\MADHUMITA SID (S-1-5-21-1776895936-2929945024-2387409390-1001) from address LocalHost (Using LRPC) running in the application container Unavailable SID (S-1-15-2-4268431051-2880253492-385518014-2361477027-2611171967-1332326509-2809202808). This security permission can be modified using the Component Services administrative tool."
Warning,08-07-2026 15:12:48,Microsoft-Windows-DistributedCOM,10016,None,"The application-specific permission settings do not grant Local Activation permission for the COM Server application with CLSID 
{C4E82530-3B6E-4F6A-8E99-07426B47D292}
 and APPID 
{F9717507-6651-4EDB-BFF7-AE615179BCCF}
 to the user LAPTOP-IIC1GP5C\MADHUMITA SID (S-1-5-21-1776895936-2929945024-2387409390-1001) from address LocalHost (Using LRPC) running in the application container Unavailable SID (S-1-15-2-4268431051-2880253492-385518014-2361477027-2611171967-1332326509-2809202808). This security permission can be modified using the Component Services administrative tool."
Warning,08-07-2026 15:12:48,Microsoft-Windows-DistributedCOM,10016,None,"The application-specific permission settings do not grant Local Activation permission for the COM Server application with CLSID 
{C4E82530-3B6E-4F6A-8E99-07426B47D292}
 and APPID 
{F9717507-6651-4EDB-BFF7-AE615179BCCF}
 to the user LAPTOP-IIC1GP5C\MADHUMITA SID (S-1-5-21-1776895936-2929945024-2387409390-1001) from address LocalHost (Using LRPC) running in the application container Unavailable SID (S-1-15-2-4268431051-2880253492-385518014-2361477027-2611171967-1332326509-2809202808). This security permission can be modified using the Component Services administrative tool."
Warning,08-07-2026 15:12:48,Microsoft-Windows-DistributedCOM,10016,None,"The application-specific permission settings do not grant Local Activation permission for the COM Server application with CLSID 
{00000000-0000-0000-0000-000000000000}
 and APPID 
{8BC3F05E-D86B-11D0-A075-00C04FB68820}
 to the user LAPTOP-IIC1GP5C\MADHUMITA SID (S-1-5-21-1776895936-2929945024-2387409390-1001) from address LocalHost (Using LRPC) running in the application container Unavailable SID (S-1-15-2-4268431051-2880253492-385518014-2361477027-2611171967-1332326509-2809202808). This security permission can be modified using the Component Services administrative tool."
Warning,08-07-2026 15:12:48,Microsoft-Windows-DistributedCOM,10016,None,"The application-specific permission settings do not grant Local Activation permission for the COM Server application with CLSID 
{C4E82530-3B6E-4F6A-8E99-07426B47D292}
 and APPID 
{F9717507-6651-4EDB-BFF7-AE615179BCCF}
 to the user LAPTOP-IIC1GP5C\MADHUMITA SID (S-1-5-21-1776895936-2929945024-2387409390-1001) from address LocalHost (Using LRPC) running in the application container Unavailable SID (S-1-15-2-4268431051-2880253492-385518014-2361477027-2611171967-1332326509-2809202808). This security permission can be modified using the Component Services administrative tool."
Warning,08-07-2026 15:09:21,Microsoft-Windows-DistributedCOM,10016,None,"The application-specific permission settings do not grant Local Activation permission for the COM Server application with CLSID 
{00000000-0000-0000-0000-000000000000}
 and APPID 
{8BC3F05E-D86B-11D0-A075-00C04FB68820}
 to the user LAPTOP-IIC1GP5C\MADHUMITA SID (S-1-5-21-1776895936-2929945024-2387409390-1001) from address LocalHost (Using LRPC) running in the application container Unavailable SID (S-1-15-2-2034283098-2252572593-1072577386-2659511007-3245387615-27016815-3920691934). This security permission can be modified using the Component Services administrative tool."
Warning,08-07-2026 15:09:21,Microsoft-Windows-DistributedCOM,10016,None,"The application-specific permission settings do not grant Local Activation permission for the COM Server application with CLSID 
{00000000-0000-0000-0000-000000000000}
 and APPID 
{8BC3F05E-D86B-11D0-A075-00C04FB68820}
 to the user LAPTOP-IIC1GP5C\MADHUMITA SID (S-1-5-21-1776895936-2929945024-2387409390-1001) from address LocalHost (Using LRPC) running in the application container Unavailable SID (S-1-15-2-2034283098-2252572593-1072577386-2659511007-3245387615-27016815-3920691934). This security permission can be modified using the Component Services administrative tool."
Warning,08-07-2026 15:09:21,Microsoft-Windows-DistributedCOM,10016,None,"The application-specific permission settings do not grant Local Activation permission for the COM Server application with CLSID 
{00000000-0000-0000-0000-000000000000}
 and APPID 
{8BC3F05E-D86B-11D0-A075-00C04FB68820}
 to the user LAPTOP-IIC1GP5C\MADHUMITA SID (S-1-5-21-1776895936-2929945024-2387409390-1001) from address LocalHost (Using LRPC) running in the application container Unavailable SID (S-1-15-2-2034283098-2252572593-1072577386-2659511007-3245387615-27016815-3920691934). This security permission can be modified using the Component Services administrative tool."
Warning,08-07-2026 15:09:20,Microsoft-Windows-DistributedCOM,10016,None,"The application-specific permission settings do not grant Local Activation permission for the COM Server application with CLSID 
{00000000-0000-0000-0000-000000000000}
 and APPID 
{8BC3F05E-D86B-11D0-A075-00C04FB68820}
 to the user LAPTOP-IIC1GP5C\MADHUMITA SID (S-1-5-21-1776895936-2929945024-2387409390-1001) from address LocalHost (Using LRPC) running in the application container Unavailable SID (S-1-15-2-2034283098-2252572593-1072577386-2659511007-3245387615-27016815-3920691934). This security permission can be modified using the Component Services administrative tool."
Warning,08-07-2026 15:09:15,Microsoft-Windows-DistributedCOM,10016,None,"The application-specific permission settings do not grant Local Activation permission for the COM Server application with CLSID 
{2593F8B9-4EAF-457C-B68A-50F6B8EA6B54}
 and APPID 
{15C20B67-12E7-4BB6-92BB-7AFF07997402}
 to the user LAPTOP-IIC1GP5C\MADHUMITA SID (S-1-5-21-1776895936-2929945024-2387409390-1001) from address LocalHost (Using LRPC) running in the application container Unavailable SID (Unavailable). This security permission can be modified using the Component Services administrative tool."
Warning,08-07-2026 15:02:13,Microsoft-Windows-DistributedCOM,10016,None,"The application-specific permission settings do not grant Local Activation permission for the COM Server application with CLSID 
{2593F8B9-4EAF-457C-B68A-50F6B8EA6B54}
 and APPID 
{15C20B67-12E7-4BB6-92BB-7AFF07997402}
 to the user LAPTOP-IIC1GP5C\MADHUMITA SID (S-1-5-21-1776895936-2929945024-2387409390-1001) from address LocalHost (Using LRPC) running in the application container Unavailable SID (Unavailable). This security permission can be modified using the Component Services administrative tool."
Warning,08-07-2026 14:58:56,Microsoft-Windows-DistributedCOM,10016,None,"The application-specific permission settings do not grant Local Activation permission for the COM Server application with CLSID 
{C4E82530-3B6E-4F6A-8E99-07426B47D292}
 and APPID 
{F9717507-6651-4EDB-BFF7-AE615179BCCF}
 to the user LAPTOP-IIC1GP5C\MADHUMITA SID (S-1-5-21-1776895936-2929945024-2387409390-1001) from address LocalHost (Using LRPC) running in the application container Unavailable SID (S-1-15-2-3641009339-3762405881-2336667569-2506484097-1203212773-1925050593-1430556027). This security permission can be modified using the Component Services administrative tool."
Warning,08-07-2026 14:58:56,Microsoft-Windows-DistributedCOM,10016,None,"The application-specific permission settings do not grant Local Activation permission for the COM Server application with CLSID 
{C4E82530-3B6E-4F6A-8E99-07426B47D292}
 and APPID 
{F9717507-6651-4EDB-BFF7-AE615179BCCF}
 to the user LAPTOP-IIC1GP5C\MADHUMITA SID (S-1-5-21-1776895936-2929945024-2387409390-1001) from address LocalHost (Using LRPC) running in the application container Unavailable SID (S-1-15-2-3641009339-3762405881-2336667569-2506484097-1203212773-1925050593-1430556027). This security permission can be modified using the Component Services administrative tool."
Warning,08-07-2026 14:58:56,Microsoft-Windows-DistributedCOM,10016,None,"The application-specific permission settings do not grant Local Activation permission for the COM Server application with CLSID 
{C4E82530-3B6E-4F6A-8E99-07426B47D292}
 and APPID 
{F9717507-6651-4EDB-BFF7-AE615179BCCF}
 to the user LAPTOP-IIC1GP5C\MADHUMITA SID (S-1-5-21-1776895936-2929945024-2387409390-1001) from address LocalHost (Using LRPC) running in the application container Unavailable SID (S-1-15-2-3641009339-3762405881-2336667569-2506484097-1203212773-1925050593-1430556027). This security permission can be modified using the Component Services administrative tool."
Warning,08-07-2026 14:58:56,Microsoft-Windows-DistributedCOM,10016,None,"The application-specific permission settings do not grant Local Activation permission for the COM Server application with CLSID 
{C4E82530-3B6E-4F6A-8E99-07426B47D292}
 and APPID 
{F9717507-6651-4EDB-BFF7-AE615179BCCF}
 to the user LAPTOP-IIC1GP5C\MADHUMITA SID (S-1-5-21-1776895936-2929945024-2387409390-1001) from address LocalHost (Using LRPC) running in the application container Unavailable SID (S-1-15-2-3641009339-3762405881-2336667569-2506484097-1203212773-1925050593-1430556027). This security permission can be modified using the Component Services administrative tool."
Warning,08-07-2026 14:58:56,Microsoft-Windows-DistributedCOM,10016,None,"The application-specific permission settings do not grant Local Activation permission for the COM Server application with CLSID 
{C4E82530-3B6E-4F6A-8E99-07426B47D292}
 and APPID 
{F9717507-6651-4EDB-BFF7-AE615179BCCF}
 to the user LAPTOP-IIC1GP5C\MADHUMITA SID (S-1-5-21-1776895936-2929945024-2387409390-1001) from address LocalHost (Using LRPC) running in the application container Unavailable SID (S-1-15-2-3641009339-3762405881-2336667569-2506484097-1203212773-1925050593-1430556027). This security permission can be modified using the Component Services administrative tool."
Warning,08-07-2026 14:58:56,Microsoft-Windows-DistributedCOM,10016,None,"The application-specific permission settings do not grant Local Activation permission for the COM Server application with CLSID 
{C4E82530-3B6E-4F6A-8E99-07426B47D292}
 and APPID 
{F9717507-6651-4EDB-BFF7-AE615179BCCF}
 to the user LAPTOP-IIC1GP5C\MADHUMITA SID (S-1-5-21-1776895936-2929945024-2387409390-1001) from address LocalHost (Using LRPC) running in the application container Unavailable SID (S-1-15-2-3641009339-3762405881-2336667569-2506484097-1203212773-1925050593-1430556027). This security permission can be modified using the Component Services administrative tool."
Warning,08-07-2026 14:58:56,Microsoft-Windows-DistributedCOM,10016,None,"The application-specific permission settings do not grant Local Activation permission for the COM Server application with CLSID 
{C4E82530-3B6E-4F6A-8E99-07426B47D292}
 and APPID 
{F9717507-6651-4EDB-BFF7-AE615179BCCF}
 to the user LAPTOP-IIC1GP5C\MADHUMITA SID (S-1-5-21-1776895936-2929945024-2387409390-1001) from address LocalHost (Using LRPC) running in the application container Unavailable SID (S-1-15-2-3641009339-3762405881-2336667569-2506484097-1203212773-1925050593-1430556027). This security permission can be modified using the Component Services administrative tool."
Warning,08-07-2026 14:58:56,Microsoft-Windows-DistributedCOM,10016,None,"The application-specific permission settings do not grant Local Activation permission for the COM Server application with CLSID 
{C4E82530-3B6E-4F6A-8E99-07426B47D292}
 and APPID 
{F9717507-6651-4EDB-BFF7-AE615179BCCF}
 to the user LAPTOP-IIC1GP5C\MADHUMITA SID (S-1-5-21-1776895936-2929945024-2387409390-1001) from address LocalHost (Using LRPC) running in the application container Unavailable SID (S-1-15-2-3641009339-3762405881-2336667569-2506484097-1203212773-1925050593-1430556027). This security permission can be modified using the Component Services administrative tool."
Warning,08-07-2026 14:58:56,Microsoft-Windows-DistributedCOM,10016,None,"The application-specific permission settings do not grant Local Activation permission for the COM Server application with CLSID 
{C4E82530-3B6E-4F6A-8E99-07426B47D292}
 and APPID 
{F9717507-6651-4EDB-BFF7-AE615179BCCF}
 to the user LAPTOP-IIC1GP5C\MADHUMITA SID (S-1-5-21-1776895936-2929945024-2387409390-1001) from address LocalHost (Using LRPC) running in the application container Unavailable SID (S-1-15-2-3641009339-3762405881-2336667569-2506484097-1203212773-1925050593-1430556027). This security permission can be modified using the Component Services administrative tool."
Warning,08-07-2026 14:58:56,Microsoft-Windows-DistributedCOM,10016,None,"The application-specific permission settings do not grant Local Activation permission for the COM Server application with CLSID 
{C4E82530-3B6E-4F6A-8E99-07426B47D292}
 and APPID 
{F9717507-6651-4EDB-BFF7-AE615179BCCF}
 to the user LAPTOP-IIC1GP5C\MADHUMITA SID (S-1-5-21-1776895936-2929945024-2387409390-1001) from address LocalHost (Using LRPC) running in the application container Unavailable SID (S-1-15-2-3641009339-3762405881-2336667569-2506484097-1203212773-1925050593-1430556027). This security permission can be modified using the Component Services administrative tool."
Warning,08-07-2026 14:58:56,Microsoft-Windows-DistributedCOM,10016,None,"The application-specific permission settings do not grant Local Activation permission for the COM Server application with CLSID 
{C4E82530-3B6E-4F6A-8E99-07426B47D292}
 and APPID 
{F9717507-6651-4EDB-BFF7-AE615179BCCF}
 to the user LAPTOP-IIC1GP5C\MADHUMITA SID (S-1-5-21-1776895936-2929945024-2387409390-1001) from address LocalHost (Using LRPC) running in the application container Unavailable SID (S-1-15-2-3641009339-3762405881-2336667569-2506484097-1203212773-1925050593-1430556027). This security permission can be modified using the Component Services administrative tool."
Warning,08-07-2026 14:58:56,Microsoft-Windows-DistributedCOM,10016,None,"The application-specific permission settings do not grant Local Activation permission for the COM Server application with CLSID 
{C4E82530-3B6E-4F6A-8E99-07426B47D292}
 and APPID 
{F9717507-6651-4EDB-BFF7-AE615179BCCF}
 to the user LAPTOP-IIC1GP5C\MADHUMITA SID (S-1-5-21-1776895936-2929945024-2387409390-1001) from address LocalHost (Using LRPC) running in the application container Unavailable SID (S-1-15-2-3641009339-3762405881-2336667569-2506484097-1203212773-1925050593-1430556027). This security permission can be modified using the Component Services administrative tool."
Warning,08-07-2026 14:58:56,Microsoft-Windows-DistributedCOM,10016,None,"The application-specific permission settings do not grant Local Activation permission for the COM Server application with CLSID 
{C4E82530-3B6E-4F6A-8E99-07426B47D292}
 and APPID 
{F9717507-6651-4EDB-BFF7-AE615179BCCF}
 to the user LAPTOP-IIC1GP5C\MADHUMITA SID (S-1-5-21-1776895936-2929945024-2387409390-1001) from address LocalHost (Using LRPC) running in the application container Unavailable SID (S-1-15-2-3641009339-3762405881-2336667569-2506484097-1203212773-1925050593-1430556027). This security permission can be modified using the Component Services administrative tool."
Warning,08-07-2026 14:58:56,Microsoft-Windows-DistributedCOM,10016,None,"The application-specific permission settings do not grant Local Activation permission for the COM Server application with CLSID 
{C4E82530-3B6E-4F6A-8E99-07426B47D292}
 and APPID 
{F9717507-6651-4EDB-BFF7-AE615179BCCF}
 to the user LAPTOP-IIC1GP5C\MADHUMITA SID (S-1-5-21-1776895936-2929945024-2387409390-1001) from address LocalHost (Using LRPC) running in the application container Unavailable SID (S-1-15-2-3641009339-3762405881-2336667569-2506484097-1203212773-1925050593-1430556027). This security permission can be modified using the Component Services administrative tool."
Warning,08-07-2026 14:58:56,Microsoft-Windows-DistributedCOM,10016,None,"The application-specific permission settings do not grant Local Activation permission for the COM Server application with CLSID 
{C4E82530-3B6E-4F6A-8E99-07426B47D292}
 and APPID 
{F9717507-6651-4EDB-BFF7-AE615179BCCF}
 to the user LAPTOP-IIC1GP5C\MADHUMITA SID (S-1-5-21-1776895936-2929945024-2387409390-1001) from address LocalHost (Using LRPC) running in the application container Unavailable SID (S-1-15-2-3641009339-3762405881-2336667569-2506484097-1203212773-1925050593-1430556027). This security permission can be modified using the Component Services administrative tool."
Warning,08-07-2026 14:58:56,Microsoft-Windows-DistributedCOM,10016,None,"The application-specific permission settings do not grant Local Activation permission for the COM Server application with CLSID 
{C4E82530-3B6E-4F6A-8E99-07426B47D292}
 and APPID 
{F9717507-6651-4EDB-BFF7-AE615179BCCF}
 to the user LAPTOP-IIC1GP5C\MADHUMITA SID (S-1-5-21-1776895936-2929945024-2387409390-1001) from address LocalHost (Using LRPC) running in the application container Unavailable SID (S-1-15-2-3641009339-3762405881-2336667569-2506484097-1203212773-1925050593-1430556027). This security permission can be modified using the Component Services administrative tool."
Warning,08-07-2026 14:58:56,Microsoft-Windows-DistributedCOM,10016,None,"The application-specific permission settings do not grant Local Activation permission for the COM Server application with CLSID 
{C4E82530-3B6E-4F6A-8E99-07426B47D292}
 and APPID 
{F9717507-6651-4EDB-BFF7-AE615179BCCF}
 to the user LAPTOP-IIC1GP5C\MADHUMITA SID (S-1-5-21-1776895936-2929945024-2387409390-1001) from address LocalHost (Using LRPC) running in the application container Unavailable SID (S-1-15-2-3641009339-3762405881-2336667569-2506484097-1203212773-1925050593-1430556027). This security permission can be modified using the Component Services administrative tool."
Warning,08-07-2026 14:58:56,Microsoft-Windows-DistributedCOM,10016,None,"The application-specific permission settings do not grant Local Activation permission for the COM Server application with CLSID 
{C4E82530-3B6E-4F6A-8E99-07426B47D292}
 and APPID 
{F9717507-6651-4EDB-BFF7-AE615179BCCF}
 to the user LAPTOP-IIC1GP5C\MADHUMITA SID (S-1-5-21-1776895936-2929945024-2387409390-1001) from address LocalHost (Using LRPC) running in the application container Unavailable SID (S-1-15-2-3641009339-3762405881-2336667569-2506484097-1203212773-1925050593-1430556027). This security permission can be modified using the Component Services administrative tool."
Warning,08-07-2026 14:58:56,Microsoft-Windows-DistributedCOM,10016,None,"The application-specific permission settings do not grant Local Activation permission for the COM Server application with CLSID 
{C4E82530-3B6E-4F6A-8E99-07426B47D292}
 and APPID 
{F9717507-6651-4EDB-BFF7-AE615179BCCF}
 to the user LAPTOP-IIC1GP5C\MADHUMITA SID (S-1-5-21-1776895936-2929945024-2387409390-1001) from address LocalHost (Using LRPC) running in the application container Unavailable SID (S-1-15-2-3641009339-3762405881-2336667569-2506484097-1203212773-1925050593-1430556027). This security permission can be modified using the Component Services administrative tool."
Warning,08-07-2026 14:58:56,Microsoft-Windows-DistributedCOM,10016,None,"The application-specific permission settings do not grant Local Activation permission for the COM Server application with CLSID 
{C4E82530-3B6E-4F6A-8E99-07426B47D292}
 and APPID 
{F9717507-6651-4EDB-BFF7-AE615179BCCF}
 to the user LAPTOP-IIC1GP5C\MADHUMITA SID (S-1-5-21-1776895936-2929945024-2387409390-1001) from address LocalHost (Using LRPC) running in the application container Unavailable SID (S-1-15-2-3641009339-3762405881-2336667569-2506484097-1203212773-1925050593-1430556027). This security permission can be modified using the Component Services administrative tool."
Warning,08-07-2026 14:58:56,Microsoft-Windows-DistributedCOM,10016,None,"The application-specific permission settings do not grant Local Activation permission for the COM Server application with CLSID 
{C4E82530-3B6E-4F6A-8E99-07426B47D292}
 and APPID 
{F9717507-6651-4EDB-BFF7-AE615179BCCF}
 to the user LAPTOP-IIC1GP5C\MADHUMITA SID (S-1-5-21-1776895936-2929945024-2387409390-1001) from address LocalHost (Using LRPC) running in the application container Unavailable SID (S-1-15-2-3641009339-3762405881-2336667569-2506484097-1203212773-1925050593-1430556027). This security permission can be modified using the Component Services administrative tool."
Warning,08-07-2026 14:58:56,Microsoft-Windows-DistributedCOM,10016,None,"The application-specific permission settings do not grant Local Activation permission for the COM Server application with CLSID 
{C4E82530-3B6E-4F6A-8E99-07426B47D292}
 and APPID 
{F9717507-6651-4EDB-BFF7-AE615179BCCF}
 to the user LAPTOP-IIC1GP5C\MADHUMITA SID (S-1-5-21-1776895936-2929945024-2387409390-1001) from address LocalHost (Using LRPC) running in the application container Unavailable SID (S-1-15-2-3641009339-3762405881-2336667569-2506484097-1203212773-1925050593-1430556027). This security permission can be modified using the Component Services administrative tool."
Warning,08-07-2026 14:58:56,Microsoft-Windows-DistributedCOM,10016,None,"The application-specific permission settings do not grant Local Activation permission for the COM Server application with CLSID 
{C4E82530-3B6E-4F6A-8E99-07426B47D292}
 and APPID 
{F9717507-6651-4EDB-BFF7-AE615179BCCF}
 to the user LAPTOP-IIC1GP5C\MADHUMITA SID (S-1-5-21-1776895936-2929945024-2387409390-1001) from address LocalHost (Using LRPC) running in the application container Unavailable SID (S-1-15-2-3641009339-3762405881-2336667569-2506484097-1203212773-1925050593-1430556027). This security permission can be modified using the Component Services administrative tool."
Warning,08-07-2026 14:58:56,Microsoft-Windows-DistributedCOM,10016,None,"The application-specific permission settings do not grant Local Activation permission for the COM Server application with CLSID 
{C4E82530-3B6E-4F6A-8E99-07426B47D292}
 and APPID 
{F9717507-6651-4EDB-BFF7-AE615179BCCF}
 to the user LAPTOP-IIC1GP5C\MADHUMITA SID (S-1-5-21-1776895936-2929945024-2387409390-1001) from address LocalHost (Using LRPC) running in the application container Unavailable SID (S-1-15-2-3641009339-3762405881-2336667569-2506484097-1203212773-1925050593-1430556027). This security permission can be modified using the Component Services administrative tool."
Warning,08-07-2026 14:58:56,Microsoft-Windows-DistributedCOM,10016,None,"The application-specific permission settings do not grant Local Activation permission for the COM Server application with CLSID 
{C4E82530-3B6E-4F6A-8E99-07426B47D292}
 and APPID 
{F9717507-6651-4EDB-BFF7-AE615179BCCF}
 to the user LAPTOP-IIC1GP5C\MADHUMITA SID (S-1-5-21-1776895936-2929945024-2387409390-1001) from address LocalHost (Using LRPC) running in the application container Unavailable SID (S-1-15-2-3641009339-3762405881-2336667569-2506484097-1203212773-1925050593-1430556027). This security permission can be modified using the Component Services administrative tool."
Warning,08-07-2026 14:58:56,Microsoft-Windows-DistributedCOM,10016,None,"The application-specific permission settings do not grant Local Activation permission for the COM Server application with CLSID 
{C4E82530-3B6E-4F6A-8E99-07426B47D292}
 and APPID 
{F9717507-6651-4EDB-BFF7-AE615179BCCF}
 to the user LAPTOP-IIC1GP5C\MADHUMITA SID (S-1-5-21-1776895936-2929945024-2387409390-1001) from address LocalHost (Using LRPC) running in the application container Unavailable SID (S-1-15-2-3641009339-3762405881-2336667569-2506484097-1203212773-1925050593-1430556027). This security permission can be modified using the Component Services administrative tool."
Warning,08-07-2026 14:58:56,Microsoft-Windows-DistributedCOM,10016,None,"The application-specific permission settings do not grant Local Activation permission for the COM Server application with CLSID 
{C4E82530-3B6E-4F6A-8E99-07426B47D292}
 and APPID 
{F9717507-6651-4EDB-BFF7-AE615179BCCF}
 to the user LAPTOP-IIC1GP5C\MADHUMITA SID (S-1-5-21-1776895936-2929945024-2387409390-1001) from address LocalHost (Using LRPC) running in the application container Unavailable SID (S-1-15-2-3641009339-3762405881-2336667569-2506484097-1203212773-1925050593-1430556027). This security permission can be modified using the Component Services administrative tool."
Warning,08-07-2026 14:58:56,Microsoft-Windows-DistributedCOM,10016,None,"The application-specific permission settings do not grant Local Activation permission for the COM Server application with CLSID 
{C4E82530-3B6E-4F6A-8E99-07426B47D292}
 and APPID 
{F9717507-6651-4EDB-BFF7-AE615179BCCF}
 to the user LAPTOP-IIC1GP5C\MADHUMITA SID (S-1-5-21-1776895936-2929945024-2387409390-1001) from address LocalHost (Using LRPC) running in the application container Unavailable SID (S-1-15-2-3641009339-3762405881-2336667569-2506484097-1203212773-1925050593-1430556027). This security permission can be modified using the Component Services administrative tool."
Warning,08-07-2026 14:58:56,Microsoft-Windows-DistributedCOM,10016,None,"The application-specific permission settings do not grant Local Activation permission for the COM Server application with CLSID 
{C4E82530-3B6E-4F6A-8E99-07426B47D292}
 and APPID 
{F9717507-6651-4EDB-BFF7-AE615179BCCF}
 to the user LAPTOP-IIC1GP5C\MADHUMITA SID (S-1-5-21-1776895936-2929945024-2387409390-1001) from address LocalHost (Using LRPC) running in the application container Unavailable SID (S-1-15-2-3641009339-3762405881-2336667569-2506484097-1203212773-1925050593-1430556027). This security permission can be modified using the Component Services administrative tool."
Warning,08-07-2026 14:58:56,Microsoft-Windows-DistributedCOM,10016,None,"The application-specific permission settings do not grant Local Activation permission for the COM Server application with CLSID 
{C4E82530-3B6E-4F6A-8E99-07426B47D292}
 and APPID 
{F9717507-6651-4EDB-BFF7-AE615179BCCF}
 to the user LAPTOP-IIC1GP5C\MADHUMITA SID (S-1-5-21-1776895936-2929945024-2387409390-1001) from address LocalHost (Using LRPC) running in the application container Unavailable SID (S-1-15-2-3641009339-3762405881-2336667569-2506484097-1203212773-1925050593-1430556027). This security permission can be modified using the Component Services administrative tool."
Warning,08-07-2026 14:58:56,Microsoft-Windows-DistributedCOM,10016,None,"The application-specific permission settings do not grant Local Activation permission for the COM Server application with CLSID 
{00000000-0000-0000-0000-000000000000}
 and APPID 
{8BC3F05E-D86B-11D0-A075-00C04FB68820}
 to the user LAPTOP-IIC1GP5C\MADHUMITA SID (S-1-5-21-1776895936-2929945024-2387409390-1001) from address LocalHost (Using LRPC) running in the application container Unavailable SID (S-1-15-2-3641009339-3762405881-2336667569-2506484097-1203212773-1925050593-1430556027). This security permission can be modified using the Component Services administrative tool."
Warning,08-07-2026 14:58:56,Microsoft-Windows-DistributedCOM,10016,None,"The application-specific permission settings do not grant Local Activation permission for the COM Server application with CLSID 
{C4E82530-3B6E-4F6A-8E99-07426B47D292}
 and APPID 
{F9717507-6651-4EDB-BFF7-AE615179BCCF}
 to the user LAPTOP-IIC1GP5C\MADHUMITA SID (S-1-5-21-1776895936-2929945024-2387409390-1001) from address LocalHost (Using LRPC) running in the application container Unavailable SID (S-1-15-2-3641009339-3762405881-2336667569-2506484097-1203212773-1925050593-1430556027). This security permission can be modified using the Component Services administrative tool."
Warning,08-07-2026 14:58:07,Microsoft-Windows-DistributedCOM,10016,None,"The application-specific permission settings do not grant Local Activation permission for the COM Server application with CLSID 
{00000000-0000-0000-0000-000000000000}
 and APPID 
{15C20B67-12E7-4BB6-92BB-7AFF07997402}
 to the user LAPTOP-IIC1GP5C\MADHUMITA SID (S-1-5-21-1776895936-2929945024-2387409390-1001) from address LocalHost (Using LRPC) running in the application container 5319275A.WhatsAppDesktop_2.2625.101.0_x64__cv1g1gvanyjgm SID (Unavailable). This security permission can be modified using the Component Services administrative tool."
Error,08-07-2026 14:56:04,Universal Print,1,None,"Failure response trying to get MPS Discovery Endpoint from MS Graph. HttpStatus=12030, TraceId: "
Error,08-07-2026 14:53:50,Microsoft-Windows-DistributedCOM,10010,None,The server {00000000-0000-0000-0000-000000000000} did not register with DCOM within the required timeout.
Error,08-07-2026 14:52:44,Microsoft-Windows-Kernel-EventTracing,2,Session,"Session ""Cloud Files Diagnostic Event Listener"" failed to start with the following error: 0xC0000022"
Error,08-07-2026 14:52:30,Microsoft-Windows-TPM-WMI,1796,None,"The Secure Boot update failed to update SBAT with error Unknown HResult Error code: 0x800700c1. For more information, please see https://go.microsoft.com/fwlink/?linkid=2169931"
Warning,08-07-2026 14:52:23,Microsoft-Windows-User Device Registration,360,None,"Windows Hello for Business provisioning will not be launched. 
Device is Microsoft Entra joined (or hybrid joined): Not Tested 
User has logged on with Microsoft Entra credentials: No 
Windows Hello for Business policy is enabled: Not Tested 
Windows Hello for Business post-logon provisioning is enabled: Not Tested 
Local computer meets Windows hello for business hardware requirements: Not Tested 
User is not connected to the machine via Remote Desktop: Yes 
User certificate for on premise auth policy is enabled: Not Tested 
Machine is governed by none policy. 
Cloud trust for on premise auth policy is enabled: Not Tested 
User account has Cloud to OnPrem TGT: Not Tested 
See https://go.microsoft.com/fwlink/?linkid=832647 for more details."
Warning,08-07-2026 14:52:21,Microsoft-Windows-DistributedCOM,10016,None,"The application-specific permission settings do not grant Local Activation permission for the COM Server application with CLSID 
{00000000-0000-0000-0000-000000000000}
 and APPID 
{4839DDB7-58C2-48F5-8283-E1D1807D0D7D}
 to the user NT AUTHORITY\LOCAL SERVICE SID (S-1-5-19) from address LocalHost (Using LRPC) running in the application container Unavailable SID (Unavailable). This security permission can be modified using the Component Services administrative tool."
Warning,08-07-2026 14:52:21,Microsoft-Windows-DistributedCOM,10016,None,"The application-specific permission settings do not grant Local Activation permission for the COM Server application with CLSID 
{00000000-0000-0000-0000-000000000000}
 and APPID 
{4839DDB7-58C2-48F5-8283-E1D1807D0D7D}
 to the user NT AUTHORITY\LOCAL SERVICE SID (S-1-5-19) from address LocalHost (Using LRPC) running in the application container Unavailable SID (Unavailable). This security permission can be modified using the Component Services administrative tool."
Warning,08-07-2026 14:52:21,Microsoft-Windows-DistributedCOM,10016,None,"The application-specific permission settings do not grant Local Activation permission for the COM Server application with CLSID 
{00000000-0000-0000-0000-000000000000}
 and APPID 
{4839DDB7-58C2-48F5-8283-E1D1807D0D7D}
 to the user NT AUTHORITY\LOCAL SERVICE SID (S-1-5-19) from address LocalHost (Using LRPC) running in the application container Unavailable SID (Unavailable). This security permission can be modified using the Component Services administrative tool."
Warning,08-07-2026 14:52:21,Microsoft-Windows-DistributedCOM,10016,None,"The application-specific permission settings do not grant Local Activation permission for the COM Server application with CLSID 
{00000000-0000-0000-0000-000000000000}
 and APPID 
{4839DDB7-58C2-48F5-8283-E1D1807D0D7D}
 to the user NT AUTHORITY\LOCAL SERVICE SID (S-1-5-19) from address LocalHost (Using LRPC) running in the application container Unavailable SID (Unavailable). This security permission can be modified using the Component Services administrative tool."
Error,08-07-2026 14:52:20,Microsoft-Windows-NDIS,10317,PnP,"Miniport Microsoft Wi-Fi Direct Virtual Adapter #2, {3c5497bf-cbed-4053-939e-936ea329ee06}, had event Fatal error: The miniport has failed a power transition to operational power"
Warning,08-07-2026 14:52:19,Microsoft-Windows-Dhcp-Client,1003,Address Configuration State Event,Your computer was not able to renew its address from the network (from the DHCP Server) for the Network Card with network address 0xCC474054A496.  The following error occurred: 0x79. Your computer will continue to try and obtain an address on its own from the network address (DHCP) server.
Error,08-07-2026 00:06:34,Microsoft-Windows-Kernel-EventTracing,3,Session,"Session ""PerfDiag Logger"" stopped due to the following error: 0xC0000188"
Warning,08-07-2026 00:06:34,Microsoft-Windows-Kernel-EventTracing,4,Logging,"The maximum file size for session ""PerfDiag Logger"" has been reached. As a result, events might be lost (not logged) to file ""C:\WINDOWS\system32\WDI\LogFiles\ShutdownPerfDiagLogger.etl"". The maximum files size is currently set to 20971520 bytes."
Error,08-07-2026 00:05:46,Microsoft-Windows-DistributedCOM,10010,None,The server {00000000-0000-0000-0000-000000000000} did not register with DCOM within the required timeout.
Error,08-07-2026 00:04:37,Microsoft-Windows-Kernel-EventTracing,2,Session,"Session ""Cloud Files Diagnostic Event Listener"" failed to start with the following error: 0xC0000022"
Warning,08-07-2026 00:04:16,Microsoft-Windows-User Device Registration,360,None,"Windows Hello for Business provisioning will not be launched. 
Device is Microsoft Entra joined (or hybrid joined): Not Tested 
User has logged on with Microsoft Entra credentials: No 
Windows Hello for Business policy is enabled: Not Tested 
Windows Hello for Business post-logon provisioning is enabled: Not Tested 
Local computer meets Windows hello for business hardware requirements: Not Tested 
User is not connected to the machine via Remote Desktop: Yes 
User certificate for on premise auth policy is enabled: Not Tested 
Machine is governed by none policy. 
Cloud trust for on premise auth policy is enabled: Not Tested 
User account has Cloud to OnPrem TGT: Not Tested 
See https://go.microsoft.com/fwlink/?linkid=832647 for more details."
Warning,08-07-2026 00:04:13,Microsoft-Windows-DistributedCOM,10016,None,"The application-specific permission settings do not grant Local Activation permission for the COM Server application with CLSID 
{00000000-0000-0000-0000-000000000000}
 and APPID 
{4839DDB7-58C2-48F5-8283-E1D1807D0D7D}
 to the user NT AUTHORITY\LOCAL SERVICE SID (S-1-5-19) from address LocalHost (Using LRPC) running in the application container Unavailable SID (Unavailable). This security permission can be modified using the Component Services administrative tool."
Warning,08-07-2026 00:04:13,Microsoft-Windows-DistributedCOM,10016,None,"The application-specific permission settings do not grant Local Activation permission for the COM Server application with CLSID 
{00000000-0000-0000-0000-000000000000}
 and APPID 
{4839DDB7-58C2-48F5-8283-E1D1807D0D7D}
 to the user NT AUTHORITY\LOCAL SERVICE SID (S-1-5-19) from address LocalHost (Using LRPC) running in the application container Unavailable SID (Unavailable). This security permission can be modified using the Component Services administrative tool."
Warning,08-07-2026 00:04:13,Microsoft-Windows-DistributedCOM,10016,None,"The application-specific permission settings do not grant Local Activation permission for the COM Server application with CLSID 
{00000000-0000-0000-0000-000000000000}
 and APPID 
{4839DDB7-58C2-48F5-8283-E1D1807D0D7D}
 to the user NT AUTHORITY\LOCAL SERVICE SID (S-1-5-19) from address LocalHost (Using LRPC) running in the application container Unavailable SID (Unavailable). This security permission can be modified using the Component Services administrative tool."
Warning,08-07-2026 00:04:13,Microsoft-Windows-DistributedCOM,10016,None,"The application-specific permission settings do not grant Local Activation permission for the COM Server application with CLSID 
{00000000-0000-0000-0000-000000000000}
 and APPID 
{4839DDB7-58C2-48F5-8283-E1D1807D0D7D}
 to the user NT AUTHORITY\LOCAL SERVICE SID (S-1-5-19) from address LocalHost (Using LRPC) running in the application container Unavailable SID (Unavailable). This security permission can be modified using the Component Services administrative tool."
Error,08-07-2026 00:04:11,Microsoft-Windows-NDIS,10317,PnP,"Miniport Microsoft Wi-Fi Direct Virtual Adapter #2, {3c5497bf-cbed-4053-939e-936ea329ee06}, had event Fatal error: The miniport has failed a power transition to operational power"
Warning,07-07-2026 23:51:46,Microsoft-Windows-DistributedCOM,10016,None,"The application-specific permission settings do not grant Local Activation permission for the COM Server application with CLSID 
{00000000-0000-0000-0000-000000000000}
 and APPID 
{15C20B67-12E7-4BB6-92BB-7AFF07997402}
 to the user LAPTOP-IIC1GP5C\MADHUMITA SID (S-1-5-21-1776895936-2929945024-2387409390-1001) from address LocalHost (Using LRPC) running in the application container Unavailable SID (Unavailable). This security permission can be modified using the Component Services administrative tool."
Warning,07-07-2026 23:20:52,Microsoft-Windows-DistributedCOM,10016,None,"The application-specific permission settings do not grant Local Activation permission for the COM Server application with CLSID 
{2593F8B9-4EAF-457C-B68A-50F6B8EA6B54}
 and APPID 
{15C20B67-12E7-4BB6-92BB-7AFF07997402}
 to the user LAPTOP-IIC1GP5C\MADHUMITA SID (S-1-5-21-1776895936-2929945024-2387409390-1001) from address LocalHost (Using LRPC) running in the application container Clipchamp.Clipchamp_4.5.10720.0_x64__yxz26nhyzhsrt SID (Unavailable). This security permission can be modified using the Component Services administrative tool."
Warning,07-07-2026 23:20:18,Microsoft-Windows-DistributedCOM,10016,None,"The application-specific permission settings do not grant Local Activation permission for the COM Server application with CLSID 
{2593F8B9-4EAF-457C-B68A-50F6B8EA6B54}
 and APPID 
{15C20B67-12E7-4BB6-92BB-7AFF07997402}
 to the user LAPTOP-IIC1GP5C\MADHUMITA SID (S-1-5-21-1776895936-2929945024-2387409390-1001) from address LocalHost (Using LRPC) running in the application container Clipchamp.Clipchamp_4.5.10720.0_x64__yxz26nhyzhsrt SID (Unavailable). This security permission can be modified using the Component Services administrative tool."
Error,07-07-2026 23:20:14,.NET Runtime,1022,None,.NET Runtime version 4.0.30319.0 - There was a failure initializing profiling API attach infrastructure.  This process will not allow a profiler to attach.  HRESULT: 0x80004005.  Process ID (decimal): 22284.  Message ID: [0x2509].
Warning,07-07-2026 23:15:03,Microsoft-Windows-DistributedCOM,10016,None,"The application-specific permission settings do not grant Local Activation permission for the COM Server application with CLSID 
{2593F8B9-4EAF-457C-B68A-50F6B8EA6B54}
 and APPID 
{15C20B67-12E7-4BB6-92BB-7AFF07997402}
 to the user LAPTOP-IIC1GP5C\MADHUMITA SID (S-1-5-21-1776895936-2929945024-2387409390-1001) from address LocalHost (Using LRPC) running in the application container Clipchamp.Clipchamp_4.5.10720.0_x64__yxz26nhyzhsrt SID (Unavailable). This security permission can be modified using the Component Services administrative tool."
Warning,07-07-2026 22:48:06,Microsoft-Windows-DNS-Client,1014,(1014),Name resolution for the name brunhild.challenges.cloudflare.com timed out after none of the configured DNS servers responded. Client PID 4420.
Warning,07-07-2026 22:42:03,Microsoft-Windows-DistributedCOM,10016,None,"The application-specific permission settings do not grant Local Activation permission for the COM Server application with CLSID 
{2593F8B9-4EAF-457C-B68A-50F6B8EA6B54}
 and APPID 
{15C20B67-12E7-4BB6-92BB-7AFF07997402}
 to the user LAPTOP-IIC1GP5C\MADHUMITA SID (S-1-5-21-1776895936-2929945024-2387409390-1001) from address LocalHost (Using LRPC) running in the application container Unavailable SID (Unavailable). This security permission can be modified using the Component Services administrative tool."
Error,07-07-2026 22:37:04,.NET Runtime,1022,None,.NET Runtime version 4.0.30319.0 - There was a failure initializing profiling API attach infrastructure.  This process will not allow a profiler to attach.  HRESULT: 0x80004005.  Process ID (decimal): 18604.  Message ID: [0x2509].
Error,07-07-2026 22:25:23,Microsoft-Windows-TPM-WMI,1796,None,"The Secure Boot update failed to update SBAT with error Unknown HResult Error code: 0x800700c1. For more information, please see https://go.microsoft.com/fwlink/?linkid=2169931"
Warning,07-07-2026 22:25:16,Win32k,701,None,Power Manager has not requested suppression of all input (INPUT_SUPPRESS_REQUEST=0)
Warning,07-07-2026 22:25:16,Win32k,701,None,Power Manager has not requested suppression of all input (INPUT_SUPPRESS_REQUEST=0)
Error,07-07-2026 22:25:16,Service Control Manager,7011,None,A timeout (30000 milliseconds) was reached while waiting for a transaction response from the WSearch service.
Warning,07-07-2026 16:44:16,Win32k,700,None,Power Manager has requested suppression of all input (INPUT_SUPPRESS_REQUEST=1)
Warning,07-07-2026 16:44:16,Win32k,700,None,Power Manager has requested suppression of all input (INPUT_SUPPRESS_REQUEST=1)
Warning,07-07-2026 15:47:18,Microsoft-Windows-System-Restore,8303,None,Scoping unsuccessful for shadowcopy \\?\GLOBALROOT\Device\HarddiskVolumeShadowCopy5 with error 0x80070057.
Error,07-07-2026 15:46:26,Microsoft-Windows-DistributedCOM,10010,None,The server {00000000-0000-0000-0000-000000000000} did not register with DCOM within the required timeout.
Error,07-07-2026 15:45:53,Microsoft-Windows-AppReadiness,214,(1),'5319275A.WhatsAppDesktop_cv1g1gvanyjgm' install failed for S-1-5-21-1776895936-2929945024-2387409390-1001. Error: 'The package could not be installed because resources it modifies are currently in use.' (0.36076 seconds)
Error,07-07-2026 15:45:53,Microsoft-Windows-AppReadiness,10,(6),The Appx operation 'RegisterPackageAsync' on '5319275A.WhatsAppDesktop_2.2625.101.0_neutral_~_cv1g1gvanyjgm' failed for user 'S-1-5-21-1776895936-2929945024-2387409390-1001' - error 0x80073D02: Unable to install because the following apps need to be closed 5319275A.WhatsAppDesktop_2.2623.103.0_x64__cv1g1gvanyjgm.. (Error: The package could not be installed because resources it modifies are currently in use.)
Error,07-07-2026 15:29:08,Microsoft-Windows-WindowsUpdateClient,20,Windows Update Agent,Installation Failure: Windows failed to install the following update with error 0x80073D02: 9NKSQGP7F2NH-5319275A.WhatsAppDesktop.
Warning,07-07-2026 15:25:24,Microsoft-Windows-DistributedCOM,10016,None,"The application-specific permission settings do not grant Local Activation permission for the COM Server application with CLSID 
{00000000-0000-0000-0000-000000000000}
 and APPID 
{15C20B67-12E7-4BB6-92BB-7AFF07997402}
 to the user LAPTOP-IIC1GP5C\MADHUMITA SID (S-1-5-21-1776895936-2929945024-2387409390-1001) from address LocalHost (Using LRPC) running in the application container MSTeams_26149.1205.4798.6437_x64__8wekyb3d8bbwe SID (Unavailable). This security permission can be modified using the Component Services administrative tool."
Warning,07-07-2026 15:01:26,Microsoft-Windows-DistributedCOM,10016,None,"The application-specific permission settings do not grant Local Activation permission for the COM Server application with CLSID 
{00000000-0000-0000-0000-000000000000}
 and APPID 
{15C20B67-12E7-4BB6-92BB-7AFF07997402}
 to the user LAPTOP-IIC1GP5C\MADHUMITA SID (S-1-5-21-1776895936-2929945024-2387409390-1001) from address LocalHost (Using LRPC) running in the application container 5319275A.WhatsAppDesktop_2.2623.103.0_x64__cv1g1gvanyjgm SID (Unavailable). This security permission can be modified using the Component Services administrative tool."
Error,07-07-2026 14:56:39,Microsoft-Windows-Kernel-EventTracing,3,Session,"Session ""PerfDiag Logger"" stopped due to the following error: 0xC0000188"
Warning,07-07-2026 14:56:39,Microsoft-Windows-Kernel-EventTracing,4,Logging,"The maximum file size for session ""PerfDiag Logger"" has been reached. As a result, events might be lost (not logged) to file ""C:\WINDOWS\system32\WDI\LogFiles\ShutdownPerfDiagLogger.etl"". The maximum files size is currently set to 20971520 bytes."
Error,07-07-2026 14:55:29,Microsoft-Windows-DistributedCOM,10010,None,The server {00000000-0000-0000-0000-000000000000} did not register with DCOM within the required timeout.
Warning,07-07-2026 14:55:05,Microsoft-Windows-DistributedCOM,10016,None,"The application-specific permission settings do not grant Local Activation permission for the COM Server application with CLSID 
{00000000-0000-0000-0000-000000000000}
 and APPID 
{15C20B67-12E7-4BB6-92BB-7AFF07997402}
 to the user LAPTOP-IIC1GP5C\MADHUMITA SID (S-1-5-21-1776895936-2929945024-2387409390-1001) from address LocalHost (Using LRPC) running in the application container 5319275A.WhatsAppDesktop_2.2623.103.0_x64__cv1g1gvanyjgm SID (Unavailable). This security permission can be modified using the Component Services administrative tool."
Error,07-07-2026 14:54:49,Microsoft-Windows-Kernel-EventTracing,2,Session,"Session ""Cloud Files Diagnostic Event Listener"" failed to start with the following error: 0xC0000022"
Warning,07-07-2026 14:54:41,Microsoft-Windows-DistributedCOM,10016,None,"The application-specific permission settings do not grant Local Activation permission for the COM Server application with CLSID 
{00000000-0000-0000-0000-000000000000}
 and APPID 
{15C20B67-12E7-4BB6-92BB-7AFF07997402}
 to the user LAPTOP-IIC1GP5C\MADHUMITA SID (S-1-5-21-1776895936-2929945024-2387409390-1001) from address LocalHost (Using LRPC) running in the application container SpotifyAB.SpotifyMusic_1.293.667.0_x64__zpdnekdrzrea0 SID (Unavailable). This security permission can be modified using the Component Services administrative tool."
Error,07-07-2026 14:53:56,Microsoft-Windows-Kernel-EventTracing,2,Session,"Session ""Cloud Files Diagnostic Event Listener"" failed to start with the following error: 0xC0000022"
