Error,02-06-2026 15:03:05,Universal Print,1,None,"Error requesting OAuth token. hr: 0xcaa70004, WebTokenRequestStatus: 5, Error: The server or proxy was not found."
Error,02-06-2026 15:03:00,Universal Print,1,None,Failed to get auth header with 0xcaa70004
Error,02-06-2026 15:03:00,Universal Print,1,None,"Error requesting OAuth token. hr: 0xcaa70004, WebTokenRequestStatus: 5, Error: The server or proxy was not found."
Error,02-06-2026 15:02:58,Universal Print,1,None,Failed to get auth header with 0xcaa70004
Error,02-06-2026 15:02:58,Universal Print,1,None,"Error requesting OAuth token. hr: 0xcaa70004, WebTokenRequestStatus: 5, Error: The server or proxy was not found."
Error,02-06-2026 15:02:56,Universal Print,1,None,Failed to get auth header with 0xcaa70004
Error,02-06-2026 15:02:56,Universal Print,1,None,"Error requesting OAuth token. hr: 0xcaa70004, WebTokenRequestStatus: 5, Error: The server or proxy was not found."
Warning,02-06-2026 15:02:37,Microsoft-Windows-Time-Service,134,None,"NtpClient was unable to set a manual peer to use as a time source because of DNS resolution error on 'time.windows.com,0x9'. NtpClient will try again in 15 minutes and double the reattempt interval thereafter. The error was: No such host is known. (0x80072AF9)"
Error,02-06-2026 11:29:12,Microsoft-Windows-TPM-WMI,1796,None,"The Secure Boot update failed to update SBAT with error Unknown HResult Error code: 0x800700c1. For more information, please see https://go.microsoft.com/fwlink/?linkid=2169931"
Warning,02-06-2026 11:29:06,Microsoft-Windows-Time-Service,134,None,"NtpClient was unable to set a manual peer to use as a time source because of DNS resolution error on 'time.windows.com,0x9'. NtpClient will try again in 15 minutes and double the reattempt interval thereafter. The error was: No such host is known. (0x80072AF9)"
Warning,02-06-2026 10:34:41,Microsoft UET SDK,0,None,The operation completed successfully. 
Warning,02-06-2026 10:34:40,Microsoft-Windows-Time-Service,134,None,"NtpClient was unable to set a manual peer to use as a time source because of DNS resolution error on 'time.windows.com,0x9'. NtpClient will try again in 15 minutes and double the reattempt interval thereafter. The error was: No such host is known. (0x80072AF9)"
Warning,02-06-2026 10:34:38,Microsoft-Windows-Time-Service,134,None,"NtpClient was unable to set a manual peer to use as a time source because of DNS resolution error on 'time.windows.com,0x9'. NtpClient will try again in 15 minutes and double the reattempt interval thereafter. The error was: No such host is known. (0x80072AF9)"
Warning,02-06-2026 10:34:32,Microsoft-Windows-DistributedCOM,10016,None,"The application-specific permission settings do not grant Local Activation permission for the COM Server application with CLSID 
{9EA82395-E31B-41CA-8DF7-EC1CEE7194DF}
 and APPID 
{2ED83BAA-B2FD-43B1-99BF-E6149C622692}
 to the user NT AUTHORITY\NETWORK SERVICE SID (S-1-5-20) from address LocalHost (Using LRPC) running in the application container Unavailable SID (Unavailable). This security permission can be modified using the Component Services administrative tool."
Warning,02-06-2026 10:34:15,Microsoft-Windows-DistributedCOM,10016,None,"The application-specific permission settings do not grant Local Launch permission for the COM Server application with CLSID 
Windows.SecurityCenter.WscBrokerManager
 and APPID 
Unavailable
 to the user NT AUTHORITY\SYSTEM SID (S-1-5-18) from address LocalHost (Using LRPC) running in the application container Unavailable SID (Unavailable). This security permission can be modified using the Component Services administrative tool."
Warning,02-06-2026 10:34:15,Microsoft-Windows-DistributedCOM,10016,None,"The application-specific permission settings do not grant Local Launch permission for the COM Server application with CLSID 
Windows.SecurityCenter.SecurityAppBroker
 and APPID 
Unavailable
 to the user NT AUTHORITY\SYSTEM SID (S-1-5-18) from address LocalHost (Using LRPC) running in the application container Unavailable SID (Unavailable). This security permission can be modified using the Component Services administrative tool."
Warning,02-06-2026 10:34:15,Microsoft-Windows-DistributedCOM,10016,None,"The application-specific permission settings do not grant Local Launch permission for the COM Server application with CLSID 
Windows.SecurityCenter.WscDataProtection
 and APPID 
Unavailable
 to the user NT AUTHORITY\SYSTEM SID (S-1-5-18) from address LocalHost (Using LRPC) running in the application container Unavailable SID (Unavailable). This security permission can be modified using the Component Services administrative tool."
Error,02-06-2026 10:33:04,Windows App Runtime,22,None,Package dependency criteria could not be resolved. 
Error,02-06-2026 10:32:40,Microsoft-Windows-Kernel-EventTracing,3,Session,"Session ""ReadyBoot"" stopped due to the following error: 0xC0000188"
Warning,02-06-2026 10:32:40,Microsoft-Windows-Kernel-EventTracing,4,Logging,"The maximum file size for session ""ReadyBoot"" has been reached. As a result, events might be lost (not logged) to file ""C:\WINDOWS\Prefetch\ReadyBoot\ReadyBoot.etl"". The maximum files size is currently set to 20971520 bytes."
Warning,02-06-2026 10:32:35,Microsoft-Windows-User Device Registration,360,None,"Windows Hello for Business provisioning will not be launched. 
Device is Microsoft Entra joined (or hybrid joined): Not Tested 
User has logged on with Microsoft Entra credentials: No 
Windows Hello for Business policy is enabled: Not Tested 
Windows Hello for Business post-logon provisioning is enabled: Not Tested 
Local computer meets Windows hello for business hardware requirements: Not Tested 
User is not connected to the machine via Remote Desktop: Yes 
User certificate for on premise auth policy is enabled: Not Tested 
Machine is governed by none policy. 
Cloud trust for on premise auth policy is enabled: Not Tested 
User account has Cloud to OnPrem TGT: Not Tested 
See https://go.microsoft.com/fwlink/?linkid=832647 for more details."
Warning,02-06-2026 10:32:33,Microsoft-Windows-DistributedCOM,10016,None,"The application-specific permission settings do not grant Local Activation permission for the COM Server application with CLSID 
{6B3B8D23-FA8D-40B9-8DBD-B950333E2C52}
 and APPID 
{4839DDB7-58C2-48F5-8283-E1D1807D0D7D}
 to the user NT AUTHORITY\LOCAL SERVICE SID (S-1-5-19) from address LocalHost (Using LRPC) running in the application container Unavailable SID (Unavailable). This security permission can be modified using the Component Services administrative tool."
Warning,02-06-2026 10:32:33,Microsoft-Windows-DistributedCOM,10016,None,"The application-specific permission settings do not grant Local Activation permission for the COM Server application with CLSID 
{6B3B8D23-FA8D-40B9-8DBD-B950333E2C52}
 and APPID 
{4839DDB7-58C2-48F5-8283-E1D1807D0D7D}
 to the user NT AUTHORITY\LOCAL SERVICE SID (S-1-5-19) from address LocalHost (Using LRPC) running in the application container Unavailable SID (Unavailable). This security permission can be modified using the Component Services administrative tool."
Error,02-06-2026 10:32:24,Microsoft-Windows-WER-SystemErrorReporting,1001,None,"The computer has rebooted from a bugcheck.  The bugcheck was: 0x0000009f (0x0000000000000004, 0x0000000000000258, 0xffffa50651323380, 0xffffb90adafc28e0). A dump was saved in: C:\WINDOWS\Minidump\060226-9453-01.dmp. Report Id: 7153443a-eb9d-4bef-8118-22844fba939d."
Critical,02-06-2026 10:32:17,Microsoft-Windows-Kernel-Power,41,(63),"The system has rebooted without cleanly shutting down first. This error could be caused if the system stopped responding, crashed, or lost power unexpectedly."
Error,02-06-2026 10:32:17,volmgr,162,None,Dump file generation succeded.
Error,02-06-2026 10:32:25,EventLog,6008,None,The previous system shutdown at 10:28:45 AM on ‎6/‎2/‎2026 was unexpected.
Error,02-06-2026 10:31:16,Bonjour Service,100,None,Task Scheduling Error: m->NextScheduledSPRetry 552985
Error,02-06-2026 10:31:16,Bonjour Service,100,None,Task Scheduling Error: m->NextScheduledEvent 552985
Error,02-06-2026 10:31:16,Bonjour Service,100,None,Task Scheduling Error: Continuously busy for more than a second
Error,02-06-2026 10:30:59,Bonjour Service,100,None,Task Scheduling Error: m->NextScheduledSPRetry 536688
Error,02-06-2026 10:30:59,Bonjour Service,100,None,Task Scheduling Error: m->NextScheduledEvent 536688
Error,02-06-2026 10:30:59,Bonjour Service,100,None,Task Scheduling Error: Continuously busy for more than a second
Error,02-06-2026 10:30:43,Bonjour Service,100,None,Task Scheduling Error: m->NextScheduledSPRetry 520516
Error,02-06-2026 10:30:43,Bonjour Service,100,None,Task Scheduling Error: m->NextScheduledEvent 520516
Error,02-06-2026 10:30:43,Bonjour Service,100,None,Task Scheduling Error: Continuously busy for more than a second
Error,02-06-2026 10:30:27,Bonjour Service,100,None,Task Scheduling Error: m->NextScheduledSPRetry 504219
Error,02-06-2026 10:30:27,Bonjour Service,100,None,Task Scheduling Error: m->NextScheduledEvent 504219
Error,02-06-2026 10:30:27,Bonjour Service,100,None,Task Scheduling Error: Continuously busy for more than a second
Error,02-06-2026 10:30:11,Bonjour Service,100,None,Task Scheduling Error: m->NextScheduledSPRetry 487907
Error,02-06-2026 10:30:11,Bonjour Service,100,None,Task Scheduling Error: m->NextScheduledEvent 487907
Error,02-06-2026 10:30:11,Bonjour Service,100,None,Task Scheduling Error: Continuously busy for more than a second
Error,02-06-2026 10:29:54,Bonjour Service,100,None,Task Scheduling Error: m->NextScheduledSPRetry 471594
Error,02-06-2026 10:29:54,Bonjour Service,100,None,Task Scheduling Error: m->NextScheduledEvent 471594
Error,02-06-2026 10:29:54,Bonjour Service,100,None,Task Scheduling Error: Continuously busy for more than a second
Error,02-06-2026 10:29:38,Bonjour Service,100,None,Task Scheduling Error: m->NextScheduledSPRetry 455438
Error,02-06-2026 10:29:38,Bonjour Service,100,None,Task Scheduling Error: m->NextScheduledEvent 455438
Error,02-06-2026 10:29:38,Bonjour Service,100,None,Task Scheduling Error: Continuously busy for more than a second
Error,02-06-2026 10:29:22,Bonjour Service,100,None,Task Scheduling Error: m->NextScheduledSPRetry 439125
Error,02-06-2026 10:29:22,Bonjour Service,100,None,Task Scheduling Error: m->NextScheduledEvent 439125
Error,02-06-2026 10:29:22,Bonjour Service,100,None,Task Scheduling Error: Continuously busy for more than a second
Error,02-06-2026 10:29:05,Bonjour Service,100,None,Task Scheduling Error: m->NextScheduledSPRetry 422813
Error,02-06-2026 10:29:05,Bonjour Service,100,None,Task Scheduling Error: m->NextScheduledEvent 422813
Error,02-06-2026 10:29:05,Bonjour Service,100,None,Task Scheduling Error: Continuously busy for more than a second
Error,02-06-2026 10:28:49,Bonjour Service,100,None,Task Scheduling Error: m->NextScheduledSPRetry 406516
Error,02-06-2026 10:28:49,Bonjour Service,100,None,Task Scheduling Error: m->NextScheduledEvent 406516
Error,02-06-2026 10:28:49,Bonjour Service,100,None,Task Scheduling Error: Continuously busy for more than a second
Error,02-06-2026 10:28:33,Bonjour Service,100,None,Task Scheduling Error: m->NextScheduledSPRetry 390375
Error,02-06-2026 10:28:33,Bonjour Service,100,None,Task Scheduling Error: m->NextScheduledEvent 390375
Error,02-06-2026 10:28:33,Bonjour Service,100,None,Task Scheduling Error: Continuously busy for more than a second
Error,02-06-2026 10:28:17,Bonjour Service,100,None,Task Scheduling Error: m->NextScheduledSPRetry 374047
Error,02-06-2026 10:28:17,Bonjour Service,100,None,Task Scheduling Error: m->NextScheduledEvent 374047
Error,02-06-2026 10:28:17,Bonjour Service,100,None,Task Scheduling Error: Continuously busy for more than a second
Error,02-06-2026 10:28:00,Bonjour Service,100,None,Task Scheduling Error: m->NextScheduledSPRetry 357750
Error,02-06-2026 10:28:00,Bonjour Service,100,None,Task Scheduling Error: m->NextScheduledEvent 357750
Error,02-06-2026 10:28:00,Bonjour Service,100,None,Task Scheduling Error: Continuously busy for more than a second
Error,02-06-2026 10:27:44,Bonjour Service,100,None,Task Scheduling Error: m->NextScheduledSPRetry 341438
Error,02-06-2026 10:27:44,Bonjour Service,100,None,Task Scheduling Error: m->NextScheduledEvent 341438
Error,02-06-2026 10:27:44,Bonjour Service,100,None,Task Scheduling Error: Continuously busy for more than a second
Error,02-06-2026 10:27:28,Bonjour Service,100,None,Task Scheduling Error: m->NextScheduledSPRetry 325266
Error,02-06-2026 10:27:28,Bonjour Service,100,None,Task Scheduling Error: m->NextScheduledEvent 325266
Error,02-06-2026 10:27:28,Bonjour Service,100,None,Task Scheduling Error: Continuously busy for more than a second
Error,02-06-2026 10:27:12,Bonjour Service,100,None,Task Scheduling Error: m->NextScheduledSPRetry 308969
Error,02-06-2026 10:27:12,Bonjour Service,100,None,Task Scheduling Error: m->NextScheduledEvent 308969
Error,02-06-2026 10:27:12,Bonjour Service,100,None,Task Scheduling Error: Continuously busy for more than a second
Error,02-06-2026 10:26:55,Bonjour Service,100,None,Task Scheduling Error: m->NextScheduledSPRetry 292672
Error,02-06-2026 10:26:55,Bonjour Service,100,None,Task Scheduling Error: m->NextScheduledEvent 292672
Error,02-06-2026 10:26:55,Bonjour Service,100,None,Task Scheduling Error: Continuously busy for more than a second
Error,02-06-2026 10:26:39,Bonjour Service,100,None,Task Scheduling Error: m->NextScheduledSPRetry 276375
Error,02-06-2026 10:26:39,Bonjour Service,100,None,Task Scheduling Error: m->NextScheduledEvent 276375
Error,02-06-2026 10:26:39,Bonjour Service,100,None,Task Scheduling Error: Continuously busy for more than a second
Error,02-06-2026 10:26:23,Bonjour Service,100,None,Task Scheduling Error: m->NextScheduledSPRetry 260188
Error,02-06-2026 10:26:23,Bonjour Service,100,None,Task Scheduling Error: m->NextScheduledEvent 260188
Error,02-06-2026 10:26:23,Bonjour Service,100,None,Task Scheduling Error: Continuously busy for more than a second
Error,02-06-2026 10:26:07,Bonjour Service,100,None,Task Scheduling Error: m->NextScheduledSPRetry 243875
Error,02-06-2026 10:26:07,Bonjour Service,100,None,Task Scheduling Error: m->NextScheduledEvent 243875
Error,02-06-2026 10:26:07,Bonjour Service,100,None,Task Scheduling Error: Continuously busy for more than a second
Error,02-06-2026 10:25:50,Bonjour Service,100,None,Task Scheduling Error: m->NextScheduledSPRetry 227578
Error,02-06-2026 10:25:50,Bonjour Service,100,None,Task Scheduling Error: m->NextScheduledEvent 227578
Error,02-06-2026 10:25:50,Bonjour Service,100,None,Task Scheduling Error: Continuously busy for more than a second
Error,02-06-2026 10:25:34,Bonjour Service,100,None,Task Scheduling Error: m->NextScheduledSPRetry 211266
Error,02-06-2026 10:25:34,Bonjour Service,100,None,Task Scheduling Error: m->NextScheduledEvent 211266
Error,02-06-2026 10:25:34,Bonjour Service,100,None,Task Scheduling Error: Continuously busy for more than a second
Error,02-06-2026 10:25:18,Bonjour Service,100,None,Task Scheduling Error: m->NextScheduledSPRetry 195110
Error,02-06-2026 10:25:18,Bonjour Service,100,None,Task Scheduling Error: m->NextScheduledEvent 195110
Error,02-06-2026 10:25:18,Bonjour Service,100,None,Task Scheduling Error: Continuously busy for more than a second
Error,02-06-2026 10:25:01,Bonjour Service,100,None,Task Scheduling Error: m->NextScheduledSPRetry 178813
Error,02-06-2026 10:25:01,Bonjour Service,100,None,Task Scheduling Error: m->NextScheduledEvent 178813
Error,02-06-2026 10:25:01,Bonjour Service,100,None,Task Scheduling Error: Continuously busy for more than a second
Error,02-06-2026 10:24:45,Bonjour Service,100,None,Task Scheduling Error: m->NextScheduledSPRetry 162500
Error,02-06-2026 10:24:45,Bonjour Service,100,None,Task Scheduling Error: m->NextScheduledEvent 162500
Error,02-06-2026 10:24:45,Bonjour Service,100,None,Task Scheduling Error: Continuously busy for more than a second
Warning,02-06-2026 10:24:36,Microsoft-Windows-Time-Service,134,None,"NtpClient was unable to set a manual peer to use as a time source because of DNS resolution error on 'time.windows.com,0x9'. NtpClient will try again in 15 minutes and double the reattempt interval thereafter. The error was: No such host is known. (0x80072AF9)"
Error,02-06-2026 10:24:29,Bonjour Service,100,None,Task Scheduling Error: m->NextScheduledSPRetry 146188
Error,02-06-2026 10:24:29,Bonjour Service,100,None,Task Scheduling Error: m->NextScheduledEvent 146188
Error,02-06-2026 10:24:29,Bonjour Service,100,None,Task Scheduling Error: Continuously busy for more than a second
Error,02-06-2026 10:24:13,Bonjour Service,100,None,Task Scheduling Error: m->NextScheduledSPRetry 130016
Error,02-06-2026 10:24:13,Bonjour Service,100,None,Task Scheduling Error: m->NextScheduledEvent 130016
Error,02-06-2026 10:24:13,Bonjour Service,100,None,Task Scheduling Error: Continuously busy for more than a second
Error,02-06-2026 10:23:56,Bonjour Service,100,None,Task Scheduling Error: m->NextScheduledSPRetry 113719
Error,02-06-2026 10:23:56,Bonjour Service,100,None,Task Scheduling Error: m->NextScheduledEvent 113719
Error,02-06-2026 10:23:56,Bonjour Service,100,None,Task Scheduling Error: Continuously busy for more than a second
Error,02-06-2026 10:23:40,Bonjour Service,100,None,Task Scheduling Error: m->NextScheduledSPRetry 97422
Error,02-06-2026 10:23:40,Bonjour Service,100,None,Task Scheduling Error: m->NextScheduledEvent 97422
Error,02-06-2026 10:23:40,Bonjour Service,100,None,Task Scheduling Error: Continuously busy for more than a second
Error,02-06-2026 10:23:24,Bonjour Service,100,None,Task Scheduling Error: m->NextScheduledSPRetry 81110
Error,02-06-2026 10:23:24,Bonjour Service,100,None,Task Scheduling Error: m->NextScheduledEvent 81110
Error,02-06-2026 10:23:24,Bonjour Service,100,None,Task Scheduling Error: Continuously busy for more than a second
Error,02-06-2026 10:23:08,Bonjour Service,100,None,Task Scheduling Error: m->NextScheduledSPRetry 64953
Error,02-06-2026 10:23:08,Bonjour Service,100,None,Task Scheduling Error: m->NextScheduledEvent 64953
Error,02-06-2026 10:23:08,Bonjour Service,100,None,Task Scheduling Error: Continuously busy for more than a second
Error,02-06-2026 10:22:51,Bonjour Service,100,None,Task Scheduling Error: m->NextScheduledSPRetry 48672
Error,02-06-2026 10:22:51,Bonjour Service,100,None,Task Scheduling Error: m->NextScheduledEvent 48672
Error,02-06-2026 10:22:51,Bonjour Service,100,None,Task Scheduling Error: Continuously busy for more than a second
Error,02-06-2026 10:22:35,Bonjour Service,100,None,Task Scheduling Error: m->NextScheduledSPRetry 32375
Error,02-06-2026 10:22:35,Bonjour Service,100,None,Task Scheduling Error: m->NextScheduledEvent 32375
Error,02-06-2026 10:22:35,Bonjour Service,100,None,Task Scheduling Error: Continuously busy for more than a second
Error,02-06-2026 10:22:19,Bonjour Service,100,None,Task Scheduling Error: m->NextScheduledSPRetry 16063
Error,02-06-2026 10:22:19,Bonjour Service,100,None,Task Scheduling Error: m->NextScheduledEvent 16063
Error,02-06-2026 10:22:19,Bonjour Service,100,None,Task Scheduling Error: Continuously busy for more than a second
Warning,02-06-2026 10:22:16,Win32k,700,None,Power Manager has requested suppression of all input (INPUT_SUPPRESS_REQUEST=1)
Warning,02-06-2026 10:22:16,Win32k,700,None,Power Manager has requested suppression of all input (INPUT_SUPPRESS_REQUEST=1)
Warning,02-06-2026 10:22:02,winsrvext,100,None,Process C:\Windows\explorer.exe is delaying system shutdown after 5015 milliseconds.
Error,02-06-2026 10:21:58,Universal Print,1,None,Failed to get auth header with 0x80080300
Error,02-06-2026 10:21:58,Universal Print,1,None,"Error requesting OAuth token. hr: 0x80080300, WebTokenRequestStatus: 5, Error: "
Error,02-06-2026 10:21:58,Microsoft-Windows-DistributedCOM,10010,None,The server Microsoft.AAD.BrokerPlugin_1000.19580.1000.2_neutral_neutral_cw5n1h2txyewy!Windows.Security.Authentication.Web.Core.BackgroundGetTokenTask.ClassId.WebAccountProvider did not register with DCOM within the required timeout.
Error,02-06-2026 10:21:56,Universal Print,1,None,Failed to get auth header with 0x80080300
Error,02-06-2026 10:21:56,Universal Print,1,None,"Error requesting OAuth token. hr: 0x80080300, WebTokenRequestStatus: 5, Error: "
Error,02-06-2026 10:21:56,Microsoft-Windows-DistributedCOM,10010,None,The server Microsoft.AAD.BrokerPlugin_1000.19580.1000.2_neutral_neutral_cw5n1h2txyewy!Windows.Security.Authentication.Web.Core.BackgroundGetTokenTask.ClassId.WebAccountProvider did not register with DCOM within the required timeout.
Error,02-06-2026 10:21:55,Universal Print,1,None,Failed to get auth header with 0xcaa70004
Error,02-06-2026 10:21:55,Universal Print,1,None,"Error requesting OAuth token. hr: 0xcaa70004, WebTokenRequestStatus: 5, Error: The server or proxy was not found."
Error,02-06-2026 10:14:57,Microsoft-Windows-Kernel-EventTracing,3,Session,"Session ""PerfDiag Logger"" stopped due to the following error: 0xC0000188"
Warning,02-06-2026 10:14:57,Microsoft-Windows-Kernel-EventTracing,4,Logging,"The maximum file size for session ""PerfDiag Logger"" has been reached. As a result, events might be lost (not logged) to file ""C:\WINDOWS\system32\WDI\LogFiles\ShutdownPerfDiagLogger.etl"". The maximum files size is currently set to 20971520 bytes."
Warning,02-06-2026 10:11:09,Microsoft UET SDK,0,None,The operation completed successfully. 
Warning,02-06-2026 10:09:36,Microsoft-Windows-Time-Service,134,None,"NtpClient was unable to set a manual peer to use as a time source because of DNS resolution error on 'time.windows.com,0x9'. NtpClient will try again in 15 minutes and double the reattempt interval thereafter. The error was: No such host is known. (0x80072AF9)"
Error,02-06-2026 10:09:34,Windows App Runtime,22,None,Package dependency criteria could not be resolved. 
Error,02-06-2026 10:09:09,Microsoft-Windows-TPM-WMI,1796,None,"The Secure Boot update failed to update SBAT with error Unknown HResult Error code: 0x800700c1. For more information, please see https://go.microsoft.com/fwlink/?linkid=2169931"
Warning,02-06-2026 10:09:02,Microsoft-Windows-User Device Registration,360,None,"Windows Hello for Business provisioning will not be launched. 
Device is Microsoft Entra joined (or hybrid joined): Not Tested 
User has logged on with Microsoft Entra credentials: No 
Windows Hello for Business policy is enabled: Not Tested 
Windows Hello for Business post-logon provisioning is enabled: Not Tested 
Local computer meets Windows hello for business hardware requirements: Not Tested 
User is not connected to the machine via Remote Desktop: Yes 
User certificate for on premise auth policy is enabled: Not Tested 
Machine is governed by none policy. 
Cloud trust for on premise auth policy is enabled: Not Tested 
User account has Cloud to OnPrem TGT: Not Tested 
See https://go.microsoft.com/fwlink/?linkid=832647 for more details."
Warning,02-06-2026 10:09:00,Microsoft-Windows-DistributedCOM,10016,None,"The application-specific permission settings do not grant Local Activation permission for the COM Server application with CLSID 
{6B3B8D23-FA8D-40B9-8DBD-B950333E2C52}
 and APPID 
{4839DDB7-58C2-48F5-8283-E1D1807D0D7D}
 to the user NT AUTHORITY\LOCAL SERVICE SID (S-1-5-19) from address LocalHost (Using LRPC) running in the application container Unavailable SID (Unavailable). This security permission can be modified using the Component Services administrative tool."
Warning,02-06-2026 10:09:00,Microsoft-Windows-DistributedCOM,10016,None,"The application-specific permission settings do not grant Local Activation permission for the COM Server application with CLSID 
{6B3B8D23-FA8D-40B9-8DBD-B950333E2C52}
 and APPID 
{4839DDB7-58C2-48F5-8283-E1D1807D0D7D}
 to the user NT AUTHORITY\LOCAL SERVICE SID (S-1-5-19) from address LocalHost (Using LRPC) running in the application container Unavailable SID (Unavailable). This security permission can be modified using the Component Services administrative tool."
Warning,02-06-2026 10:09:00,Microsoft-Windows-DistributedCOM,10016,None,"The application-specific permission settings do not grant Local Activation permission for the COM Server application with CLSID 
{6B3B8D23-FA8D-40B9-8DBD-B950333E2C52}
 and APPID 
{4839DDB7-58C2-48F5-8283-E1D1807D0D7D}
 to the user NT AUTHORITY\LOCAL SERVICE SID (S-1-5-19) from address LocalHost (Using LRPC) running in the application container Unavailable SID (Unavailable). This security permission can be modified using the Component Services administrative tool."
Warning,02-06-2026 10:09:00,Microsoft-Windows-DistributedCOM,10016,None,"The application-specific permission settings do not grant Local Activation permission for the COM Server application with CLSID 
{6B3B8D23-FA8D-40B9-8DBD-B950333E2C52}
 and APPID 
{4839DDB7-58C2-48F5-8283-E1D1807D0D7D}
 to the user NT AUTHORITY\LOCAL SERVICE SID (S-1-5-19) from address LocalHost (Using LRPC) running in the application container Unavailable SID (Unavailable). This security permission can be modified using the Component Services administrative tool."
Warning,02-06-2026 10:08:54,Microsoft-Windows-Time-Service,134,None,"NtpClient was unable to set a manual peer to use as a time source because of DNS resolution error on 'time.windows.com,0x9'. NtpClient will try again in 15 minutes and double the reattempt interval thereafter. The error was: No such host is known. (0x80072AF9)"
Error,02-06-2026 10:08:54,Microsoft-Windows-NDIS,10317,PnP,"Miniport Microsoft Wi-Fi Direct Virtual Adapter #2, {3c5497bf-cbed-4053-939e-936ea329ee06}, had event Fatal error: The miniport has failed a power transition to operational power"
Warning,02-06-2026 10:08:53,Microsoft-Windows-Dhcp-Client,1003,Address Configuration State Event,Your computer was not able to renew its address from the network (from the DHCP Server) for the Network Card with network address 0xCC474054A496.  The following error occurred: 0x79. Your computer will continue to try and obtain an address on its own from the network address (DHCP) server.
Warning,01-06-2026 23:29:37,winsrvext,100,None,Process D:\virtualbox\VBoxSVC.exe is delaying system shutdown after 12390 milliseconds.
Error,01-06-2026 23:29:24,Microsoft-Windows-Kernel-EventTracing,2,Session,"Session ""PerfDiag Logger"" failed to start with the following error: 0xC0000035"
Error,01-06-2026 23:20:57,Microsoft-Windows-DistributedCOM,10010,None,The server {8CFC164F-4BE5-4FDD-94E9-E2AF73ED4A19} did not register with DCOM within the required timeout.
Warning,01-06-2026 23:18:19,Microsoft-Windows-Kernel-EventTracing,1,Logging,"The backing-file for the real-time session ""OMENFPS-18868"" has reached its maximum size. As a result, new events will not be logged to this session until space becomes available. This error is often caused by starting a trace session in real-time mode without having any real-time consumers."
Warning,01-06-2026 23:15:53,User32,1073,None,The attempt by user LAPTOP-IIC1GP5C\MADHUMITA to restart/shutdown computer LAPTOP-IIC1GP5C failed
Warning,01-06-2026 23:15:38,User32,1073,None,The attempt by user LAPTOP-IIC1GP5C\MADHUMITA to restart/shutdown computer LAPTOP-IIC1GP5C failed
Warning,01-06-2026 22:53:19,Microsoft-Windows-DistributedCOM,10016,None,"The application-specific permission settings do not grant Local Activation permission for the COM Server application with CLSID 
{2593F8B9-4EAF-457C-B68A-50F6B8EA6B54}
 and APPID 
{15C20B67-12E7-4BB6-92BB-7AFF07997402}
 to the user LAPTOP-IIC1GP5C\MADHUMITA SID (S-1-5-21-1776895936-2929945024-2387409390-1001) from address LocalHost (Using LRPC) running in the application container Unavailable SID (Unavailable). This security permission can be modified using the Component Services administrative tool."
Warning,01-06-2026 20:14:07,Microsoft-Windows-DistributedCOM,10016,None,"The application-specific permission settings do not grant Local Activation permission for the COM Server application with CLSID 
{2593F8B9-4EAF-457C-B68A-50F6B8EA6B54}
 and APPID 
{15C20B67-12E7-4BB6-92BB-7AFF07997402}
 to the user LAPTOP-IIC1GP5C\MADHUMITA SID (S-1-5-21-1776895936-2929945024-2387409390-1001) from address LocalHost (Using LRPC) running in the application container Unavailable SID (Unavailable). This security permission can be modified using the Component Services administrative tool."
Warning,01-06-2026 19:59:59,Microsoft-Windows-DistributedCOM,10016,None,"The application-specific permission settings do not grant Local Activation permission for the COM Server application with CLSID 
{2593F8B9-4EAF-457C-B68A-50F6B8EA6B54}
 and APPID 
{15C20B67-12E7-4BB6-92BB-7AFF07997402}
 to the user LAPTOP-IIC1GP5C\MADHUMITA SID (S-1-5-21-1776895936-2929945024-2387409390-1001) from address LocalHost (Using LRPC) running in the application container Unavailable SID (Unavailable). This security permission can be modified using the Component Services administrative tool."
Warning,01-06-2026 18:51:32,Microsoft-Windows-Time-Service,134,None,"NtpClient was unable to set a manual peer to use as a time source because of DNS resolution error on 'time.windows.com,0x9'. NtpClient will try again in 15 minutes and double the reattempt interval thereafter. The error was: No such host is known. (0x80072AF9)"
Error,01-06-2026 14:09:15,Application Hang,1002,Hanging Events,"The program HP.HPX.exe version 56.52619.6490.0 stopped interacting with Windows and was closed. To see if more information about the problem is available, check the problem history in the Security and Maintenance control panel.
"
Error,01-06-2026 14:09:09,Microsoft-Windows-TPM-WMI,1796,None,"The Secure Boot update failed to update SBAT with error Unknown HResult Error code: 0x800700c1. For more information, please see https://go.microsoft.com/fwlink/?linkid=2169931"
Warning,01-06-2026 12:27:18,Microsoft-Windows-DistributedCOM,10016,None,"The application-specific permission settings do not grant Local Activation permission for the COM Server application with CLSID 
{2593F8B9-4EAF-457C-B68A-50F6B8EA6B54}
 and APPID 
{15C20B67-12E7-4BB6-92BB-7AFF07997402}
 to the user LAPTOP-IIC1GP5C\MADHUMITA SID (S-1-5-21-1776895936-2929945024-2387409390-1001) from address LocalHost (Using LRPC) running in the application container 5319275A.WhatsAppDesktop_2.2620.102.0_x64__cv1g1gvanyjgm SID (Unavailable). This security permission can be modified using the Component Services administrative tool."
Warning,01-06-2026 10:48:14,Microsoft-Windows-System-Restore,8303,None,Scoping unsuccessful for shadowcopy \\?\GLOBALROOT\Device\HarddiskVolumeShadowCopy11 with error 0x80070057.
Warning,01-06-2026 10:45:31,Microsoft-Windows-DistributedCOM,10016,None,"The application-specific permission settings do not grant Local Activation permission for the COM Server application with CLSID 
{2593F8B9-4EAF-457C-B68A-50F6B8EA6B54}
 and APPID 
{15C20B67-12E7-4BB6-92BB-7AFF07997402}
 to the user LAPTOP-IIC1GP5C\MADHUMITA SID (S-1-5-21-1776895936-2929945024-2387409390-1001) from address LocalHost (Using LRPC) running in the application container Unavailable SID (Unavailable). This security permission can be modified using the Component Services administrative tool."
Error,01-06-2026 10:45:30,Application Hang,1002,Hanging Events,"The program HP.HPX.exe version 56.52619.6490.0 stopped interacting with Windows and was closed. To see if more information about the problem is available, check the problem history in the Security and Maintenance control panel.
"
Error,01-06-2026 09:36:49,Microsoft-Windows-Kernel-EventTracing,2,Session,"Session ""Microsoft.Windows.Remediation"" failed to start with the following error: 0xC0000035"
Error,01-06-2026 09:36:44,Windows App Runtime,22,None,Package dependency criteria could not be resolved. 
Error,01-06-2026 09:34:51,Microsoft-Windows-Kernel-EventTracing,3,Session,"Session ""PerfDiag Logger"" stopped due to the following error: 0xC0000188"
Warning,01-06-2026 09:34:51,Microsoft-Windows-Kernel-EventTracing,4,Logging,"The maximum file size for session ""PerfDiag Logger"" has been reached. As a result, events might be lost (not logged) to file ""C:\WINDOWS\system32\WDI\LogFiles\ShutdownPerfDiagLogger.etl"". The maximum files size is currently set to 20971520 bytes."
Error,01-06-2026 09:31:31,Microsoft-Windows-Kernel-EventTracing,2,Session,"Session ""Cloud Files Diagnostic Event Listener"" failed to start with the following error: 0xC0000022"
Warning,01-06-2026 09:31:03,Microsoft-Windows-DistributedCOM,10016,None,"The application-specific permission settings do not grant Local Activation permission for the COM Server application with CLSID 
{2593F8B9-4EAF-457C-B68A-50F6B8EA6B54}
 and APPID 
{15C20B67-12E7-4BB6-92BB-7AFF07997402}
 to the user LAPTOP-IIC1GP5C\MADHUMITA SID (S-1-5-21-1776895936-2929945024-2387409390-1001) from address LocalHost (Using LRPC) running in the application container Unavailable SID (Unavailable). This security permission can be modified using the Component Services administrative tool."
Error,01-06-2026 09:31:01,Windows App Runtime,22,None,Package dependency criteria could not be resolved. 
Error,01-06-2026 09:30:55,Microsoft-Windows-TPM-WMI,1796,None,"The Secure Boot update failed to update SBAT with error Unknown HResult Error code: 0x800700c1. For more information, please see https://go.microsoft.com/fwlink/?linkid=2169931"
Warning,01-06-2026 09:30:49,Microsoft-Windows-User Device Registration,360,None,"Windows Hello for Business provisioning will not be launched. 
Device is Microsoft Entra joined (or hybrid joined): Not Tested 
User has logged on with Microsoft Entra credentials: No 
Windows Hello for Business policy is enabled: Not Tested 
Windows Hello for Business post-logon provisioning is enabled: Not Tested 
Local computer meets Windows hello for business hardware requirements: Not Tested 
User is not connected to the machine via Remote Desktop: Yes 
User certificate for on premise auth policy is enabled: Not Tested 
Machine is governed by none policy. 
Cloud trust for on premise auth policy is enabled: Not Tested 
User account has Cloud to OnPrem TGT: Not Tested 
See https://go.microsoft.com/fwlink/?linkid=832647 for more details."
Warning,01-06-2026 09:30:46,Microsoft-Windows-DistributedCOM,10016,None,"The application-specific permission settings do not grant Local Activation permission for the COM Server application with CLSID 
{6B3B8D23-FA8D-40B9-8DBD-B950333E2C52}
 and APPID 
{4839DDB7-58C2-48F5-8283-E1D1807D0D7D}
 to the user NT AUTHORITY\LOCAL SERVICE SID (S-1-5-19) from address LocalHost (Using LRPC) running in the application container Unavailable SID (Unavailable). This security permission can be modified using the Component Services administrative tool."
Warning,01-06-2026 09:30:46,Microsoft-Windows-DistributedCOM,10016,None,"The application-specific permission settings do not grant Local Activation permission for the COM Server application with CLSID 
{6B3B8D23-FA8D-40B9-8DBD-B950333E2C52}
 and APPID 
{4839DDB7-58C2-48F5-8283-E1D1807D0D7D}
 to the user NT AUTHORITY\LOCAL SERVICE SID (S-1-5-19) from address LocalHost (Using LRPC) running in the application container Unavailable SID (Unavailable). This security permission can be modified using the Component Services administrative tool."
Warning,01-06-2026 09:30:46,Microsoft-Windows-DistributedCOM,10016,None,"The application-specific permission settings do not grant Local Activation permission for the COM Server application with CLSID 
{6B3B8D23-FA8D-40B9-8DBD-B950333E2C52}
 and APPID 
{4839DDB7-58C2-48F5-8283-E1D1807D0D7D}
 to the user NT AUTHORITY\LOCAL SERVICE SID (S-1-5-19) from address LocalHost (Using LRPC) running in the application container Unavailable SID (Unavailable). This security permission can be modified using the Component Services administrative tool."
Warning,01-06-2026 09:30:46,Microsoft-Windows-DistributedCOM,10016,None,"The application-specific permission settings do not grant Local Activation permission for the COM Server application with CLSID 
{6B3B8D23-FA8D-40B9-8DBD-B950333E2C52}
 and APPID 
{4839DDB7-58C2-48F5-8283-E1D1807D0D7D}
 to the user NT AUTHORITY\LOCAL SERVICE SID (S-1-5-19) from address LocalHost (Using LRPC) running in the application container Unavailable SID (Unavailable). This security permission can be modified using the Component Services administrative tool."
Warning,01-06-2026 09:30:44,Microsoft-Windows-Time-Service,134,None,"NtpClient was unable to set a manual peer to use as a time source because of DNS resolution error on 'time.windows.com,0x9'. NtpClient will try again in 15 minutes and double the reattempt interval thereafter. The error was: No such host is known. (0x80072AF9)"
Error,01-06-2026 09:30:44,Microsoft-Windows-NDIS,10317,PnP,"Miniport Microsoft Wi-Fi Direct Virtual Adapter #2, {3c5497bf-cbed-4053-939e-936ea329ee06}, had event Fatal error: The miniport has failed a power transition to operational power"
Error,30-05-2026 21:44:50,Application Hang,1002,Hanging Events,"The program HP.HPX.exe version 56.52619.6490.0 stopped interacting with Windows and was closed. To see if more information about the problem is available, check the problem history in the Security and Maintenance control panel.
"
Warning,30-05-2026 20:36:45,Microsoft-Windows-DistributedCOM,10016,None,"The application-specific permission settings do not grant Local Activation permission for the COM Server application with CLSID 
{2593F8B9-4EAF-457C-B68A-50F6B8EA6B54}
 and APPID 
{15C20B67-12E7-4BB6-92BB-7AFF07997402}
 to the user LAPTOP-IIC1GP5C\MADHUMITA SID (S-1-5-21-1776895936-2929945024-2387409390-1001) from address LocalHost (Using LRPC) running in the application container Unavailable SID (Unavailable). This security permission can be modified using the Component Services administrative tool."
Warning,30-05-2026 20:12:20,Microsoft-Windows-DistributedCOM,10016,None,"The application-specific permission settings do not grant Local Activation permission for the COM Server application with CLSID 
{2593F8B9-4EAF-457C-B68A-50F6B8EA6B54}
 and APPID 
{15C20B67-12E7-4BB6-92BB-7AFF07997402}
 to the user LAPTOP-IIC1GP5C\MADHUMITA SID (S-1-5-21-1776895936-2929945024-2387409390-1001) from address LocalHost (Using LRPC) running in the application container Unavailable SID (Unavailable). This security permission can be modified using the Component Services administrative tool."
Error,30-05-2026 20:08:18,Application Hang,1002,Hanging Events,"The program HP.HPX.exe version 56.52619.6490.0 stopped interacting with Windows and was closed. To see if more information about the problem is available, check the problem history in the Security and Maintenance control panel.
"
Error,30-05-2026 20:04:18,Microsoft-Windows-Kernel-EventTracing,3,Session,"Session ""PerfDiag Logger"" stopped due to the following error: 0xC0000188"
Warning,30-05-2026 20:04:18,Microsoft-Windows-Kernel-EventTracing,4,Logging,"The maximum file size for session ""PerfDiag Logger"" has been reached. As a result, events might be lost (not logged) to file ""C:\WINDOWS\system32\WDI\LogFiles\ShutdownPerfDiagLogger.etl"". The maximum files size is currently set to 20971520 bytes."
Error,30-05-2026 19:53:39,Microsoft-Windows-Kernel-EventTracing,2,Session,"Session ""Cloud Files Diagnostic Event Listener"" failed to start with the following error: 0xC0000022"
Error,30-05-2026 19:53:19,Windows App Runtime,22,None,Package dependency criteria could not be resolved. 
Warning,30-05-2026 19:53:13,Microsoft-Windows-User Device Registration,360,None,"Windows Hello for Business provisioning will not be launched. 
Device is Microsoft Entra joined (or hybrid joined): Not Tested 
User has logged on with Microsoft Entra credentials: No 
Windows Hello for Business policy is enabled: Not Tested 
Windows Hello for Business post-logon provisioning is enabled: Not Tested 
Local computer meets Windows hello for business hardware requirements: Not Tested 
User is not connected to the machine via Remote Desktop: Yes 
User certificate for on premise auth policy is enabled: Not Tested 
Machine is governed by none policy. 
Cloud trust for on premise auth policy is enabled: Not Tested 
User account has Cloud to OnPrem TGT: Not Tested 
See https://go.microsoft.com/fwlink/?linkid=832647 for more details."
Warning,30-05-2026 19:53:09,Microsoft-Windows-DistributedCOM,10016,None,"The application-specific permission settings do not grant Local Activation permission for the COM Server application with CLSID 
{6B3B8D23-FA8D-40B9-8DBD-B950333E2C52}
 and APPID 
{4839DDB7-58C2-48F5-8283-E1D1807D0D7D}
 to the user NT AUTHORITY\LOCAL SERVICE SID (S-1-5-19) from address LocalHost (Using LRPC) running in the application container Unavailable SID (Unavailable). This security permission can be modified using the Component Services administrative tool."
Warning,30-05-2026 19:53:09,Microsoft-Windows-DistributedCOM,10016,None,"The application-specific permission settings do not grant Local Activation permission for the COM Server application with CLSID 
{6B3B8D23-FA8D-40B9-8DBD-B950333E2C52}
 and APPID 
{4839DDB7-58C2-48F5-8283-E1D1807D0D7D}
 to the user NT AUTHORITY\LOCAL SERVICE SID (S-1-5-19) from address LocalHost (Using LRPC) running in the application container Unavailable SID (Unavailable). This security permission can be modified using the Component Services administrative tool."
Warning,30-05-2026 19:53:09,Microsoft-Windows-DistributedCOM,10016,None,"The application-specific permission settings do not grant Local Activation permission for the COM Server application with CLSID 
{6B3B8D23-FA8D-40B9-8DBD-B950333E2C52}
 and APPID 
{4839DDB7-58C2-48F5-8283-E1D1807D0D7D}
 to the user NT AUTHORITY\LOCAL SERVICE SID (S-1-5-19) from address LocalHost (Using LRPC) running in the application container Unavailable SID (Unavailable). This security permission can be modified using the Component Services administrative tool."
Warning,30-05-2026 19:53:09,Microsoft-Windows-DistributedCOM,10016,None,"The application-specific permission settings do not grant Local Activation permission for the COM Server application with CLSID 
{6B3B8D23-FA8D-40B9-8DBD-B950333E2C52}
 and APPID 
{4839DDB7-58C2-48F5-8283-E1D1807D0D7D}
 to the user NT AUTHORITY\LOCAL SERVICE SID (S-1-5-19) from address LocalHost (Using LRPC) running in the application container Unavailable SID (Unavailable). This security permission can be modified using the Component Services administrative tool."
Warning,30-05-2026 19:53:07,Microsoft-Windows-Time-Service,134,None,"NtpClient was unable to set a manual peer to use as a time source because of DNS resolution error on 'time.windows.com,0x9'. NtpClient will try again in 15 minutes and double the reattempt interval thereafter. The error was: No such host is known. (0x80072AF9)"
Error,30-05-2026 19:53:07,Microsoft-Windows-NDIS,10317,PnP,"Miniport Microsoft Wi-Fi Direct Virtual Adapter #2, {3c5497bf-cbed-4053-939e-936ea329ee06}, had event Fatal error: The miniport has failed a power transition to operational power"
Error,30-05-2026 13:14:59,Microsoft-Windows-TPM-WMI,1796,None,"The Secure Boot update failed to update SBAT with error Unknown HResult Error code: 0x800700c1. For more information, please see https://go.microsoft.com/fwlink/?linkid=2169931"
Warning,30-05-2026 12:56:50,Win32k,701,None,Power Manager has not requested suppression of all input (INPUT_SUPPRESS_REQUEST=0)
Warning,30-05-2026 12:56:50,Win32k,701,None,Power Manager has not requested suppression of all input (INPUT_SUPPRESS_REQUEST=0)
Error,30-05-2026 12:56:21,Application Error,1000,Application Crashing Events,"Faulting application name: DesktopExtension.exe, version: 1.0.0.0, time stamp: 0x6a0762d3
Faulting module name: SECOMNN.dll, version: 1.0.12.51, time stamp: 0x6965b3a4
Exception code: 0xc0000409
Fault offset: 0x000000000009e445
Faulting process id: 0x71D4
Faulting application start time: 0x1DCEFEA74485F8A
Faulting application path: C:\Program Files\WindowsApps\AD2F1837.myHP_56.52619.6490.0_x64__v10z8vjag6ke6\win32\DesktopExtension.exe
Faulting module path: C:\Program Files\WindowsApps\AD2F1837.myHP_56.52619.6490.0_x64__v10z8vjag6ke6\SECOMNN.dll
Report Id: 003a211a-7ed5-4141-8502-c1cb77549c29
Faulting package full name: AD2F1837.myHP_56.52619.6490.0_x64__v10z8vjag6ke6
Faulting package-relative application ID: App"
Warning,30-05-2026 12:56:20,Win32k,700,None,Power Manager has requested suppression of all input (INPUT_SUPPRESS_REQUEST=1)
Warning,30-05-2026 12:56:20,Win32k,700,None,Power Manager has requested suppression of all input (INPUT_SUPPRESS_REQUEST=1)
Error,30-05-2026 12:47:01,Application Hang,1002,Hanging Events,"The program HP.HPX.exe version 56.52619.6490.0 stopped interacting with Windows and was closed. To see if more information about the problem is available, check the problem history in the Security and Maintenance control panel.
"
Error,30-05-2026 12:43:51,Application Hang,1002,Hanging Events,"The program HP.HPX.exe version 56.52619.6490.0 stopped interacting with Windows and was closed. To see if more information about the problem is available, check the problem history in the Security and Maintenance control panel.
"
Error,30-05-2026 12:43:08,Application Hang,1002,Hanging Events,"The program HP.HPX.exe version 56.52619.6490.0 stopped interacting with Windows and was closed. To see if more information about the problem is available, check the problem history in the Security and Maintenance control panel.
"
Warning,30-05-2026 12:43:02,Win32k,701,None,Power Manager has not requested suppression of all input (INPUT_SUPPRESS_REQUEST=0)
Warning,30-05-2026 12:43:02,Win32k,701,None,Power Manager has not requested suppression of all input (INPUT_SUPPRESS_REQUEST=0)
Warning,30-05-2026 12:42:27,Win32k,700,None,Power Manager has requested suppression of all input (INPUT_SUPPRESS_REQUEST=1)
Warning,30-05-2026 12:42:27,Win32k,700,None,Power Manager has requested suppression of all input (INPUT_SUPPRESS_REQUEST=1)
Warning,30-05-2026 12:41:51,Win32k,701,None,Power Manager has not requested suppression of all input (INPUT_SUPPRESS_REQUEST=0)
Warning,30-05-2026 12:41:51,Win32k,701,None,Power Manager has not requested suppression of all input (INPUT_SUPPRESS_REQUEST=0)
Warning,30-05-2026 12:41:36,Win32k,700,None,Power Manager has requested suppression of all input (INPUT_SUPPRESS_REQUEST=1)
Warning,30-05-2026 12:41:36,Win32k,700,None,Power Manager has requested suppression of all input (INPUT_SUPPRESS_REQUEST=1)
Error,30-05-2026 12:19:16,Windows App Runtime,22,None,Package dependency criteria could not be resolved. 
Error,30-05-2026 12:06:43,Application Hang,1002,Hanging Events,"The program HP.HPX.exe version 56.52619.6490.0 stopped interacting with Windows and was closed. To see if more information about the problem is available, check the problem history in the Security and Maintenance control panel.
"
Error,30-05-2026 11:17:51,Microsoft-Windows-Kernel-EventTracing,2,Session,"Session ""Cloud Files Diagnostic Event Listener"" failed to start with the following error: 0xC0000022"
Error,30-05-2026 11:17:48,Microsoft-Windows-AppReadiness,214,(1),'5319275A.WhatsAppDesktop_cv1g1gvanyjgm' install failed for S-1-5-21-1776895936-2929945024-2387409390-1001. Error: 'The package could not be installed because resources it modifies are currently in use.' (1.000721 seconds)
Error,30-05-2026 11:17:48,Microsoft-Windows-AppReadiness,10,(6),The Appx operation 'RegisterPackageAsync' on '5319275A.WhatsAppDesktop_2.2620.102.0_neutral_~_cv1g1gvanyjgm' failed for user 'S-1-5-21-1776895936-2929945024-2387409390-1001' - error 0x80073D02: Unable to install because the following apps need to be closed 5319275A.WhatsAppDesktop_2.2616.100.0_x64__cv1g1gvanyjgm.. (Error: The package could not be installed because resources it modifies are currently in use.)
Error,30-05-2026 10:05:51,Volsnap,36,None,The shadow copies of volume C: were aborted because the shadow copy storage could not grow due to a user imposed limit.
Error,30-05-2026 09:58:51,Microsoft-Windows-WindowsUpdateClient,20,Windows Update Agent,Installation Failure: Windows failed to install the following update with error 0x80073D02: 9NKSQGP7F2NH-5319275A.WhatsAppDesktop.
Warning,30-05-2026 09:46:16,Microsoft-Windows-DistributedCOM,10016,None,"The application-specific permission settings do not grant Local Activation permission for the COM Server application with CLSID 
{2593F8B9-4EAF-457C-B68A-50F6B8EA6B54}
 and APPID 
{15C20B67-12E7-4BB6-92BB-7AFF07997402}
 to the user LAPTOP-IIC1GP5C\MADHUMITA SID (S-1-5-21-1776895936-2929945024-2387409390-1001) from address LocalHost (Using LRPC) running in the application container Unavailable SID (Unavailable). This security permission can be modified using the Component Services administrative tool."
Error,30-05-2026 09:45:07,Microsoft-Windows-Kernel-EventTracing,3,Session,"Session ""PerfDiag Logger"" stopped due to the following error: 0xC0000188"
Warning,30-05-2026 09:45:07,Microsoft-Windows-Kernel-EventTracing,4,Logging,"The maximum file size for session ""PerfDiag Logger"" has been reached. As a result, events might be lost (not logged) to file ""C:\WINDOWS\system32\WDI\LogFiles\ShutdownPerfDiagLogger.etl"". The maximum files size is currently set to 20971520 bytes."
Warning,30-05-2026 09:42:34,Microsoft-Windows-DistributedCOM,10016,None,"The application-specific permission settings do not grant Local Activation permission for the COM Server application with CLSID 
{2593F8B9-4EAF-457C-B68A-50F6B8EA6B54}
 and APPID 
{15C20B67-12E7-4BB6-92BB-7AFF07997402}
 to the user LAPTOP-IIC1GP5C\MADHUMITA SID (S-1-5-21-1776895936-2929945024-2387409390-1001) from address LocalHost (Using LRPC) running in the application container Unavailable SID (Unavailable). This security permission can be modified using the Component Services administrative tool."
